ARM GAS  C:\Users\bku598\AppData\Local\Temp\ccSlkFuu.s 			page 1


   1              		.cpu cortex-m4
   2              		.arch armv7e-m
   3              		.fpu fpv4-sp-d16
   4              		.eabi_attribute 27, 1
   5              		.eabi_attribute 28, 1
   6              		.eabi_attribute 20, 1
   7              		.eabi_attribute 21, 1
   8              		.eabi_attribute 23, 3
   9              		.eabi_attribute 24, 1
  10              		.eabi_attribute 25, 1
  11              		.eabi_attribute 26, 1
  12              		.eabi_attribute 30, 1
  13              		.eabi_attribute 34, 1
  14              		.eabi_attribute 18, 4
  15              		.file	"custom_app.c"
  16              		.text
  17              	.Ltext0:
  18              		.cfi_sections	.debug_frame
  19              		.file 1 "STM32_WPAN/App/custom_app.c"
  20              		.section	.text.Custom_STM_App_Notification,"ax",%progbits
  21              		.align	1
  22              		.global	Custom_STM_App_Notification
  23              		.syntax unified
  24              		.thumb
  25              		.thumb_func
  27              	Custom_STM_App_Notification:
  28              	.LVL0:
  29              	.LFB1269:
   1:STM32_WPAN/App/custom_app.c **** /* USER CODE BEGIN Header */
   2:STM32_WPAN/App/custom_app.c **** /**
   3:STM32_WPAN/App/custom_app.c ****   ******************************************************************************
   4:STM32_WPAN/App/custom_app.c ****   * @file    App/custom_app.c
   5:STM32_WPAN/App/custom_app.c ****   * @author  MCD Application Team
   6:STM32_WPAN/App/custom_app.c ****   * @brief   Custom Example Application (Server)
   7:STM32_WPAN/App/custom_app.c ****   ******************************************************************************
   8:STM32_WPAN/App/custom_app.c ****   * @attention
   9:STM32_WPAN/App/custom_app.c ****   *
  10:STM32_WPAN/App/custom_app.c ****   * Copyright (c) 2026 STMicroelectronics.
  11:STM32_WPAN/App/custom_app.c ****   * All rights reserved.
  12:STM32_WPAN/App/custom_app.c ****   *
  13:STM32_WPAN/App/custom_app.c ****   * This software is licensed under terms that can be found in the LICENSE file
  14:STM32_WPAN/App/custom_app.c ****   * in the root directory of this software component.
  15:STM32_WPAN/App/custom_app.c ****   * If no LICENSE file comes with this software, it is provided AS-IS.
  16:STM32_WPAN/App/custom_app.c ****   *
  17:STM32_WPAN/App/custom_app.c ****   ******************************************************************************
  18:STM32_WPAN/App/custom_app.c ****   */
  19:STM32_WPAN/App/custom_app.c **** /* USER CODE END Header */
  20:STM32_WPAN/App/custom_app.c **** 
  21:STM32_WPAN/App/custom_app.c **** /* Includes ------------------------------------------------------------------*/
  22:STM32_WPAN/App/custom_app.c **** #include "main.h"
  23:STM32_WPAN/App/custom_app.c **** #include "app_common.h"
  24:STM32_WPAN/App/custom_app.c **** #include "dbg_trace.h"
  25:STM32_WPAN/App/custom_app.c **** #include "ble.h"
  26:STM32_WPAN/App/custom_app.c **** #include "custom_app.h"
  27:STM32_WPAN/App/custom_app.c **** #include "custom_stm.h"
  28:STM32_WPAN/App/custom_app.c **** #include "stm32_seq.h"
  29:STM32_WPAN/App/custom_app.c **** 
ARM GAS  C:\Users\bku598\AppData\Local\Temp\ccSlkFuu.s 			page 2


  30:STM32_WPAN/App/custom_app.c **** /* Private includes ----------------------------------------------------------*/
  31:STM32_WPAN/App/custom_app.c **** /* USER CODE BEGIN Includes */
  32:STM32_WPAN/App/custom_app.c **** 
  33:STM32_WPAN/App/custom_app.c **** /* USER CODE END Includes */
  34:STM32_WPAN/App/custom_app.c **** 
  35:STM32_WPAN/App/custom_app.c **** /* Private typedef -----------------------------------------------------------*/
  36:STM32_WPAN/App/custom_app.c **** typedef struct
  37:STM32_WPAN/App/custom_app.c **** {
  38:STM32_WPAN/App/custom_app.c ****   /* dataSend */
  39:STM32_WPAN/App/custom_app.c ****   uint8_t               Dp_Notification_Status;
  40:STM32_WPAN/App/custom_app.c ****   /* USER CODE BEGIN CUSTOM_APP_Context_t */
  41:STM32_WPAN/App/custom_app.c **** 
  42:STM32_WPAN/App/custom_app.c ****   /* USER CODE END CUSTOM_APP_Context_t */
  43:STM32_WPAN/App/custom_app.c **** 
  44:STM32_WPAN/App/custom_app.c ****   uint16_t              ConnectionHandle;
  45:STM32_WPAN/App/custom_app.c **** } Custom_App_Context_t;
  46:STM32_WPAN/App/custom_app.c **** 
  47:STM32_WPAN/App/custom_app.c **** /* USER CODE BEGIN PTD */
  48:STM32_WPAN/App/custom_app.c **** 
  49:STM32_WPAN/App/custom_app.c **** /* USER CODE END PTD */
  50:STM32_WPAN/App/custom_app.c **** 
  51:STM32_WPAN/App/custom_app.c **** /* Private defines ------------------------------------------------------------*/
  52:STM32_WPAN/App/custom_app.c **** /* USER CODE BEGIN PD */
  53:STM32_WPAN/App/custom_app.c **** 
  54:STM32_WPAN/App/custom_app.c **** /* USER CODE END PD */
  55:STM32_WPAN/App/custom_app.c **** 
  56:STM32_WPAN/App/custom_app.c **** /* Private macros -------------------------------------------------------------*/
  57:STM32_WPAN/App/custom_app.c **** /* USER CODE BEGIN PM */
  58:STM32_WPAN/App/custom_app.c **** 
  59:STM32_WPAN/App/custom_app.c **** /* USER CODE END PM */
  60:STM32_WPAN/App/custom_app.c **** 
  61:STM32_WPAN/App/custom_app.c **** /* Private variables ---------------------------------------------------------*/
  62:STM32_WPAN/App/custom_app.c **** /**
  63:STM32_WPAN/App/custom_app.c ****  * START of Section BLE_APP_CONTEXT
  64:STM32_WPAN/App/custom_app.c ****  */
  65:STM32_WPAN/App/custom_app.c **** 
  66:STM32_WPAN/App/custom_app.c **** static Custom_App_Context_t Custom_App_Context;
  67:STM32_WPAN/App/custom_app.c **** 
  68:STM32_WPAN/App/custom_app.c **** /**
  69:STM32_WPAN/App/custom_app.c ****  * END of Section BLE_APP_CONTEXT
  70:STM32_WPAN/App/custom_app.c ****  */
  71:STM32_WPAN/App/custom_app.c **** 
  72:STM32_WPAN/App/custom_app.c **** uint8_t UpdateCharData[512];
  73:STM32_WPAN/App/custom_app.c **** uint8_t NotifyCharData[512];
  74:STM32_WPAN/App/custom_app.c **** uint16_t Connection_Handle;
  75:STM32_WPAN/App/custom_app.c **** /* USER CODE BEGIN PV */
  76:STM32_WPAN/App/custom_app.c **** 
  77:STM32_WPAN/App/custom_app.c **** /* USER CODE END PV */
  78:STM32_WPAN/App/custom_app.c **** 
  79:STM32_WPAN/App/custom_app.c **** /* Private function prototypes -----------------------------------------------*/
  80:STM32_WPAN/App/custom_app.c **** /* dataSend */
  81:STM32_WPAN/App/custom_app.c **** 
  82:STM32_WPAN/App/custom_app.c **** /* USER CODE BEGIN PFP */
  83:STM32_WPAN/App/custom_app.c **** 
  84:STM32_WPAN/App/custom_app.c **** /* USER CODE END PFP */
  85:STM32_WPAN/App/custom_app.c **** 
  86:STM32_WPAN/App/custom_app.c **** /* Functions Definition ------------------------------------------------------*/
ARM GAS  C:\Users\bku598\AppData\Local\Temp\ccSlkFuu.s 			page 3


  87:STM32_WPAN/App/custom_app.c **** void Custom_STM_App_Notification(Custom_STM_App_Notification_evt_t *pNotification)
  88:STM32_WPAN/App/custom_app.c **** {
  30              		.loc 1 88 1 view -0
  31              		.cfi_startproc
  32              		@ args = 0, pretend = 0, frame = 0
  33              		@ frame_needed = 0, uses_anonymous_args = 0
  34              		@ link register save eliminated.
  89:STM32_WPAN/App/custom_app.c ****   /* USER CODE BEGIN CUSTOM_STM_App_Notification_1 */
  90:STM32_WPAN/App/custom_app.c **** 
  91:STM32_WPAN/App/custom_app.c ****   /* USER CODE END CUSTOM_STM_App_Notification_1 */
  92:STM32_WPAN/App/custom_app.c ****   switch (pNotification->Custom_Evt_Opcode)
  35              		.loc 1 92 3 view .LVU1
  93:STM32_WPAN/App/custom_app.c ****   {
  94:STM32_WPAN/App/custom_app.c ****     /* USER CODE BEGIN CUSTOM_STM_App_Notification_Custom_Evt_Opcode */
  95:STM32_WPAN/App/custom_app.c **** 
  96:STM32_WPAN/App/custom_app.c ****     /* USER CODE END CUSTOM_STM_App_Notification_Custom_Evt_Opcode */
  97:STM32_WPAN/App/custom_app.c **** 
  98:STM32_WPAN/App/custom_app.c ****     /* dataSend */
  99:STM32_WPAN/App/custom_app.c ****     case CUSTOM_STM_DP_NOTIFY_ENABLED_EVT:
 100:STM32_WPAN/App/custom_app.c ****       /* USER CODE BEGIN CUSTOM_STM_DP_NOTIFY_ENABLED_EVT */
 101:STM32_WPAN/App/custom_app.c ****       
 102:STM32_WPAN/App/custom_app.c ****       /* USER CODE END CUSTOM_STM_DP_NOTIFY_ENABLED_EVT */
 103:STM32_WPAN/App/custom_app.c ****       break;
 104:STM32_WPAN/App/custom_app.c **** 
 105:STM32_WPAN/App/custom_app.c ****     case CUSTOM_STM_DP_NOTIFY_DISABLED_EVT:
 106:STM32_WPAN/App/custom_app.c ****       /* USER CODE BEGIN CUSTOM_STM_DP_NOTIFY_DISABLED_EVT */
 107:STM32_WPAN/App/custom_app.c ****       
 108:STM32_WPAN/App/custom_app.c ****       /* USER CODE END CUSTOM_STM_DP_NOTIFY_DISABLED_EVT */
 109:STM32_WPAN/App/custom_app.c ****       break;
 110:STM32_WPAN/App/custom_app.c **** 
 111:STM32_WPAN/App/custom_app.c ****     case CUSTOM_STM_NOTIFICATION_COMPLETE_EVT:
 112:STM32_WPAN/App/custom_app.c ****       /* USER CODE BEGIN CUSTOM_STM_NOTIFICATION_COMPLETE_EVT */
 113:STM32_WPAN/App/custom_app.c **** 
 114:STM32_WPAN/App/custom_app.c ****       /* USER CODE END CUSTOM_STM_NOTIFICATION_COMPLETE_EVT */
 115:STM32_WPAN/App/custom_app.c ****       break;
 116:STM32_WPAN/App/custom_app.c **** 
 117:STM32_WPAN/App/custom_app.c ****     default:
 118:STM32_WPAN/App/custom_app.c ****       /* USER CODE BEGIN CUSTOM_STM_App_Notification_default */
 119:STM32_WPAN/App/custom_app.c **** 
 120:STM32_WPAN/App/custom_app.c ****       /* USER CODE END CUSTOM_STM_App_Notification_default */
 121:STM32_WPAN/App/custom_app.c ****       break;
  36              		.loc 1 121 7 view .LVU2
 122:STM32_WPAN/App/custom_app.c ****   }
 123:STM32_WPAN/App/custom_app.c ****   /* USER CODE BEGIN CUSTOM_STM_App_Notification_2 */
 124:STM32_WPAN/App/custom_app.c **** 
 125:STM32_WPAN/App/custom_app.c ****   /* USER CODE END CUSTOM_STM_App_Notification_2 */
 126:STM32_WPAN/App/custom_app.c ****   return;
  37              		.loc 1 126 3 view .LVU3
 127:STM32_WPAN/App/custom_app.c **** }
  38              		.loc 1 127 1 is_stmt 0 view .LVU4
  39 0000 7047     		bx	lr
  40              		.cfi_endproc
  41              	.LFE1269:
  43              		.section	.text.Custom_APP_Notification,"ax",%progbits
  44              		.align	1
  45              		.global	Custom_APP_Notification
  46              		.syntax unified
ARM GAS  C:\Users\bku598\AppData\Local\Temp\ccSlkFuu.s 			page 4


  47              		.thumb
  48              		.thumb_func
  50              	Custom_APP_Notification:
  51              	.LVL1:
  52              	.LFB1270:
 128:STM32_WPAN/App/custom_app.c **** 
 129:STM32_WPAN/App/custom_app.c **** void Custom_APP_Notification(Custom_App_ConnHandle_Not_evt_t *pNotification)
 130:STM32_WPAN/App/custom_app.c **** {
  53              		.loc 1 130 1 is_stmt 1 view -0
  54              		.cfi_startproc
  55              		@ args = 0, pretend = 0, frame = 0
  56              		@ frame_needed = 0, uses_anonymous_args = 0
  57              		@ link register save eliminated.
 131:STM32_WPAN/App/custom_app.c ****   /* USER CODE BEGIN CUSTOM_APP_Notification_1 */
 132:STM32_WPAN/App/custom_app.c **** 
 133:STM32_WPAN/App/custom_app.c ****   /* USER CODE END CUSTOM_APP_Notification_1 */
 134:STM32_WPAN/App/custom_app.c **** 
 135:STM32_WPAN/App/custom_app.c ****   switch (pNotification->Custom_Evt_Opcode)
  58              		.loc 1 135 3 view .LVU6
 136:STM32_WPAN/App/custom_app.c ****   {
 137:STM32_WPAN/App/custom_app.c ****     /* USER CODE BEGIN CUSTOM_APP_Notification_Custom_Evt_Opcode */
 138:STM32_WPAN/App/custom_app.c **** 
 139:STM32_WPAN/App/custom_app.c ****     /* USER CODE END P2PS_CUSTOM_Notification_Custom_Evt_Opcode */
 140:STM32_WPAN/App/custom_app.c ****     case CUSTOM_CONN_HANDLE_EVT :
 141:STM32_WPAN/App/custom_app.c ****       /* USER CODE BEGIN CUSTOM_CONN_HANDLE_EVT */
 142:STM32_WPAN/App/custom_app.c ****       
 143:STM32_WPAN/App/custom_app.c ****       /* USER CODE END CUSTOM_CONN_HANDLE_EVT */
 144:STM32_WPAN/App/custom_app.c ****       break;
 145:STM32_WPAN/App/custom_app.c **** 
 146:STM32_WPAN/App/custom_app.c ****     case CUSTOM_DISCON_HANDLE_EVT :
 147:STM32_WPAN/App/custom_app.c ****       /* USER CODE BEGIN CUSTOM_DISCON_HANDLE_EVT */
 148:STM32_WPAN/App/custom_app.c **** 
 149:STM32_WPAN/App/custom_app.c ****       /* USER CODE END CUSTOM_DISCON_HANDLE_EVT */
 150:STM32_WPAN/App/custom_app.c ****       break;
 151:STM32_WPAN/App/custom_app.c **** 
 152:STM32_WPAN/App/custom_app.c ****     default:
 153:STM32_WPAN/App/custom_app.c ****       /* USER CODE BEGIN CUSTOM_APP_Notification_default */
 154:STM32_WPAN/App/custom_app.c **** 
 155:STM32_WPAN/App/custom_app.c ****       /* USER CODE END CUSTOM_APP_Notification_default */
 156:STM32_WPAN/App/custom_app.c ****       break;
  59              		.loc 1 156 7 view .LVU7
 157:STM32_WPAN/App/custom_app.c ****   }
 158:STM32_WPAN/App/custom_app.c **** 
 159:STM32_WPAN/App/custom_app.c ****   /* USER CODE BEGIN CUSTOM_APP_Notification_2 */
 160:STM32_WPAN/App/custom_app.c **** 
 161:STM32_WPAN/App/custom_app.c ****   /* USER CODE END CUSTOM_APP_Notification_2 */
 162:STM32_WPAN/App/custom_app.c **** 
 163:STM32_WPAN/App/custom_app.c ****   return;
  60              		.loc 1 163 3 view .LVU8
 164:STM32_WPAN/App/custom_app.c **** }
  61              		.loc 1 164 1 is_stmt 0 view .LVU9
  62 0000 7047     		bx	lr
  63              		.cfi_endproc
  64              	.LFE1270:
  66              		.section	.text.Custom_APP_Init,"ax",%progbits
  67              		.align	1
  68              		.global	Custom_APP_Init
ARM GAS  C:\Users\bku598\AppData\Local\Temp\ccSlkFuu.s 			page 5


  69              		.syntax unified
  70              		.thumb
  71              		.thumb_func
  73              	Custom_APP_Init:
  74              	.LFB1271:
 165:STM32_WPAN/App/custom_app.c **** 
 166:STM32_WPAN/App/custom_app.c **** void Custom_APP_Init(void)
 167:STM32_WPAN/App/custom_app.c **** {
  75              		.loc 1 167 1 is_stmt 1 view -0
  76              		.cfi_startproc
  77              		@ args = 0, pretend = 0, frame = 0
  78              		@ frame_needed = 0, uses_anonymous_args = 0
  79              		@ link register save eliminated.
 168:STM32_WPAN/App/custom_app.c ****   /* USER CODE BEGIN CUSTOM_APP_Init */
 169:STM32_WPAN/App/custom_app.c **** 
 170:STM32_WPAN/App/custom_app.c ****   /* USER CODE END CUSTOM_APP_Init */
 171:STM32_WPAN/App/custom_app.c ****   return;
  80              		.loc 1 171 3 view .LVU11
 172:STM32_WPAN/App/custom_app.c **** }
  81              		.loc 1 172 1 is_stmt 0 view .LVU12
  82 0000 7047     		bx	lr
  83              		.cfi_endproc
  84              	.LFE1271:
  86              		.global	Connection_Handle
  87              		.section	.bss.Connection_Handle,"aw",%nobits
  88              		.align	1
  91              	Connection_Handle:
  92 0000 0000     		.space	2
  93              		.global	NotifyCharData
  94              		.section	.bss.NotifyCharData,"aw",%nobits
  95              		.align	2
  98              	NotifyCharData:
  99 0000 00000000 		.space	512
  99      00000000 
  99      00000000 
  99      00000000 
  99      00000000 
 100              		.global	UpdateCharData
 101              		.section	.bss.UpdateCharData,"aw",%nobits
 102              		.align	2
 105              	UpdateCharData:
 106 0000 00000000 		.space	512
 106      00000000 
 106      00000000 
 106      00000000 
 106      00000000 
 107              		.text
 108              	.Letext0:
 109              		.file 2 "C:\\dev\\tools\\gcc-arm-none-eabi-13.3\\bin\\../lib/gcc/arm-none-eabi/13.3.1/../../../../
 110              		.file 3 "C:\\dev\\tools\\gcc-arm-none-eabi-13.3\\bin\\../lib/gcc/arm-none-eabi/13.3.1/../../../../
 111              		.file 4 "STM32_WPAN/App/custom_stm.h"
 112              		.file 5 "STM32_WPAN/App/custom_app.h"
ARM GAS  C:\Users\bku598\AppData\Local\Temp\ccSlkFuu.s 			page 6


DEFINED SYMBOLS
                            *ABS*:00000000 custom_app.c
C:\Users\bku598\AppData\Local\Temp\ccSlkFuu.s:21     .text.Custom_STM_App_Notification:00000000 $t
C:\Users\bku598\AppData\Local\Temp\ccSlkFuu.s:27     .text.Custom_STM_App_Notification:00000000 Custom_STM_App_Notification
C:\Users\bku598\AppData\Local\Temp\ccSlkFuu.s:44     .text.Custom_APP_Notification:00000000 $t
C:\Users\bku598\AppData\Local\Temp\ccSlkFuu.s:50     .text.Custom_APP_Notification:00000000 Custom_APP_Notification
C:\Users\bku598\AppData\Local\Temp\ccSlkFuu.s:67     .text.Custom_APP_Init:00000000 $t
C:\Users\bku598\AppData\Local\Temp\ccSlkFuu.s:73     .text.Custom_APP_Init:00000000 Custom_APP_Init
C:\Users\bku598\AppData\Local\Temp\ccSlkFuu.s:91     .bss.Connection_Handle:00000000 Connection_Handle
C:\Users\bku598\AppData\Local\Temp\ccSlkFuu.s:88     .bss.Connection_Handle:00000000 $d
C:\Users\bku598\AppData\Local\Temp\ccSlkFuu.s:98     .bss.NotifyCharData:00000000 NotifyCharData
C:\Users\bku598\AppData\Local\Temp\ccSlkFuu.s:95     .bss.NotifyCharData:00000000 $d
C:\Users\bku598\AppData\Local\Temp\ccSlkFuu.s:105    .bss.UpdateCharData:00000000 UpdateCharData
C:\Users\bku598\AppData\Local\Temp\ccSlkFuu.s:102    .bss.UpdateCharData:00000000 $d

NO UNDEFINED SYMBOLS
