ARM GAS  C:\Users\bku598\AppData\Local\Temp\ccQK4RFn.s 			page 1


   1              		.cpu cortex-m4
   2              		.arch armv7e-m
   3              		.fpu fpv4-sp-d16
   4              		.eabi_attribute 27, 1
   5              		.eabi_attribute 28, 1
   6              		.eabi_attribute 20, 1
   7              		.eabi_attribute 21, 1
   8              		.eabi_attribute 23, 3
   9              		.eabi_attribute 24, 1
  10              		.eabi_attribute 25, 1
  11              		.eabi_attribute 26, 1
  12              		.eabi_attribute 30, 1
  13              		.eabi_attribute 34, 1
  14              		.eabi_attribute 18, 4
  15              		.file	"hci_tl.c"
  16              		.text
  17              	.Ltext0:
  18              		.cfi_sections	.debug_frame
  19              		.file 1 "Middlewares/ST/STM32_WPAN/interface/patterns/ble_thread/tl/hci_tl.c"
  20              		.section	.text.NotifyCmdStatus,"ax",%progbits
  21              		.align	1
  22              		.syntax unified
  23              		.thumb
  24              		.thumb_func
  26              	NotifyCmdStatus:
  27              	.LVL0:
  28              	.LFB1421:
   1:Middlewares/ST/STM32_WPAN/interface/patterns/ble_thread/tl/hci_tl.c **** /**
   2:Middlewares/ST/STM32_WPAN/interface/patterns/ble_thread/tl/hci_tl.c ****  ******************************************************************************
   3:Middlewares/ST/STM32_WPAN/interface/patterns/ble_thread/tl/hci_tl.c ****  * @file    hci_tl.c
   4:Middlewares/ST/STM32_WPAN/interface/patterns/ble_thread/tl/hci_tl.c ****  * @author  MCD Application Team
   5:Middlewares/ST/STM32_WPAN/interface/patterns/ble_thread/tl/hci_tl.c ****  * @brief   Function for managing HCI interface.
   6:Middlewares/ST/STM32_WPAN/interface/patterns/ble_thread/tl/hci_tl.c ****  ******************************************************************************
   7:Middlewares/ST/STM32_WPAN/interface/patterns/ble_thread/tl/hci_tl.c ****  * @attention
   8:Middlewares/ST/STM32_WPAN/interface/patterns/ble_thread/tl/hci_tl.c ****  *
   9:Middlewares/ST/STM32_WPAN/interface/patterns/ble_thread/tl/hci_tl.c ****  * Copyright (c) 2018-2021 STMicroelectronics.
  10:Middlewares/ST/STM32_WPAN/interface/patterns/ble_thread/tl/hci_tl.c ****  * All rights reserved.
  11:Middlewares/ST/STM32_WPAN/interface/patterns/ble_thread/tl/hci_tl.c ****  *
  12:Middlewares/ST/STM32_WPAN/interface/patterns/ble_thread/tl/hci_tl.c ****  * This software is licensed under terms that can be found in the LICENSE file
  13:Middlewares/ST/STM32_WPAN/interface/patterns/ble_thread/tl/hci_tl.c ****  * in the root directory of this software component.
  14:Middlewares/ST/STM32_WPAN/interface/patterns/ble_thread/tl/hci_tl.c ****  * If no LICENSE file comes with this software, it is provided AS-IS.
  15:Middlewares/ST/STM32_WPAN/interface/patterns/ble_thread/tl/hci_tl.c ****  *
  16:Middlewares/ST/STM32_WPAN/interface/patterns/ble_thread/tl/hci_tl.c ****  ******************************************************************************
  17:Middlewares/ST/STM32_WPAN/interface/patterns/ble_thread/tl/hci_tl.c ****  */
  18:Middlewares/ST/STM32_WPAN/interface/patterns/ble_thread/tl/hci_tl.c **** 
  19:Middlewares/ST/STM32_WPAN/interface/patterns/ble_thread/tl/hci_tl.c **** 
  20:Middlewares/ST/STM32_WPAN/interface/patterns/ble_thread/tl/hci_tl.c **** /* Includes ------------------------------------------------------------------*/
  21:Middlewares/ST/STM32_WPAN/interface/patterns/ble_thread/tl/hci_tl.c **** #include "ble_common.h"
  22:Middlewares/ST/STM32_WPAN/interface/patterns/ble_thread/tl/hci_tl.c **** #include "ble_const.h"
  23:Middlewares/ST/STM32_WPAN/interface/patterns/ble_thread/tl/hci_tl.c **** 
  24:Middlewares/ST/STM32_WPAN/interface/patterns/ble_thread/tl/hci_tl.c **** #include "stm_list.h"
  25:Middlewares/ST/STM32_WPAN/interface/patterns/ble_thread/tl/hci_tl.c **** #include "tl.h"
  26:Middlewares/ST/STM32_WPAN/interface/patterns/ble_thread/tl/hci_tl.c **** #include "hci_tl.h"
  27:Middlewares/ST/STM32_WPAN/interface/patterns/ble_thread/tl/hci_tl.c **** 
  28:Middlewares/ST/STM32_WPAN/interface/patterns/ble_thread/tl/hci_tl.c **** /* Private typedef -----------------------------------------------------------*/
  29:Middlewares/ST/STM32_WPAN/interface/patterns/ble_thread/tl/hci_tl.c **** typedef enum
  30:Middlewares/ST/STM32_WPAN/interface/patterns/ble_thread/tl/hci_tl.c **** {
ARM GAS  C:\Users\bku598\AppData\Local\Temp\ccQK4RFn.s 			page 2


  31:Middlewares/ST/STM32_WPAN/interface/patterns/ble_thread/tl/hci_tl.c ****   HCI_TL_CMD_RESP_RELEASE,
  32:Middlewares/ST/STM32_WPAN/interface/patterns/ble_thread/tl/hci_tl.c ****   HCI_TL_CMD_RESP_WAIT,
  33:Middlewares/ST/STM32_WPAN/interface/patterns/ble_thread/tl/hci_tl.c **** } HCI_TL_CmdRespStatus_t;
  34:Middlewares/ST/STM32_WPAN/interface/patterns/ble_thread/tl/hci_tl.c **** 
  35:Middlewares/ST/STM32_WPAN/interface/patterns/ble_thread/tl/hci_tl.c **** /* Private defines -----------------------------------------------------------*/
  36:Middlewares/ST/STM32_WPAN/interface/patterns/ble_thread/tl/hci_tl.c **** 
  37:Middlewares/ST/STM32_WPAN/interface/patterns/ble_thread/tl/hci_tl.c **** /**
  38:Middlewares/ST/STM32_WPAN/interface/patterns/ble_thread/tl/hci_tl.c ****  * The default HCI layer timeout is set to 33s
  39:Middlewares/ST/STM32_WPAN/interface/patterns/ble_thread/tl/hci_tl.c ****  */
  40:Middlewares/ST/STM32_WPAN/interface/patterns/ble_thread/tl/hci_tl.c **** #define HCI_TL_DEFAULT_TIMEOUT (33000)
  41:Middlewares/ST/STM32_WPAN/interface/patterns/ble_thread/tl/hci_tl.c **** 
  42:Middlewares/ST/STM32_WPAN/interface/patterns/ble_thread/tl/hci_tl.c **** /* Private macros ------------------------------------------------------------*/
  43:Middlewares/ST/STM32_WPAN/interface/patterns/ble_thread/tl/hci_tl.c **** /* Public variables ---------------------------------------------------------*/
  44:Middlewares/ST/STM32_WPAN/interface/patterns/ble_thread/tl/hci_tl.c **** /* Private variables ---------------------------------------------------------*/
  45:Middlewares/ST/STM32_WPAN/interface/patterns/ble_thread/tl/hci_tl.c **** /**
  46:Middlewares/ST/STM32_WPAN/interface/patterns/ble_thread/tl/hci_tl.c ****  * START of Section BLE_DRIVER_CONTEXT
  47:Middlewares/ST/STM32_WPAN/interface/patterns/ble_thread/tl/hci_tl.c ****  */
  48:Middlewares/ST/STM32_WPAN/interface/patterns/ble_thread/tl/hci_tl.c **** PLACE_IN_SECTION("BLE_DRIVER_CONTEXT") static volatile uint8_t hci_timer_id;
  49:Middlewares/ST/STM32_WPAN/interface/patterns/ble_thread/tl/hci_tl.c **** PLACE_IN_SECTION("BLE_DRIVER_CONTEXT") static tListNode HciAsynchEventQueue;
  50:Middlewares/ST/STM32_WPAN/interface/patterns/ble_thread/tl/hci_tl.c **** PLACE_IN_SECTION("BLE_DRIVER_CONTEXT") static TL_CmdPacket_t *pCmdBuffer;
  51:Middlewares/ST/STM32_WPAN/interface/patterns/ble_thread/tl/hci_tl.c **** PLACE_IN_SECTION("BLE_DRIVER_CONTEXT") HCI_TL_UserEventFlowStatus_t UserEventFlow;
  52:Middlewares/ST/STM32_WPAN/interface/patterns/ble_thread/tl/hci_tl.c **** /**
  53:Middlewares/ST/STM32_WPAN/interface/patterns/ble_thread/tl/hci_tl.c ****  * END of Section BLE_DRIVER_CONTEXT
  54:Middlewares/ST/STM32_WPAN/interface/patterns/ble_thread/tl/hci_tl.c ****  */
  55:Middlewares/ST/STM32_WPAN/interface/patterns/ble_thread/tl/hci_tl.c **** 
  56:Middlewares/ST/STM32_WPAN/interface/patterns/ble_thread/tl/hci_tl.c **** static tHciContext hciContext;
  57:Middlewares/ST/STM32_WPAN/interface/patterns/ble_thread/tl/hci_tl.c **** static tListNode HciCmdEventQueue;
  58:Middlewares/ST/STM32_WPAN/interface/patterns/ble_thread/tl/hci_tl.c **** static void (* StatusNotCallBackFunction) (HCI_TL_CmdStatus_t status);
  59:Middlewares/ST/STM32_WPAN/interface/patterns/ble_thread/tl/hci_tl.c **** static volatile HCI_TL_CmdRespStatus_t CmdRspStatusFlag;
  60:Middlewares/ST/STM32_WPAN/interface/patterns/ble_thread/tl/hci_tl.c **** 
  61:Middlewares/ST/STM32_WPAN/interface/patterns/ble_thread/tl/hci_tl.c **** /* Private function prototypes -----------------------------------------------*/
  62:Middlewares/ST/STM32_WPAN/interface/patterns/ble_thread/tl/hci_tl.c **** static void NotifyCmdStatus(HCI_TL_CmdStatus_t hcicmdstatus);
  63:Middlewares/ST/STM32_WPAN/interface/patterns/ble_thread/tl/hci_tl.c **** static void SendCmd(uint16_t opcode, uint8_t plen, void *param);
  64:Middlewares/ST/STM32_WPAN/interface/patterns/ble_thread/tl/hci_tl.c **** static void TlEvtReceived(TL_EvtPacket_t *hcievt);
  65:Middlewares/ST/STM32_WPAN/interface/patterns/ble_thread/tl/hci_tl.c **** static void TlInit( TL_CmdPacket_t * p_cmdbuffer );
  66:Middlewares/ST/STM32_WPAN/interface/patterns/ble_thread/tl/hci_tl.c **** 
  67:Middlewares/ST/STM32_WPAN/interface/patterns/ble_thread/tl/hci_tl.c **** /* Interface ------- ---------------------------------------------------------*/
  68:Middlewares/ST/STM32_WPAN/interface/patterns/ble_thread/tl/hci_tl.c **** void hci_init(void(* UserEvtRx)(void* pData), void* pConf)
  69:Middlewares/ST/STM32_WPAN/interface/patterns/ble_thread/tl/hci_tl.c **** {
  70:Middlewares/ST/STM32_WPAN/interface/patterns/ble_thread/tl/hci_tl.c ****   StatusNotCallBackFunction = ((HCI_TL_HciInitConf_t *)pConf)->StatusNotCallBack;
  71:Middlewares/ST/STM32_WPAN/interface/patterns/ble_thread/tl/hci_tl.c ****   hciContext.UserEvtRx = UserEvtRx;
  72:Middlewares/ST/STM32_WPAN/interface/patterns/ble_thread/tl/hci_tl.c **** 
  73:Middlewares/ST/STM32_WPAN/interface/patterns/ble_thread/tl/hci_tl.c ****   hci_register_io_bus (&hciContext.io);
  74:Middlewares/ST/STM32_WPAN/interface/patterns/ble_thread/tl/hci_tl.c **** 
  75:Middlewares/ST/STM32_WPAN/interface/patterns/ble_thread/tl/hci_tl.c ****   TlInit((TL_CmdPacket_t *)(((HCI_TL_HciInitConf_t *)pConf)->p_cmdbuffer));
  76:Middlewares/ST/STM32_WPAN/interface/patterns/ble_thread/tl/hci_tl.c **** 
  77:Middlewares/ST/STM32_WPAN/interface/patterns/ble_thread/tl/hci_tl.c ****   return;
  78:Middlewares/ST/STM32_WPAN/interface/patterns/ble_thread/tl/hci_tl.c **** }
  79:Middlewares/ST/STM32_WPAN/interface/patterns/ble_thread/tl/hci_tl.c **** 
  80:Middlewares/ST/STM32_WPAN/interface/patterns/ble_thread/tl/hci_tl.c **** void hci_user_evt_proc(void)
  81:Middlewares/ST/STM32_WPAN/interface/patterns/ble_thread/tl/hci_tl.c **** {
  82:Middlewares/ST/STM32_WPAN/interface/patterns/ble_thread/tl/hci_tl.c ****   TL_EvtPacket_t *phcievtbuffer;
  83:Middlewares/ST/STM32_WPAN/interface/patterns/ble_thread/tl/hci_tl.c ****   tHCI_UserEvtRxParam UserEvtRxParam;
  84:Middlewares/ST/STM32_WPAN/interface/patterns/ble_thread/tl/hci_tl.c **** 
  85:Middlewares/ST/STM32_WPAN/interface/patterns/ble_thread/tl/hci_tl.c ****   /**
  86:Middlewares/ST/STM32_WPAN/interface/patterns/ble_thread/tl/hci_tl.c ****    * Up to release version v1.2.0, a while loop was implemented to read out events from the queue a
  87:Middlewares/ST/STM32_WPAN/interface/patterns/ble_thread/tl/hci_tl.c ****    * it is not empty. However, in a bare metal implementation, this leads to calling in a "blocking
ARM GAS  C:\Users\bku598\AppData\Local\Temp\ccQK4RFn.s 			page 3


  88:Middlewares/ST/STM32_WPAN/interface/patterns/ble_thread/tl/hci_tl.c ****    * hci_user_evt_proc() as long as events are received without giving the opportunity to run other
  89:Middlewares/ST/STM32_WPAN/interface/patterns/ble_thread/tl/hci_tl.c ****    * in the background.
  90:Middlewares/ST/STM32_WPAN/interface/patterns/ble_thread/tl/hci_tl.c ****    * From now, the events are reported one by one. When it is checked there is still an event pendi
  91:Middlewares/ST/STM32_WPAN/interface/patterns/ble_thread/tl/hci_tl.c ****    * a request to the user is made to call again hci_user_evt_proc().
  92:Middlewares/ST/STM32_WPAN/interface/patterns/ble_thread/tl/hci_tl.c ****    * This gives the opportunity to the application to run other background tasks between each event
  93:Middlewares/ST/STM32_WPAN/interface/patterns/ble_thread/tl/hci_tl.c ****    */
  94:Middlewares/ST/STM32_WPAN/interface/patterns/ble_thread/tl/hci_tl.c **** 
  95:Middlewares/ST/STM32_WPAN/interface/patterns/ble_thread/tl/hci_tl.c ****   /**
  96:Middlewares/ST/STM32_WPAN/interface/patterns/ble_thread/tl/hci_tl.c ****    * It is more secure to use LST_remove_head()/LST_insert_head() compare to LST_get_next_node()/LS
  97:Middlewares/ST/STM32_WPAN/interface/patterns/ble_thread/tl/hci_tl.c ****    * in case the user overwrite the header where the next/prev pointers are located
  98:Middlewares/ST/STM32_WPAN/interface/patterns/ble_thread/tl/hci_tl.c ****    */
  99:Middlewares/ST/STM32_WPAN/interface/patterns/ble_thread/tl/hci_tl.c **** 
 100:Middlewares/ST/STM32_WPAN/interface/patterns/ble_thread/tl/hci_tl.c ****   if((LST_is_empty(&HciAsynchEventQueue) == FALSE) && (UserEventFlow != HCI_TL_UserEventFlow_Disabl
 101:Middlewares/ST/STM32_WPAN/interface/patterns/ble_thread/tl/hci_tl.c ****   {
 102:Middlewares/ST/STM32_WPAN/interface/patterns/ble_thread/tl/hci_tl.c ****     LST_remove_head ( &HciAsynchEventQueue, (tListNode **)&phcievtbuffer );
 103:Middlewares/ST/STM32_WPAN/interface/patterns/ble_thread/tl/hci_tl.c **** 
 104:Middlewares/ST/STM32_WPAN/interface/patterns/ble_thread/tl/hci_tl.c ****     if (hciContext.UserEvtRx != NULL)
 105:Middlewares/ST/STM32_WPAN/interface/patterns/ble_thread/tl/hci_tl.c ****     {
 106:Middlewares/ST/STM32_WPAN/interface/patterns/ble_thread/tl/hci_tl.c ****       UserEvtRxParam.pckt = phcievtbuffer;
 107:Middlewares/ST/STM32_WPAN/interface/patterns/ble_thread/tl/hci_tl.c ****       UserEvtRxParam.status = HCI_TL_UserEventFlow_Enable;
 108:Middlewares/ST/STM32_WPAN/interface/patterns/ble_thread/tl/hci_tl.c ****       hciContext.UserEvtRx((void *)&UserEvtRxParam);
 109:Middlewares/ST/STM32_WPAN/interface/patterns/ble_thread/tl/hci_tl.c ****       UserEventFlow = UserEvtRxParam.status;
 110:Middlewares/ST/STM32_WPAN/interface/patterns/ble_thread/tl/hci_tl.c ****     }
 111:Middlewares/ST/STM32_WPAN/interface/patterns/ble_thread/tl/hci_tl.c ****     else
 112:Middlewares/ST/STM32_WPAN/interface/patterns/ble_thread/tl/hci_tl.c ****     {
 113:Middlewares/ST/STM32_WPAN/interface/patterns/ble_thread/tl/hci_tl.c ****       UserEventFlow = HCI_TL_UserEventFlow_Enable;
 114:Middlewares/ST/STM32_WPAN/interface/patterns/ble_thread/tl/hci_tl.c ****     }
 115:Middlewares/ST/STM32_WPAN/interface/patterns/ble_thread/tl/hci_tl.c **** 
 116:Middlewares/ST/STM32_WPAN/interface/patterns/ble_thread/tl/hci_tl.c ****     if(UserEventFlow != HCI_TL_UserEventFlow_Disable)
 117:Middlewares/ST/STM32_WPAN/interface/patterns/ble_thread/tl/hci_tl.c ****     {
 118:Middlewares/ST/STM32_WPAN/interface/patterns/ble_thread/tl/hci_tl.c ****       TL_MM_EvtDone( phcievtbuffer );
 119:Middlewares/ST/STM32_WPAN/interface/patterns/ble_thread/tl/hci_tl.c ****     }
 120:Middlewares/ST/STM32_WPAN/interface/patterns/ble_thread/tl/hci_tl.c ****     else
 121:Middlewares/ST/STM32_WPAN/interface/patterns/ble_thread/tl/hci_tl.c ****     {
 122:Middlewares/ST/STM32_WPAN/interface/patterns/ble_thread/tl/hci_tl.c ****       /**
 123:Middlewares/ST/STM32_WPAN/interface/patterns/ble_thread/tl/hci_tl.c ****        * put back the event in the queue
 124:Middlewares/ST/STM32_WPAN/interface/patterns/ble_thread/tl/hci_tl.c ****        */
 125:Middlewares/ST/STM32_WPAN/interface/patterns/ble_thread/tl/hci_tl.c ****       LST_insert_head ( &HciAsynchEventQueue, (tListNode *)phcievtbuffer );
 126:Middlewares/ST/STM32_WPAN/interface/patterns/ble_thread/tl/hci_tl.c ****     }
 127:Middlewares/ST/STM32_WPAN/interface/patterns/ble_thread/tl/hci_tl.c ****   }
 128:Middlewares/ST/STM32_WPAN/interface/patterns/ble_thread/tl/hci_tl.c **** 
 129:Middlewares/ST/STM32_WPAN/interface/patterns/ble_thread/tl/hci_tl.c ****   if((LST_is_empty(&HciAsynchEventQueue) == FALSE) && (UserEventFlow != HCI_TL_UserEventFlow_Disabl
 130:Middlewares/ST/STM32_WPAN/interface/patterns/ble_thread/tl/hci_tl.c ****   {
 131:Middlewares/ST/STM32_WPAN/interface/patterns/ble_thread/tl/hci_tl.c ****     hci_notify_asynch_evt((void*) &HciAsynchEventQueue);
 132:Middlewares/ST/STM32_WPAN/interface/patterns/ble_thread/tl/hci_tl.c ****   }
 133:Middlewares/ST/STM32_WPAN/interface/patterns/ble_thread/tl/hci_tl.c **** 
 134:Middlewares/ST/STM32_WPAN/interface/patterns/ble_thread/tl/hci_tl.c **** 
 135:Middlewares/ST/STM32_WPAN/interface/patterns/ble_thread/tl/hci_tl.c ****   return;
 136:Middlewares/ST/STM32_WPAN/interface/patterns/ble_thread/tl/hci_tl.c **** }
 137:Middlewares/ST/STM32_WPAN/interface/patterns/ble_thread/tl/hci_tl.c **** 
 138:Middlewares/ST/STM32_WPAN/interface/patterns/ble_thread/tl/hci_tl.c **** void hci_resume_flow( void )
 139:Middlewares/ST/STM32_WPAN/interface/patterns/ble_thread/tl/hci_tl.c **** {
 140:Middlewares/ST/STM32_WPAN/interface/patterns/ble_thread/tl/hci_tl.c ****   UserEventFlow = HCI_TL_UserEventFlow_Enable;
 141:Middlewares/ST/STM32_WPAN/interface/patterns/ble_thread/tl/hci_tl.c **** 
 142:Middlewares/ST/STM32_WPAN/interface/patterns/ble_thread/tl/hci_tl.c ****   /**
 143:Middlewares/ST/STM32_WPAN/interface/patterns/ble_thread/tl/hci_tl.c ****    * It is better to go through the background process as it is not sure from which context this AP
 144:Middlewares/ST/STM32_WPAN/interface/patterns/ble_thread/tl/hci_tl.c ****    * be called
ARM GAS  C:\Users\bku598\AppData\Local\Temp\ccQK4RFn.s 			page 4


 145:Middlewares/ST/STM32_WPAN/interface/patterns/ble_thread/tl/hci_tl.c ****    */
 146:Middlewares/ST/STM32_WPAN/interface/patterns/ble_thread/tl/hci_tl.c ****   hci_notify_asynch_evt((void*) &HciAsynchEventQueue);
 147:Middlewares/ST/STM32_WPAN/interface/patterns/ble_thread/tl/hci_tl.c **** 
 148:Middlewares/ST/STM32_WPAN/interface/patterns/ble_thread/tl/hci_tl.c ****   return;
 149:Middlewares/ST/STM32_WPAN/interface/patterns/ble_thread/tl/hci_tl.c **** }
 150:Middlewares/ST/STM32_WPAN/interface/patterns/ble_thread/tl/hci_tl.c **** 
 151:Middlewares/ST/STM32_WPAN/interface/patterns/ble_thread/tl/hci_tl.c **** int hci_send_req(struct hci_request *p_cmd, uint8_t async)
 152:Middlewares/ST/STM32_WPAN/interface/patterns/ble_thread/tl/hci_tl.c **** {
 153:Middlewares/ST/STM32_WPAN/interface/patterns/ble_thread/tl/hci_tl.c ****   (void)(async);
 154:Middlewares/ST/STM32_WPAN/interface/patterns/ble_thread/tl/hci_tl.c ****   uint16_t opcode;
 155:Middlewares/ST/STM32_WPAN/interface/patterns/ble_thread/tl/hci_tl.c ****   TL_CcEvt_t  *pcommand_complete_event;
 156:Middlewares/ST/STM32_WPAN/interface/patterns/ble_thread/tl/hci_tl.c ****   TL_CsEvt_t    *pcommand_status_event;
 157:Middlewares/ST/STM32_WPAN/interface/patterns/ble_thread/tl/hci_tl.c ****   TL_EvtPacket_t *pevtpacket;
 158:Middlewares/ST/STM32_WPAN/interface/patterns/ble_thread/tl/hci_tl.c ****   uint8_t hci_cmd_complete_return_parameters_length;
 159:Middlewares/ST/STM32_WPAN/interface/patterns/ble_thread/tl/hci_tl.c ****   HCI_TL_CmdStatus_t local_cmd_status;
 160:Middlewares/ST/STM32_WPAN/interface/patterns/ble_thread/tl/hci_tl.c **** 
 161:Middlewares/ST/STM32_WPAN/interface/patterns/ble_thread/tl/hci_tl.c ****   NotifyCmdStatus(HCI_TL_CmdBusy);
 162:Middlewares/ST/STM32_WPAN/interface/patterns/ble_thread/tl/hci_tl.c ****   local_cmd_status = HCI_TL_CmdBusy;
 163:Middlewares/ST/STM32_WPAN/interface/patterns/ble_thread/tl/hci_tl.c ****   opcode = ((p_cmd->ocf) & 0x03ff) | ((p_cmd->ogf) << 10);
 164:Middlewares/ST/STM32_WPAN/interface/patterns/ble_thread/tl/hci_tl.c ****   
 165:Middlewares/ST/STM32_WPAN/interface/patterns/ble_thread/tl/hci_tl.c ****   CmdRspStatusFlag = HCI_TL_CMD_RESP_WAIT;
 166:Middlewares/ST/STM32_WPAN/interface/patterns/ble_thread/tl/hci_tl.c ****   SendCmd(opcode, p_cmd->clen, p_cmd->cparam);
 167:Middlewares/ST/STM32_WPAN/interface/patterns/ble_thread/tl/hci_tl.c **** 
 168:Middlewares/ST/STM32_WPAN/interface/patterns/ble_thread/tl/hci_tl.c ****   while(local_cmd_status == HCI_TL_CmdBusy)
 169:Middlewares/ST/STM32_WPAN/interface/patterns/ble_thread/tl/hci_tl.c ****   {
 170:Middlewares/ST/STM32_WPAN/interface/patterns/ble_thread/tl/hci_tl.c ****     hci_cmd_resp_wait(HCI_TL_DEFAULT_TIMEOUT);
 171:Middlewares/ST/STM32_WPAN/interface/patterns/ble_thread/tl/hci_tl.c **** 
 172:Middlewares/ST/STM32_WPAN/interface/patterns/ble_thread/tl/hci_tl.c ****     /**
 173:Middlewares/ST/STM32_WPAN/interface/patterns/ble_thread/tl/hci_tl.c ****      * Process Cmd Event
 174:Middlewares/ST/STM32_WPAN/interface/patterns/ble_thread/tl/hci_tl.c ****      */
 175:Middlewares/ST/STM32_WPAN/interface/patterns/ble_thread/tl/hci_tl.c ****     while(LST_is_empty(&HciCmdEventQueue) == FALSE)
 176:Middlewares/ST/STM32_WPAN/interface/patterns/ble_thread/tl/hci_tl.c ****     {
 177:Middlewares/ST/STM32_WPAN/interface/patterns/ble_thread/tl/hci_tl.c ****       LST_remove_head (&HciCmdEventQueue, (tListNode **)&pevtpacket);
 178:Middlewares/ST/STM32_WPAN/interface/patterns/ble_thread/tl/hci_tl.c **** 
 179:Middlewares/ST/STM32_WPAN/interface/patterns/ble_thread/tl/hci_tl.c ****       if(pevtpacket->evtserial.evt.evtcode == TL_BLEEVT_CS_OPCODE)
 180:Middlewares/ST/STM32_WPAN/interface/patterns/ble_thread/tl/hci_tl.c ****       {
 181:Middlewares/ST/STM32_WPAN/interface/patterns/ble_thread/tl/hci_tl.c ****         pcommand_status_event = (TL_CsEvt_t*)pevtpacket->evtserial.evt.payload;
 182:Middlewares/ST/STM32_WPAN/interface/patterns/ble_thread/tl/hci_tl.c ****         if(pcommand_status_event->cmdcode == opcode)
 183:Middlewares/ST/STM32_WPAN/interface/patterns/ble_thread/tl/hci_tl.c ****         {
 184:Middlewares/ST/STM32_WPAN/interface/patterns/ble_thread/tl/hci_tl.c ****           *(uint8_t *)(p_cmd->rparam) = pcommand_status_event->status;
 185:Middlewares/ST/STM32_WPAN/interface/patterns/ble_thread/tl/hci_tl.c ****         }
 186:Middlewares/ST/STM32_WPAN/interface/patterns/ble_thread/tl/hci_tl.c **** 
 187:Middlewares/ST/STM32_WPAN/interface/patterns/ble_thread/tl/hci_tl.c ****         if(pcommand_status_event->numcmd != 0)
 188:Middlewares/ST/STM32_WPAN/interface/patterns/ble_thread/tl/hci_tl.c ****         {
 189:Middlewares/ST/STM32_WPAN/interface/patterns/ble_thread/tl/hci_tl.c ****           local_cmd_status = HCI_TL_CmdAvailable;
 190:Middlewares/ST/STM32_WPAN/interface/patterns/ble_thread/tl/hci_tl.c ****         }
 191:Middlewares/ST/STM32_WPAN/interface/patterns/ble_thread/tl/hci_tl.c ****       }
 192:Middlewares/ST/STM32_WPAN/interface/patterns/ble_thread/tl/hci_tl.c ****       else
 193:Middlewares/ST/STM32_WPAN/interface/patterns/ble_thread/tl/hci_tl.c ****       {
 194:Middlewares/ST/STM32_WPAN/interface/patterns/ble_thread/tl/hci_tl.c ****         pcommand_complete_event = (TL_CcEvt_t*)pevtpacket->evtserial.evt.payload;
 195:Middlewares/ST/STM32_WPAN/interface/patterns/ble_thread/tl/hci_tl.c **** 
 196:Middlewares/ST/STM32_WPAN/interface/patterns/ble_thread/tl/hci_tl.c ****         if(pcommand_complete_event->cmdcode == opcode)
 197:Middlewares/ST/STM32_WPAN/interface/patterns/ble_thread/tl/hci_tl.c ****         {
 198:Middlewares/ST/STM32_WPAN/interface/patterns/ble_thread/tl/hci_tl.c ****           hci_cmd_complete_return_parameters_length = pevtpacket->evtserial.evt.plen - TL_EVT_HDR_S
 199:Middlewares/ST/STM32_WPAN/interface/patterns/ble_thread/tl/hci_tl.c ****           p_cmd->rlen = MIN(hci_cmd_complete_return_parameters_length, p_cmd->rlen);
 200:Middlewares/ST/STM32_WPAN/interface/patterns/ble_thread/tl/hci_tl.c ****           memcpy(p_cmd->rparam, pcommand_complete_event->payload, p_cmd->rlen);
 201:Middlewares/ST/STM32_WPAN/interface/patterns/ble_thread/tl/hci_tl.c ****         }
ARM GAS  C:\Users\bku598\AppData\Local\Temp\ccQK4RFn.s 			page 5


 202:Middlewares/ST/STM32_WPAN/interface/patterns/ble_thread/tl/hci_tl.c **** 
 203:Middlewares/ST/STM32_WPAN/interface/patterns/ble_thread/tl/hci_tl.c ****         if(pcommand_complete_event->numcmd != 0)
 204:Middlewares/ST/STM32_WPAN/interface/patterns/ble_thread/tl/hci_tl.c ****         {
 205:Middlewares/ST/STM32_WPAN/interface/patterns/ble_thread/tl/hci_tl.c ****           local_cmd_status = HCI_TL_CmdAvailable;
 206:Middlewares/ST/STM32_WPAN/interface/patterns/ble_thread/tl/hci_tl.c ****         }
 207:Middlewares/ST/STM32_WPAN/interface/patterns/ble_thread/tl/hci_tl.c ****       }
 208:Middlewares/ST/STM32_WPAN/interface/patterns/ble_thread/tl/hci_tl.c ****     }
 209:Middlewares/ST/STM32_WPAN/interface/patterns/ble_thread/tl/hci_tl.c ****   }
 210:Middlewares/ST/STM32_WPAN/interface/patterns/ble_thread/tl/hci_tl.c **** 
 211:Middlewares/ST/STM32_WPAN/interface/patterns/ble_thread/tl/hci_tl.c ****   NotifyCmdStatus(HCI_TL_CmdAvailable);
 212:Middlewares/ST/STM32_WPAN/interface/patterns/ble_thread/tl/hci_tl.c **** 
 213:Middlewares/ST/STM32_WPAN/interface/patterns/ble_thread/tl/hci_tl.c ****   return 0;
 214:Middlewares/ST/STM32_WPAN/interface/patterns/ble_thread/tl/hci_tl.c **** }
 215:Middlewares/ST/STM32_WPAN/interface/patterns/ble_thread/tl/hci_tl.c **** 
 216:Middlewares/ST/STM32_WPAN/interface/patterns/ble_thread/tl/hci_tl.c **** /* Private functions ---------------------------------------------------------*/
 217:Middlewares/ST/STM32_WPAN/interface/patterns/ble_thread/tl/hci_tl.c **** static void TlInit( TL_CmdPacket_t * p_cmdbuffer )
 218:Middlewares/ST/STM32_WPAN/interface/patterns/ble_thread/tl/hci_tl.c **** {
 219:Middlewares/ST/STM32_WPAN/interface/patterns/ble_thread/tl/hci_tl.c ****   TL_BLE_InitConf_t Conf;
 220:Middlewares/ST/STM32_WPAN/interface/patterns/ble_thread/tl/hci_tl.c **** 
 221:Middlewares/ST/STM32_WPAN/interface/patterns/ble_thread/tl/hci_tl.c ****   /**
 222:Middlewares/ST/STM32_WPAN/interface/patterns/ble_thread/tl/hci_tl.c ****    * Always initialize the command event queue
 223:Middlewares/ST/STM32_WPAN/interface/patterns/ble_thread/tl/hci_tl.c ****    */
 224:Middlewares/ST/STM32_WPAN/interface/patterns/ble_thread/tl/hci_tl.c ****   LST_init_head (&HciCmdEventQueue);
 225:Middlewares/ST/STM32_WPAN/interface/patterns/ble_thread/tl/hci_tl.c **** 
 226:Middlewares/ST/STM32_WPAN/interface/patterns/ble_thread/tl/hci_tl.c ****   pCmdBuffer = p_cmdbuffer;
 227:Middlewares/ST/STM32_WPAN/interface/patterns/ble_thread/tl/hci_tl.c **** 
 228:Middlewares/ST/STM32_WPAN/interface/patterns/ble_thread/tl/hci_tl.c ****   LST_init_head (&HciAsynchEventQueue);
 229:Middlewares/ST/STM32_WPAN/interface/patterns/ble_thread/tl/hci_tl.c **** 
 230:Middlewares/ST/STM32_WPAN/interface/patterns/ble_thread/tl/hci_tl.c ****   UserEventFlow = HCI_TL_UserEventFlow_Enable;
 231:Middlewares/ST/STM32_WPAN/interface/patterns/ble_thread/tl/hci_tl.c **** 
 232:Middlewares/ST/STM32_WPAN/interface/patterns/ble_thread/tl/hci_tl.c ****   /* Initialize low level driver */
 233:Middlewares/ST/STM32_WPAN/interface/patterns/ble_thread/tl/hci_tl.c ****   if (hciContext.io.Init)
 234:Middlewares/ST/STM32_WPAN/interface/patterns/ble_thread/tl/hci_tl.c ****   {
 235:Middlewares/ST/STM32_WPAN/interface/patterns/ble_thread/tl/hci_tl.c **** 
 236:Middlewares/ST/STM32_WPAN/interface/patterns/ble_thread/tl/hci_tl.c ****     Conf.p_cmdbuffer = (uint8_t *)p_cmdbuffer;
 237:Middlewares/ST/STM32_WPAN/interface/patterns/ble_thread/tl/hci_tl.c ****     Conf.IoBusEvtCallBack = TlEvtReceived;
 238:Middlewares/ST/STM32_WPAN/interface/patterns/ble_thread/tl/hci_tl.c ****     hciContext.io.Init(&Conf);
 239:Middlewares/ST/STM32_WPAN/interface/patterns/ble_thread/tl/hci_tl.c ****   }
 240:Middlewares/ST/STM32_WPAN/interface/patterns/ble_thread/tl/hci_tl.c **** 
 241:Middlewares/ST/STM32_WPAN/interface/patterns/ble_thread/tl/hci_tl.c ****   return;
 242:Middlewares/ST/STM32_WPAN/interface/patterns/ble_thread/tl/hci_tl.c **** }
 243:Middlewares/ST/STM32_WPAN/interface/patterns/ble_thread/tl/hci_tl.c **** 
 244:Middlewares/ST/STM32_WPAN/interface/patterns/ble_thread/tl/hci_tl.c **** static void SendCmd(uint16_t opcode, uint8_t plen, void *param)
 245:Middlewares/ST/STM32_WPAN/interface/patterns/ble_thread/tl/hci_tl.c **** {
 246:Middlewares/ST/STM32_WPAN/interface/patterns/ble_thread/tl/hci_tl.c ****   pCmdBuffer->cmdserial.cmd.cmdcode = opcode;
 247:Middlewares/ST/STM32_WPAN/interface/patterns/ble_thread/tl/hci_tl.c ****   pCmdBuffer->cmdserial.cmd.plen = plen;
 248:Middlewares/ST/STM32_WPAN/interface/patterns/ble_thread/tl/hci_tl.c ****   memcpy( pCmdBuffer->cmdserial.cmd.payload, param, plen );
 249:Middlewares/ST/STM32_WPAN/interface/patterns/ble_thread/tl/hci_tl.c **** 
 250:Middlewares/ST/STM32_WPAN/interface/patterns/ble_thread/tl/hci_tl.c ****   hciContext.io.Send(0,0);
 251:Middlewares/ST/STM32_WPAN/interface/patterns/ble_thread/tl/hci_tl.c **** 
 252:Middlewares/ST/STM32_WPAN/interface/patterns/ble_thread/tl/hci_tl.c ****   return;
 253:Middlewares/ST/STM32_WPAN/interface/patterns/ble_thread/tl/hci_tl.c **** }
 254:Middlewares/ST/STM32_WPAN/interface/patterns/ble_thread/tl/hci_tl.c **** 
 255:Middlewares/ST/STM32_WPAN/interface/patterns/ble_thread/tl/hci_tl.c **** static void NotifyCmdStatus(HCI_TL_CmdStatus_t hcicmdstatus)
 256:Middlewares/ST/STM32_WPAN/interface/patterns/ble_thread/tl/hci_tl.c **** {
  29              		.loc 1 256 1 view -0
  30              		.cfi_startproc
ARM GAS  C:\Users\bku598\AppData\Local\Temp\ccQK4RFn.s 			page 6


  31              		@ args = 0, pretend = 0, frame = 0
  32              		@ frame_needed = 0, uses_anonymous_args = 0
  33              		.loc 1 256 1 is_stmt 0 view .LVU1
  34 0000 08B5     		push	{r3, lr}
  35              	.LCFI0:
  36              		.cfi_def_cfa_offset 8
  37              		.cfi_offset 3, -8
  38              		.cfi_offset 14, -4
 257:Middlewares/ST/STM32_WPAN/interface/patterns/ble_thread/tl/hci_tl.c ****   if(hcicmdstatus == HCI_TL_CmdBusy)
  39              		.loc 1 257 3 is_stmt 1 view .LVU2
  40              		.loc 1 257 5 is_stmt 0 view .LVU3
  41 0002 20B9     		cbnz	r0, .L2
 258:Middlewares/ST/STM32_WPAN/interface/patterns/ble_thread/tl/hci_tl.c ****   {
 259:Middlewares/ST/STM32_WPAN/interface/patterns/ble_thread/tl/hci_tl.c ****     if(StatusNotCallBackFunction != 0)
  42              		.loc 1 259 5 is_stmt 1 view .LVU4
  43              		.loc 1 259 34 is_stmt 0 view .LVU5
  44 0004 054B     		ldr	r3, .L5
  45 0006 1B68     		ldr	r3, [r3]
  46              		.loc 1 259 7 view .LVU6
  47 0008 03B1     		cbz	r3, .L1
 260:Middlewares/ST/STM32_WPAN/interface/patterns/ble_thread/tl/hci_tl.c ****     {
 261:Middlewares/ST/STM32_WPAN/interface/patterns/ble_thread/tl/hci_tl.c ****       StatusNotCallBackFunction(HCI_TL_CmdBusy);
  48              		.loc 1 261 7 is_stmt 1 view .LVU7
  49 000a 9847     		blx	r3
  50              	.LVL1:
  51              	.L1:
 262:Middlewares/ST/STM32_WPAN/interface/patterns/ble_thread/tl/hci_tl.c ****     }
 263:Middlewares/ST/STM32_WPAN/interface/patterns/ble_thread/tl/hci_tl.c ****   }
 264:Middlewares/ST/STM32_WPAN/interface/patterns/ble_thread/tl/hci_tl.c ****   else
 265:Middlewares/ST/STM32_WPAN/interface/patterns/ble_thread/tl/hci_tl.c ****   {
 266:Middlewares/ST/STM32_WPAN/interface/patterns/ble_thread/tl/hci_tl.c ****     if(StatusNotCallBackFunction != 0)
 267:Middlewares/ST/STM32_WPAN/interface/patterns/ble_thread/tl/hci_tl.c ****     {
 268:Middlewares/ST/STM32_WPAN/interface/patterns/ble_thread/tl/hci_tl.c ****       StatusNotCallBackFunction(HCI_TL_CmdAvailable);
 269:Middlewares/ST/STM32_WPAN/interface/patterns/ble_thread/tl/hci_tl.c ****     }
 270:Middlewares/ST/STM32_WPAN/interface/patterns/ble_thread/tl/hci_tl.c ****   }
 271:Middlewares/ST/STM32_WPAN/interface/patterns/ble_thread/tl/hci_tl.c **** 
 272:Middlewares/ST/STM32_WPAN/interface/patterns/ble_thread/tl/hci_tl.c ****   return;
 273:Middlewares/ST/STM32_WPAN/interface/patterns/ble_thread/tl/hci_tl.c **** }
  52              		.loc 1 273 1 is_stmt 0 view .LVU8
  53 000c 08BD     		pop	{r3, pc}
  54              	.LVL2:
  55              	.L2:
 266:Middlewares/ST/STM32_WPAN/interface/patterns/ble_thread/tl/hci_tl.c ****     {
  56              		.loc 1 266 5 is_stmt 1 view .LVU9
 266:Middlewares/ST/STM32_WPAN/interface/patterns/ble_thread/tl/hci_tl.c ****     {
  57              		.loc 1 266 34 is_stmt 0 view .LVU10
  58 000e 034B     		ldr	r3, .L5
  59 0010 1B68     		ldr	r3, [r3]
 266:Middlewares/ST/STM32_WPAN/interface/patterns/ble_thread/tl/hci_tl.c ****     {
  60              		.loc 1 266 7 view .LVU11
  61 0012 002B     		cmp	r3, #0
  62 0014 FAD0     		beq	.L1
 268:Middlewares/ST/STM32_WPAN/interface/patterns/ble_thread/tl/hci_tl.c ****     }
  63              		.loc 1 268 7 is_stmt 1 view .LVU12
  64 0016 0120     		movs	r0, #1
  65              	.LVL3:
 268:Middlewares/ST/STM32_WPAN/interface/patterns/ble_thread/tl/hci_tl.c ****     }
ARM GAS  C:\Users\bku598\AppData\Local\Temp\ccQK4RFn.s 			page 7


  66              		.loc 1 268 7 is_stmt 0 view .LVU13
  67 0018 9847     		blx	r3
  68              	.LVL4:
 272:Middlewares/ST/STM32_WPAN/interface/patterns/ble_thread/tl/hci_tl.c **** }
  69              		.loc 1 272 3 is_stmt 1 view .LVU14
  70 001a F7E7     		b	.L1
  71              	.L6:
  72              		.align	2
  73              	.L5:
  74 001c 00000000 		.word	StatusNotCallBackFunction
  75              		.cfi_endproc
  76              	.LFE1421:
  78              		.section	.text.TlInit,"ax",%progbits
  79              		.align	1
  80              		.syntax unified
  81              		.thumb
  82              		.thumb_func
  84              	TlInit:
  85              	.LVL5:
  86              	.LFB1419:
 218:Middlewares/ST/STM32_WPAN/interface/patterns/ble_thread/tl/hci_tl.c ****   TL_BLE_InitConf_t Conf;
  87              		.loc 1 218 1 view -0
  88              		.cfi_startproc
  89              		@ args = 0, pretend = 0, frame = 16
  90              		@ frame_needed = 0, uses_anonymous_args = 0
 218:Middlewares/ST/STM32_WPAN/interface/patterns/ble_thread/tl/hci_tl.c ****   TL_BLE_InitConf_t Conf;
  91              		.loc 1 218 1 is_stmt 0 view .LVU16
  92 0000 10B5     		push	{r4, lr}
  93              	.LCFI1:
  94              		.cfi_def_cfa_offset 8
  95              		.cfi_offset 4, -8
  96              		.cfi_offset 14, -4
  97 0002 84B0     		sub	sp, sp, #16
  98              	.LCFI2:
  99              		.cfi_def_cfa_offset 24
 100 0004 0446     		mov	r4, r0
 219:Middlewares/ST/STM32_WPAN/interface/patterns/ble_thread/tl/hci_tl.c **** 
 101              		.loc 1 219 3 is_stmt 1 view .LVU17
 224:Middlewares/ST/STM32_WPAN/interface/patterns/ble_thread/tl/hci_tl.c **** 
 102              		.loc 1 224 3 view .LVU18
 103 0006 0A48     		ldr	r0, .L10
 104              	.LVL6:
 224:Middlewares/ST/STM32_WPAN/interface/patterns/ble_thread/tl/hci_tl.c **** 
 105              		.loc 1 224 3 is_stmt 0 view .LVU19
 106 0008 FFF7FEFF 		bl	LST_init_head
 107              	.LVL7:
 226:Middlewares/ST/STM32_WPAN/interface/patterns/ble_thread/tl/hci_tl.c **** 
 108              		.loc 1 226 3 is_stmt 1 view .LVU20
 226:Middlewares/ST/STM32_WPAN/interface/patterns/ble_thread/tl/hci_tl.c **** 
 109              		.loc 1 226 14 is_stmt 0 view .LVU21
 110 000c 094B     		ldr	r3, .L10+4
 111 000e 1C60     		str	r4, [r3]
 228:Middlewares/ST/STM32_WPAN/interface/patterns/ble_thread/tl/hci_tl.c **** 
 112              		.loc 1 228 3 is_stmt 1 view .LVU22
 113 0010 0948     		ldr	r0, .L10+8
 114 0012 FFF7FEFF 		bl	LST_init_head
 115              	.LVL8:
ARM GAS  C:\Users\bku598\AppData\Local\Temp\ccQK4RFn.s 			page 8


 230:Middlewares/ST/STM32_WPAN/interface/patterns/ble_thread/tl/hci_tl.c **** 
 116              		.loc 1 230 3 view .LVU23
 230:Middlewares/ST/STM32_WPAN/interface/patterns/ble_thread/tl/hci_tl.c **** 
 117              		.loc 1 230 17 is_stmt 0 view .LVU24
 118 0016 094B     		ldr	r3, .L10+12
 119 0018 0122     		movs	r2, #1
 120 001a 1A70     		strb	r2, [r3]
 233:Middlewares/ST/STM32_WPAN/interface/patterns/ble_thread/tl/hci_tl.c ****   {
 121              		.loc 1 233 3 is_stmt 1 view .LVU25
 233:Middlewares/ST/STM32_WPAN/interface/patterns/ble_thread/tl/hci_tl.c ****   {
 122              		.loc 1 233 20 is_stmt 0 view .LVU26
 123 001c 084B     		ldr	r3, .L10+16
 124 001e 1B68     		ldr	r3, [r3]
 233:Middlewares/ST/STM32_WPAN/interface/patterns/ble_thread/tl/hci_tl.c ****   {
 125              		.loc 1 233 6 view .LVU27
 126 0020 23B1     		cbz	r3, .L7
 236:Middlewares/ST/STM32_WPAN/interface/patterns/ble_thread/tl/hci_tl.c ****     Conf.IoBusEvtCallBack = TlEvtReceived;
 127              		.loc 1 236 5 is_stmt 1 view .LVU28
 236:Middlewares/ST/STM32_WPAN/interface/patterns/ble_thread/tl/hci_tl.c ****     Conf.IoBusEvtCallBack = TlEvtReceived;
 128              		.loc 1 236 22 is_stmt 0 view .LVU29
 129 0022 0294     		str	r4, [sp, #8]
 237:Middlewares/ST/STM32_WPAN/interface/patterns/ble_thread/tl/hci_tl.c ****     hciContext.io.Init(&Conf);
 130              		.loc 1 237 5 is_stmt 1 view .LVU30
 237:Middlewares/ST/STM32_WPAN/interface/patterns/ble_thread/tl/hci_tl.c ****     hciContext.io.Init(&Conf);
 131              		.loc 1 237 27 is_stmt 0 view .LVU31
 132 0024 074A     		ldr	r2, .L10+20
 133 0026 0092     		str	r2, [sp]
 238:Middlewares/ST/STM32_WPAN/interface/patterns/ble_thread/tl/hci_tl.c ****   }
 134              		.loc 1 238 5 is_stmt 1 view .LVU32
 135 0028 6846     		mov	r0, sp
 136 002a 9847     		blx	r3
 137              	.LVL9:
 241:Middlewares/ST/STM32_WPAN/interface/patterns/ble_thread/tl/hci_tl.c **** }
 138              		.loc 1 241 3 view .LVU33
 139              	.L7:
 242:Middlewares/ST/STM32_WPAN/interface/patterns/ble_thread/tl/hci_tl.c **** 
 140              		.loc 1 242 1 is_stmt 0 view .LVU34
 141 002c 04B0     		add	sp, sp, #16
 142              	.LCFI3:
 143              		.cfi_def_cfa_offset 8
 144              		@ sp needed
 145 002e 10BD     		pop	{r4, pc}
 146              	.LVL10:
 147              	.L11:
 242:Middlewares/ST/STM32_WPAN/interface/patterns/ble_thread/tl/hci_tl.c **** 
 148              		.loc 1 242 1 view .LVU35
 149              		.align	2
 150              	.L10:
 151 0030 00000000 		.word	HciCmdEventQueue
 152 0034 04000000 		.word	pCmdBuffer
 153 0038 08000000 		.word	HciAsynchEventQueue
 154 003c 00000000 		.word	UserEventFlow
 155 0040 00000000 		.word	hciContext
 156 0044 00000000 		.word	TlEvtReceived
 157              		.cfi_endproc
 158              	.LFE1419:
 160              		.section	.text.SendCmd,"ax",%progbits
ARM GAS  C:\Users\bku598\AppData\Local\Temp\ccQK4RFn.s 			page 9


 161              		.align	1
 162              		.syntax unified
 163              		.thumb
 164              		.thumb_func
 166              	SendCmd:
 167              	.LVL11:
 168              	.LFB1420:
 245:Middlewares/ST/STM32_WPAN/interface/patterns/ble_thread/tl/hci_tl.c ****   pCmdBuffer->cmdserial.cmd.cmdcode = opcode;
 169              		.loc 1 245 1 is_stmt 1 view -0
 170              		.cfi_startproc
 171              		@ args = 0, pretend = 0, frame = 0
 172              		@ frame_needed = 0, uses_anonymous_args = 0
 245:Middlewares/ST/STM32_WPAN/interface/patterns/ble_thread/tl/hci_tl.c ****   pCmdBuffer->cmdserial.cmd.cmdcode = opcode;
 173              		.loc 1 245 1 is_stmt 0 view .LVU37
 174 0000 10B5     		push	{r4, lr}
 175              	.LCFI4:
 176              		.cfi_def_cfa_offset 8
 177              		.cfi_offset 4, -8
 178              		.cfi_offset 14, -4
 179 0002 0B46     		mov	r3, r1
 180 0004 1146     		mov	r1, r2
 181              	.LVL12:
 246:Middlewares/ST/STM32_WPAN/interface/patterns/ble_thread/tl/hci_tl.c ****   pCmdBuffer->cmdserial.cmd.plen = plen;
 182              		.loc 1 246 3 is_stmt 1 view .LVU38
 246:Middlewares/ST/STM32_WPAN/interface/patterns/ble_thread/tl/hci_tl.c ****   pCmdBuffer->cmdserial.cmd.plen = plen;
 183              		.loc 1 246 13 is_stmt 0 view .LVU39
 184 0006 084A     		ldr	r2, .L14
 185              	.LVL13:
 246:Middlewares/ST/STM32_WPAN/interface/patterns/ble_thread/tl/hci_tl.c ****   pCmdBuffer->cmdserial.cmd.plen = plen;
 186              		.loc 1 246 13 view .LVU40
 187 0008 1468     		ldr	r4, [r2]
 246:Middlewares/ST/STM32_WPAN/interface/patterns/ble_thread/tl/hci_tl.c ****   pCmdBuffer->cmdserial.cmd.plen = plen;
 188              		.loc 1 246 37 view .LVU41
 189 000a A4F80900 		strh	r0, [r4, #9]	@ unaligned
 247:Middlewares/ST/STM32_WPAN/interface/patterns/ble_thread/tl/hci_tl.c ****   memcpy( pCmdBuffer->cmdserial.cmd.payload, param, plen );
 190              		.loc 1 247 3 is_stmt 1 view .LVU42
 247:Middlewares/ST/STM32_WPAN/interface/patterns/ble_thread/tl/hci_tl.c ****   memcpy( pCmdBuffer->cmdserial.cmd.payload, param, plen );
 191              		.loc 1 247 34 is_stmt 0 view .LVU43
 192 000e E372     		strb	r3, [r4, #11]
 248:Middlewares/ST/STM32_WPAN/interface/patterns/ble_thread/tl/hci_tl.c **** 
 193              		.loc 1 248 3 is_stmt 1 view .LVU44
 194 0010 1A46     		mov	r2, r3
 195 0012 04F10C00 		add	r0, r4, #12
 196              	.LVL14:
 248:Middlewares/ST/STM32_WPAN/interface/patterns/ble_thread/tl/hci_tl.c **** 
 197              		.loc 1 248 3 is_stmt 0 view .LVU45
 198 0016 FFF7FEFF 		bl	memcpy
 199              	.LVL15:
 250:Middlewares/ST/STM32_WPAN/interface/patterns/ble_thread/tl/hci_tl.c **** 
 200              		.loc 1 250 3 is_stmt 1 view .LVU46
 250:Middlewares/ST/STM32_WPAN/interface/patterns/ble_thread/tl/hci_tl.c **** 
 201              		.loc 1 250 16 is_stmt 0 view .LVU47
 202 001a 044B     		ldr	r3, .L14+4
 203 001c 1B69     		ldr	r3, [r3, #16]
 250:Middlewares/ST/STM32_WPAN/interface/patterns/ble_thread/tl/hci_tl.c **** 
 204              		.loc 1 250 3 view .LVU48
 205 001e 0021     		movs	r1, #0
ARM GAS  C:\Users\bku598\AppData\Local\Temp\ccQK4RFn.s 			page 10


 206 0020 0846     		mov	r0, r1
 207 0022 9847     		blx	r3
 208              	.LVL16:
 252:Middlewares/ST/STM32_WPAN/interface/patterns/ble_thread/tl/hci_tl.c **** }
 209              		.loc 1 252 3 is_stmt 1 view .LVU49
 253:Middlewares/ST/STM32_WPAN/interface/patterns/ble_thread/tl/hci_tl.c **** 
 210              		.loc 1 253 1 is_stmt 0 view .LVU50
 211 0024 10BD     		pop	{r4, pc}
 212              	.L15:
 213 0026 00BF     		.align	2
 214              	.L14:
 215 0028 04000000 		.word	pCmdBuffer
 216 002c 00000000 		.word	hciContext
 217              		.cfi_endproc
 218              	.LFE1420:
 220              		.section	.text.hci_init,"ax",%progbits
 221              		.align	1
 222              		.global	hci_init
 223              		.syntax unified
 224              		.thumb
 225              		.thumb_func
 227              	hci_init:
 228              	.LVL17:
 229              	.LFB1415:
  69:Middlewares/ST/STM32_WPAN/interface/patterns/ble_thread/tl/hci_tl.c ****   StatusNotCallBackFunction = ((HCI_TL_HciInitConf_t *)pConf)->StatusNotCallBack;
 230              		.loc 1 69 1 is_stmt 1 view -0
 231              		.cfi_startproc
 232              		@ args = 0, pretend = 0, frame = 0
 233              		@ frame_needed = 0, uses_anonymous_args = 0
  69:Middlewares/ST/STM32_WPAN/interface/patterns/ble_thread/tl/hci_tl.c ****   StatusNotCallBackFunction = ((HCI_TL_HciInitConf_t *)pConf)->StatusNotCallBack;
 234              		.loc 1 69 1 is_stmt 0 view .LVU52
 235 0000 10B5     		push	{r4, lr}
 236              	.LCFI5:
 237              		.cfi_def_cfa_offset 8
 238              		.cfi_offset 4, -8
 239              		.cfi_offset 14, -4
 240 0002 0C46     		mov	r4, r1
  70:Middlewares/ST/STM32_WPAN/interface/patterns/ble_thread/tl/hci_tl.c ****   hciContext.UserEvtRx = UserEvtRx;
 241              		.loc 1 70 3 is_stmt 1 view .LVU53
  70:Middlewares/ST/STM32_WPAN/interface/patterns/ble_thread/tl/hci_tl.c ****   hciContext.UserEvtRx = UserEvtRx;
 242              		.loc 1 70 62 is_stmt 0 view .LVU54
 243 0004 4A68     		ldr	r2, [r1, #4]
  70:Middlewares/ST/STM32_WPAN/interface/patterns/ble_thread/tl/hci_tl.c ****   hciContext.UserEvtRx = UserEvtRx;
 244              		.loc 1 70 29 view .LVU55
 245 0006 054B     		ldr	r3, .L18
 246 0008 1A60     		str	r2, [r3]
  71:Middlewares/ST/STM32_WPAN/interface/patterns/ble_thread/tl/hci_tl.c **** 
 247              		.loc 1 71 3 is_stmt 1 view .LVU56
  71:Middlewares/ST/STM32_WPAN/interface/patterns/ble_thread/tl/hci_tl.c **** 
 248              		.loc 1 71 24 is_stmt 0 view .LVU57
 249 000a 054B     		ldr	r3, .L18+4
 250 000c D861     		str	r0, [r3, #28]
  73:Middlewares/ST/STM32_WPAN/interface/patterns/ble_thread/tl/hci_tl.c **** 
 251              		.loc 1 73 3 is_stmt 1 view .LVU58
 252 000e 1846     		mov	r0, r3
 253              	.LVL18:
  73:Middlewares/ST/STM32_WPAN/interface/patterns/ble_thread/tl/hci_tl.c **** 
ARM GAS  C:\Users\bku598\AppData\Local\Temp\ccQK4RFn.s 			page 11


 254              		.loc 1 73 3 is_stmt 0 view .LVU59
 255 0010 FFF7FEFF 		bl	hci_register_io_bus
 256              	.LVL19:
  75:Middlewares/ST/STM32_WPAN/interface/patterns/ble_thread/tl/hci_tl.c **** 
 257              		.loc 1 75 3 is_stmt 1 view .LVU60
 258 0014 2068     		ldr	r0, [r4]
 259 0016 FFF7FEFF 		bl	TlInit
 260              	.LVL20:
  77:Middlewares/ST/STM32_WPAN/interface/patterns/ble_thread/tl/hci_tl.c **** }
 261              		.loc 1 77 3 view .LVU61
  78:Middlewares/ST/STM32_WPAN/interface/patterns/ble_thread/tl/hci_tl.c **** 
 262              		.loc 1 78 1 is_stmt 0 view .LVU62
 263 001a 10BD     		pop	{r4, pc}
 264              	.LVL21:
 265              	.L19:
  78:Middlewares/ST/STM32_WPAN/interface/patterns/ble_thread/tl/hci_tl.c **** 
 266              		.loc 1 78 1 view .LVU63
 267              		.align	2
 268              	.L18:
 269 001c 00000000 		.word	StatusNotCallBackFunction
 270 0020 00000000 		.word	hciContext
 271              		.cfi_endproc
 272              	.LFE1415:
 274              		.section	.text.hci_user_evt_proc,"ax",%progbits
 275              		.align	1
 276              		.global	hci_user_evt_proc
 277              		.syntax unified
 278              		.thumb
 279              		.thumb_func
 281              	hci_user_evt_proc:
 282              	.LFB1416:
  81:Middlewares/ST/STM32_WPAN/interface/patterns/ble_thread/tl/hci_tl.c ****   TL_EvtPacket_t *phcievtbuffer;
 283              		.loc 1 81 1 is_stmt 1 view -0
 284              		.cfi_startproc
 285              		@ args = 0, pretend = 0, frame = 16
 286              		@ frame_needed = 0, uses_anonymous_args = 0
 287 0000 00B5     		push	{lr}
 288              	.LCFI6:
 289              		.cfi_def_cfa_offset 4
 290              		.cfi_offset 14, -4
 291 0002 85B0     		sub	sp, sp, #20
 292              	.LCFI7:
 293              		.cfi_def_cfa_offset 24
  82:Middlewares/ST/STM32_WPAN/interface/patterns/ble_thread/tl/hci_tl.c ****   tHCI_UserEvtRxParam UserEvtRxParam;
 294              		.loc 1 82 3 view .LVU65
  83:Middlewares/ST/STM32_WPAN/interface/patterns/ble_thread/tl/hci_tl.c **** 
 295              		.loc 1 83 3 view .LVU66
 100:Middlewares/ST/STM32_WPAN/interface/patterns/ble_thread/tl/hci_tl.c ****   {
 296              		.loc 1 100 3 view .LVU67
 100:Middlewares/ST/STM32_WPAN/interface/patterns/ble_thread/tl/hci_tl.c ****   {
 297              		.loc 1 100 7 is_stmt 0 view .LVU68
 298 0004 1B48     		ldr	r0, .L29
 299 0006 FFF7FEFF 		bl	LST_is_empty
 300              	.LVL22:
 100:Middlewares/ST/STM32_WPAN/interface/patterns/ble_thread/tl/hci_tl.c ****   {
 301              		.loc 1 100 5 discriminator 1 view .LVU69
 302 000a 10B9     		cbnz	r0, .L21
ARM GAS  C:\Users\bku598\AppData\Local\Temp\ccQK4RFn.s 			page 12


 100:Middlewares/ST/STM32_WPAN/interface/patterns/ble_thread/tl/hci_tl.c ****   {
 303              		.loc 1 100 70 discriminator 1 view .LVU70
 304 000c 1A4B     		ldr	r3, .L29+4
 305 000e 1B78     		ldrb	r3, [r3]	@ zero_extendqisi2
 100:Middlewares/ST/STM32_WPAN/interface/patterns/ble_thread/tl/hci_tl.c ****   {
 306              		.loc 1 100 52 discriminator 1 view .LVU71
 307 0010 4BB9     		cbnz	r3, .L27
 308              	.L21:
 129:Middlewares/ST/STM32_WPAN/interface/patterns/ble_thread/tl/hci_tl.c ****   {
 309              		.loc 1 129 3 is_stmt 1 view .LVU72
 129:Middlewares/ST/STM32_WPAN/interface/patterns/ble_thread/tl/hci_tl.c ****   {
 310              		.loc 1 129 7 is_stmt 0 view .LVU73
 311 0012 1848     		ldr	r0, .L29
 312 0014 FFF7FEFF 		bl	LST_is_empty
 313              	.LVL23:
 129:Middlewares/ST/STM32_WPAN/interface/patterns/ble_thread/tl/hci_tl.c ****   {
 314              		.loc 1 129 5 discriminator 1 view .LVU74
 315 0018 10B9     		cbnz	r0, .L20
 129:Middlewares/ST/STM32_WPAN/interface/patterns/ble_thread/tl/hci_tl.c ****   {
 316              		.loc 1 129 70 discriminator 1 view .LVU75
 317 001a 174B     		ldr	r3, .L29+4
 318 001c 1B78     		ldrb	r3, [r3]	@ zero_extendqisi2
 129:Middlewares/ST/STM32_WPAN/interface/patterns/ble_thread/tl/hci_tl.c ****   {
 319              		.loc 1 129 52 discriminator 1 view .LVU76
 320 001e 23BB     		cbnz	r3, .L28
 321              	.L20:
 136:Middlewares/ST/STM32_WPAN/interface/patterns/ble_thread/tl/hci_tl.c **** 
 322              		.loc 1 136 1 view .LVU77
 323 0020 05B0     		add	sp, sp, #20
 324              	.LCFI8:
 325              		.cfi_remember_state
 326              		.cfi_def_cfa_offset 4
 327              		@ sp needed
 328 0022 5DF804FB 		ldr	pc, [sp], #4
 329              	.L27:
 330              	.LCFI9:
 331              		.cfi_restore_state
 102:Middlewares/ST/STM32_WPAN/interface/patterns/ble_thread/tl/hci_tl.c **** 
 332              		.loc 1 102 5 is_stmt 1 view .LVU78
 333 0026 03A9     		add	r1, sp, #12
 334 0028 1248     		ldr	r0, .L29
 335 002a FFF7FEFF 		bl	LST_remove_head
 336              	.LVL24:
 104:Middlewares/ST/STM32_WPAN/interface/patterns/ble_thread/tl/hci_tl.c ****     {
 337              		.loc 1 104 5 view .LVU79
 104:Middlewares/ST/STM32_WPAN/interface/patterns/ble_thread/tl/hci_tl.c ****     {
 338              		.loc 1 104 19 is_stmt 0 view .LVU80
 339 002e 134B     		ldr	r3, .L29+8
 340 0030 DB69     		ldr	r3, [r3, #28]
 104:Middlewares/ST/STM32_WPAN/interface/patterns/ble_thread/tl/hci_tl.c ****     {
 341              		.loc 1 104 8 view .LVU81
 342 0032 8BB1     		cbz	r3, .L22
 106:Middlewares/ST/STM32_WPAN/interface/patterns/ble_thread/tl/hci_tl.c ****       UserEvtRxParam.status = HCI_TL_UserEventFlow_Enable;
 343              		.loc 1 106 7 is_stmt 1 view .LVU82
 106:Middlewares/ST/STM32_WPAN/interface/patterns/ble_thread/tl/hci_tl.c ****       UserEvtRxParam.status = HCI_TL_UserEventFlow_Enable;
 344              		.loc 1 106 27 is_stmt 0 view .LVU83
 345 0034 039A     		ldr	r2, [sp, #12]
ARM GAS  C:\Users\bku598\AppData\Local\Temp\ccQK4RFn.s 			page 13


 346 0036 0292     		str	r2, [sp, #8]
 107:Middlewares/ST/STM32_WPAN/interface/patterns/ble_thread/tl/hci_tl.c ****       hciContext.UserEvtRx((void *)&UserEvtRxParam);
 347              		.loc 1 107 7 is_stmt 1 view .LVU84
 107:Middlewares/ST/STM32_WPAN/interface/patterns/ble_thread/tl/hci_tl.c ****       hciContext.UserEvtRx((void *)&UserEvtRxParam);
 348              		.loc 1 107 29 is_stmt 0 view .LVU85
 349 0038 0122     		movs	r2, #1
 350 003a 8DF80420 		strb	r2, [sp, #4]
 108:Middlewares/ST/STM32_WPAN/interface/patterns/ble_thread/tl/hci_tl.c ****       UserEventFlow = UserEvtRxParam.status;
 351              		.loc 1 108 7 is_stmt 1 view .LVU86
 352 003e 01A8     		add	r0, sp, #4
 353 0040 9847     		blx	r3
 354              	.LVL25:
 109:Middlewares/ST/STM32_WPAN/interface/patterns/ble_thread/tl/hci_tl.c ****     }
 355              		.loc 1 109 7 view .LVU87
 109:Middlewares/ST/STM32_WPAN/interface/patterns/ble_thread/tl/hci_tl.c ****     }
 356              		.loc 1 109 37 is_stmt 0 view .LVU88
 357 0042 9DF80420 		ldrb	r2, [sp, #4]	@ zero_extendqisi2
 109:Middlewares/ST/STM32_WPAN/interface/patterns/ble_thread/tl/hci_tl.c ****     }
 358              		.loc 1 109 21 view .LVU89
 359 0046 0C4B     		ldr	r3, .L29+4
 360 0048 1A70     		strb	r2, [r3]
 361              	.L23:
 116:Middlewares/ST/STM32_WPAN/interface/patterns/ble_thread/tl/hci_tl.c ****     {
 362              		.loc 1 116 5 is_stmt 1 view .LVU90
 116:Middlewares/ST/STM32_WPAN/interface/patterns/ble_thread/tl/hci_tl.c ****     {
 363              		.loc 1 116 22 is_stmt 0 view .LVU91
 364 004a 0B4B     		ldr	r3, .L29+4
 365 004c 1B78     		ldrb	r3, [r3]	@ zero_extendqisi2
 116:Middlewares/ST/STM32_WPAN/interface/patterns/ble_thread/tl/hci_tl.c ****     {
 366              		.loc 1 116 7 view .LVU92
 367 004e 3BB1     		cbz	r3, .L24
 118:Middlewares/ST/STM32_WPAN/interface/patterns/ble_thread/tl/hci_tl.c ****     }
 368              		.loc 1 118 7 is_stmt 1 view .LVU93
 369 0050 0398     		ldr	r0, [sp, #12]
 370 0052 FFF7FEFF 		bl	TL_MM_EvtDone
 371              	.LVL26:
 372 0056 DCE7     		b	.L21
 373              	.L22:
 113:Middlewares/ST/STM32_WPAN/interface/patterns/ble_thread/tl/hci_tl.c ****     }
 374              		.loc 1 113 7 view .LVU94
 113:Middlewares/ST/STM32_WPAN/interface/patterns/ble_thread/tl/hci_tl.c ****     }
 375              		.loc 1 113 21 is_stmt 0 view .LVU95
 376 0058 074B     		ldr	r3, .L29+4
 377 005a 0122     		movs	r2, #1
 378 005c 1A70     		strb	r2, [r3]
 379 005e F4E7     		b	.L23
 380              	.L24:
 125:Middlewares/ST/STM32_WPAN/interface/patterns/ble_thread/tl/hci_tl.c ****     }
 381              		.loc 1 125 7 is_stmt 1 view .LVU96
 382 0060 0399     		ldr	r1, [sp, #12]
 383 0062 0448     		ldr	r0, .L29
 384 0064 FFF7FEFF 		bl	LST_insert_head
 385              	.LVL27:
 386 0068 D3E7     		b	.L21
 387              	.L28:
 131:Middlewares/ST/STM32_WPAN/interface/patterns/ble_thread/tl/hci_tl.c ****   }
 388              		.loc 1 131 5 view .LVU97
ARM GAS  C:\Users\bku598\AppData\Local\Temp\ccQK4RFn.s 			page 14


 389 006a 0248     		ldr	r0, .L29
 390 006c FFF7FEFF 		bl	hci_notify_asynch_evt
 391              	.LVL28:
 135:Middlewares/ST/STM32_WPAN/interface/patterns/ble_thread/tl/hci_tl.c **** }
 392              		.loc 1 135 3 view .LVU98
 393 0070 D6E7     		b	.L20
 394              	.L30:
 395 0072 00BF     		.align	2
 396              	.L29:
 397 0074 08000000 		.word	HciAsynchEventQueue
 398 0078 00000000 		.word	UserEventFlow
 399 007c 00000000 		.word	hciContext
 400              		.cfi_endproc
 401              	.LFE1416:
 403              		.section	.text.hci_resume_flow,"ax",%progbits
 404              		.align	1
 405              		.global	hci_resume_flow
 406              		.syntax unified
 407              		.thumb
 408              		.thumb_func
 410              	hci_resume_flow:
 411              	.LFB1417:
 139:Middlewares/ST/STM32_WPAN/interface/patterns/ble_thread/tl/hci_tl.c ****   UserEventFlow = HCI_TL_UserEventFlow_Enable;
 412              		.loc 1 139 1 view -0
 413              		.cfi_startproc
 414              		@ args = 0, pretend = 0, frame = 0
 415              		@ frame_needed = 0, uses_anonymous_args = 0
 416 0000 08B5     		push	{r3, lr}
 417              	.LCFI10:
 418              		.cfi_def_cfa_offset 8
 419              		.cfi_offset 3, -8
 420              		.cfi_offset 14, -4
 140:Middlewares/ST/STM32_WPAN/interface/patterns/ble_thread/tl/hci_tl.c **** 
 421              		.loc 1 140 3 view .LVU100
 140:Middlewares/ST/STM32_WPAN/interface/patterns/ble_thread/tl/hci_tl.c **** 
 422              		.loc 1 140 17 is_stmt 0 view .LVU101
 423 0002 034B     		ldr	r3, .L33
 424 0004 0122     		movs	r2, #1
 425 0006 1A70     		strb	r2, [r3]
 146:Middlewares/ST/STM32_WPAN/interface/patterns/ble_thread/tl/hci_tl.c **** 
 426              		.loc 1 146 3 is_stmt 1 view .LVU102
 427 0008 0248     		ldr	r0, .L33+4
 428 000a FFF7FEFF 		bl	hci_notify_asynch_evt
 429              	.LVL29:
 148:Middlewares/ST/STM32_WPAN/interface/patterns/ble_thread/tl/hci_tl.c **** }
 430              		.loc 1 148 3 view .LVU103
 149:Middlewares/ST/STM32_WPAN/interface/patterns/ble_thread/tl/hci_tl.c **** 
 431              		.loc 1 149 1 is_stmt 0 view .LVU104
 432 000e 08BD     		pop	{r3, pc}
 433              	.L34:
 434              		.align	2
 435              	.L33:
 436 0010 00000000 		.word	UserEventFlow
 437 0014 08000000 		.word	HciAsynchEventQueue
 438              		.cfi_endproc
 439              	.LFE1417:
 441              		.section	.text.hci_cmd_resp_wait,"ax",%progbits
ARM GAS  C:\Users\bku598\AppData\Local\Temp\ccQK4RFn.s 			page 15


 442              		.align	1
 443              		.weak	hci_cmd_resp_wait
 444              		.syntax unified
 445              		.thumb
 446              		.thumb_func
 448              	hci_cmd_resp_wait:
 449              	.LFB1423:
 274:Middlewares/ST/STM32_WPAN/interface/patterns/ble_thread/tl/hci_tl.c **** 
 275:Middlewares/ST/STM32_WPAN/interface/patterns/ble_thread/tl/hci_tl.c **** static void TlEvtReceived(TL_EvtPacket_t *hcievt)
 276:Middlewares/ST/STM32_WPAN/interface/patterns/ble_thread/tl/hci_tl.c **** {
 277:Middlewares/ST/STM32_WPAN/interface/patterns/ble_thread/tl/hci_tl.c ****   if ( ((hcievt->evtserial.evt.evtcode) == TL_BLEEVT_CS_OPCODE) || ((hcievt->evtserial.evt.evtcode)
 278:Middlewares/ST/STM32_WPAN/interface/patterns/ble_thread/tl/hci_tl.c ****   {
 279:Middlewares/ST/STM32_WPAN/interface/patterns/ble_thread/tl/hci_tl.c ****     LST_insert_tail(&HciCmdEventQueue, (tListNode *)hcievt);
 280:Middlewares/ST/STM32_WPAN/interface/patterns/ble_thread/tl/hci_tl.c ****     hci_cmd_resp_release(0); /**< Notify the application a full Cmd Event has been received */
 281:Middlewares/ST/STM32_WPAN/interface/patterns/ble_thread/tl/hci_tl.c ****   }
 282:Middlewares/ST/STM32_WPAN/interface/patterns/ble_thread/tl/hci_tl.c ****   else
 283:Middlewares/ST/STM32_WPAN/interface/patterns/ble_thread/tl/hci_tl.c ****   {
 284:Middlewares/ST/STM32_WPAN/interface/patterns/ble_thread/tl/hci_tl.c ****     LST_insert_tail(&HciAsynchEventQueue, (tListNode *)hcievt);
 285:Middlewares/ST/STM32_WPAN/interface/patterns/ble_thread/tl/hci_tl.c ****     hci_notify_asynch_evt((void*) &HciAsynchEventQueue); /**< Notify the application a full HCI eve
 286:Middlewares/ST/STM32_WPAN/interface/patterns/ble_thread/tl/hci_tl.c ****   }
 287:Middlewares/ST/STM32_WPAN/interface/patterns/ble_thread/tl/hci_tl.c **** 
 288:Middlewares/ST/STM32_WPAN/interface/patterns/ble_thread/tl/hci_tl.c ****   return;
 289:Middlewares/ST/STM32_WPAN/interface/patterns/ble_thread/tl/hci_tl.c **** }
 290:Middlewares/ST/STM32_WPAN/interface/patterns/ble_thread/tl/hci_tl.c **** 
 291:Middlewares/ST/STM32_WPAN/interface/patterns/ble_thread/tl/hci_tl.c **** /* Weak implementation ----------------------------------------------------------------*/
 292:Middlewares/ST/STM32_WPAN/interface/patterns/ble_thread/tl/hci_tl.c **** __WEAK void hci_cmd_resp_wait(uint32_t timeout)
 293:Middlewares/ST/STM32_WPAN/interface/patterns/ble_thread/tl/hci_tl.c **** {
 450              		.loc 1 293 1 is_stmt 1 view -0
 451              		.cfi_startproc
 452              		@ args = 0, pretend = 0, frame = 0
 453              		@ frame_needed = 0, uses_anonymous_args = 0
 454              		@ link register save eliminated.
 455              	.LVL30:
 456              	.L36:
 294:Middlewares/ST/STM32_WPAN/interface/patterns/ble_thread/tl/hci_tl.c ****   (void)timeout;
 295:Middlewares/ST/STM32_WPAN/interface/patterns/ble_thread/tl/hci_tl.c **** 
 296:Middlewares/ST/STM32_WPAN/interface/patterns/ble_thread/tl/hci_tl.c ****   while(CmdRspStatusFlag != HCI_TL_CMD_RESP_RELEASE);
 457              		.loc 1 296 26 discriminator 1 view .LVU106
 458 0000 024B     		ldr	r3, .L37
 459 0002 1B78     		ldrb	r3, [r3]	@ zero_extendqisi2
 460 0004 002B     		cmp	r3, #0
 461 0006 FBD1     		bne	.L36
 297:Middlewares/ST/STM32_WPAN/interface/patterns/ble_thread/tl/hci_tl.c **** 
 298:Middlewares/ST/STM32_WPAN/interface/patterns/ble_thread/tl/hci_tl.c ****   return;
 299:Middlewares/ST/STM32_WPAN/interface/patterns/ble_thread/tl/hci_tl.c **** }
 462              		.loc 1 299 1 is_stmt 0 view .LVU107
 463 0008 7047     		bx	lr
 464              	.L38:
 465 000a 00BF     		.align	2
 466              	.L37:
 467 000c 00000000 		.word	CmdRspStatusFlag
 468              		.cfi_endproc
 469              	.LFE1423:
 471              		.section	.text.hci_send_req,"ax",%progbits
 472              		.align	1
 473              		.global	hci_send_req
 474              		.syntax unified
ARM GAS  C:\Users\bku598\AppData\Local\Temp\ccQK4RFn.s 			page 16


 475              		.thumb
 476              		.thumb_func
 478              	hci_send_req:
 479              	.LVL31:
 480              	.LFB1418:
 152:Middlewares/ST/STM32_WPAN/interface/patterns/ble_thread/tl/hci_tl.c ****   (void)(async);
 481              		.loc 1 152 1 is_stmt 1 view -0
 482              		.cfi_startproc
 483              		@ args = 0, pretend = 0, frame = 8
 484              		@ frame_needed = 0, uses_anonymous_args = 0
 152:Middlewares/ST/STM32_WPAN/interface/patterns/ble_thread/tl/hci_tl.c ****   (void)(async);
 485              		.loc 1 152 1 is_stmt 0 view .LVU109
 486 0000 F0B5     		push	{r4, r5, r6, r7, lr}
 487              	.LCFI11:
 488              		.cfi_def_cfa_offset 20
 489              		.cfi_offset 4, -20
 490              		.cfi_offset 5, -16
 491              		.cfi_offset 6, -12
 492              		.cfi_offset 7, -8
 493              		.cfi_offset 14, -4
 494 0002 83B0     		sub	sp, sp, #12
 495              	.LCFI12:
 496              		.cfi_def_cfa_offset 32
 497 0004 0746     		mov	r7, r0
 153:Middlewares/ST/STM32_WPAN/interface/patterns/ble_thread/tl/hci_tl.c ****   uint16_t opcode;
 498              		.loc 1 153 3 is_stmt 1 view .LVU110
 154:Middlewares/ST/STM32_WPAN/interface/patterns/ble_thread/tl/hci_tl.c ****   TL_CcEvt_t  *pcommand_complete_event;
 499              		.loc 1 154 3 view .LVU111
 155:Middlewares/ST/STM32_WPAN/interface/patterns/ble_thread/tl/hci_tl.c ****   TL_CsEvt_t    *pcommand_status_event;
 500              		.loc 1 155 3 view .LVU112
 156:Middlewares/ST/STM32_WPAN/interface/patterns/ble_thread/tl/hci_tl.c ****   TL_EvtPacket_t *pevtpacket;
 501              		.loc 1 156 3 view .LVU113
 157:Middlewares/ST/STM32_WPAN/interface/patterns/ble_thread/tl/hci_tl.c ****   uint8_t hci_cmd_complete_return_parameters_length;
 502              		.loc 1 157 3 view .LVU114
 158:Middlewares/ST/STM32_WPAN/interface/patterns/ble_thread/tl/hci_tl.c ****   HCI_TL_CmdStatus_t local_cmd_status;
 503              		.loc 1 158 3 view .LVU115
 159:Middlewares/ST/STM32_WPAN/interface/patterns/ble_thread/tl/hci_tl.c **** 
 504              		.loc 1 159 3 view .LVU116
 161:Middlewares/ST/STM32_WPAN/interface/patterns/ble_thread/tl/hci_tl.c ****   local_cmd_status = HCI_TL_CmdBusy;
 505              		.loc 1 161 3 view .LVU117
 506 0006 0020     		movs	r0, #0
 507              	.LVL32:
 161:Middlewares/ST/STM32_WPAN/interface/patterns/ble_thread/tl/hci_tl.c ****   local_cmd_status = HCI_TL_CmdBusy;
 508              		.loc 1 161 3 is_stmt 0 view .LVU118
 509 0008 FFF7FEFF 		bl	NotifyCmdStatus
 510              	.LVL33:
 162:Middlewares/ST/STM32_WPAN/interface/patterns/ble_thread/tl/hci_tl.c ****   opcode = ((p_cmd->ocf) & 0x03ff) | ((p_cmd->ogf) << 10);
 511              		.loc 1 162 3 is_stmt 1 view .LVU119
 163:Middlewares/ST/STM32_WPAN/interface/patterns/ble_thread/tl/hci_tl.c ****   
 512              		.loc 1 163 3 view .LVU120
 163:Middlewares/ST/STM32_WPAN/interface/patterns/ble_thread/tl/hci_tl.c ****   
 513              		.loc 1 163 19 is_stmt 0 view .LVU121
 514 000c 7D88     		ldrh	r5, [r7, #2]
 163:Middlewares/ST/STM32_WPAN/interface/patterns/ble_thread/tl/hci_tl.c ****   
 515              		.loc 1 163 45 view .LVU122
 516 000e 3B88     		ldrh	r3, [r7]
 163:Middlewares/ST/STM32_WPAN/interface/patterns/ble_thread/tl/hci_tl.c ****   
ARM GAS  C:\Users\bku598\AppData\Local\Temp\ccQK4RFn.s 			page 17


 517              		.loc 1 163 10 view .LVU123
 518 0010 C5F30905 		ubfx	r5, r5, #0, #10
 519 0014 45EA8325 		orr	r5, r5, r3, lsl #10
 520 0018 ADB2     		uxth	r5, r5
 521              	.LVL34:
 165:Middlewares/ST/STM32_WPAN/interface/patterns/ble_thread/tl/hci_tl.c ****   SendCmd(opcode, p_cmd->clen, p_cmd->cparam);
 522              		.loc 1 165 3 is_stmt 1 view .LVU124
 165:Middlewares/ST/STM32_WPAN/interface/patterns/ble_thread/tl/hci_tl.c ****   SendCmd(opcode, p_cmd->clen, p_cmd->cparam);
 523              		.loc 1 165 20 is_stmt 0 view .LVU125
 524 001a 224B     		ldr	r3, .L55
 525 001c 0122     		movs	r2, #1
 526 001e 1A70     		strb	r2, [r3]
 166:Middlewares/ST/STM32_WPAN/interface/patterns/ble_thread/tl/hci_tl.c **** 
 527              		.loc 1 166 3 is_stmt 1 view .LVU126
 528 0020 BA68     		ldr	r2, [r7, #8]
 529 0022 397B     		ldrb	r1, [r7, #12]	@ zero_extendqisi2
 530 0024 2846     		mov	r0, r5
 531 0026 FFF7FEFF 		bl	SendCmd
 532              	.LVL35:
 168:Middlewares/ST/STM32_WPAN/interface/patterns/ble_thread/tl/hci_tl.c ****   {
 533              		.loc 1 168 3 view .LVU127
 162:Middlewares/ST/STM32_WPAN/interface/patterns/ble_thread/tl/hci_tl.c ****   opcode = ((p_cmd->ocf) & 0x03ff) | ((p_cmd->ogf) << 10);
 534              		.loc 1 162 20 is_stmt 0 view .LVU128
 535 002a 0026     		movs	r6, #0
 536              	.LVL36:
 537              	.L40:
 168:Middlewares/ST/STM32_WPAN/interface/patterns/ble_thread/tl/hci_tl.c ****   {
 538              		.loc 1 168 26 is_stmt 1 view .LVU129
 539 002c 002E     		cmp	r6, #0
 540 002e 33D1     		bne	.L51
 170:Middlewares/ST/STM32_WPAN/interface/patterns/ble_thread/tl/hci_tl.c **** 
 541              		.loc 1 170 5 view .LVU130
 542 0030 48F2E800 		movw	r0, #33000
 543 0034 FFF7FEFF 		bl	hci_cmd_resp_wait
 544              	.LVL37:
 175:Middlewares/ST/STM32_WPAN/interface/patterns/ble_thread/tl/hci_tl.c ****     {
 545              		.loc 1 175 5 view .LVU131
 175:Middlewares/ST/STM32_WPAN/interface/patterns/ble_thread/tl/hci_tl.c ****     {
 546              		.loc 1 175 10 is_stmt 0 view .LVU132
 547 0038 05E0     		b	.L41
 548              	.L53:
 181:Middlewares/ST/STM32_WPAN/interface/patterns/ble_thread/tl/hci_tl.c ****         if(pcommand_status_event->cmdcode == opcode)
 549              		.loc 1 181 9 is_stmt 1 view .LVU133
 550              	.LVL38:
 182:Middlewares/ST/STM32_WPAN/interface/patterns/ble_thread/tl/hci_tl.c ****         {
 551              		.loc 1 182 9 view .LVU134
 182:Middlewares/ST/STM32_WPAN/interface/patterns/ble_thread/tl/hci_tl.c ****         {
 552              		.loc 1 182 33 is_stmt 0 view .LVU135
 553 003a B4F80D30 		ldrh	r3, [r4, #13]	@ unaligned
 182:Middlewares/ST/STM32_WPAN/interface/patterns/ble_thread/tl/hci_tl.c ****         {
 554              		.loc 1 182 11 view .LVU136
 555 003e AB42     		cmp	r3, r5
 556 0040 16D0     		beq	.L52
 557              	.L43:
 187:Middlewares/ST/STM32_WPAN/interface/patterns/ble_thread/tl/hci_tl.c ****         {
 558              		.loc 1 187 9 is_stmt 1 view .LVU137
 187:Middlewares/ST/STM32_WPAN/interface/patterns/ble_thread/tl/hci_tl.c ****         {
ARM GAS  C:\Users\bku598\AppData\Local\Temp\ccQK4RFn.s 			page 18


 559              		.loc 1 187 33 is_stmt 0 view .LVU138
 560 0042 237B     		ldrb	r3, [r4, #12]	@ zero_extendqisi2
 187:Middlewares/ST/STM32_WPAN/interface/patterns/ble_thread/tl/hci_tl.c ****         {
 561              		.loc 1 187 11 view .LVU139
 562 0044 33BB     		cbnz	r3, .L48
 563              	.LVL39:
 564              	.L41:
 175:Middlewares/ST/STM32_WPAN/interface/patterns/ble_thread/tl/hci_tl.c ****     {
 565              		.loc 1 175 43 is_stmt 1 view .LVU140
 175:Middlewares/ST/STM32_WPAN/interface/patterns/ble_thread/tl/hci_tl.c ****     {
 566              		.loc 1 175 11 is_stmt 0 view .LVU141
 567 0046 1848     		ldr	r0, .L55+4
 568 0048 FFF7FEFF 		bl	LST_is_empty
 569              	.LVL40:
 175:Middlewares/ST/STM32_WPAN/interface/patterns/ble_thread/tl/hci_tl.c ****     {
 570              		.loc 1 175 43 discriminator 1 view .LVU142
 571 004c 0028     		cmp	r0, #0
 572 004e EDD1     		bne	.L40
 177:Middlewares/ST/STM32_WPAN/interface/patterns/ble_thread/tl/hci_tl.c **** 
 573              		.loc 1 177 7 is_stmt 1 view .LVU143
 574 0050 01A9     		add	r1, sp, #4
 575 0052 1548     		ldr	r0, .L55+4
 576 0054 FFF7FEFF 		bl	LST_remove_head
 577              	.LVL41:
 179:Middlewares/ST/STM32_WPAN/interface/patterns/ble_thread/tl/hci_tl.c ****       {
 578              		.loc 1 179 7 view .LVU144
 179:Middlewares/ST/STM32_WPAN/interface/patterns/ble_thread/tl/hci_tl.c ****       {
 579              		.loc 1 179 20 is_stmt 0 view .LVU145
 580 0058 019C     		ldr	r4, [sp, #4]
 179:Middlewares/ST/STM32_WPAN/interface/patterns/ble_thread/tl/hci_tl.c ****       {
 581              		.loc 1 179 35 view .LVU146
 582 005a 637A     		ldrb	r3, [r4, #9]	@ zero_extendqisi2
 179:Middlewares/ST/STM32_WPAN/interface/patterns/ble_thread/tl/hci_tl.c ****       {
 583              		.loc 1 179 9 view .LVU147
 584 005c 0F2B     		cmp	r3, #15
 585 005e ECD0     		beq	.L53
 194:Middlewares/ST/STM32_WPAN/interface/patterns/ble_thread/tl/hci_tl.c **** 
 586              		.loc 1 194 9 is_stmt 1 view .LVU148
 587              	.LVL42:
 196:Middlewares/ST/STM32_WPAN/interface/patterns/ble_thread/tl/hci_tl.c ****         {
 588              		.loc 1 196 9 view .LVU149
 196:Middlewares/ST/STM32_WPAN/interface/patterns/ble_thread/tl/hci_tl.c ****         {
 589              		.loc 1 196 35 is_stmt 0 view .LVU150
 590 0060 A389     		ldrh	r3, [r4, #12]	@ unaligned
 196:Middlewares/ST/STM32_WPAN/interface/patterns/ble_thread/tl/hci_tl.c ****         {
 591              		.loc 1 196 11 view .LVU151
 592 0062 AB42     		cmp	r3, r5
 593 0064 08D0     		beq	.L54
 594              	.L45:
 203:Middlewares/ST/STM32_WPAN/interface/patterns/ble_thread/tl/hci_tl.c ****         {
 595              		.loc 1 203 9 is_stmt 1 view .LVU152
 203:Middlewares/ST/STM32_WPAN/interface/patterns/ble_thread/tl/hci_tl.c ****         {
 596              		.loc 1 203 35 is_stmt 0 view .LVU153
 597 0066 E37A     		ldrb	r3, [r4, #11]	@ zero_extendqisi2
 203:Middlewares/ST/STM32_WPAN/interface/patterns/ble_thread/tl/hci_tl.c ****         {
 598              		.loc 1 203 11 view .LVU154
 599 0068 002B     		cmp	r3, #0
ARM GAS  C:\Users\bku598\AppData\Local\Temp\ccQK4RFn.s 			page 19


 600 006a ECD0     		beq	.L41
 205:Middlewares/ST/STM32_WPAN/interface/patterns/ble_thread/tl/hci_tl.c ****         }
 601              		.loc 1 205 28 view .LVU155
 602 006c 0126     		movs	r6, #1
 603              	.LVL43:
 205:Middlewares/ST/STM32_WPAN/interface/patterns/ble_thread/tl/hci_tl.c ****         }
 604              		.loc 1 205 28 view .LVU156
 605 006e EAE7     		b	.L41
 606              	.LVL44:
 607              	.L52:
 184:Middlewares/ST/STM32_WPAN/interface/patterns/ble_thread/tl/hci_tl.c ****         }
 608              		.loc 1 184 11 is_stmt 1 view .LVU157
 184:Middlewares/ST/STM32_WPAN/interface/patterns/ble_thread/tl/hci_tl.c ****         }
 609              		.loc 1 184 29 is_stmt 0 view .LVU158
 610 0070 3B69     		ldr	r3, [r7, #16]
 184:Middlewares/ST/STM32_WPAN/interface/patterns/ble_thread/tl/hci_tl.c ****         }
 611              		.loc 1 184 62 view .LVU159
 612 0072 E27A     		ldrb	r2, [r4, #11]	@ zero_extendqisi2
 184:Middlewares/ST/STM32_WPAN/interface/patterns/ble_thread/tl/hci_tl.c ****         }
 613              		.loc 1 184 39 view .LVU160
 614 0074 1A70     		strb	r2, [r3]
 615 0076 E4E7     		b	.L43
 616              	.LVL45:
 617              	.L54:
 198:Middlewares/ST/STM32_WPAN/interface/patterns/ble_thread/tl/hci_tl.c ****           p_cmd->rlen = MIN(hci_cmd_complete_return_parameters_length, p_cmd->rlen);
 618              		.loc 1 198 11 is_stmt 1 view .LVU161
 198:Middlewares/ST/STM32_WPAN/interface/patterns/ble_thread/tl/hci_tl.c ****           p_cmd->rlen = MIN(hci_cmd_complete_return_parameters_length, p_cmd->rlen);
 619              		.loc 1 198 80 is_stmt 0 view .LVU162
 620 0078 A27A     		ldrb	r2, [r4, #10]	@ zero_extendqisi2
 198:Middlewares/ST/STM32_WPAN/interface/patterns/ble_thread/tl/hci_tl.c ****           p_cmd->rlen = MIN(hci_cmd_complete_return_parameters_length, p_cmd->rlen);
 621              		.loc 1 198 53 view .LVU163
 622 007a 033A     		subs	r2, r2, #3
 623 007c D2B2     		uxtb	r2, r2
 624              	.LVL46:
 199:Middlewares/ST/STM32_WPAN/interface/patterns/ble_thread/tl/hci_tl.c ****           memcpy(p_cmd->rparam, pcommand_complete_event->payload, p_cmd->rlen);
 625              		.loc 1 199 11 is_stmt 1 view .LVU164
 199:Middlewares/ST/STM32_WPAN/interface/patterns/ble_thread/tl/hci_tl.c ****           memcpy(p_cmd->rparam, pcommand_complete_event->payload, p_cmd->rlen);
 626              		.loc 1 199 25 is_stmt 0 view .LVU165
 627 007e 7B69     		ldr	r3, [r7, #20]
 628 0080 9A42     		cmp	r2, r3
 629 0082 A8BF     		it	ge
 630 0084 1A46     		movge	r2, r3
 631              	.LVL47:
 199:Middlewares/ST/STM32_WPAN/interface/patterns/ble_thread/tl/hci_tl.c ****           memcpy(p_cmd->rparam, pcommand_complete_event->payload, p_cmd->rlen);
 632              		.loc 1 199 23 view .LVU166
 633 0086 7A61     		str	r2, [r7, #20]
 634              	.LVL48:
 200:Middlewares/ST/STM32_WPAN/interface/patterns/ble_thread/tl/hci_tl.c ****         }
 635              		.loc 1 200 11 is_stmt 1 view .LVU167
 636 0088 04F10E01 		add	r1, r4, #14
 637 008c 3869     		ldr	r0, [r7, #16]
 638 008e FFF7FEFF 		bl	memcpy
 639              	.LVL49:
 640 0092 E8E7     		b	.L45
 641              	.LVL50:
 642              	.L48:
 189:Middlewares/ST/STM32_WPAN/interface/patterns/ble_thread/tl/hci_tl.c ****         }
ARM GAS  C:\Users\bku598\AppData\Local\Temp\ccQK4RFn.s 			page 20


 643              		.loc 1 189 28 is_stmt 0 view .LVU168
 644 0094 0126     		movs	r6, #1
 645              	.LVL51:
 189:Middlewares/ST/STM32_WPAN/interface/patterns/ble_thread/tl/hci_tl.c ****         }
 646              		.loc 1 189 28 view .LVU169
 647 0096 D6E7     		b	.L41
 648              	.LVL52:
 649              	.L51:
 211:Middlewares/ST/STM32_WPAN/interface/patterns/ble_thread/tl/hci_tl.c **** 
 650              		.loc 1 211 3 is_stmt 1 view .LVU170
 651 0098 0120     		movs	r0, #1
 652 009a FFF7FEFF 		bl	NotifyCmdStatus
 653              	.LVL53:
 213:Middlewares/ST/STM32_WPAN/interface/patterns/ble_thread/tl/hci_tl.c **** }
 654              		.loc 1 213 3 view .LVU171
 214:Middlewares/ST/STM32_WPAN/interface/patterns/ble_thread/tl/hci_tl.c **** 
 655              		.loc 1 214 1 is_stmt 0 view .LVU172
 656 009e 0020     		movs	r0, #0
 657 00a0 03B0     		add	sp, sp, #12
 658              	.LCFI13:
 659              		.cfi_def_cfa_offset 20
 660              		@ sp needed
 661 00a2 F0BD     		pop	{r4, r5, r6, r7, pc}
 662              	.LVL54:
 663              	.L56:
 214:Middlewares/ST/STM32_WPAN/interface/patterns/ble_thread/tl/hci_tl.c **** 
 664              		.loc 1 214 1 view .LVU173
 665              		.align	2
 666              	.L55:
 667 00a4 00000000 		.word	CmdRspStatusFlag
 668 00a8 00000000 		.word	HciCmdEventQueue
 669              		.cfi_endproc
 670              	.LFE1418:
 672              		.section	.text.hci_cmd_resp_release,"ax",%progbits
 673              		.align	1
 674              		.weak	hci_cmd_resp_release
 675              		.syntax unified
 676              		.thumb
 677              		.thumb_func
 679              	hci_cmd_resp_release:
 680              	.LVL55:
 681              	.LFB1424:
 300:Middlewares/ST/STM32_WPAN/interface/patterns/ble_thread/tl/hci_tl.c **** 
 301:Middlewares/ST/STM32_WPAN/interface/patterns/ble_thread/tl/hci_tl.c **** __WEAK void hci_cmd_resp_release(uint32_t flag)
 302:Middlewares/ST/STM32_WPAN/interface/patterns/ble_thread/tl/hci_tl.c **** {
 682              		.loc 1 302 1 is_stmt 1 view -0
 683              		.cfi_startproc
 684              		@ args = 0, pretend = 0, frame = 0
 685              		@ frame_needed = 0, uses_anonymous_args = 0
 686              		@ link register save eliminated.
 303:Middlewares/ST/STM32_WPAN/interface/patterns/ble_thread/tl/hci_tl.c ****   (void)flag;
 687              		.loc 1 303 3 view .LVU175
 304:Middlewares/ST/STM32_WPAN/interface/patterns/ble_thread/tl/hci_tl.c **** 
 305:Middlewares/ST/STM32_WPAN/interface/patterns/ble_thread/tl/hci_tl.c ****   CmdRspStatusFlag = HCI_TL_CMD_RESP_RELEASE;
 688              		.loc 1 305 3 view .LVU176
 689              		.loc 1 305 20 is_stmt 0 view .LVU177
 690 0000 014B     		ldr	r3, .L58
ARM GAS  C:\Users\bku598\AppData\Local\Temp\ccQK4RFn.s 			page 21


 691 0002 0022     		movs	r2, #0
 692 0004 1A70     		strb	r2, [r3]
 306:Middlewares/ST/STM32_WPAN/interface/patterns/ble_thread/tl/hci_tl.c **** 
 307:Middlewares/ST/STM32_WPAN/interface/patterns/ble_thread/tl/hci_tl.c ****   return;
 693              		.loc 1 307 3 is_stmt 1 view .LVU178
 308:Middlewares/ST/STM32_WPAN/interface/patterns/ble_thread/tl/hci_tl.c **** }
 694              		.loc 1 308 1 is_stmt 0 view .LVU179
 695 0006 7047     		bx	lr
 696              	.L59:
 697              		.align	2
 698              	.L58:
 699 0008 00000000 		.word	CmdRspStatusFlag
 700              		.cfi_endproc
 701              	.LFE1424:
 703              		.section	.text.TlEvtReceived,"ax",%progbits
 704              		.align	1
 705              		.syntax unified
 706              		.thumb
 707              		.thumb_func
 709              	TlEvtReceived:
 710              	.LVL56:
 711              	.LFB1422:
 276:Middlewares/ST/STM32_WPAN/interface/patterns/ble_thread/tl/hci_tl.c ****   if ( ((hcievt->evtserial.evt.evtcode) == TL_BLEEVT_CS_OPCODE) || ((hcievt->evtserial.evt.evtcode)
 712              		.loc 1 276 1 is_stmt 1 view -0
 713              		.cfi_startproc
 714              		@ args = 0, pretend = 0, frame = 0
 715              		@ frame_needed = 0, uses_anonymous_args = 0
 276:Middlewares/ST/STM32_WPAN/interface/patterns/ble_thread/tl/hci_tl.c ****   if ( ((hcievt->evtserial.evt.evtcode) == TL_BLEEVT_CS_OPCODE) || ((hcievt->evtserial.evt.evtcode)
 716              		.loc 1 276 1 is_stmt 0 view .LVU181
 717 0000 10B5     		push	{r4, lr}
 718              	.LCFI14:
 719              		.cfi_def_cfa_offset 8
 720              		.cfi_offset 4, -8
 721              		.cfi_offset 14, -4
 722 0002 0146     		mov	r1, r0
 277:Middlewares/ST/STM32_WPAN/interface/patterns/ble_thread/tl/hci_tl.c ****   {
 723              		.loc 1 277 3 is_stmt 1 view .LVU182
 277:Middlewares/ST/STM32_WPAN/interface/patterns/ble_thread/tl/hci_tl.c ****   {
 724              		.loc 1 277 31 is_stmt 0 view .LVU183
 725 0004 437A     		ldrb	r3, [r0, #9]	@ zero_extendqisi2
 277:Middlewares/ST/STM32_WPAN/interface/patterns/ble_thread/tl/hci_tl.c ****   {
 726              		.loc 1 277 65 view .LVU184
 727 0006 0E3B     		subs	r3, r3, #14
 728 0008 DBB2     		uxtb	r3, r3
 277:Middlewares/ST/STM32_WPAN/interface/patterns/ble_thread/tl/hci_tl.c ****   {
 729              		.loc 1 277 6 view .LVU185
 730 000a 012B     		cmp	r3, #1
 731 000c 07D9     		bls	.L64
 284:Middlewares/ST/STM32_WPAN/interface/patterns/ble_thread/tl/hci_tl.c ****     hci_notify_asynch_evt((void*) &HciAsynchEventQueue); /**< Notify the application a full HCI eve
 732              		.loc 1 284 5 is_stmt 1 view .LVU186
 733 000e 074C     		ldr	r4, .L65
 734 0010 2046     		mov	r0, r4
 735              	.LVL57:
 284:Middlewares/ST/STM32_WPAN/interface/patterns/ble_thread/tl/hci_tl.c ****     hci_notify_asynch_evt((void*) &HciAsynchEventQueue); /**< Notify the application a full HCI eve
 736              		.loc 1 284 5 is_stmt 0 view .LVU187
 737 0012 FFF7FEFF 		bl	LST_insert_tail
 738              	.LVL58:
ARM GAS  C:\Users\bku598\AppData\Local\Temp\ccQK4RFn.s 			page 22


 285:Middlewares/ST/STM32_WPAN/interface/patterns/ble_thread/tl/hci_tl.c ****   }
 739              		.loc 1 285 5 is_stmt 1 view .LVU188
 740 0016 2046     		mov	r0, r4
 741 0018 FFF7FEFF 		bl	hci_notify_asynch_evt
 742              	.LVL59:
 288:Middlewares/ST/STM32_WPAN/interface/patterns/ble_thread/tl/hci_tl.c **** }
 743              		.loc 1 288 3 view .LVU189
 744              	.L60:
 289:Middlewares/ST/STM32_WPAN/interface/patterns/ble_thread/tl/hci_tl.c **** 
 745              		.loc 1 289 1 is_stmt 0 view .LVU190
 746 001c 10BD     		pop	{r4, pc}
 747              	.LVL60:
 748              	.L64:
 279:Middlewares/ST/STM32_WPAN/interface/patterns/ble_thread/tl/hci_tl.c ****     hci_cmd_resp_release(0); /**< Notify the application a full Cmd Event has been received */
 749              		.loc 1 279 5 is_stmt 1 view .LVU191
 750 001e 0448     		ldr	r0, .L65+4
 751              	.LVL61:
 279:Middlewares/ST/STM32_WPAN/interface/patterns/ble_thread/tl/hci_tl.c ****     hci_cmd_resp_release(0); /**< Notify the application a full Cmd Event has been received */
 752              		.loc 1 279 5 is_stmt 0 view .LVU192
 753 0020 FFF7FEFF 		bl	LST_insert_tail
 754              	.LVL62:
 280:Middlewares/ST/STM32_WPAN/interface/patterns/ble_thread/tl/hci_tl.c ****   }
 755              		.loc 1 280 5 is_stmt 1 view .LVU193
 756 0024 0020     		movs	r0, #0
 757 0026 FFF7FEFF 		bl	hci_cmd_resp_release
 758              	.LVL63:
 759 002a F7E7     		b	.L60
 760              	.L66:
 761              		.align	2
 762              	.L65:
 763 002c 08000000 		.word	HciAsynchEventQueue
 764 0030 00000000 		.word	HciCmdEventQueue
 765              		.cfi_endproc
 766              	.LFE1422:
 768              		.section	.bss.CmdRspStatusFlag,"aw",%nobits
 771              	CmdRspStatusFlag:
 772 0000 00       		.space	1
 773              		.section	.bss.StatusNotCallBackFunction,"aw",%nobits
 774              		.align	2
 777              	StatusNotCallBackFunction:
 778 0000 00000000 		.space	4
 779              		.section	.bss.HciCmdEventQueue,"aw",%nobits
 780              		.align	2
 783              	HciCmdEventQueue:
 784 0000 00000000 		.space	8
 784      00000000 
 785              		.section	.bss.hciContext,"aw",%nobits
 786              		.align	2
 789              	hciContext:
 790 0000 00000000 		.space	32
 790      00000000 
 790      00000000 
 790      00000000 
 790      00000000 
 791              		.global	UserEventFlow
 792              		.section	BLE_DRIVER_CONTEXT,"aw"
 795              	UserEventFlow:
ARM GAS  C:\Users\bku598\AppData\Local\Temp\ccQK4RFn.s 			page 23


 796 0000 00       		.space	1
 797 0001 000000   		.align	2
 800              	pCmdBuffer:
 801 0004 00000000 		.space	4
 802              		.align	2
 805              	HciAsynchEventQueue:
 806 0008 00000000 		.space	8
 806      00000000 
 809              	hci_timer_id:
 810 0010 00       		.space	1
 811              		.text
 812              	.Letext0:
 813              		.file 2 "C:\\dev\\tools\\gcc-arm-none-eabi-13.3\\bin\\../lib/gcc/arm-none-eabi/13.3.1/../../../../
 814              		.file 3 "C:\\dev\\tools\\gcc-arm-none-eabi-13.3\\bin\\../lib/gcc/arm-none-eabi/13.3.1/../../../../
 815              		.file 4 "C:\\dev\\tools\\gcc-arm-none-eabi-13.3\\bin\\../lib/gcc/arm-none-eabi/13.3.1/include/stdd
 816              		.file 5 "Middlewares/ST/STM32_WPAN/interface/patterns/ble_thread/tl/tl.h"
 817              		.file 6 "Middlewares/ST/STM32_WPAN/ble/core/template/ble_const.h"
 818              		.file 7 "Middlewares/ST/STM32_WPAN/utilities/stm_list.h"
 819              		.file 8 "Core/Inc/app_conf.h"
 820              		.file 9 "Middlewares/ST/STM32_WPAN/interface/patterns/ble_thread/tl/hci_tl.h"
 821              		.file 10 "C:\\dev\\tools\\gcc-arm-none-eabi-13.3\\bin\\../lib/gcc/arm-none-eabi/13.3.1/../../../..
 822              		.file 11 "<built-in>"
ARM GAS  C:\Users\bku598\AppData\Local\Temp\ccQK4RFn.s 			page 24


DEFINED SYMBOLS
                            *ABS*:00000000 hci_tl.c
C:\Users\bku598\AppData\Local\Temp\ccQK4RFn.s:21     .text.NotifyCmdStatus:00000000 $t
C:\Users\bku598\AppData\Local\Temp\ccQK4RFn.s:26     .text.NotifyCmdStatus:00000000 NotifyCmdStatus
C:\Users\bku598\AppData\Local\Temp\ccQK4RFn.s:74     .text.NotifyCmdStatus:0000001c $d
C:\Users\bku598\AppData\Local\Temp\ccQK4RFn.s:777    .bss.StatusNotCallBackFunction:00000000 StatusNotCallBackFunction
C:\Users\bku598\AppData\Local\Temp\ccQK4RFn.s:79     .text.TlInit:00000000 $t
C:\Users\bku598\AppData\Local\Temp\ccQK4RFn.s:84     .text.TlInit:00000000 TlInit
C:\Users\bku598\AppData\Local\Temp\ccQK4RFn.s:151    .text.TlInit:00000030 $d
C:\Users\bku598\AppData\Local\Temp\ccQK4RFn.s:783    .bss.HciCmdEventQueue:00000000 HciCmdEventQueue
C:\Users\bku598\AppData\Local\Temp\ccQK4RFn.s:800    BLE_DRIVER_CONTEXT:00000004 pCmdBuffer
C:\Users\bku598\AppData\Local\Temp\ccQK4RFn.s:805    BLE_DRIVER_CONTEXT:00000008 HciAsynchEventQueue
C:\Users\bku598\AppData\Local\Temp\ccQK4RFn.s:795    BLE_DRIVER_CONTEXT:00000000 UserEventFlow
C:\Users\bku598\AppData\Local\Temp\ccQK4RFn.s:789    .bss.hciContext:00000000 hciContext
C:\Users\bku598\AppData\Local\Temp\ccQK4RFn.s:709    .text.TlEvtReceived:00000000 TlEvtReceived
C:\Users\bku598\AppData\Local\Temp\ccQK4RFn.s:161    .text.SendCmd:00000000 $t
C:\Users\bku598\AppData\Local\Temp\ccQK4RFn.s:166    .text.SendCmd:00000000 SendCmd
C:\Users\bku598\AppData\Local\Temp\ccQK4RFn.s:215    .text.SendCmd:00000028 $d
C:\Users\bku598\AppData\Local\Temp\ccQK4RFn.s:221    .text.hci_init:00000000 $t
C:\Users\bku598\AppData\Local\Temp\ccQK4RFn.s:227    .text.hci_init:00000000 hci_init
C:\Users\bku598\AppData\Local\Temp\ccQK4RFn.s:269    .text.hci_init:0000001c $d
C:\Users\bku598\AppData\Local\Temp\ccQK4RFn.s:275    .text.hci_user_evt_proc:00000000 $t
C:\Users\bku598\AppData\Local\Temp\ccQK4RFn.s:281    .text.hci_user_evt_proc:00000000 hci_user_evt_proc
C:\Users\bku598\AppData\Local\Temp\ccQK4RFn.s:397    .text.hci_user_evt_proc:00000074 $d
C:\Users\bku598\AppData\Local\Temp\ccQK4RFn.s:404    .text.hci_resume_flow:00000000 $t
C:\Users\bku598\AppData\Local\Temp\ccQK4RFn.s:410    .text.hci_resume_flow:00000000 hci_resume_flow
C:\Users\bku598\AppData\Local\Temp\ccQK4RFn.s:436    .text.hci_resume_flow:00000010 $d
C:\Users\bku598\AppData\Local\Temp\ccQK4RFn.s:442    .text.hci_cmd_resp_wait:00000000 $t
C:\Users\bku598\AppData\Local\Temp\ccQK4RFn.s:448    .text.hci_cmd_resp_wait:00000000 hci_cmd_resp_wait
C:\Users\bku598\AppData\Local\Temp\ccQK4RFn.s:467    .text.hci_cmd_resp_wait:0000000c $d
C:\Users\bku598\AppData\Local\Temp\ccQK4RFn.s:771    .bss.CmdRspStatusFlag:00000000 CmdRspStatusFlag
C:\Users\bku598\AppData\Local\Temp\ccQK4RFn.s:472    .text.hci_send_req:00000000 $t
C:\Users\bku598\AppData\Local\Temp\ccQK4RFn.s:478    .text.hci_send_req:00000000 hci_send_req
C:\Users\bku598\AppData\Local\Temp\ccQK4RFn.s:667    .text.hci_send_req:000000a4 $d
C:\Users\bku598\AppData\Local\Temp\ccQK4RFn.s:673    .text.hci_cmd_resp_release:00000000 $t
C:\Users\bku598\AppData\Local\Temp\ccQK4RFn.s:679    .text.hci_cmd_resp_release:00000000 hci_cmd_resp_release
C:\Users\bku598\AppData\Local\Temp\ccQK4RFn.s:699    .text.hci_cmd_resp_release:00000008 $d
C:\Users\bku598\AppData\Local\Temp\ccQK4RFn.s:704    .text.TlEvtReceived:00000000 $t
C:\Users\bku598\AppData\Local\Temp\ccQK4RFn.s:763    .text.TlEvtReceived:0000002c $d
C:\Users\bku598\AppData\Local\Temp\ccQK4RFn.s:772    .bss.CmdRspStatusFlag:00000000 $d
C:\Users\bku598\AppData\Local\Temp\ccQK4RFn.s:774    .bss.StatusNotCallBackFunction:00000000 $d
C:\Users\bku598\AppData\Local\Temp\ccQK4RFn.s:780    .bss.HciCmdEventQueue:00000000 $d
C:\Users\bku598\AppData\Local\Temp\ccQK4RFn.s:786    .bss.hciContext:00000000 $d
C:\Users\bku598\AppData\Local\Temp\ccQK4RFn.s:796    BLE_DRIVER_CONTEXT:00000000 $d
C:\Users\bku598\AppData\Local\Temp\ccQK4RFn.s:809    BLE_DRIVER_CONTEXT:00000010 hci_timer_id

UNDEFINED SYMBOLS
LST_init_head
memcpy
hci_register_io_bus
LST_is_empty
LST_remove_head
TL_MM_EvtDone
LST_insert_head
hci_notify_asynch_evt
LST_insert_tail
