ARM GAS  C:\Users\bku598\AppData\Local\Temp\ccNpybmD.s 			page 1


   1              		.cpu cortex-m4
   2              		.arch armv7e-m
   3              		.fpu fpv4-sp-d16
   4              		.eabi_attribute 27, 1
   5              		.eabi_attribute 28, 1
   6              		.eabi_attribute 20, 1
   7              		.eabi_attribute 21, 1
   8              		.eabi_attribute 23, 3
   9              		.eabi_attribute 24, 1
  10              		.eabi_attribute 25, 1
  11              		.eabi_attribute 26, 1
  12              		.eabi_attribute 30, 1
  13              		.eabi_attribute 34, 1
  14              		.eabi_attribute 18, 4
  15              		.file	"sensordata.c"
  16              		.text
  17              	.Ltext0:
  18              		.cfi_sections	.debug_frame
  19              		.file 1 "Core/Src/sensordata.c"
  20              		.section	.text.packageHeader,"ax",%progbits
  21              		.align	1
  22              		.syntax unified
  23              		.thumb
  24              		.thumb_func
  26              	packageHeader:
  27              	.LFB1261:
   1:Core/Src/sensordata.c **** /**
   2:Core/Src/sensordata.c ****  * @file sensordata.c
   3:Core/Src/sensordata.c ****  * @brief Handles packaging of sensor data and storage in flash memory.
   4:Core/Src/sensordata.c ****  * @author Viktor Alexandersson & Niklas Christensen
   5:Core/Src/sensordata.c ****  * @date 2025-02-27
   6:Core/Src/sensordata.c ****  */
   7:Core/Src/sensordata.c **** 
   8:Core/Src/sensordata.c **** /* Includes -----------------------------------------------*/
   9:Core/Src/sensordata.c **** #include "sensordata.h"
  10:Core/Src/sensordata.c **** 
  11:Core/Src/sensordata.c **** #define BMI_SAMPLES_PER_PAGE    18
  12:Core/Src/sensordata.c **** #define BUFFER_SIZE             256
  13:Core/Src/sensordata.c **** #define HEADER_SIZE             25
  14:Core/Src/sensordata.c **** #define SECTION_SIZE            4096
  15:Core/Src/sensordata.c **** #define PAGE_PER_SECTION        16
  16:Core/Src/sensordata.c **** 
  17:Core/Src/sensordata.c **** #define PAGE_IN_MEMORY          250000
  18:Core/Src/sensordata.c **** 
  19:Core/Src/sensordata.c **** static bool bufferFull = false; 
  20:Core/Src/sensordata.c **** 
  21:Core/Src/sensordata.c **** uint8_t GPSraw_data[15]; 
  22:Core/Src/sensordata.c **** uint8_t BMEraw_data[8]; 
  23:Core/Src/sensordata.c **** uint8_t BMIraw_data[12]; 
  24:Core/Src/sensordata.c **** 
  25:Core/Src/sensordata.c **** static uint8_t headerBuffer[HEADER_SIZE];
  26:Core/Src/sensordata.c **** 
  27:Core/Src/sensordata.c **** static uint8_t bufferPointer = 0;
  28:Core/Src/sensordata.c **** static uint8_t dataCounter = 0;
  29:Core/Src/sensordata.c **** 
  30:Core/Src/sensordata.c **** static uint8_t buffer[BUFFER_SIZE];
  31:Core/Src/sensordata.c **** static uint32_t addInc = 0;
ARM GAS  C:\Users\bku598\AppData\Local\Temp\ccNpybmD.s 			page 2


  32:Core/Src/sensordata.c **** static uint8_t pageCounter = 0;
  33:Core/Src/sensordata.c **** static uint16_t sectorCounter = 0;
  34:Core/Src/sensordata.c **** 
  35:Core/Src/sensordata.c **** static uint8_t readBuffer[BUFFER_SIZE];
  36:Core/Src/sensordata.c **** 
  37:Core/Src/sensordata.c **** static void packageHeader(void)
  38:Core/Src/sensordata.c **** {
  28              		.loc 1 38 1 view -0
  29              		.cfi_startproc
  30              		@ args = 0, pretend = 0, frame = 0
  31              		@ frame_needed = 0, uses_anonymous_args = 0
  32 0000 10B5     		push	{r4, lr}
  33              	.LCFI0:
  34              		.cfi_def_cfa_offset 8
  35              		.cfi_offset 4, -8
  36              		.cfi_offset 14, -4
  39:Core/Src/sensordata.c ****   BME280_ReadMeasurement_Raw(BMEraw_data);
  37              		.loc 1 39 3 view .LVU1
  38 0002 104C     		ldr	r4, .L3
  39 0004 2046     		mov	r0, r4
  40 0006 FFF7FEFF 		bl	BME280_ReadMeasurement_Raw
  41              	.LVL0:
  40:Core/Src/sensordata.c **** 
  41:Core/Src/sensordata.c ****   headerBuffer[0] = 0xAA;
  42              		.loc 1 41 3 view .LVU2
  43              		.loc 1 41 19 is_stmt 0 view .LVU3
  44 000a 0F4B     		ldr	r3, .L3+4
  45 000c 4FF0AA0E 		mov	lr, #170
  46 0010 9C46     		mov	ip, r3
  47 0012 0CF801EB 		strb	lr, [ip], #1
  42:Core/Src/sensordata.c **** 
  43:Core/Src/sensordata.c ****   memcpy(&headerBuffer[1], BMEraw_data, sizeof(BMEraw_data));
  48              		.loc 1 43 3 is_stmt 1 view .LVU4
  49 0016 2246     		mov	r2, r4
  50 0018 03CA     		ldmia	r2!, {r0, r1}
  51 001a C3F80100 		str	r0, [r3, #1]	@ unaligned
  52 001e CCF80410 		str	r1, [ip, #4]	@ unaligned
  44:Core/Src/sensordata.c **** 
  45:Core/Src/sensordata.c ****   memcpy(&headerBuffer[9], GPSraw_data, sizeof(GPSraw_data));
  53              		.loc 1 45 3 view .LVU5
  54 0022 0A4C     		ldr	r4, .L3+8
  55 0024 07CC     		ldmia	r4!, {r0, r1, r2}
  56 0026 C3F80900 		str	r0, [r3, #9]	@ unaligned
  57 002a C3F80D10 		str	r1, [r3, #13]	@ unaligned
  58 002e C3F81120 		str	r2, [r3, #17]	@ unaligned
  59 0032 2188     		ldrh	r1, [r4]	@ unaligned
  60 0034 A278     		ldrb	r2, [r4, #2]	@ zero_extendqisi2
  61 0036 A3F81510 		strh	r1, [r3, #21]	@ unaligned
  62 003a DA75     		strb	r2, [r3, #23]
  46:Core/Src/sensordata.c **** 
  47:Core/Src/sensordata.c ****   headerBuffer[24] = 0xAA;
  63              		.loc 1 47 3 view .LVU6
  64              		.loc 1 47 20 is_stmt 0 view .LVU7
  65 003c 83F818E0 		strb	lr, [r3, #24]
  48:Core/Src/sensordata.c **** }
  66              		.loc 1 48 1 view .LVU8
  67 0040 10BD     		pop	{r4, pc}
ARM GAS  C:\Users\bku598\AppData\Local\Temp\ccNpybmD.s 			page 3


  68              	.L4:
  69 0042 00BF     		.align	2
  70              	.L3:
  71 0044 00000000 		.word	BMEraw_data
  72 0048 00000000 		.word	headerBuffer
  73 004c 00000000 		.word	GPSraw_data
  74              		.cfi_endproc
  75              	.LFE1261:
  77              		.section	.text.newSectionCheck,"ax",%progbits
  78              		.align	1
  79              		.syntax unified
  80              		.thumb
  81              		.thumb_func
  83              	newSectionCheck:
  84              	.LFB1263:
  49:Core/Src/sensordata.c **** 
  50:Core/Src/sensordata.c **** void packageDataToMem(void)
  51:Core/Src/sensordata.c **** {
  52:Core/Src/sensordata.c ****   // Put header values ONCE first in buffer
  53:Core/Src/sensordata.c ****   if(bufferPointer == 0)
  54:Core/Src/sensordata.c ****   {
  55:Core/Src/sensordata.c ****     packageHeader(); 
  56:Core/Src/sensordata.c ****     memcpy(buffer, headerBuffer, sizeof(headerBuffer));
  57:Core/Src/sensordata.c ****     bufferPointer += HEADER_SIZE;
  58:Core/Src/sensordata.c ****     dataCounter = 0;
  59:Core/Src/sensordata.c ****   }
  60:Core/Src/sensordata.c **** 
  61:Core/Src/sensordata.c ****   if(dataCounter < BMI_SAMPLES_PER_PAGE)
  62:Core/Src/sensordata.c ****   {
  63:Core/Src/sensordata.c ****     BMI270_ReadMeasurement_raw(BMIraw_data);  // Read data from sensor
  64:Core/Src/sensordata.c **** 
  65:Core/Src/sensordata.c ****     memcpy(buffer + bufferPointer, BMIraw_data, sizeof(BMIraw_data)); // put data on the buffer. 
  66:Core/Src/sensordata.c **** 
  67:Core/Src/sensordata.c ****     bufferPointer += 12; 
  68:Core/Src/sensordata.c ****     dataCounter++;
  69:Core/Src/sensordata.c ****   }
  70:Core/Src/sensordata.c ****   else
  71:Core/Src/sensordata.c ****   { 
  72:Core/Src/sensordata.c ****     bufferFull = true;
  73:Core/Src/sensordata.c ****   }
  74:Core/Src/sensordata.c **** }
  75:Core/Src/sensordata.c **** static void newSectionCheck(void)
  76:Core/Src/sensordata.c **** {
  85              		.loc 1 76 1 is_stmt 1 view -0
  86              		.cfi_startproc
  87              		@ args = 0, pretend = 0, frame = 0
  88              		@ frame_needed = 0, uses_anonymous_args = 0
  89 0000 08B5     		push	{r3, lr}
  90              	.LCFI1:
  91              		.cfi_def_cfa_offset 8
  92              		.cfi_offset 3, -8
  93              		.cfi_offset 14, -4
  77:Core/Src/sensordata.c ****   if(pageCounter >= PAGE_PER_SECTION)
  94              		.loc 1 77 3 view .LVU10
  95              		.loc 1 77 18 is_stmt 0 view .LVU11
  96 0002 0C4B     		ldr	r3, .L9
  97 0004 1B78     		ldrb	r3, [r3]	@ zero_extendqisi2
ARM GAS  C:\Users\bku598\AppData\Local\Temp\ccNpybmD.s 			page 4


  98              		.loc 1 77 5 view .LVU12
  99 0006 0F2B     		cmp	r3, #15
 100 0008 12D9     		bls	.L5
  78:Core/Src/sensordata.c ****   {
  79:Core/Src/sensordata.c ****     pageCounter = 0;
 101              		.loc 1 79 5 is_stmt 1 view .LVU13
 102              		.loc 1 79 17 is_stmt 0 view .LVU14
 103 000a 0A4B     		ldr	r3, .L9
 104 000c 0022     		movs	r2, #0
 105 000e 1A70     		strb	r2, [r3]
  80:Core/Src/sensordata.c ****     sectorCounter++;
 106              		.loc 1 80 5 is_stmt 1 view .LVU15
 107              		.loc 1 80 18 is_stmt 0 view .LVU16
 108 0010 094A     		ldr	r2, .L9+4
 109 0012 1388     		ldrh	r3, [r2]
 110 0014 0133     		adds	r3, r3, #1
 111 0016 9BB2     		uxth	r3, r3
 112 0018 1380     		strh	r3, [r2]	@ movhi
  81:Core/Src/sensordata.c ****     
  82:Core/Src/sensordata.c ****     if (sectorCounter >= 15624)
 113              		.loc 1 82 5 is_stmt 1 view .LVU17
 114              		.loc 1 82 8 is_stmt 0 view .LVU18
 115 001a 43F60752 		movw	r2, #15623
 116 001e 9342     		cmp	r3, r2
 117 0020 02D9     		bls	.L7
  83:Core/Src/sensordata.c ****     {
  84:Core/Src/sensordata.c ****       sectorCounter = 0;
 118              		.loc 1 84 7 is_stmt 1 view .LVU19
 119              		.loc 1 84 21 is_stmt 0 view .LVU20
 120 0022 054B     		ldr	r3, .L9+4
 121 0024 0022     		movs	r2, #0
 122 0026 1A80     		strh	r2, [r3]	@ movhi
 123              	.L7:
  85:Core/Src/sensordata.c ****     }  
  86:Core/Src/sensordata.c **** 
  87:Core/Src/sensordata.c ****     Flash_SectorErase(sectorCounter);
 124              		.loc 1 87 5 is_stmt 1 view .LVU21
 125 0028 034B     		ldr	r3, .L9+4
 126 002a 1888     		ldrh	r0, [r3]
 127 002c FFF7FEFF 		bl	Flash_SectorErase
 128              	.LVL1:
 129              	.L5:
  88:Core/Src/sensordata.c ****   }
  89:Core/Src/sensordata.c **** }
 130              		.loc 1 89 1 is_stmt 0 view .LVU22
 131 0030 08BD     		pop	{r3, pc}
 132              	.L10:
 133 0032 00BF     		.align	2
 134              	.L9:
 135 0034 00000000 		.word	pageCounter
 136 0038 00000000 		.word	sectorCounter
 137              		.cfi_endproc
 138              	.LFE1263:
 140              		.section	.text.packageDataToMem,"ax",%progbits
 141              		.align	1
 142              		.global	packageDataToMem
 143              		.syntax unified
ARM GAS  C:\Users\bku598\AppData\Local\Temp\ccNpybmD.s 			page 5


 144              		.thumb
 145              		.thumb_func
 147              	packageDataToMem:
 148              	.LFB1262:
  51:Core/Src/sensordata.c ****   // Put header values ONCE first in buffer
 149              		.loc 1 51 1 is_stmt 1 view -0
 150              		.cfi_startproc
 151              		@ args = 0, pretend = 0, frame = 0
 152              		@ frame_needed = 0, uses_anonymous_args = 0
 153 0000 F8B5     		push	{r3, r4, r5, r6, r7, lr}
 154              	.LCFI2:
 155              		.cfi_def_cfa_offset 24
 156              		.cfi_offset 3, -24
 157              		.cfi_offset 4, -20
 158              		.cfi_offset 5, -16
 159              		.cfi_offset 6, -12
 160              		.cfi_offset 7, -8
 161              		.cfi_offset 14, -4
  53:Core/Src/sensordata.c ****   {
 162              		.loc 1 53 3 view .LVU24
  53:Core/Src/sensordata.c ****   {
 163              		.loc 1 53 20 is_stmt 0 view .LVU25
 164 0002 1A4B     		ldr	r3, .L18
 165 0004 1B78     		ldrb	r3, [r3]	@ zero_extendqisi2
  53:Core/Src/sensordata.c ****   {
 166              		.loc 1 53 5 view .LVU26
 167 0006 3BB1     		cbz	r3, .L16
 168              	.L12:
  61:Core/Src/sensordata.c ****   {
 169              		.loc 1 61 3 is_stmt 1 view .LVU27
  61:Core/Src/sensordata.c ****   {
 170              		.loc 1 61 18 is_stmt 0 view .LVU28
 171 0008 194B     		ldr	r3, .L18+4
 172 000a 1B78     		ldrb	r3, [r3]	@ zero_extendqisi2
  61:Core/Src/sensordata.c ****   {
 173              		.loc 1 61 5 view .LVU29
 174 000c 112B     		cmp	r3, #17
 175 000e 15D9     		bls	.L17
  72:Core/Src/sensordata.c ****   }
 176              		.loc 1 72 5 is_stmt 1 view .LVU30
  72:Core/Src/sensordata.c ****   }
 177              		.loc 1 72 16 is_stmt 0 view .LVU31
 178 0010 184B     		ldr	r3, .L18+8
 179 0012 0122     		movs	r2, #1
 180 0014 1A70     		strb	r2, [r3]
 181              	.L11:
  74:Core/Src/sensordata.c **** static void newSectionCheck(void)
 182              		.loc 1 74 1 view .LVU32
 183 0016 F8BD     		pop	{r3, r4, r5, r6, r7, pc}
 184              	.L16:
  55:Core/Src/sensordata.c ****     memcpy(buffer, headerBuffer, sizeof(headerBuffer));
 185              		.loc 1 55 5 is_stmt 1 view .LVU33
 186 0018 FFF7FEFF 		bl	packageHeader
 187              	.LVL2:
  56:Core/Src/sensordata.c ****     bufferPointer += HEADER_SIZE;
 188              		.loc 1 56 5 view .LVU34
 189 001c 164C     		ldr	r4, .L18+12
ARM GAS  C:\Users\bku598\AppData\Local\Temp\ccNpybmD.s 			page 6


 190 001e 174D     		ldr	r5, .L18+16
 191 0020 0FCD     		ldmia	r5!, {r0, r1, r2, r3}
 192 0022 0FC4     		stmia	r4!, {r0, r1, r2, r3}
 193 0024 95E80700 		ldm	r5, {r0, r1, r2}
 194 0028 03C4     		stmia	r4!, {r0, r1}
 195 002a 2270     		strb	r2, [r4]
  57:Core/Src/sensordata.c ****     dataCounter = 0;
 196              		.loc 1 57 5 view .LVU35
  57:Core/Src/sensordata.c ****     dataCounter = 0;
 197              		.loc 1 57 19 is_stmt 0 view .LVU36
 198 002c 0F4A     		ldr	r2, .L18
 199 002e 1378     		ldrb	r3, [r2]	@ zero_extendqisi2
 200 0030 1933     		adds	r3, r3, #25
 201 0032 1370     		strb	r3, [r2]
  58:Core/Src/sensordata.c ****   }
 202              		.loc 1 58 5 is_stmt 1 view .LVU37
  58:Core/Src/sensordata.c ****   }
 203              		.loc 1 58 17 is_stmt 0 view .LVU38
 204 0034 0E4B     		ldr	r3, .L18+4
 205 0036 0022     		movs	r2, #0
 206 0038 1A70     		strb	r2, [r3]
 207 003a E5E7     		b	.L12
 208              	.L17:
  63:Core/Src/sensordata.c **** 
 209              		.loc 1 63 5 is_stmt 1 view .LVU39
 210 003c 104C     		ldr	r4, .L18+20
 211 003e 2046     		mov	r0, r4
 212 0040 FFF7FEFF 		bl	BMI270_ReadMeasurement_raw
 213              	.LVL3:
  65:Core/Src/sensordata.c **** 
 214              		.loc 1 65 5 view .LVU40
 215 0044 094E     		ldr	r6, .L18
 216 0046 3578     		ldrb	r5, [r6]	@ zero_extendqisi2
 217 0048 0B4F     		ldr	r7, .L18+12
 218 004a 05EB070C 		add	ip, r5, r7
 219 004e 2346     		mov	r3, r4
 220 0050 07CB     		ldmia	r3!, {r0, r1, r2}
 221 0052 7851     		str	r0, [r7, r5]	@ unaligned
 222 0054 CCF80410 		str	r1, [ip, #4]	@ unaligned
 223 0058 CCF80820 		str	r2, [ip, #8]	@ unaligned
  67:Core/Src/sensordata.c ****     dataCounter++;
 224              		.loc 1 67 5 view .LVU41
  67:Core/Src/sensordata.c ****     dataCounter++;
 225              		.loc 1 67 19 is_stmt 0 view .LVU42
 226 005c 0C35     		adds	r5, r5, #12
 227 005e 3570     		strb	r5, [r6]
  68:Core/Src/sensordata.c ****   }
 228              		.loc 1 68 5 is_stmt 1 view .LVU43
  68:Core/Src/sensordata.c ****   }
 229              		.loc 1 68 16 is_stmt 0 view .LVU44
 230 0060 034A     		ldr	r2, .L18+4
 231 0062 1378     		ldrb	r3, [r2]	@ zero_extendqisi2
 232 0064 0133     		adds	r3, r3, #1
 233 0066 1370     		strb	r3, [r2]
 234 0068 D5E7     		b	.L11
 235              	.L19:
 236 006a 00BF     		.align	2
ARM GAS  C:\Users\bku598\AppData\Local\Temp\ccNpybmD.s 			page 7


 237              	.L18:
 238 006c 00000000 		.word	bufferPointer
 239 0070 00000000 		.word	dataCounter
 240 0074 00000000 		.word	bufferFull
 241 0078 00000000 		.word	buffer
 242 007c 00000000 		.word	headerBuffer
 243 0080 00000000 		.word	BMIraw_data
 244              		.cfi_endproc
 245              	.LFE1262:
 247              		.section	.text.sendPackageToMem,"ax",%progbits
 248              		.align	1
 249              		.global	sendPackageToMem
 250              		.syntax unified
 251              		.thumb
 252              		.thumb_func
 254              	sendPackageToMem:
 255              	.LFB1264:
  90:Core/Src/sensordata.c **** 
  91:Core/Src/sensordata.c **** void sendPackageToMem(void)
  92:Core/Src/sensordata.c **** {
 256              		.loc 1 92 1 is_stmt 1 view -0
 257              		.cfi_startproc
 258              		@ args = 0, pretend = 0, frame = 0
 259              		@ frame_needed = 0, uses_anonymous_args = 0
  93:Core/Src/sensordata.c ****   if(!bufferFull){return;}
 260              		.loc 1 93 3 view .LVU46
 261              		.loc 1 93 6 is_stmt 0 view .LVU47
 262 0000 1A4B     		ldr	r3, .L27
 263 0002 1B78     		ldrb	r3, [r3]	@ zero_extendqisi2
 264              		.loc 1 93 5 view .LVU48
 265 0004 03B9     		cbnz	r3, .L26
 266 0006 7047     		bx	lr
 267              	.L26:
  92:Core/Src/sensordata.c ****   if(!bufferFull){return;}
 268              		.loc 1 92 1 view .LVU49
 269 0008 70B5     		push	{r4, r5, r6, lr}
 270              	.LCFI3:
 271              		.cfi_def_cfa_offset 16
 272              		.cfi_offset 4, -16
 273              		.cfi_offset 5, -12
 274              		.cfi_offset 6, -8
 275              		.cfi_offset 14, -4
  94:Core/Src/sensordata.c **** 
  95:Core/Src/sensordata.c ****   newSectionCheck();  // Check if we are in a new section in the memory (One section is 4096 bytes)
 276              		.loc 1 95 3 is_stmt 1 view .LVU50
 277 000a FFF7FEFF 		bl	newSectionCheck
 278              	.LVL4:
  96:Core/Src/sensordata.c **** 
  97:Core/Src/sensordata.c ****   buffer[BUFFER_SIZE - 4] = (addInc >> 24) & 0xFF;
 279              		.loc 1 97 3 view .LVU51
 280              		.loc 1 97 37 is_stmt 0 view .LVU52
 281 000e 184D     		ldr	r5, .L27+4
 282 0010 2B68     		ldr	r3, [r5]
 283 0012 1A0E     		lsrs	r2, r3, #24
 284              		.loc 1 97 27 view .LVU53
 285 0014 174C     		ldr	r4, .L27+8
 286 0016 84F8FC20 		strb	r2, [r4, #252]
ARM GAS  C:\Users\bku598\AppData\Local\Temp\ccNpybmD.s 			page 8


  98:Core/Src/sensordata.c ****   buffer[BUFFER_SIZE - 3] = (addInc >> 16) & 0xFF;
 287              		.loc 1 98 3 is_stmt 1 view .LVU54
 288              		.loc 1 98 37 is_stmt 0 view .LVU55
 289 001a 1A0C     		lsrs	r2, r3, #16
 290              		.loc 1 98 27 view .LVU56
 291 001c 84F8FD20 		strb	r2, [r4, #253]
  99:Core/Src/sensordata.c ****   buffer[BUFFER_SIZE - 2] = (addInc >> 8) & 0xFF;
 292              		.loc 1 99 3 is_stmt 1 view .LVU57
 293              		.loc 1 99 37 is_stmt 0 view .LVU58
 294 0020 1A0A     		lsrs	r2, r3, #8
 295              		.loc 1 99 27 view .LVU59
 296 0022 84F8FE20 		strb	r2, [r4, #254]
 100:Core/Src/sensordata.c ****   buffer[BUFFER_SIZE - 1] = addInc & 0xFF;
 297              		.loc 1 100 3 is_stmt 1 view .LVU60
 298              		.loc 1 100 27 is_stmt 0 view .LVU61
 299 0026 84F8FF30 		strb	r3, [r4, #255]
 101:Core/Src/sensordata.c **** 
 102:Core/Src/sensordata.c ****   Flash_WritePage((sectorCounter * SECTION_SIZE) + (BUFFER_SIZE * pageCounter), buffer, BUFFER_SIZE
 300              		.loc 1 102 3 is_stmt 1 view .LVU62
 301              		.loc 1 102 50 is_stmt 0 view .LVU63
 302 002a 134B     		ldr	r3, .L27+12
 303 002c 1B88     		ldrh	r3, [r3]
 304 002e 134E     		ldr	r6, .L27+16
 305 0030 3078     		ldrb	r0, [r6]	@ zero_extendqisi2
 306 0032 00EB0310 		add	r0, r0, r3, lsl #4
 307              		.loc 1 102 3 view .LVU64
 308 0036 4FF48072 		mov	r2, #256
 309 003a 2146     		mov	r1, r4
 310 003c 0002     		lsls	r0, r0, #8
 311 003e FFF7FEFF 		bl	Flash_WritePage
 312              	.LVL5:
 103:Core/Src/sensordata.c **** 
 104:Core/Src/sensordata.c ****   pageCounter++;
 313              		.loc 1 104 3 is_stmt 1 view .LVU65
 314              		.loc 1 104 14 is_stmt 0 view .LVU66
 315 0042 3378     		ldrb	r3, [r6]	@ zero_extendqisi2
 316 0044 0133     		adds	r3, r3, #1
 317 0046 3370     		strb	r3, [r6]
 105:Core/Src/sensordata.c ****   addInc++;
 318              		.loc 1 105 3 is_stmt 1 view .LVU67
 319              		.loc 1 105 9 is_stmt 0 view .LVU68
 320 0048 2B68     		ldr	r3, [r5]
 321 004a 0133     		adds	r3, r3, #1
 322 004c 2B60     		str	r3, [r5]
 106:Core/Src/sensordata.c **** 
 107:Core/Src/sensordata.c ****   bufferPointer = 0;
 323              		.loc 1 107 3 is_stmt 1 view .LVU69
 324              		.loc 1 107 17 is_stmt 0 view .LVU70
 325 004e 0023     		movs	r3, #0
 326 0050 0B4A     		ldr	r2, .L27+20
 327 0052 1370     		strb	r3, [r2]
 108:Core/Src/sensordata.c ****   dataCounter = 0;
 328              		.loc 1 108 3 is_stmt 1 view .LVU71
 329              		.loc 1 108 15 is_stmt 0 view .LVU72
 330 0054 0B4A     		ldr	r2, .L27+24
 331 0056 1370     		strb	r3, [r2]
 109:Core/Src/sensordata.c ****   bufferFull = false;
ARM GAS  C:\Users\bku598\AppData\Local\Temp\ccNpybmD.s 			page 9


 332              		.loc 1 109 3 is_stmt 1 view .LVU73
 333              		.loc 1 109 14 is_stmt 0 view .LVU74
 334 0058 044A     		ldr	r2, .L27
 335 005a 1370     		strb	r3, [r2]
 110:Core/Src/sensordata.c ****   memset(buffer, 0xFF, BUFFER_SIZE);
 336              		.loc 1 110 3 is_stmt 1 view .LVU75
 337 005c 4FF48072 		mov	r2, #256
 338 0060 FF21     		movs	r1, #255
 339 0062 2046     		mov	r0, r4
 340 0064 FFF7FEFF 		bl	memset
 341              	.LVL6:
 111:Core/Src/sensordata.c **** }
 342              		.loc 1 111 1 is_stmt 0 view .LVU76
 343 0068 70BD     		pop	{r4, r5, r6, pc}
 344              	.L28:
 345 006a 00BF     		.align	2
 346              	.L27:
 347 006c 00000000 		.word	bufferFull
 348 0070 00000000 		.word	addInc
 349 0074 00000000 		.word	buffer
 350 0078 00000000 		.word	sectorCounter
 351 007c 00000000 		.word	pageCounter
 352 0080 00000000 		.word	bufferPointer
 353 0084 00000000 		.word	dataCounter
 354              		.cfi_endproc
 355              	.LFE1264:
 357              		.section	.text.findStartPos,"ax",%progbits
 358              		.align	1
 359              		.global	findStartPos
 360              		.syntax unified
 361              		.thumb
 362              		.thumb_func
 364              	findStartPos:
 365              	.LFB1265:
 112:Core/Src/sensordata.c **** 
 113:Core/Src/sensordata.c **** // Function to find the last written page in flash
 114:Core/Src/sensordata.c **** void findStartPos(void)
 115:Core/Src/sensordata.c **** {
 366              		.loc 1 115 1 is_stmt 1 view -0
 367              		.cfi_startproc
 368              		@ args = 0, pretend = 0, frame = 0
 369              		@ frame_needed = 0, uses_anonymous_args = 0
 370 0000 38B5     		push	{r3, r4, r5, lr}
 371              	.LCFI4:
 372              		.cfi_def_cfa_offset 16
 373              		.cfi_offset 3, -16
 374              		.cfi_offset 4, -12
 375              		.cfi_offset 5, -8
 376              		.cfi_offset 14, -4
 116:Core/Src/sensordata.c ****     for (uint32_t i = 0; i < PAGE_IN_MEMORY; i++)
 377              		.loc 1 116 5 view .LVU78
 378              	.LBB2:
 379              		.loc 1 116 10 view .LVU79
 380              	.LVL7:
 381              		.loc 1 116 19 is_stmt 0 view .LVU80
 382 0002 0025     		movs	r5, #0
 383              	.LVL8:
ARM GAS  C:\Users\bku598\AppData\Local\Temp\ccNpybmD.s 			page 10


 384              	.L30:
 385              		.loc 1 116 28 is_stmt 1 discriminator 1 view .LVU81
 386 0004 284B     		ldr	r3, .L39
 387 0006 9D42     		cmp	r5, r3
 388 0008 43D8     		bhi	.L37
 389              	.LBB3:
 117:Core/Src/sensordata.c ****     {
 118:Core/Src/sensordata.c ****         Flash_4ByteRead(i * BUFFER_SIZE, readBuffer, BUFFER_SIZE);
 390              		.loc 1 118 9 view .LVU82
 391 000a 284C     		ldr	r4, .L39+4
 392 000c 4FF48072 		mov	r2, #256
 393 0010 2146     		mov	r1, r4
 394 0012 2802     		lsls	r0, r5, #8
 395 0014 FFF7FEFF 		bl	Flash_4ByteRead
 396              	.LVL9:
 119:Core/Src/sensordata.c **** 
 120:Core/Src/sensordata.c ****         uint32_t pageId = ((uint32_t)readBuffer[BUFFER_SIZE-4] << 24) |
 397              		.loc 1 120 9 view .LVU83
 398              		.loc 1 120 48 is_stmt 0 view .LVU84
 399 0018 94F8FC20 		ldrb	r2, [r4, #252]	@ zero_extendqisi2
 121:Core/Src/sensordata.c ****                           ((uint32_t)readBuffer[BUFFER_SIZE-3] << 16) |
 400              		.loc 1 121 48 view .LVU85
 401 001c 94F8FD30 		ldrb	r3, [r4, #253]	@ zero_extendqisi2
 402              		.loc 1 121 64 view .LVU86
 403 0020 1B04     		lsls	r3, r3, #16
 120:Core/Src/sensordata.c ****                           ((uint32_t)readBuffer[BUFFER_SIZE-3] << 16) |
 404              		.loc 1 120 71 view .LVU87
 405 0022 43EA0263 		orr	r3, r3, r2, lsl #24
 122:Core/Src/sensordata.c ****                           ((uint32_t)readBuffer[BUFFER_SIZE-2] << 8)  |
 406              		.loc 1 122 48 view .LVU88
 407 0026 94F8FE20 		ldrb	r2, [r4, #254]	@ zero_extendqisi2
 121:Core/Src/sensordata.c ****                           ((uint32_t)readBuffer[BUFFER_SIZE-3] << 16) |
 408              		.loc 1 121 71 view .LVU89
 409 002a 43EA0223 		orr	r3, r3, r2, lsl #8
 123:Core/Src/sensordata.c ****                           ((uint32_t)readBuffer[BUFFER_SIZE-1]);
 410              		.loc 1 123 48 view .LVU90
 411 002e 94F8FF20 		ldrb	r2, [r4, #255]	@ zero_extendqisi2
 120:Core/Src/sensordata.c ****                           ((uint32_t)readBuffer[BUFFER_SIZE-3] << 16) |
 412              		.loc 1 120 18 view .LVU91
 413 0032 1343     		orrs	r3, r3, r2
 414              	.LVL10:
 124:Core/Src/sensordata.c **** 
 125:Core/Src/sensordata.c ****         if (pageId == 0xFFFFFFFF)
 415              		.loc 1 125 9 is_stmt 1 view .LVU92
 416              		.loc 1 125 12 is_stmt 0 view .LVU93
 417 0034 B3F1FF3F 		cmp	r3, #-1
 418 0038 01D0     		beq	.L38
 419              	.LBE3:
 116:Core/Src/sensordata.c ****     {
 420              		.loc 1 116 47 is_stmt 1 discriminator 2 view .LVU94
 421 003a 0135     		adds	r5, r5, #1
 422              	.LVL11:
 116:Core/Src/sensordata.c ****     {
 423              		.loc 1 116 47 is_stmt 0 discriminator 2 view .LVU95
 424 003c E2E7     		b	.L30
 425              	.L38:
 426              	.LBB5:
ARM GAS  C:\Users\bku598\AppData\Local\Temp\ccNpybmD.s 			page 11


 126:Core/Src/sensordata.c ****         {
 127:Core/Src/sensordata.c ****             if (i == 0)
 427              		.loc 1 127 13 is_stmt 1 view .LVU96
 428              		.loc 1 127 16 is_stmt 0 view .LVU97
 429 003e 3DB9     		cbnz	r5, .L32
 128:Core/Src/sensordata.c ****             {
 129:Core/Src/sensordata.c ****                 // Flash is empty
 130:Core/Src/sensordata.c ****                 addInc = 0;
 430              		.loc 1 130 17 is_stmt 1 view .LVU98
 431              		.loc 1 130 24 is_stmt 0 view .LVU99
 432 0040 0023     		movs	r3, #0
 433              	.LVL12:
 434              		.loc 1 130 24 view .LVU100
 435 0042 1B4A     		ldr	r2, .L39+8
 436              	.LVL13:
 437              		.loc 1 130 24 view .LVU101
 438 0044 1360     		str	r3, [r2]
 131:Core/Src/sensordata.c ****                 pageCounter = 0;
 439              		.loc 1 131 17 is_stmt 1 view .LVU102
 440              		.loc 1 131 29 is_stmt 0 view .LVU103
 441 0046 1B4A     		ldr	r2, .L39+12
 442 0048 1370     		strb	r3, [r2]
 132:Core/Src/sensordata.c ****                 sectorCounter = 0;
 443              		.loc 1 132 17 is_stmt 1 view .LVU104
 444              		.loc 1 132 31 is_stmt 0 view .LVU105
 445 004a 1B4A     		ldr	r2, .L39+16
 446 004c 1380     		strh	r3, [r2]	@ movhi
 447              	.LVL14:
 448              	.L29:
 449              		.loc 1 132 31 view .LVU106
 450              	.LBE5:
 451              	.LBE2:
 133:Core/Src/sensordata.c ****             }
 134:Core/Src/sensordata.c ****             else
 135:Core/Src/sensordata.c ****             {
 136:Core/Src/sensordata.c **** 
 137:Core/Src/sensordata.c ****                 Flash_4ByteRead((i - 1) * BUFFER_SIZE, readBuffer, BUFFER_SIZE);
 138:Core/Src/sensordata.c **** 
 139:Core/Src/sensordata.c ****                 uint32_t pageId = ((uint32_t)readBuffer[BUFFER_SIZE-4] << 24) |
 140:Core/Src/sensordata.c ****                                   ((uint32_t)readBuffer[BUFFER_SIZE-3] << 16) |
 141:Core/Src/sensordata.c ****                                   ((uint32_t)readBuffer[BUFFER_SIZE-2] << 8)  |
 142:Core/Src/sensordata.c ****                                   ((uint32_t)readBuffer[BUFFER_SIZE-1]);
 143:Core/Src/sensordata.c **** 
 144:Core/Src/sensordata.c ****                 // Last written page is i-1
 145:Core/Src/sensordata.c ****                 addInc = pageId + 1; // optional: continue numbering
 146:Core/Src/sensordata.c ****                 pageCounter = (i % PAGE_PER_SECTION);
 147:Core/Src/sensordata.c ****                 sectorCounter = (i / PAGE_PER_SECTION);
 148:Core/Src/sensordata.c ****             }
 149:Core/Src/sensordata.c ****             return;
 150:Core/Src/sensordata.c ****         }
 151:Core/Src/sensordata.c ****     }
 152:Core/Src/sensordata.c **** 
 153:Core/Src/sensordata.c ****     // All pages used
 154:Core/Src/sensordata.c ****     addInc = PAGE_IN_MEMORY;
 155:Core/Src/sensordata.c ****     pageCounter = PAGE_IN_MEMORY % PAGE_PER_SECTION;
 156:Core/Src/sensordata.c ****     sectorCounter = PAGE_IN_MEMORY / PAGE_PER_SECTION;
 157:Core/Src/sensordata.c **** }
ARM GAS  C:\Users\bku598\AppData\Local\Temp\ccNpybmD.s 			page 12


 452              		.loc 1 157 1 view .LVU107
 453 004e 38BD     		pop	{r3, r4, r5, pc}
 454              	.LVL15:
 455              	.L32:
 456              	.LBB7:
 457              	.LBB6:
 458              	.LBB4:
 137:Core/Src/sensordata.c **** 
 459              		.loc 1 137 17 is_stmt 1 view .LVU108
 137:Core/Src/sensordata.c **** 
 460              		.loc 1 137 36 is_stmt 0 view .LVU109
 461 0050 681E     		subs	r0, r5, #1
 137:Core/Src/sensordata.c **** 
 462              		.loc 1 137 17 view .LVU110
 463 0052 164C     		ldr	r4, .L39+4
 464 0054 4FF48072 		mov	r2, #256
 465 0058 2146     		mov	r1, r4
 466 005a 0002     		lsls	r0, r0, #8
 467 005c FFF7FEFF 		bl	Flash_4ByteRead
 468              	.LVL16:
 139:Core/Src/sensordata.c ****                                   ((uint32_t)readBuffer[BUFFER_SIZE-3] << 16) |
 469              		.loc 1 139 17 is_stmt 1 view .LVU111
 139:Core/Src/sensordata.c ****                                   ((uint32_t)readBuffer[BUFFER_SIZE-3] << 16) |
 470              		.loc 1 139 56 is_stmt 0 view .LVU112
 471 0060 94F8FC20 		ldrb	r2, [r4, #252]	@ zero_extendqisi2
 140:Core/Src/sensordata.c ****                                   ((uint32_t)readBuffer[BUFFER_SIZE-2] << 8)  |
 472              		.loc 1 140 56 view .LVU113
 473 0064 94F8FD30 		ldrb	r3, [r4, #253]	@ zero_extendqisi2
 140:Core/Src/sensordata.c ****                                   ((uint32_t)readBuffer[BUFFER_SIZE-2] << 8)  |
 474              		.loc 1 140 72 view .LVU114
 475 0068 1B04     		lsls	r3, r3, #16
 139:Core/Src/sensordata.c ****                                   ((uint32_t)readBuffer[BUFFER_SIZE-3] << 16) |
 476              		.loc 1 139 79 view .LVU115
 477 006a 43EA0263 		orr	r3, r3, r2, lsl #24
 141:Core/Src/sensordata.c ****                                   ((uint32_t)readBuffer[BUFFER_SIZE-1]);
 478              		.loc 1 141 56 view .LVU116
 479 006e 94F8FE20 		ldrb	r2, [r4, #254]	@ zero_extendqisi2
 140:Core/Src/sensordata.c ****                                   ((uint32_t)readBuffer[BUFFER_SIZE-2] << 8)  |
 480              		.loc 1 140 79 view .LVU117
 481 0072 43EA0223 		orr	r3, r3, r2, lsl #8
 142:Core/Src/sensordata.c **** 
 482              		.loc 1 142 56 view .LVU118
 483 0076 94F8FF20 		ldrb	r2, [r4, #255]	@ zero_extendqisi2
 139:Core/Src/sensordata.c ****                                   ((uint32_t)readBuffer[BUFFER_SIZE-3] << 16) |
 484              		.loc 1 139 26 view .LVU119
 485 007a 1343     		orrs	r3, r3, r2
 486              	.LVL17:
 145:Core/Src/sensordata.c ****                 pageCounter = (i % PAGE_PER_SECTION);
 487              		.loc 1 145 17 is_stmt 1 view .LVU120
 145:Core/Src/sensordata.c ****                 pageCounter = (i % PAGE_PER_SECTION);
 488              		.loc 1 145 33 is_stmt 0 view .LVU121
 489 007c 0133     		adds	r3, r3, #1
 490              	.LVL18:
 145:Core/Src/sensordata.c ****                 pageCounter = (i % PAGE_PER_SECTION);
 491              		.loc 1 145 24 view .LVU122
 492 007e 0C4A     		ldr	r2, .L39+8
 493 0080 1360     		str	r3, [r2]
ARM GAS  C:\Users\bku598\AppData\Local\Temp\ccNpybmD.s 			page 13


 146:Core/Src/sensordata.c ****                 sectorCounter = (i / PAGE_PER_SECTION);
 494              		.loc 1 146 17 is_stmt 1 view .LVU123
 146:Core/Src/sensordata.c ****                 sectorCounter = (i / PAGE_PER_SECTION);
 495              		.loc 1 146 34 is_stmt 0 view .LVU124
 496 0082 05F00F02 		and	r2, r5, #15
 146:Core/Src/sensordata.c ****                 sectorCounter = (i / PAGE_PER_SECTION);
 497              		.loc 1 146 29 view .LVU125
 498 0086 0B4B     		ldr	r3, .L39+12
 499              	.LVL19:
 146:Core/Src/sensordata.c ****                 sectorCounter = (i / PAGE_PER_SECTION);
 500              		.loc 1 146 29 view .LVU126
 501 0088 1A70     		strb	r2, [r3]
 147:Core/Src/sensordata.c ****             }
 502              		.loc 1 147 17 is_stmt 1 view .LVU127
 147:Core/Src/sensordata.c ****             }
 503              		.loc 1 147 36 is_stmt 0 view .LVU128
 504 008a 2D09     		lsrs	r5, r5, #4
 505              	.LVL20:
 147:Core/Src/sensordata.c ****             }
 506              		.loc 1 147 31 view .LVU129
 507 008c 0A4B     		ldr	r3, .L39+16
 508 008e 1D80     		strh	r5, [r3]	@ movhi
 509              	.LBE4:
 149:Core/Src/sensordata.c ****         }
 510              		.loc 1 149 13 is_stmt 1 view .LVU130
 511 0090 DDE7     		b	.L29
 512              	.LVL21:
 513              	.L37:
 149:Core/Src/sensordata.c ****         }
 514              		.loc 1 149 13 is_stmt 0 view .LVU131
 515              	.LBE6:
 516              	.LBE7:
 154:Core/Src/sensordata.c ****     pageCounter = PAGE_IN_MEMORY % PAGE_PER_SECTION;
 517              		.loc 1 154 5 is_stmt 1 view .LVU132
 154:Core/Src/sensordata.c ****     pageCounter = PAGE_IN_MEMORY % PAGE_PER_SECTION;
 518              		.loc 1 154 12 is_stmt 0 view .LVU133
 519 0092 074B     		ldr	r3, .L39+8
 520 0094 094A     		ldr	r2, .L39+20
 521 0096 1A60     		str	r2, [r3]
 155:Core/Src/sensordata.c ****     sectorCounter = PAGE_IN_MEMORY / PAGE_PER_SECTION;
 522              		.loc 1 155 5 is_stmt 1 view .LVU134
 155:Core/Src/sensordata.c ****     sectorCounter = PAGE_IN_MEMORY / PAGE_PER_SECTION;
 523              		.loc 1 155 17 is_stmt 0 view .LVU135
 524 0098 064B     		ldr	r3, .L39+12
 525 009a 0022     		movs	r2, #0
 526 009c 1A70     		strb	r2, [r3]
 156:Core/Src/sensordata.c **** }
 527              		.loc 1 156 5 is_stmt 1 view .LVU136
 156:Core/Src/sensordata.c **** }
 528              		.loc 1 156 19 is_stmt 0 view .LVU137
 529 009e 064B     		ldr	r3, .L39+16
 530 00a0 43F60952 		movw	r2, #15625
 531 00a4 1A80     		strh	r2, [r3]	@ movhi
 532 00a6 D2E7     		b	.L29
 533              	.L40:
 534              		.align	2
 535              	.L39:
ARM GAS  C:\Users\bku598\AppData\Local\Temp\ccNpybmD.s 			page 14


 536 00a8 8FD00300 		.word	249999
 537 00ac 00000000 		.word	readBuffer
 538 00b0 00000000 		.word	addInc
 539 00b4 00000000 		.word	pageCounter
 540 00b8 00000000 		.word	sectorCounter
 541 00bc 90D00300 		.word	250000
 542              		.cfi_endproc
 543              	.LFE1265:
 545              		.section	.text.sendAllDataViaBle,"ax",%progbits
 546              		.align	1
 547              		.global	sendAllDataViaBle
 548              		.syntax unified
 549              		.thumb
 550              		.thumb_func
 552              	sendAllDataViaBle:
 553              	.LFB1267:
 158:Core/Src/sensordata.c **** 
 159:Core/Src/sensordata.c **** static tBleStatus sendHalfPage_ble(uint8_t *data, uint16_t length) 
 160:Core/Src/sensordata.c **** { 
 161:Core/Src/sensordata.c ****     return Custom_STM_App_Update_Char_Variable_Length(CUSTOM_STM_DP, data, length);
 162:Core/Src/sensordata.c **** }
 163:Core/Src/sensordata.c **** 
 164:Core/Src/sensordata.c **** void sendAllDataViaBle()
 165:Core/Src/sensordata.c **** {
 554              		.loc 1 165 1 is_stmt 1 view -0
 555              		.cfi_startproc
 556              		@ args = 0, pretend = 0, frame = 0
 557              		@ frame_needed = 0, uses_anonymous_args = 0
 558              		@ link register save eliminated.
 166:Core/Src/sensordata.c ****   
 167:Core/Src/sensordata.c **** }...
 559              		.loc 1 167 1 view .LVU139
 560 0000 7047     		bx	lr
 561              		.cfi_endproc
 562              	.LFE1267:
 564              		.section	.bss.readBuffer,"aw",%nobits
 565              		.align	2
 568              	readBuffer:
 569 0000 00000000 		.space	256
 569      00000000 
 569      00000000 
 569      00000000 
 569      00000000 
 570              		.section	.bss.sectorCounter,"aw",%nobits
 571              		.align	1
 574              	sectorCounter:
 575 0000 0000     		.space	2
 576              		.section	.bss.pageCounter,"aw",%nobits
 579              	pageCounter:
 580 0000 00       		.space	1
 581              		.section	.bss.addInc,"aw",%nobits
 582              		.align	2
 585              	addInc:
 586 0000 00000000 		.space	4
 587              		.section	.bss.buffer,"aw",%nobits
 588              		.align	2
 591              	buffer:
ARM GAS  C:\Users\bku598\AppData\Local\Temp\ccNpybmD.s 			page 15


 592 0000 00000000 		.space	256
 592      00000000 
 592      00000000 
 592      00000000 
 592      00000000 
 593              		.section	.bss.dataCounter,"aw",%nobits
 596              	dataCounter:
 597 0000 00       		.space	1
 598              		.section	.bss.bufferPointer,"aw",%nobits
 601              	bufferPointer:
 602 0000 00       		.space	1
 603              		.section	.bss.headerBuffer,"aw",%nobits
 604              		.align	2
 607              	headerBuffer:
 608 0000 00000000 		.space	25
 608      00000000 
 608      00000000 
 608      00000000 
 608      00000000 
 609              		.global	BMIraw_data
 610              		.section	.bss.BMIraw_data,"aw",%nobits
 611              		.align	2
 614              	BMIraw_data:
 615 0000 00000000 		.space	12
 615      00000000 
 615      00000000 
 616              		.global	BMEraw_data
 617              		.section	.bss.BMEraw_data,"aw",%nobits
 618              		.align	2
 621              	BMEraw_data:
 622 0000 00000000 		.space	8
 622      00000000 
 623              		.global	GPSraw_data
 624              		.section	.bss.GPSraw_data,"aw",%nobits
 625              		.align	2
 628              	GPSraw_data:
 629 0000 00000000 		.space	15
 629      00000000 
 629      00000000 
 629      000000
 630              		.section	.bss.bufferFull,"aw",%nobits
 633              	bufferFull:
 634 0000 00       		.space	1
 635              		.text
 636              	.Letext0:
 637              		.file 2 "C:\\dev\\tools\\gcc-arm-none-eabi-13.3\\bin\\../lib/gcc/arm-none-eabi/13.3.1/../../../../
 638              		.file 3 "C:\\dev\\tools\\gcc-arm-none-eabi-13.3\\bin\\../lib/gcc/arm-none-eabi/13.3.1/../../../../
 639              		.file 4 "C:\\dev\\tools\\gcc-arm-none-eabi-13.3\\bin\\../lib/gcc/arm-none-eabi/13.3.1/include/stdd
 640              		.file 5 "Core/Inc/gps.h"
 641              		.file 6 "Core/Inc/flash.h"
 642              		.file 7 "Core/Inc/bme280.h"
 643              		.file 8 "Core/Inc/bmi270.h"
 644              		.file 9 "Core/Inc/app_conf.h"
 645              		.file 10 "C:\\dev\\tools\\gcc-arm-none-eabi-13.3\\bin\\../lib/gcc/arm-none-eabi/13.3.1/../../../..
ARM GAS  C:\Users\bku598\AppData\Local\Temp\ccNpybmD.s 			page 16


DEFINED SYMBOLS
                            *ABS*:00000000 sensordata.c
C:\Users\bku598\AppData\Local\Temp\ccNpybmD.s:21     .text.packageHeader:00000000 $t
C:\Users\bku598\AppData\Local\Temp\ccNpybmD.s:26     .text.packageHeader:00000000 packageHeader
C:\Users\bku598\AppData\Local\Temp\ccNpybmD.s:71     .text.packageHeader:00000044 $d
C:\Users\bku598\AppData\Local\Temp\ccNpybmD.s:621    .bss.BMEraw_data:00000000 BMEraw_data
C:\Users\bku598\AppData\Local\Temp\ccNpybmD.s:607    .bss.headerBuffer:00000000 headerBuffer
C:\Users\bku598\AppData\Local\Temp\ccNpybmD.s:628    .bss.GPSraw_data:00000000 GPSraw_data
C:\Users\bku598\AppData\Local\Temp\ccNpybmD.s:78     .text.newSectionCheck:00000000 $t
C:\Users\bku598\AppData\Local\Temp\ccNpybmD.s:83     .text.newSectionCheck:00000000 newSectionCheck
C:\Users\bku598\AppData\Local\Temp\ccNpybmD.s:135    .text.newSectionCheck:00000034 $d
C:\Users\bku598\AppData\Local\Temp\ccNpybmD.s:579    .bss.pageCounter:00000000 pageCounter
C:\Users\bku598\AppData\Local\Temp\ccNpybmD.s:574    .bss.sectorCounter:00000000 sectorCounter
C:\Users\bku598\AppData\Local\Temp\ccNpybmD.s:141    .text.packageDataToMem:00000000 $t
C:\Users\bku598\AppData\Local\Temp\ccNpybmD.s:147    .text.packageDataToMem:00000000 packageDataToMem
C:\Users\bku598\AppData\Local\Temp\ccNpybmD.s:238    .text.packageDataToMem:0000006c $d
C:\Users\bku598\AppData\Local\Temp\ccNpybmD.s:601    .bss.bufferPointer:00000000 bufferPointer
C:\Users\bku598\AppData\Local\Temp\ccNpybmD.s:596    .bss.dataCounter:00000000 dataCounter
C:\Users\bku598\AppData\Local\Temp\ccNpybmD.s:633    .bss.bufferFull:00000000 bufferFull
C:\Users\bku598\AppData\Local\Temp\ccNpybmD.s:591    .bss.buffer:00000000 buffer
C:\Users\bku598\AppData\Local\Temp\ccNpybmD.s:614    .bss.BMIraw_data:00000000 BMIraw_data
C:\Users\bku598\AppData\Local\Temp\ccNpybmD.s:248    .text.sendPackageToMem:00000000 $t
C:\Users\bku598\AppData\Local\Temp\ccNpybmD.s:254    .text.sendPackageToMem:00000000 sendPackageToMem
C:\Users\bku598\AppData\Local\Temp\ccNpybmD.s:347    .text.sendPackageToMem:0000006c $d
C:\Users\bku598\AppData\Local\Temp\ccNpybmD.s:585    .bss.addInc:00000000 addInc
C:\Users\bku598\AppData\Local\Temp\ccNpybmD.s:358    .text.findStartPos:00000000 $t
C:\Users\bku598\AppData\Local\Temp\ccNpybmD.s:364    .text.findStartPos:00000000 findStartPos
C:\Users\bku598\AppData\Local\Temp\ccNpybmD.s:536    .text.findStartPos:000000a8 $d
C:\Users\bku598\AppData\Local\Temp\ccNpybmD.s:568    .bss.readBuffer:00000000 readBuffer
C:\Users\bku598\AppData\Local\Temp\ccNpybmD.s:546    .text.sendAllDataViaBle:00000000 $t
C:\Users\bku598\AppData\Local\Temp\ccNpybmD.s:552    .text.sendAllDataViaBle:00000000 sendAllDataViaBle
C:\Users\bku598\AppData\Local\Temp\ccNpybmD.s:565    .bss.readBuffer:00000000 $d
C:\Users\bku598\AppData\Local\Temp\ccNpybmD.s:571    .bss.sectorCounter:00000000 $d
C:\Users\bku598\AppData\Local\Temp\ccNpybmD.s:580    .bss.pageCounter:00000000 $d
C:\Users\bku598\AppData\Local\Temp\ccNpybmD.s:582    .bss.addInc:00000000 $d
C:\Users\bku598\AppData\Local\Temp\ccNpybmD.s:588    .bss.buffer:00000000 $d
C:\Users\bku598\AppData\Local\Temp\ccNpybmD.s:597    .bss.dataCounter:00000000 $d
C:\Users\bku598\AppData\Local\Temp\ccNpybmD.s:602    .bss.bufferPointer:00000000 $d
C:\Users\bku598\AppData\Local\Temp\ccNpybmD.s:604    .bss.headerBuffer:00000000 $d
C:\Users\bku598\AppData\Local\Temp\ccNpybmD.s:611    .bss.BMIraw_data:00000000 $d
C:\Users\bku598\AppData\Local\Temp\ccNpybmD.s:618    .bss.BMEraw_data:00000000 $d
C:\Users\bku598\AppData\Local\Temp\ccNpybmD.s:625    .bss.GPSraw_data:00000000 $d
C:\Users\bku598\AppData\Local\Temp\ccNpybmD.s:634    .bss.bufferFull:00000000 $d

UNDEFINED SYMBOLS
BME280_ReadMeasurement_Raw
Flash_SectorErase
BMI270_ReadMeasurement_raw
Flash_WritePage
memset
Flash_4ByteRead
