ARM GAS  C:\Users\bku598\AppData\Local\Temp\cclhiXQI.s 			page 1


   1              		.cpu cortex-m4
   2              		.arch armv7e-m
   3              		.fpu fpv4-sp-d16
   4              		.eabi_attribute 27, 1
   5              		.eabi_attribute 28, 1
   6              		.eabi_attribute 20, 1
   7              		.eabi_attribute 21, 1
   8              		.eabi_attribute 23, 3
   9              		.eabi_attribute 24, 1
  10              		.eabi_attribute 25, 1
  11              		.eabi_attribute 26, 1
  12              		.eabi_attribute 30, 1
  13              		.eabi_attribute 34, 1
  14              		.eabi_attribute 18, 4
  15              		.file	"stm32wbxx_hal_crc.c"
  16              		.text
  17              	.Ltext0:
  18              		.cfi_sections	.debug_frame
  19              		.file 1 "Drivers/STM32WBxx_HAL_Driver/Src/stm32wbxx_hal_crc.c"
  20              		.section	.text.CRC_Handle_8,"ax",%progbits
  21              		.align	1
  22              		.syntax unified
  23              		.thumb
  24              		.thumb_func
  26              	CRC_Handle_8:
  27              	.LVL0:
  28              	.LFB1111:
   1:Drivers/STM32WBxx_HAL_Driver/Src/stm32wbxx_hal_crc.c **** /**
   2:Drivers/STM32WBxx_HAL_Driver/Src/stm32wbxx_hal_crc.c ****   ******************************************************************************
   3:Drivers/STM32WBxx_HAL_Driver/Src/stm32wbxx_hal_crc.c ****   * @file    stm32wbxx_hal_crc.c
   4:Drivers/STM32WBxx_HAL_Driver/Src/stm32wbxx_hal_crc.c ****   * @author  MCD Application Team
   5:Drivers/STM32WBxx_HAL_Driver/Src/stm32wbxx_hal_crc.c ****   * @brief   CRC HAL module driver.
   6:Drivers/STM32WBxx_HAL_Driver/Src/stm32wbxx_hal_crc.c ****   *          This file provides firmware functions to manage the following
   7:Drivers/STM32WBxx_HAL_Driver/Src/stm32wbxx_hal_crc.c ****   *          functionalities of the Cyclic Redundancy Check (CRC) peripheral:
   8:Drivers/STM32WBxx_HAL_Driver/Src/stm32wbxx_hal_crc.c ****   *           + Initialization and de-initialization functions
   9:Drivers/STM32WBxx_HAL_Driver/Src/stm32wbxx_hal_crc.c ****   *           + Peripheral Control functions
  10:Drivers/STM32WBxx_HAL_Driver/Src/stm32wbxx_hal_crc.c ****   *           + Peripheral State functions
  11:Drivers/STM32WBxx_HAL_Driver/Src/stm32wbxx_hal_crc.c ****   *
  12:Drivers/STM32WBxx_HAL_Driver/Src/stm32wbxx_hal_crc.c ****   ******************************************************************************
  13:Drivers/STM32WBxx_HAL_Driver/Src/stm32wbxx_hal_crc.c ****   * @attention
  14:Drivers/STM32WBxx_HAL_Driver/Src/stm32wbxx_hal_crc.c ****   *
  15:Drivers/STM32WBxx_HAL_Driver/Src/stm32wbxx_hal_crc.c ****   * Copyright (c) 2019 STMicroelectronics.
  16:Drivers/STM32WBxx_HAL_Driver/Src/stm32wbxx_hal_crc.c ****   * All rights reserved.
  17:Drivers/STM32WBxx_HAL_Driver/Src/stm32wbxx_hal_crc.c ****   *
  18:Drivers/STM32WBxx_HAL_Driver/Src/stm32wbxx_hal_crc.c ****   * This software is licensed under terms that can be found in the LICENSE file
  19:Drivers/STM32WBxx_HAL_Driver/Src/stm32wbxx_hal_crc.c ****   * in the root directory of this software component.
  20:Drivers/STM32WBxx_HAL_Driver/Src/stm32wbxx_hal_crc.c ****   * If no LICENSE file comes with this software, it is provided AS-IS.
  21:Drivers/STM32WBxx_HAL_Driver/Src/stm32wbxx_hal_crc.c ****   *
  22:Drivers/STM32WBxx_HAL_Driver/Src/stm32wbxx_hal_crc.c ****   ******************************************************************************
  23:Drivers/STM32WBxx_HAL_Driver/Src/stm32wbxx_hal_crc.c ****   @verbatim
  24:Drivers/STM32WBxx_HAL_Driver/Src/stm32wbxx_hal_crc.c ****  ===============================================================================
  25:Drivers/STM32WBxx_HAL_Driver/Src/stm32wbxx_hal_crc.c ****                      ##### How to use this driver #####
  26:Drivers/STM32WBxx_HAL_Driver/Src/stm32wbxx_hal_crc.c ****  ===============================================================================
  27:Drivers/STM32WBxx_HAL_Driver/Src/stm32wbxx_hal_crc.c ****     [..]
  28:Drivers/STM32WBxx_HAL_Driver/Src/stm32wbxx_hal_crc.c ****          (+) Enable CRC AHB clock using __HAL_RCC_CRC_CLK_ENABLE();
  29:Drivers/STM32WBxx_HAL_Driver/Src/stm32wbxx_hal_crc.c ****          (+) Initialize CRC calculator
  30:Drivers/STM32WBxx_HAL_Driver/Src/stm32wbxx_hal_crc.c ****              (++) specify generating polynomial (peripheral default or non-default one)
ARM GAS  C:\Users\bku598\AppData\Local\Temp\cclhiXQI.s 			page 2


  31:Drivers/STM32WBxx_HAL_Driver/Src/stm32wbxx_hal_crc.c ****              (++) specify initialization value (peripheral default or non-default one)
  32:Drivers/STM32WBxx_HAL_Driver/Src/stm32wbxx_hal_crc.c ****              (++) specify input data format
  33:Drivers/STM32WBxx_HAL_Driver/Src/stm32wbxx_hal_crc.c ****              (++) specify input or output data inversion mode if any
  34:Drivers/STM32WBxx_HAL_Driver/Src/stm32wbxx_hal_crc.c ****          (+) Use HAL_CRC_Accumulate() function to compute the CRC value of the
  35:Drivers/STM32WBxx_HAL_Driver/Src/stm32wbxx_hal_crc.c ****              input data buffer starting with the previously computed CRC as
  36:Drivers/STM32WBxx_HAL_Driver/Src/stm32wbxx_hal_crc.c ****              initialization value
  37:Drivers/STM32WBxx_HAL_Driver/Src/stm32wbxx_hal_crc.c ****          (+) Use HAL_CRC_Calculate() function to compute the CRC value of the
  38:Drivers/STM32WBxx_HAL_Driver/Src/stm32wbxx_hal_crc.c ****              input data buffer starting with the defined initialization value
  39:Drivers/STM32WBxx_HAL_Driver/Src/stm32wbxx_hal_crc.c ****              (default or non-default) to initiate CRC calculation
  40:Drivers/STM32WBxx_HAL_Driver/Src/stm32wbxx_hal_crc.c **** 
  41:Drivers/STM32WBxx_HAL_Driver/Src/stm32wbxx_hal_crc.c ****   @endverbatim
  42:Drivers/STM32WBxx_HAL_Driver/Src/stm32wbxx_hal_crc.c ****   ******************************************************************************
  43:Drivers/STM32WBxx_HAL_Driver/Src/stm32wbxx_hal_crc.c ****   */
  44:Drivers/STM32WBxx_HAL_Driver/Src/stm32wbxx_hal_crc.c **** 
  45:Drivers/STM32WBxx_HAL_Driver/Src/stm32wbxx_hal_crc.c **** /* Includes ------------------------------------------------------------------*/
  46:Drivers/STM32WBxx_HAL_Driver/Src/stm32wbxx_hal_crc.c **** #include "stm32wbxx_hal.h"
  47:Drivers/STM32WBxx_HAL_Driver/Src/stm32wbxx_hal_crc.c **** 
  48:Drivers/STM32WBxx_HAL_Driver/Src/stm32wbxx_hal_crc.c **** /** @addtogroup STM32WBxx_HAL_Driver
  49:Drivers/STM32WBxx_HAL_Driver/Src/stm32wbxx_hal_crc.c ****   * @{
  50:Drivers/STM32WBxx_HAL_Driver/Src/stm32wbxx_hal_crc.c ****   */
  51:Drivers/STM32WBxx_HAL_Driver/Src/stm32wbxx_hal_crc.c **** 
  52:Drivers/STM32WBxx_HAL_Driver/Src/stm32wbxx_hal_crc.c **** /** @defgroup CRC CRC
  53:Drivers/STM32WBxx_HAL_Driver/Src/stm32wbxx_hal_crc.c ****   * @brief CRC HAL module driver.
  54:Drivers/STM32WBxx_HAL_Driver/Src/stm32wbxx_hal_crc.c ****   * @{
  55:Drivers/STM32WBxx_HAL_Driver/Src/stm32wbxx_hal_crc.c ****   */
  56:Drivers/STM32WBxx_HAL_Driver/Src/stm32wbxx_hal_crc.c **** 
  57:Drivers/STM32WBxx_HAL_Driver/Src/stm32wbxx_hal_crc.c **** #ifdef HAL_CRC_MODULE_ENABLED
  58:Drivers/STM32WBxx_HAL_Driver/Src/stm32wbxx_hal_crc.c **** 
  59:Drivers/STM32WBxx_HAL_Driver/Src/stm32wbxx_hal_crc.c **** /* Private typedef -----------------------------------------------------------*/
  60:Drivers/STM32WBxx_HAL_Driver/Src/stm32wbxx_hal_crc.c **** /* Private define ------------------------------------------------------------*/
  61:Drivers/STM32WBxx_HAL_Driver/Src/stm32wbxx_hal_crc.c **** /* Private macro -------------------------------------------------------------*/
  62:Drivers/STM32WBxx_HAL_Driver/Src/stm32wbxx_hal_crc.c **** /* Private variables ---------------------------------------------------------*/
  63:Drivers/STM32WBxx_HAL_Driver/Src/stm32wbxx_hal_crc.c **** /* Private function prototypes -----------------------------------------------*/
  64:Drivers/STM32WBxx_HAL_Driver/Src/stm32wbxx_hal_crc.c **** /** @defgroup CRC_Private_Functions CRC Private Functions
  65:Drivers/STM32WBxx_HAL_Driver/Src/stm32wbxx_hal_crc.c ****   * @{
  66:Drivers/STM32WBxx_HAL_Driver/Src/stm32wbxx_hal_crc.c ****   */
  67:Drivers/STM32WBxx_HAL_Driver/Src/stm32wbxx_hal_crc.c **** static uint32_t CRC_Handle_8(CRC_HandleTypeDef *hcrc, uint8_t pBuffer[], uint32_t BufferLength);
  68:Drivers/STM32WBxx_HAL_Driver/Src/stm32wbxx_hal_crc.c **** static uint32_t CRC_Handle_16(CRC_HandleTypeDef *hcrc, uint16_t pBuffer[], uint32_t BufferLength);
  69:Drivers/STM32WBxx_HAL_Driver/Src/stm32wbxx_hal_crc.c **** /**
  70:Drivers/STM32WBxx_HAL_Driver/Src/stm32wbxx_hal_crc.c ****   * @}
  71:Drivers/STM32WBxx_HAL_Driver/Src/stm32wbxx_hal_crc.c ****   */
  72:Drivers/STM32WBxx_HAL_Driver/Src/stm32wbxx_hal_crc.c **** 
  73:Drivers/STM32WBxx_HAL_Driver/Src/stm32wbxx_hal_crc.c **** /* Exported functions --------------------------------------------------------*/
  74:Drivers/STM32WBxx_HAL_Driver/Src/stm32wbxx_hal_crc.c **** 
  75:Drivers/STM32WBxx_HAL_Driver/Src/stm32wbxx_hal_crc.c **** /** @defgroup CRC_Exported_Functions CRC Exported Functions
  76:Drivers/STM32WBxx_HAL_Driver/Src/stm32wbxx_hal_crc.c ****   * @{
  77:Drivers/STM32WBxx_HAL_Driver/Src/stm32wbxx_hal_crc.c ****   */
  78:Drivers/STM32WBxx_HAL_Driver/Src/stm32wbxx_hal_crc.c **** 
  79:Drivers/STM32WBxx_HAL_Driver/Src/stm32wbxx_hal_crc.c **** /** @defgroup CRC_Exported_Functions_Group1 Initialization and de-initialization functions
  80:Drivers/STM32WBxx_HAL_Driver/Src/stm32wbxx_hal_crc.c ****   *  @brief    Initialization and Configuration functions.
  81:Drivers/STM32WBxx_HAL_Driver/Src/stm32wbxx_hal_crc.c ****   *
  82:Drivers/STM32WBxx_HAL_Driver/Src/stm32wbxx_hal_crc.c **** @verbatim
  83:Drivers/STM32WBxx_HAL_Driver/Src/stm32wbxx_hal_crc.c ****  ===============================================================================
  84:Drivers/STM32WBxx_HAL_Driver/Src/stm32wbxx_hal_crc.c ****             ##### Initialization and de-initialization functions #####
  85:Drivers/STM32WBxx_HAL_Driver/Src/stm32wbxx_hal_crc.c ****  ===============================================================================
  86:Drivers/STM32WBxx_HAL_Driver/Src/stm32wbxx_hal_crc.c ****     [..]  This section provides functions allowing to:
  87:Drivers/STM32WBxx_HAL_Driver/Src/stm32wbxx_hal_crc.c ****       (+) Initialize the CRC according to the specified parameters
ARM GAS  C:\Users\bku598\AppData\Local\Temp\cclhiXQI.s 			page 3


  88:Drivers/STM32WBxx_HAL_Driver/Src/stm32wbxx_hal_crc.c ****           in the CRC_InitTypeDef and create the associated handle
  89:Drivers/STM32WBxx_HAL_Driver/Src/stm32wbxx_hal_crc.c ****       (+) DeInitialize the CRC peripheral
  90:Drivers/STM32WBxx_HAL_Driver/Src/stm32wbxx_hal_crc.c ****       (+) Initialize the CRC MSP (MCU Specific Package)
  91:Drivers/STM32WBxx_HAL_Driver/Src/stm32wbxx_hal_crc.c ****       (+) DeInitialize the CRC MSP
  92:Drivers/STM32WBxx_HAL_Driver/Src/stm32wbxx_hal_crc.c **** 
  93:Drivers/STM32WBxx_HAL_Driver/Src/stm32wbxx_hal_crc.c **** @endverbatim
  94:Drivers/STM32WBxx_HAL_Driver/Src/stm32wbxx_hal_crc.c ****   * @{
  95:Drivers/STM32WBxx_HAL_Driver/Src/stm32wbxx_hal_crc.c ****   */
  96:Drivers/STM32WBxx_HAL_Driver/Src/stm32wbxx_hal_crc.c **** 
  97:Drivers/STM32WBxx_HAL_Driver/Src/stm32wbxx_hal_crc.c **** /**
  98:Drivers/STM32WBxx_HAL_Driver/Src/stm32wbxx_hal_crc.c ****   * @brief  Initialize the CRC according to the specified
  99:Drivers/STM32WBxx_HAL_Driver/Src/stm32wbxx_hal_crc.c ****   *         parameters in the CRC_InitTypeDef and create the associated handle.
 100:Drivers/STM32WBxx_HAL_Driver/Src/stm32wbxx_hal_crc.c ****   * @param  hcrc CRC handle
 101:Drivers/STM32WBxx_HAL_Driver/Src/stm32wbxx_hal_crc.c ****   * @retval HAL status
 102:Drivers/STM32WBxx_HAL_Driver/Src/stm32wbxx_hal_crc.c ****   */
 103:Drivers/STM32WBxx_HAL_Driver/Src/stm32wbxx_hal_crc.c **** HAL_StatusTypeDef HAL_CRC_Init(CRC_HandleTypeDef *hcrc)
 104:Drivers/STM32WBxx_HAL_Driver/Src/stm32wbxx_hal_crc.c **** {
 105:Drivers/STM32WBxx_HAL_Driver/Src/stm32wbxx_hal_crc.c ****   /* Check the CRC handle allocation */
 106:Drivers/STM32WBxx_HAL_Driver/Src/stm32wbxx_hal_crc.c ****   if (hcrc == NULL)
 107:Drivers/STM32WBxx_HAL_Driver/Src/stm32wbxx_hal_crc.c ****   {
 108:Drivers/STM32WBxx_HAL_Driver/Src/stm32wbxx_hal_crc.c ****     return HAL_ERROR;
 109:Drivers/STM32WBxx_HAL_Driver/Src/stm32wbxx_hal_crc.c ****   }
 110:Drivers/STM32WBxx_HAL_Driver/Src/stm32wbxx_hal_crc.c **** 
 111:Drivers/STM32WBxx_HAL_Driver/Src/stm32wbxx_hal_crc.c ****   /* Check the parameters */
 112:Drivers/STM32WBxx_HAL_Driver/Src/stm32wbxx_hal_crc.c ****   assert_param(IS_CRC_ALL_INSTANCE(hcrc->Instance));
 113:Drivers/STM32WBxx_HAL_Driver/Src/stm32wbxx_hal_crc.c **** 
 114:Drivers/STM32WBxx_HAL_Driver/Src/stm32wbxx_hal_crc.c ****   if (hcrc->State == HAL_CRC_STATE_RESET)
 115:Drivers/STM32WBxx_HAL_Driver/Src/stm32wbxx_hal_crc.c ****   {
 116:Drivers/STM32WBxx_HAL_Driver/Src/stm32wbxx_hal_crc.c ****     /* Allocate lock resource and initialize it */
 117:Drivers/STM32WBxx_HAL_Driver/Src/stm32wbxx_hal_crc.c ****     hcrc->Lock = HAL_UNLOCKED;
 118:Drivers/STM32WBxx_HAL_Driver/Src/stm32wbxx_hal_crc.c ****     /* Init the low level hardware */
 119:Drivers/STM32WBxx_HAL_Driver/Src/stm32wbxx_hal_crc.c ****     HAL_CRC_MspInit(hcrc);
 120:Drivers/STM32WBxx_HAL_Driver/Src/stm32wbxx_hal_crc.c ****   }
 121:Drivers/STM32WBxx_HAL_Driver/Src/stm32wbxx_hal_crc.c **** 
 122:Drivers/STM32WBxx_HAL_Driver/Src/stm32wbxx_hal_crc.c ****   hcrc->State = HAL_CRC_STATE_BUSY;
 123:Drivers/STM32WBxx_HAL_Driver/Src/stm32wbxx_hal_crc.c **** 
 124:Drivers/STM32WBxx_HAL_Driver/Src/stm32wbxx_hal_crc.c ****   /* check whether or not non-default generating polynomial has been
 125:Drivers/STM32WBxx_HAL_Driver/Src/stm32wbxx_hal_crc.c ****    * picked up by user */
 126:Drivers/STM32WBxx_HAL_Driver/Src/stm32wbxx_hal_crc.c ****   assert_param(IS_DEFAULT_POLYNOMIAL(hcrc->Init.DefaultPolynomialUse));
 127:Drivers/STM32WBxx_HAL_Driver/Src/stm32wbxx_hal_crc.c ****   if (hcrc->Init.DefaultPolynomialUse == DEFAULT_POLYNOMIAL_ENABLE)
 128:Drivers/STM32WBxx_HAL_Driver/Src/stm32wbxx_hal_crc.c ****   {
 129:Drivers/STM32WBxx_HAL_Driver/Src/stm32wbxx_hal_crc.c ****     /* initialize peripheral with default generating polynomial */
 130:Drivers/STM32WBxx_HAL_Driver/Src/stm32wbxx_hal_crc.c ****     WRITE_REG(hcrc->Instance->POL, DEFAULT_CRC32_POLY);
 131:Drivers/STM32WBxx_HAL_Driver/Src/stm32wbxx_hal_crc.c ****     MODIFY_REG(hcrc->Instance->CR, CRC_CR_POLYSIZE, CRC_POLYLENGTH_32B);
 132:Drivers/STM32WBxx_HAL_Driver/Src/stm32wbxx_hal_crc.c ****   }
 133:Drivers/STM32WBxx_HAL_Driver/Src/stm32wbxx_hal_crc.c ****   else
 134:Drivers/STM32WBxx_HAL_Driver/Src/stm32wbxx_hal_crc.c ****   {
 135:Drivers/STM32WBxx_HAL_Driver/Src/stm32wbxx_hal_crc.c ****     /* initialize CRC peripheral with generating polynomial defined by user */
 136:Drivers/STM32WBxx_HAL_Driver/Src/stm32wbxx_hal_crc.c ****     if (HAL_CRCEx_Polynomial_Set(hcrc, hcrc->Init.GeneratingPolynomial, hcrc->Init.CRCLength) != HA
 137:Drivers/STM32WBxx_HAL_Driver/Src/stm32wbxx_hal_crc.c ****     {
 138:Drivers/STM32WBxx_HAL_Driver/Src/stm32wbxx_hal_crc.c ****       return HAL_ERROR;
 139:Drivers/STM32WBxx_HAL_Driver/Src/stm32wbxx_hal_crc.c ****     }
 140:Drivers/STM32WBxx_HAL_Driver/Src/stm32wbxx_hal_crc.c ****   }
 141:Drivers/STM32WBxx_HAL_Driver/Src/stm32wbxx_hal_crc.c **** 
 142:Drivers/STM32WBxx_HAL_Driver/Src/stm32wbxx_hal_crc.c ****   /* check whether or not non-default CRC initial value has been
 143:Drivers/STM32WBxx_HAL_Driver/Src/stm32wbxx_hal_crc.c ****    * picked up by user */
 144:Drivers/STM32WBxx_HAL_Driver/Src/stm32wbxx_hal_crc.c ****   assert_param(IS_DEFAULT_INIT_VALUE(hcrc->Init.DefaultInitValueUse));
ARM GAS  C:\Users\bku598\AppData\Local\Temp\cclhiXQI.s 			page 4


 145:Drivers/STM32WBxx_HAL_Driver/Src/stm32wbxx_hal_crc.c ****   if (hcrc->Init.DefaultInitValueUse == DEFAULT_INIT_VALUE_ENABLE)
 146:Drivers/STM32WBxx_HAL_Driver/Src/stm32wbxx_hal_crc.c ****   {
 147:Drivers/STM32WBxx_HAL_Driver/Src/stm32wbxx_hal_crc.c ****     WRITE_REG(hcrc->Instance->INIT, DEFAULT_CRC_INITVALUE);
 148:Drivers/STM32WBxx_HAL_Driver/Src/stm32wbxx_hal_crc.c ****   }
 149:Drivers/STM32WBxx_HAL_Driver/Src/stm32wbxx_hal_crc.c ****   else
 150:Drivers/STM32WBxx_HAL_Driver/Src/stm32wbxx_hal_crc.c ****   {
 151:Drivers/STM32WBxx_HAL_Driver/Src/stm32wbxx_hal_crc.c ****     WRITE_REG(hcrc->Instance->INIT, hcrc->Init.InitValue);
 152:Drivers/STM32WBxx_HAL_Driver/Src/stm32wbxx_hal_crc.c ****   }
 153:Drivers/STM32WBxx_HAL_Driver/Src/stm32wbxx_hal_crc.c **** 
 154:Drivers/STM32WBxx_HAL_Driver/Src/stm32wbxx_hal_crc.c **** 
 155:Drivers/STM32WBxx_HAL_Driver/Src/stm32wbxx_hal_crc.c ****   /* set input data inversion mode */
 156:Drivers/STM32WBxx_HAL_Driver/Src/stm32wbxx_hal_crc.c ****   assert_param(IS_CRC_INPUTDATA_INVERSION_MODE(hcrc->Init.InputDataInversionMode));
 157:Drivers/STM32WBxx_HAL_Driver/Src/stm32wbxx_hal_crc.c ****   MODIFY_REG(hcrc->Instance->CR, CRC_CR_REV_IN, hcrc->Init.InputDataInversionMode);
 158:Drivers/STM32WBxx_HAL_Driver/Src/stm32wbxx_hal_crc.c **** 
 159:Drivers/STM32WBxx_HAL_Driver/Src/stm32wbxx_hal_crc.c ****   /* set output data inversion mode */
 160:Drivers/STM32WBxx_HAL_Driver/Src/stm32wbxx_hal_crc.c ****   assert_param(IS_CRC_OUTPUTDATA_INVERSION_MODE(hcrc->Init.OutputDataInversionMode));
 161:Drivers/STM32WBxx_HAL_Driver/Src/stm32wbxx_hal_crc.c ****   MODIFY_REG(hcrc->Instance->CR, CRC_CR_REV_OUT, hcrc->Init.OutputDataInversionMode);
 162:Drivers/STM32WBxx_HAL_Driver/Src/stm32wbxx_hal_crc.c **** 
 163:Drivers/STM32WBxx_HAL_Driver/Src/stm32wbxx_hal_crc.c ****   /* makes sure the input data format (bytes, halfwords or words stream)
 164:Drivers/STM32WBxx_HAL_Driver/Src/stm32wbxx_hal_crc.c ****    * is properly specified by user */
 165:Drivers/STM32WBxx_HAL_Driver/Src/stm32wbxx_hal_crc.c ****   assert_param(IS_CRC_INPUTDATA_FORMAT(hcrc->InputDataFormat));
 166:Drivers/STM32WBxx_HAL_Driver/Src/stm32wbxx_hal_crc.c **** 
 167:Drivers/STM32WBxx_HAL_Driver/Src/stm32wbxx_hal_crc.c ****   /* Change CRC peripheral state */
 168:Drivers/STM32WBxx_HAL_Driver/Src/stm32wbxx_hal_crc.c ****   hcrc->State = HAL_CRC_STATE_READY;
 169:Drivers/STM32WBxx_HAL_Driver/Src/stm32wbxx_hal_crc.c **** 
 170:Drivers/STM32WBxx_HAL_Driver/Src/stm32wbxx_hal_crc.c ****   /* Return function status */
 171:Drivers/STM32WBxx_HAL_Driver/Src/stm32wbxx_hal_crc.c ****   return HAL_OK;
 172:Drivers/STM32WBxx_HAL_Driver/Src/stm32wbxx_hal_crc.c **** }
 173:Drivers/STM32WBxx_HAL_Driver/Src/stm32wbxx_hal_crc.c **** 
 174:Drivers/STM32WBxx_HAL_Driver/Src/stm32wbxx_hal_crc.c **** /**
 175:Drivers/STM32WBxx_HAL_Driver/Src/stm32wbxx_hal_crc.c ****   * @brief  DeInitialize the CRC peripheral.
 176:Drivers/STM32WBxx_HAL_Driver/Src/stm32wbxx_hal_crc.c ****   * @param  hcrc CRC handle
 177:Drivers/STM32WBxx_HAL_Driver/Src/stm32wbxx_hal_crc.c ****   * @retval HAL status
 178:Drivers/STM32WBxx_HAL_Driver/Src/stm32wbxx_hal_crc.c ****   */
 179:Drivers/STM32WBxx_HAL_Driver/Src/stm32wbxx_hal_crc.c **** HAL_StatusTypeDef HAL_CRC_DeInit(CRC_HandleTypeDef *hcrc)
 180:Drivers/STM32WBxx_HAL_Driver/Src/stm32wbxx_hal_crc.c **** {
 181:Drivers/STM32WBxx_HAL_Driver/Src/stm32wbxx_hal_crc.c ****   /* Check the CRC handle allocation */
 182:Drivers/STM32WBxx_HAL_Driver/Src/stm32wbxx_hal_crc.c ****   if (hcrc == NULL)
 183:Drivers/STM32WBxx_HAL_Driver/Src/stm32wbxx_hal_crc.c ****   {
 184:Drivers/STM32WBxx_HAL_Driver/Src/stm32wbxx_hal_crc.c ****     return HAL_ERROR;
 185:Drivers/STM32WBxx_HAL_Driver/Src/stm32wbxx_hal_crc.c ****   }
 186:Drivers/STM32WBxx_HAL_Driver/Src/stm32wbxx_hal_crc.c **** 
 187:Drivers/STM32WBxx_HAL_Driver/Src/stm32wbxx_hal_crc.c ****   /* Check the parameters */
 188:Drivers/STM32WBxx_HAL_Driver/Src/stm32wbxx_hal_crc.c ****   assert_param(IS_CRC_ALL_INSTANCE(hcrc->Instance));
 189:Drivers/STM32WBxx_HAL_Driver/Src/stm32wbxx_hal_crc.c **** 
 190:Drivers/STM32WBxx_HAL_Driver/Src/stm32wbxx_hal_crc.c ****   /* Check the CRC peripheral state */
 191:Drivers/STM32WBxx_HAL_Driver/Src/stm32wbxx_hal_crc.c ****   if (hcrc->State == HAL_CRC_STATE_BUSY)
 192:Drivers/STM32WBxx_HAL_Driver/Src/stm32wbxx_hal_crc.c ****   {
 193:Drivers/STM32WBxx_HAL_Driver/Src/stm32wbxx_hal_crc.c ****     return HAL_BUSY;
 194:Drivers/STM32WBxx_HAL_Driver/Src/stm32wbxx_hal_crc.c ****   }
 195:Drivers/STM32WBxx_HAL_Driver/Src/stm32wbxx_hal_crc.c **** 
 196:Drivers/STM32WBxx_HAL_Driver/Src/stm32wbxx_hal_crc.c ****   /* Change CRC peripheral state */
 197:Drivers/STM32WBxx_HAL_Driver/Src/stm32wbxx_hal_crc.c ****   hcrc->State = HAL_CRC_STATE_BUSY;
 198:Drivers/STM32WBxx_HAL_Driver/Src/stm32wbxx_hal_crc.c **** 
 199:Drivers/STM32WBxx_HAL_Driver/Src/stm32wbxx_hal_crc.c ****   /* Reset CRC calculation unit */
 200:Drivers/STM32WBxx_HAL_Driver/Src/stm32wbxx_hal_crc.c ****   __HAL_CRC_DR_RESET(hcrc);
 201:Drivers/STM32WBxx_HAL_Driver/Src/stm32wbxx_hal_crc.c **** 
ARM GAS  C:\Users\bku598\AppData\Local\Temp\cclhiXQI.s 			page 5


 202:Drivers/STM32WBxx_HAL_Driver/Src/stm32wbxx_hal_crc.c ****   /* Reset IDR register content */
 203:Drivers/STM32WBxx_HAL_Driver/Src/stm32wbxx_hal_crc.c ****   CLEAR_REG(hcrc->Instance->IDR);
 204:Drivers/STM32WBxx_HAL_Driver/Src/stm32wbxx_hal_crc.c **** 
 205:Drivers/STM32WBxx_HAL_Driver/Src/stm32wbxx_hal_crc.c ****   /* DeInit the low level hardware */
 206:Drivers/STM32WBxx_HAL_Driver/Src/stm32wbxx_hal_crc.c ****   HAL_CRC_MspDeInit(hcrc);
 207:Drivers/STM32WBxx_HAL_Driver/Src/stm32wbxx_hal_crc.c **** 
 208:Drivers/STM32WBxx_HAL_Driver/Src/stm32wbxx_hal_crc.c ****   /* Change CRC peripheral state */
 209:Drivers/STM32WBxx_HAL_Driver/Src/stm32wbxx_hal_crc.c ****   hcrc->State = HAL_CRC_STATE_RESET;
 210:Drivers/STM32WBxx_HAL_Driver/Src/stm32wbxx_hal_crc.c **** 
 211:Drivers/STM32WBxx_HAL_Driver/Src/stm32wbxx_hal_crc.c ****   /* Process unlocked */
 212:Drivers/STM32WBxx_HAL_Driver/Src/stm32wbxx_hal_crc.c ****   __HAL_UNLOCK(hcrc);
 213:Drivers/STM32WBxx_HAL_Driver/Src/stm32wbxx_hal_crc.c **** 
 214:Drivers/STM32WBxx_HAL_Driver/Src/stm32wbxx_hal_crc.c ****   /* Return function status */
 215:Drivers/STM32WBxx_HAL_Driver/Src/stm32wbxx_hal_crc.c ****   return HAL_OK;
 216:Drivers/STM32WBxx_HAL_Driver/Src/stm32wbxx_hal_crc.c **** }
 217:Drivers/STM32WBxx_HAL_Driver/Src/stm32wbxx_hal_crc.c **** 
 218:Drivers/STM32WBxx_HAL_Driver/Src/stm32wbxx_hal_crc.c **** /**
 219:Drivers/STM32WBxx_HAL_Driver/Src/stm32wbxx_hal_crc.c ****   * @brief  Initializes the CRC MSP.
 220:Drivers/STM32WBxx_HAL_Driver/Src/stm32wbxx_hal_crc.c ****   * @param  hcrc CRC handle
 221:Drivers/STM32WBxx_HAL_Driver/Src/stm32wbxx_hal_crc.c ****   * @retval None
 222:Drivers/STM32WBxx_HAL_Driver/Src/stm32wbxx_hal_crc.c ****   */
 223:Drivers/STM32WBxx_HAL_Driver/Src/stm32wbxx_hal_crc.c **** __weak void HAL_CRC_MspInit(CRC_HandleTypeDef *hcrc)
 224:Drivers/STM32WBxx_HAL_Driver/Src/stm32wbxx_hal_crc.c **** {
 225:Drivers/STM32WBxx_HAL_Driver/Src/stm32wbxx_hal_crc.c ****   /* Prevent unused argument(s) compilation warning */
 226:Drivers/STM32WBxx_HAL_Driver/Src/stm32wbxx_hal_crc.c ****   UNUSED(hcrc);
 227:Drivers/STM32WBxx_HAL_Driver/Src/stm32wbxx_hal_crc.c **** 
 228:Drivers/STM32WBxx_HAL_Driver/Src/stm32wbxx_hal_crc.c ****   /* NOTE : This function should not be modified, when the callback is needed,
 229:Drivers/STM32WBxx_HAL_Driver/Src/stm32wbxx_hal_crc.c ****             the HAL_CRC_MspInit can be implemented in the user file
 230:Drivers/STM32WBxx_HAL_Driver/Src/stm32wbxx_hal_crc.c ****    */
 231:Drivers/STM32WBxx_HAL_Driver/Src/stm32wbxx_hal_crc.c **** }
 232:Drivers/STM32WBxx_HAL_Driver/Src/stm32wbxx_hal_crc.c **** 
 233:Drivers/STM32WBxx_HAL_Driver/Src/stm32wbxx_hal_crc.c **** /**
 234:Drivers/STM32WBxx_HAL_Driver/Src/stm32wbxx_hal_crc.c ****   * @brief  DeInitialize the CRC MSP.
 235:Drivers/STM32WBxx_HAL_Driver/Src/stm32wbxx_hal_crc.c ****   * @param  hcrc CRC handle
 236:Drivers/STM32WBxx_HAL_Driver/Src/stm32wbxx_hal_crc.c ****   * @retval None
 237:Drivers/STM32WBxx_HAL_Driver/Src/stm32wbxx_hal_crc.c ****   */
 238:Drivers/STM32WBxx_HAL_Driver/Src/stm32wbxx_hal_crc.c **** __weak void HAL_CRC_MspDeInit(CRC_HandleTypeDef *hcrc)
 239:Drivers/STM32WBxx_HAL_Driver/Src/stm32wbxx_hal_crc.c **** {
 240:Drivers/STM32WBxx_HAL_Driver/Src/stm32wbxx_hal_crc.c ****   /* Prevent unused argument(s) compilation warning */
 241:Drivers/STM32WBxx_HAL_Driver/Src/stm32wbxx_hal_crc.c ****   UNUSED(hcrc);
 242:Drivers/STM32WBxx_HAL_Driver/Src/stm32wbxx_hal_crc.c **** 
 243:Drivers/STM32WBxx_HAL_Driver/Src/stm32wbxx_hal_crc.c ****   /* NOTE : This function should not be modified, when the callback is needed,
 244:Drivers/STM32WBxx_HAL_Driver/Src/stm32wbxx_hal_crc.c ****             the HAL_CRC_MspDeInit can be implemented in the user file
 245:Drivers/STM32WBxx_HAL_Driver/Src/stm32wbxx_hal_crc.c ****    */
 246:Drivers/STM32WBxx_HAL_Driver/Src/stm32wbxx_hal_crc.c **** }
 247:Drivers/STM32WBxx_HAL_Driver/Src/stm32wbxx_hal_crc.c **** 
 248:Drivers/STM32WBxx_HAL_Driver/Src/stm32wbxx_hal_crc.c **** /**
 249:Drivers/STM32WBxx_HAL_Driver/Src/stm32wbxx_hal_crc.c ****   * @}
 250:Drivers/STM32WBxx_HAL_Driver/Src/stm32wbxx_hal_crc.c ****   */
 251:Drivers/STM32WBxx_HAL_Driver/Src/stm32wbxx_hal_crc.c **** 
 252:Drivers/STM32WBxx_HAL_Driver/Src/stm32wbxx_hal_crc.c **** /** @defgroup CRC_Exported_Functions_Group2 Peripheral Control functions
 253:Drivers/STM32WBxx_HAL_Driver/Src/stm32wbxx_hal_crc.c ****   *  @brief    management functions.
 254:Drivers/STM32WBxx_HAL_Driver/Src/stm32wbxx_hal_crc.c ****   *
 255:Drivers/STM32WBxx_HAL_Driver/Src/stm32wbxx_hal_crc.c **** @verbatim
 256:Drivers/STM32WBxx_HAL_Driver/Src/stm32wbxx_hal_crc.c ****  ===============================================================================
 257:Drivers/STM32WBxx_HAL_Driver/Src/stm32wbxx_hal_crc.c ****                       ##### Peripheral Control functions #####
 258:Drivers/STM32WBxx_HAL_Driver/Src/stm32wbxx_hal_crc.c ****  ===============================================================================
ARM GAS  C:\Users\bku598\AppData\Local\Temp\cclhiXQI.s 			page 6


 259:Drivers/STM32WBxx_HAL_Driver/Src/stm32wbxx_hal_crc.c ****     [..]  This section provides functions allowing to:
 260:Drivers/STM32WBxx_HAL_Driver/Src/stm32wbxx_hal_crc.c ****       (+) compute the 7, 8, 16 or 32-bit CRC value of an 8, 16 or 32-bit data buffer
 261:Drivers/STM32WBxx_HAL_Driver/Src/stm32wbxx_hal_crc.c ****           using combination of the previous CRC value and the new one.
 262:Drivers/STM32WBxx_HAL_Driver/Src/stm32wbxx_hal_crc.c **** 
 263:Drivers/STM32WBxx_HAL_Driver/Src/stm32wbxx_hal_crc.c ****        [..]  or
 264:Drivers/STM32WBxx_HAL_Driver/Src/stm32wbxx_hal_crc.c **** 
 265:Drivers/STM32WBxx_HAL_Driver/Src/stm32wbxx_hal_crc.c ****       (+) compute the 7, 8, 16 or 32-bit CRC value of an 8, 16 or 32-bit data buffer
 266:Drivers/STM32WBxx_HAL_Driver/Src/stm32wbxx_hal_crc.c ****           independently of the previous CRC value.
 267:Drivers/STM32WBxx_HAL_Driver/Src/stm32wbxx_hal_crc.c **** 
 268:Drivers/STM32WBxx_HAL_Driver/Src/stm32wbxx_hal_crc.c **** @endverbatim
 269:Drivers/STM32WBxx_HAL_Driver/Src/stm32wbxx_hal_crc.c ****   * @{
 270:Drivers/STM32WBxx_HAL_Driver/Src/stm32wbxx_hal_crc.c ****   */
 271:Drivers/STM32WBxx_HAL_Driver/Src/stm32wbxx_hal_crc.c **** 
 272:Drivers/STM32WBxx_HAL_Driver/Src/stm32wbxx_hal_crc.c **** /**
 273:Drivers/STM32WBxx_HAL_Driver/Src/stm32wbxx_hal_crc.c ****   * @brief  Compute the 7, 8, 16 or 32-bit CRC value of an 8, 16 or 32-bit data buffer
 274:Drivers/STM32WBxx_HAL_Driver/Src/stm32wbxx_hal_crc.c ****   *         starting with the previously computed CRC as initialization value.
 275:Drivers/STM32WBxx_HAL_Driver/Src/stm32wbxx_hal_crc.c ****   * @param  hcrc CRC handle
 276:Drivers/STM32WBxx_HAL_Driver/Src/stm32wbxx_hal_crc.c ****   * @param  pBuffer pointer to the input data buffer, exact input data format is
 277:Drivers/STM32WBxx_HAL_Driver/Src/stm32wbxx_hal_crc.c ****   *         provided by hcrc->InputDataFormat.
 278:Drivers/STM32WBxx_HAL_Driver/Src/stm32wbxx_hal_crc.c ****   * @param  BufferLength input data buffer length (number of bytes if pBuffer
 279:Drivers/STM32WBxx_HAL_Driver/Src/stm32wbxx_hal_crc.c ****   *         type is * uint8_t, number of half-words if pBuffer type is * uint16_t,
 280:Drivers/STM32WBxx_HAL_Driver/Src/stm32wbxx_hal_crc.c ****   *         number of words if pBuffer type is * uint32_t).
 281:Drivers/STM32WBxx_HAL_Driver/Src/stm32wbxx_hal_crc.c ****   * @note  By default, the API expects a uint32_t pointer as input buffer parameter.
 282:Drivers/STM32WBxx_HAL_Driver/Src/stm32wbxx_hal_crc.c ****   *        Input buffer pointers with other types simply need to be cast in uint32_t
 283:Drivers/STM32WBxx_HAL_Driver/Src/stm32wbxx_hal_crc.c ****   *        and the API will internally adjust its input data processing based on the
 284:Drivers/STM32WBxx_HAL_Driver/Src/stm32wbxx_hal_crc.c ****   *        handle field hcrc->InputDataFormat.
 285:Drivers/STM32WBxx_HAL_Driver/Src/stm32wbxx_hal_crc.c ****   * @retval uint32_t CRC (returned value LSBs for CRC shorter than 32 bits)
 286:Drivers/STM32WBxx_HAL_Driver/Src/stm32wbxx_hal_crc.c ****   */
 287:Drivers/STM32WBxx_HAL_Driver/Src/stm32wbxx_hal_crc.c **** uint32_t HAL_CRC_Accumulate(CRC_HandleTypeDef *hcrc, uint32_t pBuffer[], uint32_t BufferLength)
 288:Drivers/STM32WBxx_HAL_Driver/Src/stm32wbxx_hal_crc.c **** {
 289:Drivers/STM32WBxx_HAL_Driver/Src/stm32wbxx_hal_crc.c ****   uint32_t index;      /* CRC input data buffer index */
 290:Drivers/STM32WBxx_HAL_Driver/Src/stm32wbxx_hal_crc.c ****   uint32_t temp = 0U;  /* CRC output (read from hcrc->Instance->DR register) */
 291:Drivers/STM32WBxx_HAL_Driver/Src/stm32wbxx_hal_crc.c **** 
 292:Drivers/STM32WBxx_HAL_Driver/Src/stm32wbxx_hal_crc.c ****   /* Change CRC peripheral state */
 293:Drivers/STM32WBxx_HAL_Driver/Src/stm32wbxx_hal_crc.c ****   hcrc->State = HAL_CRC_STATE_BUSY;
 294:Drivers/STM32WBxx_HAL_Driver/Src/stm32wbxx_hal_crc.c **** 
 295:Drivers/STM32WBxx_HAL_Driver/Src/stm32wbxx_hal_crc.c ****   switch (hcrc->InputDataFormat)
 296:Drivers/STM32WBxx_HAL_Driver/Src/stm32wbxx_hal_crc.c ****   {
 297:Drivers/STM32WBxx_HAL_Driver/Src/stm32wbxx_hal_crc.c ****     case CRC_INPUTDATA_FORMAT_WORDS:
 298:Drivers/STM32WBxx_HAL_Driver/Src/stm32wbxx_hal_crc.c ****       /* Enter Data to the CRC calculator */
 299:Drivers/STM32WBxx_HAL_Driver/Src/stm32wbxx_hal_crc.c ****       for (index = 0U; index < BufferLength; index++)
 300:Drivers/STM32WBxx_HAL_Driver/Src/stm32wbxx_hal_crc.c ****       {
 301:Drivers/STM32WBxx_HAL_Driver/Src/stm32wbxx_hal_crc.c ****         hcrc->Instance->DR = pBuffer[index];
 302:Drivers/STM32WBxx_HAL_Driver/Src/stm32wbxx_hal_crc.c ****       }
 303:Drivers/STM32WBxx_HAL_Driver/Src/stm32wbxx_hal_crc.c ****       temp = hcrc->Instance->DR;
 304:Drivers/STM32WBxx_HAL_Driver/Src/stm32wbxx_hal_crc.c ****       break;
 305:Drivers/STM32WBxx_HAL_Driver/Src/stm32wbxx_hal_crc.c **** 
 306:Drivers/STM32WBxx_HAL_Driver/Src/stm32wbxx_hal_crc.c ****     case CRC_INPUTDATA_FORMAT_BYTES:
 307:Drivers/STM32WBxx_HAL_Driver/Src/stm32wbxx_hal_crc.c ****       temp = CRC_Handle_8(hcrc, (uint8_t *)pBuffer, BufferLength);
 308:Drivers/STM32WBxx_HAL_Driver/Src/stm32wbxx_hal_crc.c ****       break;
 309:Drivers/STM32WBxx_HAL_Driver/Src/stm32wbxx_hal_crc.c **** 
 310:Drivers/STM32WBxx_HAL_Driver/Src/stm32wbxx_hal_crc.c ****     case CRC_INPUTDATA_FORMAT_HALFWORDS:
 311:Drivers/STM32WBxx_HAL_Driver/Src/stm32wbxx_hal_crc.c ****       temp = CRC_Handle_16(hcrc, (uint16_t *)(void *)pBuffer, BufferLength);    /* Derogation Misra
 312:Drivers/STM32WBxx_HAL_Driver/Src/stm32wbxx_hal_crc.c ****       break;
 313:Drivers/STM32WBxx_HAL_Driver/Src/stm32wbxx_hal_crc.c ****     default:
 314:Drivers/STM32WBxx_HAL_Driver/Src/stm32wbxx_hal_crc.c ****       break;
 315:Drivers/STM32WBxx_HAL_Driver/Src/stm32wbxx_hal_crc.c ****   }
ARM GAS  C:\Users\bku598\AppData\Local\Temp\cclhiXQI.s 			page 7


 316:Drivers/STM32WBxx_HAL_Driver/Src/stm32wbxx_hal_crc.c **** 
 317:Drivers/STM32WBxx_HAL_Driver/Src/stm32wbxx_hal_crc.c ****   /* Change CRC peripheral state */
 318:Drivers/STM32WBxx_HAL_Driver/Src/stm32wbxx_hal_crc.c ****   hcrc->State = HAL_CRC_STATE_READY;
 319:Drivers/STM32WBxx_HAL_Driver/Src/stm32wbxx_hal_crc.c **** 
 320:Drivers/STM32WBxx_HAL_Driver/Src/stm32wbxx_hal_crc.c ****   /* Return the CRC computed value */
 321:Drivers/STM32WBxx_HAL_Driver/Src/stm32wbxx_hal_crc.c ****   return temp;
 322:Drivers/STM32WBxx_HAL_Driver/Src/stm32wbxx_hal_crc.c **** }
 323:Drivers/STM32WBxx_HAL_Driver/Src/stm32wbxx_hal_crc.c **** 
 324:Drivers/STM32WBxx_HAL_Driver/Src/stm32wbxx_hal_crc.c **** /**
 325:Drivers/STM32WBxx_HAL_Driver/Src/stm32wbxx_hal_crc.c ****   * @brief  Compute the 7, 8, 16 or 32-bit CRC value of an 8, 16 or 32-bit data buffer
 326:Drivers/STM32WBxx_HAL_Driver/Src/stm32wbxx_hal_crc.c ****   *         starting with hcrc->Instance->INIT as initialization value.
 327:Drivers/STM32WBxx_HAL_Driver/Src/stm32wbxx_hal_crc.c ****   * @param  hcrc CRC handle
 328:Drivers/STM32WBxx_HAL_Driver/Src/stm32wbxx_hal_crc.c ****   * @param  pBuffer pointer to the input data buffer, exact input data format is
 329:Drivers/STM32WBxx_HAL_Driver/Src/stm32wbxx_hal_crc.c ****   *         provided by hcrc->InputDataFormat.
 330:Drivers/STM32WBxx_HAL_Driver/Src/stm32wbxx_hal_crc.c ****   * @param  BufferLength input data buffer length (number of bytes if pBuffer
 331:Drivers/STM32WBxx_HAL_Driver/Src/stm32wbxx_hal_crc.c ****   *         type is * uint8_t, number of half-words if pBuffer type is * uint16_t,
 332:Drivers/STM32WBxx_HAL_Driver/Src/stm32wbxx_hal_crc.c ****   *         number of words if pBuffer type is * uint32_t).
 333:Drivers/STM32WBxx_HAL_Driver/Src/stm32wbxx_hal_crc.c ****   * @note  By default, the API expects a uint32_t pointer as input buffer parameter.
 334:Drivers/STM32WBxx_HAL_Driver/Src/stm32wbxx_hal_crc.c ****   *        Input buffer pointers with other types simply need to be cast in uint32_t
 335:Drivers/STM32WBxx_HAL_Driver/Src/stm32wbxx_hal_crc.c ****   *        and the API will internally adjust its input data processing based on the
 336:Drivers/STM32WBxx_HAL_Driver/Src/stm32wbxx_hal_crc.c ****   *        handle field hcrc->InputDataFormat.
 337:Drivers/STM32WBxx_HAL_Driver/Src/stm32wbxx_hal_crc.c ****   * @retval uint32_t CRC (returned value LSBs for CRC shorter than 32 bits)
 338:Drivers/STM32WBxx_HAL_Driver/Src/stm32wbxx_hal_crc.c ****   */
 339:Drivers/STM32WBxx_HAL_Driver/Src/stm32wbxx_hal_crc.c **** uint32_t HAL_CRC_Calculate(CRC_HandleTypeDef *hcrc, uint32_t pBuffer[], uint32_t BufferLength)
 340:Drivers/STM32WBxx_HAL_Driver/Src/stm32wbxx_hal_crc.c **** {
 341:Drivers/STM32WBxx_HAL_Driver/Src/stm32wbxx_hal_crc.c ****   uint32_t index;      /* CRC input data buffer index */
 342:Drivers/STM32WBxx_HAL_Driver/Src/stm32wbxx_hal_crc.c ****   uint32_t temp = 0U;  /* CRC output (read from hcrc->Instance->DR register) */
 343:Drivers/STM32WBxx_HAL_Driver/Src/stm32wbxx_hal_crc.c **** 
 344:Drivers/STM32WBxx_HAL_Driver/Src/stm32wbxx_hal_crc.c ****   /* Change CRC peripheral state */
 345:Drivers/STM32WBxx_HAL_Driver/Src/stm32wbxx_hal_crc.c ****   hcrc->State = HAL_CRC_STATE_BUSY;
 346:Drivers/STM32WBxx_HAL_Driver/Src/stm32wbxx_hal_crc.c **** 
 347:Drivers/STM32WBxx_HAL_Driver/Src/stm32wbxx_hal_crc.c ****   /* Reset CRC Calculation Unit (hcrc->Instance->INIT is
 348:Drivers/STM32WBxx_HAL_Driver/Src/stm32wbxx_hal_crc.c ****   *  written in hcrc->Instance->DR) */
 349:Drivers/STM32WBxx_HAL_Driver/Src/stm32wbxx_hal_crc.c ****   __HAL_CRC_DR_RESET(hcrc);
 350:Drivers/STM32WBxx_HAL_Driver/Src/stm32wbxx_hal_crc.c **** 
 351:Drivers/STM32WBxx_HAL_Driver/Src/stm32wbxx_hal_crc.c ****   switch (hcrc->InputDataFormat)
 352:Drivers/STM32WBxx_HAL_Driver/Src/stm32wbxx_hal_crc.c ****   {
 353:Drivers/STM32WBxx_HAL_Driver/Src/stm32wbxx_hal_crc.c ****     case CRC_INPUTDATA_FORMAT_WORDS:
 354:Drivers/STM32WBxx_HAL_Driver/Src/stm32wbxx_hal_crc.c ****       /* Enter 32-bit input data to the CRC calculator */
 355:Drivers/STM32WBxx_HAL_Driver/Src/stm32wbxx_hal_crc.c ****       for (index = 0U; index < BufferLength; index++)
 356:Drivers/STM32WBxx_HAL_Driver/Src/stm32wbxx_hal_crc.c ****       {
 357:Drivers/STM32WBxx_HAL_Driver/Src/stm32wbxx_hal_crc.c ****         hcrc->Instance->DR = pBuffer[index];
 358:Drivers/STM32WBxx_HAL_Driver/Src/stm32wbxx_hal_crc.c ****       }
 359:Drivers/STM32WBxx_HAL_Driver/Src/stm32wbxx_hal_crc.c ****       temp = hcrc->Instance->DR;
 360:Drivers/STM32WBxx_HAL_Driver/Src/stm32wbxx_hal_crc.c ****       break;
 361:Drivers/STM32WBxx_HAL_Driver/Src/stm32wbxx_hal_crc.c **** 
 362:Drivers/STM32WBxx_HAL_Driver/Src/stm32wbxx_hal_crc.c ****     case CRC_INPUTDATA_FORMAT_BYTES:
 363:Drivers/STM32WBxx_HAL_Driver/Src/stm32wbxx_hal_crc.c ****       /* Specific 8-bit input data handling  */
 364:Drivers/STM32WBxx_HAL_Driver/Src/stm32wbxx_hal_crc.c ****       temp = CRC_Handle_8(hcrc, (uint8_t *)pBuffer, BufferLength);
 365:Drivers/STM32WBxx_HAL_Driver/Src/stm32wbxx_hal_crc.c ****       break;
 366:Drivers/STM32WBxx_HAL_Driver/Src/stm32wbxx_hal_crc.c **** 
 367:Drivers/STM32WBxx_HAL_Driver/Src/stm32wbxx_hal_crc.c ****     case CRC_INPUTDATA_FORMAT_HALFWORDS:
 368:Drivers/STM32WBxx_HAL_Driver/Src/stm32wbxx_hal_crc.c ****       /* Specific 16-bit input data handling  */
 369:Drivers/STM32WBxx_HAL_Driver/Src/stm32wbxx_hal_crc.c ****       temp = CRC_Handle_16(hcrc, (uint16_t *)(void *)pBuffer, BufferLength);    /* Derogation Misra
 370:Drivers/STM32WBxx_HAL_Driver/Src/stm32wbxx_hal_crc.c ****       break;
 371:Drivers/STM32WBxx_HAL_Driver/Src/stm32wbxx_hal_crc.c **** 
 372:Drivers/STM32WBxx_HAL_Driver/Src/stm32wbxx_hal_crc.c ****     default:
ARM GAS  C:\Users\bku598\AppData\Local\Temp\cclhiXQI.s 			page 8


 373:Drivers/STM32WBxx_HAL_Driver/Src/stm32wbxx_hal_crc.c ****       break;
 374:Drivers/STM32WBxx_HAL_Driver/Src/stm32wbxx_hal_crc.c ****   }
 375:Drivers/STM32WBxx_HAL_Driver/Src/stm32wbxx_hal_crc.c **** 
 376:Drivers/STM32WBxx_HAL_Driver/Src/stm32wbxx_hal_crc.c ****   /* Change CRC peripheral state */
 377:Drivers/STM32WBxx_HAL_Driver/Src/stm32wbxx_hal_crc.c ****   hcrc->State = HAL_CRC_STATE_READY;
 378:Drivers/STM32WBxx_HAL_Driver/Src/stm32wbxx_hal_crc.c **** 
 379:Drivers/STM32WBxx_HAL_Driver/Src/stm32wbxx_hal_crc.c ****   /* Return the CRC computed value */
 380:Drivers/STM32WBxx_HAL_Driver/Src/stm32wbxx_hal_crc.c ****   return temp;
 381:Drivers/STM32WBxx_HAL_Driver/Src/stm32wbxx_hal_crc.c **** }
 382:Drivers/STM32WBxx_HAL_Driver/Src/stm32wbxx_hal_crc.c **** 
 383:Drivers/STM32WBxx_HAL_Driver/Src/stm32wbxx_hal_crc.c **** /**
 384:Drivers/STM32WBxx_HAL_Driver/Src/stm32wbxx_hal_crc.c ****   * @}
 385:Drivers/STM32WBxx_HAL_Driver/Src/stm32wbxx_hal_crc.c ****   */
 386:Drivers/STM32WBxx_HAL_Driver/Src/stm32wbxx_hal_crc.c **** 
 387:Drivers/STM32WBxx_HAL_Driver/Src/stm32wbxx_hal_crc.c **** /** @defgroup CRC_Exported_Functions_Group3 Peripheral State functions
 388:Drivers/STM32WBxx_HAL_Driver/Src/stm32wbxx_hal_crc.c ****   *  @brief    Peripheral State functions.
 389:Drivers/STM32WBxx_HAL_Driver/Src/stm32wbxx_hal_crc.c ****   *
 390:Drivers/STM32WBxx_HAL_Driver/Src/stm32wbxx_hal_crc.c **** @verbatim
 391:Drivers/STM32WBxx_HAL_Driver/Src/stm32wbxx_hal_crc.c ****  ===============================================================================
 392:Drivers/STM32WBxx_HAL_Driver/Src/stm32wbxx_hal_crc.c ****                       ##### Peripheral State functions #####
 393:Drivers/STM32WBxx_HAL_Driver/Src/stm32wbxx_hal_crc.c ****  ===============================================================================
 394:Drivers/STM32WBxx_HAL_Driver/Src/stm32wbxx_hal_crc.c ****     [..]
 395:Drivers/STM32WBxx_HAL_Driver/Src/stm32wbxx_hal_crc.c ****     This subsection permits to get in run-time the status of the peripheral.
 396:Drivers/STM32WBxx_HAL_Driver/Src/stm32wbxx_hal_crc.c **** 
 397:Drivers/STM32WBxx_HAL_Driver/Src/stm32wbxx_hal_crc.c **** @endverbatim
 398:Drivers/STM32WBxx_HAL_Driver/Src/stm32wbxx_hal_crc.c ****   * @{
 399:Drivers/STM32WBxx_HAL_Driver/Src/stm32wbxx_hal_crc.c ****   */
 400:Drivers/STM32WBxx_HAL_Driver/Src/stm32wbxx_hal_crc.c **** 
 401:Drivers/STM32WBxx_HAL_Driver/Src/stm32wbxx_hal_crc.c **** /**
 402:Drivers/STM32WBxx_HAL_Driver/Src/stm32wbxx_hal_crc.c ****   * @brief  Return the CRC handle state.
 403:Drivers/STM32WBxx_HAL_Driver/Src/stm32wbxx_hal_crc.c ****   * @param  hcrc CRC handle
 404:Drivers/STM32WBxx_HAL_Driver/Src/stm32wbxx_hal_crc.c ****   * @retval HAL state
 405:Drivers/STM32WBxx_HAL_Driver/Src/stm32wbxx_hal_crc.c ****   */
 406:Drivers/STM32WBxx_HAL_Driver/Src/stm32wbxx_hal_crc.c **** HAL_CRC_StateTypeDef HAL_CRC_GetState(const CRC_HandleTypeDef *hcrc)
 407:Drivers/STM32WBxx_HAL_Driver/Src/stm32wbxx_hal_crc.c **** {
 408:Drivers/STM32WBxx_HAL_Driver/Src/stm32wbxx_hal_crc.c ****   /* Return CRC handle state */
 409:Drivers/STM32WBxx_HAL_Driver/Src/stm32wbxx_hal_crc.c ****   return hcrc->State;
 410:Drivers/STM32WBxx_HAL_Driver/Src/stm32wbxx_hal_crc.c **** }
 411:Drivers/STM32WBxx_HAL_Driver/Src/stm32wbxx_hal_crc.c **** 
 412:Drivers/STM32WBxx_HAL_Driver/Src/stm32wbxx_hal_crc.c **** /**
 413:Drivers/STM32WBxx_HAL_Driver/Src/stm32wbxx_hal_crc.c ****   * @}
 414:Drivers/STM32WBxx_HAL_Driver/Src/stm32wbxx_hal_crc.c ****   */
 415:Drivers/STM32WBxx_HAL_Driver/Src/stm32wbxx_hal_crc.c **** 
 416:Drivers/STM32WBxx_HAL_Driver/Src/stm32wbxx_hal_crc.c **** /**
 417:Drivers/STM32WBxx_HAL_Driver/Src/stm32wbxx_hal_crc.c ****   * @}
 418:Drivers/STM32WBxx_HAL_Driver/Src/stm32wbxx_hal_crc.c ****   */
 419:Drivers/STM32WBxx_HAL_Driver/Src/stm32wbxx_hal_crc.c **** 
 420:Drivers/STM32WBxx_HAL_Driver/Src/stm32wbxx_hal_crc.c **** /** @addtogroup CRC_Private_Functions
 421:Drivers/STM32WBxx_HAL_Driver/Src/stm32wbxx_hal_crc.c ****   * @{
 422:Drivers/STM32WBxx_HAL_Driver/Src/stm32wbxx_hal_crc.c ****   */
 423:Drivers/STM32WBxx_HAL_Driver/Src/stm32wbxx_hal_crc.c **** 
 424:Drivers/STM32WBxx_HAL_Driver/Src/stm32wbxx_hal_crc.c **** /**
 425:Drivers/STM32WBxx_HAL_Driver/Src/stm32wbxx_hal_crc.c ****   * @brief  Enter 8-bit input data to the CRC calculator.
 426:Drivers/STM32WBxx_HAL_Driver/Src/stm32wbxx_hal_crc.c ****   *         Specific data handling to optimize processing time.
 427:Drivers/STM32WBxx_HAL_Driver/Src/stm32wbxx_hal_crc.c ****   * @param  hcrc CRC handle
 428:Drivers/STM32WBxx_HAL_Driver/Src/stm32wbxx_hal_crc.c ****   * @param  pBuffer pointer to the input data buffer
 429:Drivers/STM32WBxx_HAL_Driver/Src/stm32wbxx_hal_crc.c ****   * @param  BufferLength input data buffer length
ARM GAS  C:\Users\bku598\AppData\Local\Temp\cclhiXQI.s 			page 9


 430:Drivers/STM32WBxx_HAL_Driver/Src/stm32wbxx_hal_crc.c ****   * @retval uint32_t CRC (returned value LSBs for CRC shorter than 32 bits)
 431:Drivers/STM32WBxx_HAL_Driver/Src/stm32wbxx_hal_crc.c ****   */
 432:Drivers/STM32WBxx_HAL_Driver/Src/stm32wbxx_hal_crc.c **** static uint32_t CRC_Handle_8(CRC_HandleTypeDef *hcrc, uint8_t pBuffer[], uint32_t BufferLength)
 433:Drivers/STM32WBxx_HAL_Driver/Src/stm32wbxx_hal_crc.c **** {
  29              		.loc 1 433 1 view -0
  30              		.cfi_startproc
  31              		@ args = 0, pretend = 0, frame = 0
  32              		@ frame_needed = 0, uses_anonymous_args = 0
  33              		.loc 1 433 1 is_stmt 0 view .LVU1
  34 0000 10B5     		push	{r4, lr}
  35              	.LCFI0:
  36              		.cfi_def_cfa_offset 8
  37              		.cfi_offset 4, -8
  38              		.cfi_offset 14, -4
 434:Drivers/STM32WBxx_HAL_Driver/Src/stm32wbxx_hal_crc.c ****   uint32_t i; /* input data buffer index */
  39              		.loc 1 434 3 is_stmt 1 view .LVU2
 435:Drivers/STM32WBxx_HAL_Driver/Src/stm32wbxx_hal_crc.c ****   uint16_t data;
  40              		.loc 1 435 3 view .LVU3
 436:Drivers/STM32WBxx_HAL_Driver/Src/stm32wbxx_hal_crc.c ****   __IO uint16_t *pReg;
  41              		.loc 1 436 3 view .LVU4
 437:Drivers/STM32WBxx_HAL_Driver/Src/stm32wbxx_hal_crc.c **** 
 438:Drivers/STM32WBxx_HAL_Driver/Src/stm32wbxx_hal_crc.c ****   /* Processing time optimization: 4 bytes are entered in a row with a single word write,
 439:Drivers/STM32WBxx_HAL_Driver/Src/stm32wbxx_hal_crc.c ****    * last bytes must be carefully fed to the CRC calculator to ensure a correct type
 440:Drivers/STM32WBxx_HAL_Driver/Src/stm32wbxx_hal_crc.c ****    * handling by the peripheral */
 441:Drivers/STM32WBxx_HAL_Driver/Src/stm32wbxx_hal_crc.c ****   for (i = 0U; i < (BufferLength / 4U); i++)
  42              		.loc 1 441 3 view .LVU5
  43              	.LVL1:
  44              		.loc 1 441 10 is_stmt 0 view .LVU6
  45 0002 4FF0000C 		mov	ip, #0
  46              		.loc 1 441 3 view .LVU7
  47 0006 14E0     		b	.L2
  48              	.LVL2:
  49              	.L3:
 442:Drivers/STM32WBxx_HAL_Driver/Src/stm32wbxx_hal_crc.c ****   {
 443:Drivers/STM32WBxx_HAL_Driver/Src/stm32wbxx_hal_crc.c ****     hcrc->Instance->DR = ((uint32_t)pBuffer[4U * i] << 24U) | \
  50              		.loc 1 443 5 is_stmt 1 view .LVU8
  51              		.loc 1 443 44 is_stmt 0 view .LVU9
  52 0008 11F82C40 		ldrb	r4, [r1, ip, lsl #2]	@ zero_extendqisi2
 444:Drivers/STM32WBxx_HAL_Driver/Src/stm32wbxx_hal_crc.c ****                          ((uint32_t)pBuffer[(4U * i) + 1U] << 16U) | \
  53              		.loc 1 444 44 view .LVU10
  54 000c 01EB8C0E 		add	lr, r1, ip, lsl #2
  55 0010 9EF80130 		ldrb	r3, [lr, #1]	@ zero_extendqisi2
  56              		.loc 1 444 60 view .LVU11
  57 0014 1B04     		lsls	r3, r3, #16
 443:Drivers/STM32WBxx_HAL_Driver/Src/stm32wbxx_hal_crc.c ****                          ((uint32_t)pBuffer[(4U * i) + 1U] << 16U) | \
  58              		.loc 1 443 61 view .LVU12
  59 0016 43EA0463 		orr	r3, r3, r4, lsl #24
 445:Drivers/STM32WBxx_HAL_Driver/Src/stm32wbxx_hal_crc.c ****                          ((uint32_t)pBuffer[(4U * i) + 2U] << 8U)  | \
  60              		.loc 1 445 44 view .LVU13
  61 001a 9EF80240 		ldrb	r4, [lr, #2]	@ zero_extendqisi2
 444:Drivers/STM32WBxx_HAL_Driver/Src/stm32wbxx_hal_crc.c ****                          ((uint32_t)pBuffer[(4U * i) + 1U] << 16U) | \
  62              		.loc 1 444 68 view .LVU14
  63 001e 43EA0423 		orr	r3, r3, r4, lsl #8
 446:Drivers/STM32WBxx_HAL_Driver/Src/stm32wbxx_hal_crc.c ****                          (uint32_t)pBuffer[(4U * i) + 3U];
  64              		.loc 1 446 43 view .LVU15
  65 0022 9EF803E0 		ldrb	lr, [lr, #3]	@ zero_extendqisi2
 445:Drivers/STM32WBxx_HAL_Driver/Src/stm32wbxx_hal_crc.c ****                          ((uint32_t)pBuffer[(4U * i) + 2U] << 8U)  | \
ARM GAS  C:\Users\bku598\AppData\Local\Temp\cclhiXQI.s 			page 10


  66              		.loc 1 445 68 view .LVU16
  67 0026 43EA0E03 		orr	r3, r3, lr
 443:Drivers/STM32WBxx_HAL_Driver/Src/stm32wbxx_hal_crc.c ****                          ((uint32_t)pBuffer[(4U * i) + 1U] << 16U) | \
  68              		.loc 1 443 24 view .LVU17
  69 002a 0468     		ldr	r4, [r0]
  70 002c 2360     		str	r3, [r4]
 441:Drivers/STM32WBxx_HAL_Driver/Src/stm32wbxx_hal_crc.c ****   {
  71              		.loc 1 441 42 is_stmt 1 discriminator 3 view .LVU18
  72 002e 0CF1010C 		add	ip, ip, #1
  73              	.LVL3:
  74              	.L2:
 441:Drivers/STM32WBxx_HAL_Driver/Src/stm32wbxx_hal_crc.c ****   {
  75              		.loc 1 441 18 discriminator 1 view .LVU19
  76 0032 BCEB920F 		cmp	ip, r2, lsr #2
  77 0036 E7D3     		bcc	.L3
 447:Drivers/STM32WBxx_HAL_Driver/Src/stm32wbxx_hal_crc.c ****   }
 448:Drivers/STM32WBxx_HAL_Driver/Src/stm32wbxx_hal_crc.c ****   /* last bytes specific handling */
 449:Drivers/STM32WBxx_HAL_Driver/Src/stm32wbxx_hal_crc.c ****   if ((BufferLength % 4U) != 0U)
  78              		.loc 1 449 3 view .LVU20
  79              		.loc 1 449 6 is_stmt 0 view .LVU21
  80 0038 12F00302 		ands	r2, r2, #3
  81              	.LVL4:
  82              		.loc 1 449 6 view .LVU22
  83 003c 16D0     		beq	.L4
 450:Drivers/STM32WBxx_HAL_Driver/Src/stm32wbxx_hal_crc.c ****   {
 451:Drivers/STM32WBxx_HAL_Driver/Src/stm32wbxx_hal_crc.c ****     if ((BufferLength % 4U) == 1U)
  84              		.loc 1 451 5 is_stmt 1 view .LVU23
  85              		.loc 1 451 8 is_stmt 0 view .LVU24
  86 003e 012A     		cmp	r2, #1
  87 0040 10D0     		beq	.L8
 452:Drivers/STM32WBxx_HAL_Driver/Src/stm32wbxx_hal_crc.c ****     {
 453:Drivers/STM32WBxx_HAL_Driver/Src/stm32wbxx_hal_crc.c ****       *(__IO uint8_t *)(__IO void *)(&hcrc->Instance->DR) = pBuffer[4U * i];         /* Derogation 
 454:Drivers/STM32WBxx_HAL_Driver/Src/stm32wbxx_hal_crc.c ****     }
 455:Drivers/STM32WBxx_HAL_Driver/Src/stm32wbxx_hal_crc.c ****     else if ((BufferLength % 4U) == 2U)
  88              		.loc 1 455 10 is_stmt 1 view .LVU25
  89              		.loc 1 455 13 is_stmt 0 view .LVU26
  90 0042 022A     		cmp	r2, #2
  91 0044 15D0     		beq	.L9
 456:Drivers/STM32WBxx_HAL_Driver/Src/stm32wbxx_hal_crc.c ****     {
 457:Drivers/STM32WBxx_HAL_Driver/Src/stm32wbxx_hal_crc.c ****       data = ((uint16_t)(pBuffer[4U * i]) << 8U) | (uint16_t)pBuffer[(4U * i) + 1U];
 458:Drivers/STM32WBxx_HAL_Driver/Src/stm32wbxx_hal_crc.c ****       pReg = (__IO uint16_t *)(__IO void *)(&hcrc->Instance->DR);                    /* Derogation 
 459:Drivers/STM32WBxx_HAL_Driver/Src/stm32wbxx_hal_crc.c ****       *pReg = data;
 460:Drivers/STM32WBxx_HAL_Driver/Src/stm32wbxx_hal_crc.c ****     }
 461:Drivers/STM32WBxx_HAL_Driver/Src/stm32wbxx_hal_crc.c ****     else if ((BufferLength % 4U) == 3U)
  92              		.loc 1 461 10 is_stmt 1 view .LVU27
  93              		.loc 1 461 13 is_stmt 0 view .LVU28
  94 0046 032A     		cmp	r2, #3
  95 0048 10D1     		bne	.L4
 462:Drivers/STM32WBxx_HAL_Driver/Src/stm32wbxx_hal_crc.c ****     {
 463:Drivers/STM32WBxx_HAL_Driver/Src/stm32wbxx_hal_crc.c ****       data = ((uint16_t)(pBuffer[4U * i]) << 8U) | (uint16_t)pBuffer[(4U * i) + 1U];
  96              		.loc 1 463 7 is_stmt 1 view .LVU29
  97              		.loc 1 463 33 is_stmt 0 view .LVU30
  98 004a 11F82C20 		ldrb	r2, [r1, ip, lsl #2]	@ zero_extendqisi2
  99              		.loc 1 463 69 view .LVU31
 100 004e 01EB8C01 		add	r1, r1, ip, lsl #2
 101              	.LVL5:
 102              		.loc 1 463 69 view .LVU32
ARM GAS  C:\Users\bku598\AppData\Local\Temp\cclhiXQI.s 			page 11


 103 0052 4B78     		ldrb	r3, [r1, #1]	@ zero_extendqisi2
 104              		.loc 1 463 12 view .LVU33
 105 0054 43EA0223 		orr	r3, r3, r2, lsl #8
 106              	.LVL6:
 464:Drivers/STM32WBxx_HAL_Driver/Src/stm32wbxx_hal_crc.c ****       pReg = (__IO uint16_t *)(__IO void *)(&hcrc->Instance->DR);                    /* Derogation 
 107              		.loc 1 464 7 is_stmt 1 view .LVU34
 108              		.loc 1 464 50 is_stmt 0 view .LVU35
 109 0058 0268     		ldr	r2, [r0]
 110              	.LVL7:
 465:Drivers/STM32WBxx_HAL_Driver/Src/stm32wbxx_hal_crc.c ****       *pReg = data;
 111              		.loc 1 465 7 is_stmt 1 view .LVU36
 112              		.loc 1 465 13 is_stmt 0 view .LVU37
 113 005a 1380     		strh	r3, [r2]	@ movhi
 466:Drivers/STM32WBxx_HAL_Driver/Src/stm32wbxx_hal_crc.c **** 
 467:Drivers/STM32WBxx_HAL_Driver/Src/stm32wbxx_hal_crc.c ****       *(__IO uint8_t *)(__IO void *)(&hcrc->Instance->DR) = pBuffer[(4U * i) + 2U];  /* Derogation 
 114              		.loc 1 467 7 is_stmt 1 view .LVU38
 115              		.loc 1 467 43 is_stmt 0 view .LVU39
 116 005c 0368     		ldr	r3, [r0]
 117              	.LVL8:
 118              		.loc 1 467 68 view .LVU40
 119 005e 8A78     		ldrb	r2, [r1, #2]	@ zero_extendqisi2
 120              	.LVL9:
 121              		.loc 1 467 59 view .LVU41
 122 0060 1A70     		strb	r2, [r3]
 123              		.loc 1 467 59 view .LVU42
 124 0062 03E0     		b	.L4
 125              	.LVL10:
 126              	.L8:
 453:Drivers/STM32WBxx_HAL_Driver/Src/stm32wbxx_hal_crc.c ****     }
 127              		.loc 1 453 7 is_stmt 1 view .LVU43
 453:Drivers/STM32WBxx_HAL_Driver/Src/stm32wbxx_hal_crc.c ****     }
 128              		.loc 1 453 43 is_stmt 0 view .LVU44
 129 0064 0368     		ldr	r3, [r0]
 453:Drivers/STM32WBxx_HAL_Driver/Src/stm32wbxx_hal_crc.c ****     }
 130              		.loc 1 453 68 view .LVU45
 131 0066 11F82C20 		ldrb	r2, [r1, ip, lsl #2]	@ zero_extendqisi2
 453:Drivers/STM32WBxx_HAL_Driver/Src/stm32wbxx_hal_crc.c ****     }
 132              		.loc 1 453 59 view .LVU46
 133 006a 1A70     		strb	r2, [r3]
 134              	.LVL11:
 135              	.L4:
 468:Drivers/STM32WBxx_HAL_Driver/Src/stm32wbxx_hal_crc.c ****     }
 469:Drivers/STM32WBxx_HAL_Driver/Src/stm32wbxx_hal_crc.c ****     else
 470:Drivers/STM32WBxx_HAL_Driver/Src/stm32wbxx_hal_crc.c ****     {
 471:Drivers/STM32WBxx_HAL_Driver/Src/stm32wbxx_hal_crc.c ****       /* Nothing to do */
 472:Drivers/STM32WBxx_HAL_Driver/Src/stm32wbxx_hal_crc.c ****     }
 136              		.loc 1 472 5 is_stmt 1 view .LVU47
 473:Drivers/STM32WBxx_HAL_Driver/Src/stm32wbxx_hal_crc.c ****   }
 474:Drivers/STM32WBxx_HAL_Driver/Src/stm32wbxx_hal_crc.c **** 
 475:Drivers/STM32WBxx_HAL_Driver/Src/stm32wbxx_hal_crc.c ****   /* Return the CRC computed value */
 476:Drivers/STM32WBxx_HAL_Driver/Src/stm32wbxx_hal_crc.c ****   return hcrc->Instance->DR;
 137              		.loc 1 476 3 view .LVU48
 138              		.loc 1 476 14 is_stmt 0 view .LVU49
 139 006c 0368     		ldr	r3, [r0]
 140              		.loc 1 476 24 view .LVU50
 141 006e 1868     		ldr	r0, [r3]
 142              	.LVL12:
ARM GAS  C:\Users\bku598\AppData\Local\Temp\cclhiXQI.s 			page 12


 477:Drivers/STM32WBxx_HAL_Driver/Src/stm32wbxx_hal_crc.c **** }
 143              		.loc 1 477 1 view .LVU51
 144 0070 10BD     		pop	{r4, pc}
 145              	.LVL13:
 146              	.L9:
 457:Drivers/STM32WBxx_HAL_Driver/Src/stm32wbxx_hal_crc.c ****       pReg = (__IO uint16_t *)(__IO void *)(&hcrc->Instance->DR);                    /* Derogation 
 147              		.loc 1 457 7 is_stmt 1 view .LVU52
 457:Drivers/STM32WBxx_HAL_Driver/Src/stm32wbxx_hal_crc.c ****       pReg = (__IO uint16_t *)(__IO void *)(&hcrc->Instance->DR);                    /* Derogation 
 148              		.loc 1 457 33 is_stmt 0 view .LVU53
 149 0072 11F82C20 		ldrb	r2, [r1, ip, lsl #2]	@ zero_extendqisi2
 457:Drivers/STM32WBxx_HAL_Driver/Src/stm32wbxx_hal_crc.c ****       pReg = (__IO uint16_t *)(__IO void *)(&hcrc->Instance->DR);                    /* Derogation 
 150              		.loc 1 457 69 view .LVU54
 151 0076 01EB8C0C 		add	ip, r1, ip, lsl #2
 152              	.LVL14:
 457:Drivers/STM32WBxx_HAL_Driver/Src/stm32wbxx_hal_crc.c ****       pReg = (__IO uint16_t *)(__IO void *)(&hcrc->Instance->DR);                    /* Derogation 
 153              		.loc 1 457 69 view .LVU55
 154 007a 9CF80130 		ldrb	r3, [ip, #1]	@ zero_extendqisi2
 457:Drivers/STM32WBxx_HAL_Driver/Src/stm32wbxx_hal_crc.c ****       pReg = (__IO uint16_t *)(__IO void *)(&hcrc->Instance->DR);                    /* Derogation 
 155              		.loc 1 457 12 view .LVU56
 156 007e 43EA0223 		orr	r3, r3, r2, lsl #8
 157              	.LVL15:
 458:Drivers/STM32WBxx_HAL_Driver/Src/stm32wbxx_hal_crc.c ****       *pReg = data;
 158              		.loc 1 458 7 is_stmt 1 view .LVU57
 458:Drivers/STM32WBxx_HAL_Driver/Src/stm32wbxx_hal_crc.c ****       *pReg = data;
 159              		.loc 1 458 50 is_stmt 0 view .LVU58
 160 0082 0268     		ldr	r2, [r0]
 161              	.LVL16:
 459:Drivers/STM32WBxx_HAL_Driver/Src/stm32wbxx_hal_crc.c ****     }
 162              		.loc 1 459 7 is_stmt 1 view .LVU59
 459:Drivers/STM32WBxx_HAL_Driver/Src/stm32wbxx_hal_crc.c ****     }
 163              		.loc 1 459 13 is_stmt 0 view .LVU60
 164 0084 1380     		strh	r3, [r2]	@ movhi
 165 0086 F1E7     		b	.L4
 166              		.cfi_endproc
 167              	.LFE1111:
 169              		.section	.text.CRC_Handle_16,"ax",%progbits
 170              		.align	1
 171              		.syntax unified
 172              		.thumb
 173              		.thumb_func
 175              	CRC_Handle_16:
 176              	.LVL17:
 177              	.LFB1112:
 478:Drivers/STM32WBxx_HAL_Driver/Src/stm32wbxx_hal_crc.c **** 
 479:Drivers/STM32WBxx_HAL_Driver/Src/stm32wbxx_hal_crc.c **** /**
 480:Drivers/STM32WBxx_HAL_Driver/Src/stm32wbxx_hal_crc.c ****   * @brief  Enter 16-bit input data to the CRC calculator.
 481:Drivers/STM32WBxx_HAL_Driver/Src/stm32wbxx_hal_crc.c ****   *         Specific data handling to optimize processing time.
 482:Drivers/STM32WBxx_HAL_Driver/Src/stm32wbxx_hal_crc.c ****   * @param  hcrc CRC handle
 483:Drivers/STM32WBxx_HAL_Driver/Src/stm32wbxx_hal_crc.c ****   * @param  pBuffer pointer to the input data buffer
 484:Drivers/STM32WBxx_HAL_Driver/Src/stm32wbxx_hal_crc.c ****   * @param  BufferLength input data buffer length
 485:Drivers/STM32WBxx_HAL_Driver/Src/stm32wbxx_hal_crc.c ****   * @retval uint32_t CRC (returned value LSBs for CRC shorter than 32 bits)
 486:Drivers/STM32WBxx_HAL_Driver/Src/stm32wbxx_hal_crc.c ****   */
 487:Drivers/STM32WBxx_HAL_Driver/Src/stm32wbxx_hal_crc.c **** static uint32_t CRC_Handle_16(CRC_HandleTypeDef *hcrc, uint16_t pBuffer[], uint32_t BufferLength)
 488:Drivers/STM32WBxx_HAL_Driver/Src/stm32wbxx_hal_crc.c **** {
 178              		.loc 1 488 1 is_stmt 1 view -0
 179              		.cfi_startproc
 180              		@ args = 0, pretend = 0, frame = 0
ARM GAS  C:\Users\bku598\AppData\Local\Temp\cclhiXQI.s 			page 13


 181              		@ frame_needed = 0, uses_anonymous_args = 0
 182              		@ link register save eliminated.
 489:Drivers/STM32WBxx_HAL_Driver/Src/stm32wbxx_hal_crc.c ****   uint32_t i;  /* input data buffer index */
 183              		.loc 1 489 3 view .LVU62
 490:Drivers/STM32WBxx_HAL_Driver/Src/stm32wbxx_hal_crc.c ****   __IO uint16_t *pReg;
 184              		.loc 1 490 3 view .LVU63
 491:Drivers/STM32WBxx_HAL_Driver/Src/stm32wbxx_hal_crc.c **** 
 492:Drivers/STM32WBxx_HAL_Driver/Src/stm32wbxx_hal_crc.c ****   /* Processing time optimization: 2 HalfWords are entered in a row with a single word write,
 493:Drivers/STM32WBxx_HAL_Driver/Src/stm32wbxx_hal_crc.c ****    * in case of odd length, last HalfWord must be carefully fed to the CRC calculator to ensure
 494:Drivers/STM32WBxx_HAL_Driver/Src/stm32wbxx_hal_crc.c ****    * a correct type handling by the peripheral */
 495:Drivers/STM32WBxx_HAL_Driver/Src/stm32wbxx_hal_crc.c ****   for (i = 0U; i < (BufferLength / 2U); i++)
 185              		.loc 1 495 3 view .LVU64
 186              		.loc 1 495 10 is_stmt 0 view .LVU65
 187 0000 0023     		movs	r3, #0
 188              	.LVL18:
 189              		.loc 1 495 18 is_stmt 1 discriminator 1 view .LVU66
 190 0002 B3EB520F 		cmp	r3, r2, lsr #1
 191 0006 18D2     		bcs	.L20
 488:Drivers/STM32WBxx_HAL_Driver/Src/stm32wbxx_hal_crc.c ****   uint32_t i;  /* input data buffer index */
 192              		.loc 1 488 1 is_stmt 0 view .LVU67
 193 0008 30B4     		push	{r4, r5}
 194              	.LCFI1:
 195              		.cfi_def_cfa_offset 8
 196              		.cfi_offset 4, -8
 197              		.cfi_offset 5, -4
 198              	.L12:
 496:Drivers/STM32WBxx_HAL_Driver/Src/stm32wbxx_hal_crc.c ****   {
 497:Drivers/STM32WBxx_HAL_Driver/Src/stm32wbxx_hal_crc.c ****     hcrc->Instance->DR = ((uint32_t)pBuffer[2U * i] << 16U) | (uint32_t)pBuffer[(2U * i) + 1U];
 199              		.loc 1 497 5 is_stmt 1 view .LVU68
 200              		.loc 1 497 44 is_stmt 0 view .LVU69
 201 000a 31F823C0 		ldrh	ip, [r1, r3, lsl #2]
 202              		.loc 1 497 80 view .LVU70
 203 000e 01EB8304 		add	r4, r1, r3, lsl #2
 204 0012 6488     		ldrh	r4, [r4, #2]
 205              		.loc 1 497 61 view .LVU71
 206 0014 44EA0C44 		orr	r4, r4, ip, lsl #16
 207              		.loc 1 497 24 view .LVU72
 208 0018 0568     		ldr	r5, [r0]
 209 001a 2C60     		str	r4, [r5]
 495:Drivers/STM32WBxx_HAL_Driver/Src/stm32wbxx_hal_crc.c ****   {
 210              		.loc 1 495 42 is_stmt 1 discriminator 3 view .LVU73
 211 001c 0133     		adds	r3, r3, #1
 212              	.LVL19:
 495:Drivers/STM32WBxx_HAL_Driver/Src/stm32wbxx_hal_crc.c ****   {
 213              		.loc 1 495 18 discriminator 1 view .LVU74
 214 001e B3EB520F 		cmp	r3, r2, lsr #1
 215 0022 F2D3     		bcc	.L12
 498:Drivers/STM32WBxx_HAL_Driver/Src/stm32wbxx_hal_crc.c ****   }
 499:Drivers/STM32WBxx_HAL_Driver/Src/stm32wbxx_hal_crc.c ****   if ((BufferLength % 2U) != 0U)
 216              		.loc 1 499 3 view .LVU75
 217              		.loc 1 499 6 is_stmt 0 view .LVU76
 218 0024 12F0010F 		tst	r2, #1
 219 0028 03D0     		beq	.L13
 500:Drivers/STM32WBxx_HAL_Driver/Src/stm32wbxx_hal_crc.c ****   {
 501:Drivers/STM32WBxx_HAL_Driver/Src/stm32wbxx_hal_crc.c ****     pReg = (__IO uint16_t *)(__IO void *)(&hcrc->Instance->DR);                 /* Derogation Misra
 220              		.loc 1 501 5 is_stmt 1 view .LVU77
 221              		.loc 1 501 48 is_stmt 0 view .LVU78
ARM GAS  C:\Users\bku598\AppData\Local\Temp\cclhiXQI.s 			page 14


 222 002a 0268     		ldr	r2, [r0]
 223              	.LVL20:
 502:Drivers/STM32WBxx_HAL_Driver/Src/stm32wbxx_hal_crc.c ****     *pReg = pBuffer[2U * i];
 224              		.loc 1 502 5 is_stmt 1 view .LVU79
 225              		.loc 1 502 20 is_stmt 0 view .LVU80
 226 002c 31F82330 		ldrh	r3, [r1, r3, lsl #2]
 227              	.LVL21:
 228              		.loc 1 502 11 view .LVU81
 229 0030 1380     		strh	r3, [r2]	@ movhi
 230              	.LVL22:
 231              	.L13:
 503:Drivers/STM32WBxx_HAL_Driver/Src/stm32wbxx_hal_crc.c ****   }
 504:Drivers/STM32WBxx_HAL_Driver/Src/stm32wbxx_hal_crc.c **** 
 505:Drivers/STM32WBxx_HAL_Driver/Src/stm32wbxx_hal_crc.c ****   /* Return the CRC computed value */
 506:Drivers/STM32WBxx_HAL_Driver/Src/stm32wbxx_hal_crc.c ****   return hcrc->Instance->DR;
 232              		.loc 1 506 3 is_stmt 1 view .LVU82
 233              		.loc 1 506 14 is_stmt 0 view .LVU83
 234 0032 0368     		ldr	r3, [r0]
 235              		.loc 1 506 24 view .LVU84
 236 0034 1868     		ldr	r0, [r3]
 237              	.LVL23:
 507:Drivers/STM32WBxx_HAL_Driver/Src/stm32wbxx_hal_crc.c **** }
 238              		.loc 1 507 1 view .LVU85
 239 0036 30BC     		pop	{r4, r5}
 240              	.LCFI2:
 241              		.cfi_restore 5
 242              		.cfi_restore 4
 243              		.cfi_def_cfa_offset 0
 244 0038 7047     		bx	lr
 245              	.LVL24:
 246              	.L20:
 499:Drivers/STM32WBxx_HAL_Driver/Src/stm32wbxx_hal_crc.c ****   {
 247              		.loc 1 499 3 is_stmt 1 view .LVU86
 499:Drivers/STM32WBxx_HAL_Driver/Src/stm32wbxx_hal_crc.c ****   {
 248              		.loc 1 499 6 is_stmt 0 view .LVU87
 249 003a 12F0010F 		tst	r2, #1
 250 003e 03D0     		beq	.L18
 501:Drivers/STM32WBxx_HAL_Driver/Src/stm32wbxx_hal_crc.c ****     *pReg = pBuffer[2U * i];
 251              		.loc 1 501 5 is_stmt 1 view .LVU88
 501:Drivers/STM32WBxx_HAL_Driver/Src/stm32wbxx_hal_crc.c ****     *pReg = pBuffer[2U * i];
 252              		.loc 1 501 48 is_stmt 0 view .LVU89
 253 0040 0268     		ldr	r2, [r0]
 254              	.LVL25:
 502:Drivers/STM32WBxx_HAL_Driver/Src/stm32wbxx_hal_crc.c ****   }
 255              		.loc 1 502 5 is_stmt 1 view .LVU90
 502:Drivers/STM32WBxx_HAL_Driver/Src/stm32wbxx_hal_crc.c ****   }
 256              		.loc 1 502 20 is_stmt 0 view .LVU91
 257 0042 31F82330 		ldrh	r3, [r1, r3, lsl #2]
 258              	.LVL26:
 502:Drivers/STM32WBxx_HAL_Driver/Src/stm32wbxx_hal_crc.c ****   }
 259              		.loc 1 502 11 view .LVU92
 260 0046 1380     		strh	r3, [r2]	@ movhi
 261              	.LVL27:
 262              	.L18:
 506:Drivers/STM32WBxx_HAL_Driver/Src/stm32wbxx_hal_crc.c **** }
 263              		.loc 1 506 3 is_stmt 1 view .LVU93
 506:Drivers/STM32WBxx_HAL_Driver/Src/stm32wbxx_hal_crc.c **** }
ARM GAS  C:\Users\bku598\AppData\Local\Temp\cclhiXQI.s 			page 15


 264              		.loc 1 506 14 is_stmt 0 view .LVU94
 265 0048 0368     		ldr	r3, [r0]
 506:Drivers/STM32WBxx_HAL_Driver/Src/stm32wbxx_hal_crc.c **** }
 266              		.loc 1 506 24 view .LVU95
 267 004a 1868     		ldr	r0, [r3]
 268              	.LVL28:
 269              		.loc 1 507 1 view .LVU96
 270 004c 7047     		bx	lr
 271              		.cfi_endproc
 272              	.LFE1112:
 274              		.section	.text.HAL_CRC_MspInit,"ax",%progbits
 275              		.align	1
 276              		.weak	HAL_CRC_MspInit
 277              		.syntax unified
 278              		.thumb
 279              		.thumb_func
 281              	HAL_CRC_MspInit:
 282              	.LVL29:
 283              	.LFB1106:
 224:Drivers/STM32WBxx_HAL_Driver/Src/stm32wbxx_hal_crc.c ****   /* Prevent unused argument(s) compilation warning */
 284              		.loc 1 224 1 is_stmt 1 view -0
 285              		.cfi_startproc
 286              		@ args = 0, pretend = 0, frame = 0
 287              		@ frame_needed = 0, uses_anonymous_args = 0
 288              		@ link register save eliminated.
 226:Drivers/STM32WBxx_HAL_Driver/Src/stm32wbxx_hal_crc.c **** 
 289              		.loc 1 226 3 view .LVU98
 231:Drivers/STM32WBxx_HAL_Driver/Src/stm32wbxx_hal_crc.c **** 
 290              		.loc 1 231 1 is_stmt 0 view .LVU99
 291 0000 7047     		bx	lr
 292              		.cfi_endproc
 293              	.LFE1106:
 295              		.section	.text.HAL_CRC_Init,"ax",%progbits
 296              		.align	1
 297              		.global	HAL_CRC_Init
 298              		.syntax unified
 299              		.thumb
 300              		.thumb_func
 302              	HAL_CRC_Init:
 303              	.LVL30:
 304              	.LFB1104:
 104:Drivers/STM32WBxx_HAL_Driver/Src/stm32wbxx_hal_crc.c ****   /* Check the CRC handle allocation */
 305              		.loc 1 104 1 is_stmt 1 view -0
 306              		.cfi_startproc
 307              		@ args = 0, pretend = 0, frame = 0
 308              		@ frame_needed = 0, uses_anonymous_args = 0
 106:Drivers/STM32WBxx_HAL_Driver/Src/stm32wbxx_hal_crc.c ****   {
 309              		.loc 1 106 3 view .LVU101
 106:Drivers/STM32WBxx_HAL_Driver/Src/stm32wbxx_hal_crc.c ****   {
 310              		.loc 1 106 6 is_stmt 0 view .LVU102
 311 0000 0028     		cmp	r0, #0
 312 0002 38D0     		beq	.L29
 104:Drivers/STM32WBxx_HAL_Driver/Src/stm32wbxx_hal_crc.c ****   /* Check the CRC handle allocation */
 313              		.loc 1 104 1 view .LVU103
 314 0004 10B5     		push	{r4, lr}
 315              	.LCFI3:
 316              		.cfi_def_cfa_offset 8
ARM GAS  C:\Users\bku598\AppData\Local\Temp\cclhiXQI.s 			page 16


 317              		.cfi_offset 4, -8
 318              		.cfi_offset 14, -4
 319 0006 0446     		mov	r4, r0
 112:Drivers/STM32WBxx_HAL_Driver/Src/stm32wbxx_hal_crc.c **** 
 320              		.loc 1 112 3 is_stmt 1 view .LVU104
 114:Drivers/STM32WBxx_HAL_Driver/Src/stm32wbxx_hal_crc.c ****   {
 321              		.loc 1 114 3 view .LVU105
 114:Drivers/STM32WBxx_HAL_Driver/Src/stm32wbxx_hal_crc.c ****   {
 322              		.loc 1 114 11 is_stmt 0 view .LVU106
 323 0008 437F     		ldrb	r3, [r0, #29]	@ zero_extendqisi2
 114:Drivers/STM32WBxx_HAL_Driver/Src/stm32wbxx_hal_crc.c ****   {
 324              		.loc 1 114 6 view .LVU107
 325 000a 1BB3     		cbz	r3, .L35
 326              	.LVL31:
 327              	.L24:
 122:Drivers/STM32WBxx_HAL_Driver/Src/stm32wbxx_hal_crc.c **** 
 328              		.loc 1 122 3 is_stmt 1 view .LVU108
 122:Drivers/STM32WBxx_HAL_Driver/Src/stm32wbxx_hal_crc.c **** 
 329              		.loc 1 122 15 is_stmt 0 view .LVU109
 330 000c 0223     		movs	r3, #2
 331 000e 6377     		strb	r3, [r4, #29]
 126:Drivers/STM32WBxx_HAL_Driver/Src/stm32wbxx_hal_crc.c ****   if (hcrc->Init.DefaultPolynomialUse == DEFAULT_POLYNOMIAL_ENABLE)
 332              		.loc 1 126 3 is_stmt 1 view .LVU110
 127:Drivers/STM32WBxx_HAL_Driver/Src/stm32wbxx_hal_crc.c ****   {
 333              		.loc 1 127 3 view .LVU111
 127:Drivers/STM32WBxx_HAL_Driver/Src/stm32wbxx_hal_crc.c ****   {
 334              		.loc 1 127 17 is_stmt 0 view .LVU112
 335 0010 2379     		ldrb	r3, [r4, #4]	@ zero_extendqisi2
 127:Drivers/STM32WBxx_HAL_Driver/Src/stm32wbxx_hal_crc.c ****   {
 336              		.loc 1 127 6 view .LVU113
 337 0012 1BBB     		cbnz	r3, .L25
 130:Drivers/STM32WBxx_HAL_Driver/Src/stm32wbxx_hal_crc.c ****     MODIFY_REG(hcrc->Instance->CR, CRC_CR_POLYSIZE, CRC_POLYLENGTH_32B);
 338              		.loc 1 130 5 is_stmt 1 view .LVU114
 339 0014 2368     		ldr	r3, [r4]
 340 0016 194A     		ldr	r2, .L36
 341 0018 5A61     		str	r2, [r3, #20]
 131:Drivers/STM32WBxx_HAL_Driver/Src/stm32wbxx_hal_crc.c ****   }
 342              		.loc 1 131 5 view .LVU115
 343 001a 2268     		ldr	r2, [r4]
 344 001c 9368     		ldr	r3, [r2, #8]
 345 001e 23F01803 		bic	r3, r3, #24
 346 0022 9360     		str	r3, [r2, #8]
 347              	.L26:
 144:Drivers/STM32WBxx_HAL_Driver/Src/stm32wbxx_hal_crc.c ****   if (hcrc->Init.DefaultInitValueUse == DEFAULT_INIT_VALUE_ENABLE)
 348              		.loc 1 144 3 view .LVU116
 145:Drivers/STM32WBxx_HAL_Driver/Src/stm32wbxx_hal_crc.c ****   {
 349              		.loc 1 145 3 view .LVU117
 145:Drivers/STM32WBxx_HAL_Driver/Src/stm32wbxx_hal_crc.c ****   {
 350              		.loc 1 145 17 is_stmt 0 view .LVU118
 351 0024 6379     		ldrb	r3, [r4, #5]	@ zero_extendqisi2
 145:Drivers/STM32WBxx_HAL_Driver/Src/stm32wbxx_hal_crc.c ****   {
 352              		.loc 1 145 6 view .LVU119
 353 0026 13BB     		cbnz	r3, .L27
 147:Drivers/STM32WBxx_HAL_Driver/Src/stm32wbxx_hal_crc.c ****   }
 354              		.loc 1 147 5 is_stmt 1 view .LVU120
 355 0028 2368     		ldr	r3, [r4]
 356 002a 4FF0FF32 		mov	r2, #-1
ARM GAS  C:\Users\bku598\AppData\Local\Temp\cclhiXQI.s 			page 17


 357 002e 1A61     		str	r2, [r3, #16]
 358              	.L28:
 156:Drivers/STM32WBxx_HAL_Driver/Src/stm32wbxx_hal_crc.c ****   MODIFY_REG(hcrc->Instance->CR, CRC_CR_REV_IN, hcrc->Init.InputDataInversionMode);
 359              		.loc 1 156 3 view .LVU121
 157:Drivers/STM32WBxx_HAL_Driver/Src/stm32wbxx_hal_crc.c **** 
 360              		.loc 1 157 3 view .LVU122
 361 0030 2268     		ldr	r2, [r4]
 362 0032 9368     		ldr	r3, [r2, #8]
 363 0034 23F06003 		bic	r3, r3, #96
 364 0038 6169     		ldr	r1, [r4, #20]
 365 003a 0B43     		orrs	r3, r3, r1
 366 003c 9360     		str	r3, [r2, #8]
 160:Drivers/STM32WBxx_HAL_Driver/Src/stm32wbxx_hal_crc.c ****   MODIFY_REG(hcrc->Instance->CR, CRC_CR_REV_OUT, hcrc->Init.OutputDataInversionMode);
 367              		.loc 1 160 3 view .LVU123
 161:Drivers/STM32WBxx_HAL_Driver/Src/stm32wbxx_hal_crc.c **** 
 368              		.loc 1 161 3 view .LVU124
 369 003e 2268     		ldr	r2, [r4]
 370 0040 9368     		ldr	r3, [r2, #8]
 371 0042 23F08003 		bic	r3, r3, #128
 372 0046 A169     		ldr	r1, [r4, #24]
 373 0048 0B43     		orrs	r3, r3, r1
 374 004a 9360     		str	r3, [r2, #8]
 165:Drivers/STM32WBxx_HAL_Driver/Src/stm32wbxx_hal_crc.c **** 
 375              		.loc 1 165 3 view .LVU125
 168:Drivers/STM32WBxx_HAL_Driver/Src/stm32wbxx_hal_crc.c **** 
 376              		.loc 1 168 3 view .LVU126
 168:Drivers/STM32WBxx_HAL_Driver/Src/stm32wbxx_hal_crc.c **** 
 377              		.loc 1 168 15 is_stmt 0 view .LVU127
 378 004c 0123     		movs	r3, #1
 379 004e 6377     		strb	r3, [r4, #29]
 171:Drivers/STM32WBxx_HAL_Driver/Src/stm32wbxx_hal_crc.c **** }
 380              		.loc 1 171 3 is_stmt 1 view .LVU128
 171:Drivers/STM32WBxx_HAL_Driver/Src/stm32wbxx_hal_crc.c **** }
 381              		.loc 1 171 10 is_stmt 0 view .LVU129
 382 0050 0020     		movs	r0, #0
 383              	.L23:
 172:Drivers/STM32WBxx_HAL_Driver/Src/stm32wbxx_hal_crc.c **** 
 384              		.loc 1 172 1 view .LVU130
 385 0052 10BD     		pop	{r4, pc}
 386              	.LVL32:
 387              	.L35:
 117:Drivers/STM32WBxx_HAL_Driver/Src/stm32wbxx_hal_crc.c ****     /* Init the low level hardware */
 388              		.loc 1 117 5 is_stmt 1 view .LVU131
 117:Drivers/STM32WBxx_HAL_Driver/Src/stm32wbxx_hal_crc.c ****     /* Init the low level hardware */
 389              		.loc 1 117 16 is_stmt 0 view .LVU132
 390 0054 0377     		strb	r3, [r0, #28]
 119:Drivers/STM32WBxx_HAL_Driver/Src/stm32wbxx_hal_crc.c ****   }
 391              		.loc 1 119 5 is_stmt 1 view .LVU133
 392 0056 FFF7FEFF 		bl	HAL_CRC_MspInit
 393              	.LVL33:
 119:Drivers/STM32WBxx_HAL_Driver/Src/stm32wbxx_hal_crc.c ****   }
 394              		.loc 1 119 5 is_stmt 0 view .LVU134
 395 005a D7E7     		b	.L24
 396              	.L25:
 136:Drivers/STM32WBxx_HAL_Driver/Src/stm32wbxx_hal_crc.c ****     {
 397              		.loc 1 136 5 is_stmt 1 view .LVU135
 136:Drivers/STM32WBxx_HAL_Driver/Src/stm32wbxx_hal_crc.c ****     {
ARM GAS  C:\Users\bku598\AppData\Local\Temp\cclhiXQI.s 			page 18


 398              		.loc 1 136 9 is_stmt 0 view .LVU136
 399 005c E268     		ldr	r2, [r4, #12]
 400 005e A168     		ldr	r1, [r4, #8]
 401 0060 2046     		mov	r0, r4
 402 0062 FFF7FEFF 		bl	HAL_CRCEx_Polynomial_Set
 403              	.LVL34:
 136:Drivers/STM32WBxx_HAL_Driver/Src/stm32wbxx_hal_crc.c ****     {
 404              		.loc 1 136 8 discriminator 1 view .LVU137
 405 0066 0028     		cmp	r0, #0
 406 0068 DCD0     		beq	.L26
 138:Drivers/STM32WBxx_HAL_Driver/Src/stm32wbxx_hal_crc.c ****     }
 407              		.loc 1 138 14 view .LVU138
 408 006a 0120     		movs	r0, #1
 409 006c F1E7     		b	.L23
 410              	.L27:
 151:Drivers/STM32WBxx_HAL_Driver/Src/stm32wbxx_hal_crc.c ****   }
 411              		.loc 1 151 5 is_stmt 1 view .LVU139
 412 006e 2368     		ldr	r3, [r4]
 413 0070 2269     		ldr	r2, [r4, #16]
 414 0072 1A61     		str	r2, [r3, #16]
 415 0074 DCE7     		b	.L28
 416              	.LVL35:
 417              	.L29:
 418              	.LCFI4:
 419              		.cfi_def_cfa_offset 0
 420              		.cfi_restore 4
 421              		.cfi_restore 14
 108:Drivers/STM32WBxx_HAL_Driver/Src/stm32wbxx_hal_crc.c ****   }
 422              		.loc 1 108 12 is_stmt 0 view .LVU140
 423 0076 0120     		movs	r0, #1
 424              	.LVL36:
 172:Drivers/STM32WBxx_HAL_Driver/Src/stm32wbxx_hal_crc.c **** 
 425              		.loc 1 172 1 view .LVU141
 426 0078 7047     		bx	lr
 427              	.L37:
 428 007a 00BF     		.align	2
 429              	.L36:
 430 007c B71DC104 		.word	79764919
 431              		.cfi_endproc
 432              	.LFE1104:
 434              		.section	.text.HAL_CRC_MspDeInit,"ax",%progbits
 435              		.align	1
 436              		.weak	HAL_CRC_MspDeInit
 437              		.syntax unified
 438              		.thumb
 439              		.thumb_func
 441              	HAL_CRC_MspDeInit:
 442              	.LVL37:
 443              	.LFB1107:
 239:Drivers/STM32WBxx_HAL_Driver/Src/stm32wbxx_hal_crc.c ****   /* Prevent unused argument(s) compilation warning */
 444              		.loc 1 239 1 is_stmt 1 view -0
 445              		.cfi_startproc
 446              		@ args = 0, pretend = 0, frame = 0
 447              		@ frame_needed = 0, uses_anonymous_args = 0
 448              		@ link register save eliminated.
 241:Drivers/STM32WBxx_HAL_Driver/Src/stm32wbxx_hal_crc.c **** 
 449              		.loc 1 241 3 view .LVU143
ARM GAS  C:\Users\bku598\AppData\Local\Temp\cclhiXQI.s 			page 19


 246:Drivers/STM32WBxx_HAL_Driver/Src/stm32wbxx_hal_crc.c **** 
 450              		.loc 1 246 1 is_stmt 0 view .LVU144
 451 0000 7047     		bx	lr
 452              		.cfi_endproc
 453              	.LFE1107:
 455              		.section	.text.HAL_CRC_DeInit,"ax",%progbits
 456              		.align	1
 457              		.global	HAL_CRC_DeInit
 458              		.syntax unified
 459              		.thumb
 460              		.thumb_func
 462              	HAL_CRC_DeInit:
 463              	.LVL38:
 464              	.LFB1105:
 180:Drivers/STM32WBxx_HAL_Driver/Src/stm32wbxx_hal_crc.c ****   /* Check the CRC handle allocation */
 465              		.loc 1 180 1 is_stmt 1 view -0
 466              		.cfi_startproc
 467              		@ args = 0, pretend = 0, frame = 0
 468              		@ frame_needed = 0, uses_anonymous_args = 0
 182:Drivers/STM32WBxx_HAL_Driver/Src/stm32wbxx_hal_crc.c ****   {
 469              		.loc 1 182 3 view .LVU146
 182:Drivers/STM32WBxx_HAL_Driver/Src/stm32wbxx_hal_crc.c ****   {
 470              		.loc 1 182 6 is_stmt 0 view .LVU147
 471 0000 B0B1     		cbz	r0, .L41
 180:Drivers/STM32WBxx_HAL_Driver/Src/stm32wbxx_hal_crc.c ****   /* Check the CRC handle allocation */
 472              		.loc 1 180 1 view .LVU148
 473 0002 38B5     		push	{r3, r4, r5, lr}
 474              	.LCFI5:
 475              		.cfi_def_cfa_offset 16
 476              		.cfi_offset 3, -16
 477              		.cfi_offset 4, -12
 478              		.cfi_offset 5, -8
 479              		.cfi_offset 14, -4
 480 0004 0546     		mov	r5, r0
 188:Drivers/STM32WBxx_HAL_Driver/Src/stm32wbxx_hal_crc.c **** 
 481              		.loc 1 188 3 is_stmt 1 view .LVU149
 191:Drivers/STM32WBxx_HAL_Driver/Src/stm32wbxx_hal_crc.c ****   {
 482              		.loc 1 191 3 view .LVU150
 191:Drivers/STM32WBxx_HAL_Driver/Src/stm32wbxx_hal_crc.c ****   {
 483              		.loc 1 191 11 is_stmt 0 view .LVU151
 484 0006 407F     		ldrb	r0, [r0, #29]	@ zero_extendqisi2
 485              	.LVL39:
 191:Drivers/STM32WBxx_HAL_Driver/Src/stm32wbxx_hal_crc.c ****   {
 486              		.loc 1 191 11 view .LVU152
 487 0008 C0B2     		uxtb	r0, r0
 191:Drivers/STM32WBxx_HAL_Driver/Src/stm32wbxx_hal_crc.c ****   {
 488              		.loc 1 191 6 view .LVU153
 489 000a 0228     		cmp	r0, #2
 490 000c 0FD0     		beq	.L40
 197:Drivers/STM32WBxx_HAL_Driver/Src/stm32wbxx_hal_crc.c **** 
 491              		.loc 1 197 3 is_stmt 1 view .LVU154
 197:Drivers/STM32WBxx_HAL_Driver/Src/stm32wbxx_hal_crc.c **** 
 492              		.loc 1 197 15 is_stmt 0 view .LVU155
 493 000e 0223     		movs	r3, #2
 494 0010 6B77     		strb	r3, [r5, #29]
 200:Drivers/STM32WBxx_HAL_Driver/Src/stm32wbxx_hal_crc.c **** 
 495              		.loc 1 200 3 is_stmt 1 view .LVU156
ARM GAS  C:\Users\bku598\AppData\Local\Temp\cclhiXQI.s 			page 20


 496 0012 2A68     		ldr	r2, [r5]
 497 0014 9368     		ldr	r3, [r2, #8]
 498 0016 43F00103 		orr	r3, r3, #1
 499 001a 9360     		str	r3, [r2, #8]
 203:Drivers/STM32WBxx_HAL_Driver/Src/stm32wbxx_hal_crc.c **** 
 500              		.loc 1 203 3 view .LVU157
 501 001c 2B68     		ldr	r3, [r5]
 502 001e 0024     		movs	r4, #0
 503 0020 5C60     		str	r4, [r3, #4]
 206:Drivers/STM32WBxx_HAL_Driver/Src/stm32wbxx_hal_crc.c **** 
 504              		.loc 1 206 3 view .LVU158
 505 0022 2846     		mov	r0, r5
 506 0024 FFF7FEFF 		bl	HAL_CRC_MspDeInit
 507              	.LVL40:
 209:Drivers/STM32WBxx_HAL_Driver/Src/stm32wbxx_hal_crc.c **** 
 508              		.loc 1 209 3 view .LVU159
 209:Drivers/STM32WBxx_HAL_Driver/Src/stm32wbxx_hal_crc.c **** 
 509              		.loc 1 209 15 is_stmt 0 view .LVU160
 510 0028 6C77     		strb	r4, [r5, #29]
 212:Drivers/STM32WBxx_HAL_Driver/Src/stm32wbxx_hal_crc.c **** 
 511              		.loc 1 212 3 is_stmt 1 view .LVU161
 212:Drivers/STM32WBxx_HAL_Driver/Src/stm32wbxx_hal_crc.c **** 
 512              		.loc 1 212 3 view .LVU162
 513 002a 2C77     		strb	r4, [r5, #28]
 212:Drivers/STM32WBxx_HAL_Driver/Src/stm32wbxx_hal_crc.c **** 
 514              		.loc 1 212 3 view .LVU163
 215:Drivers/STM32WBxx_HAL_Driver/Src/stm32wbxx_hal_crc.c **** }
 515              		.loc 1 215 3 view .LVU164
 215:Drivers/STM32WBxx_HAL_Driver/Src/stm32wbxx_hal_crc.c **** }
 516              		.loc 1 215 10 is_stmt 0 view .LVU165
 517 002c 2046     		mov	r0, r4
 518              	.L40:
 216:Drivers/STM32WBxx_HAL_Driver/Src/stm32wbxx_hal_crc.c **** 
 519              		.loc 1 216 1 view .LVU166
 520 002e 38BD     		pop	{r3, r4, r5, pc}
 521              	.LVL41:
 522              	.L41:
 523              	.LCFI6:
 524              		.cfi_def_cfa_offset 0
 525              		.cfi_restore 3
 526              		.cfi_restore 4
 527              		.cfi_restore 5
 528              		.cfi_restore 14
 184:Drivers/STM32WBxx_HAL_Driver/Src/stm32wbxx_hal_crc.c ****   }
 529              		.loc 1 184 12 view .LVU167
 530 0030 0120     		movs	r0, #1
 531              	.LVL42:
 216:Drivers/STM32WBxx_HAL_Driver/Src/stm32wbxx_hal_crc.c **** 
 532              		.loc 1 216 1 view .LVU168
 533 0032 7047     		bx	lr
 534              		.cfi_endproc
 535              	.LFE1105:
 537              		.section	.text.HAL_CRC_Accumulate,"ax",%progbits
 538              		.align	1
 539              		.global	HAL_CRC_Accumulate
 540              		.syntax unified
 541              		.thumb
ARM GAS  C:\Users\bku598\AppData\Local\Temp\cclhiXQI.s 			page 21


 542              		.thumb_func
 544              	HAL_CRC_Accumulate:
 545              	.LVL43:
 546              	.LFB1108:
 288:Drivers/STM32WBxx_HAL_Driver/Src/stm32wbxx_hal_crc.c ****   uint32_t index;      /* CRC input data buffer index */
 547              		.loc 1 288 1 is_stmt 1 view -0
 548              		.cfi_startproc
 549              		@ args = 0, pretend = 0, frame = 0
 550              		@ frame_needed = 0, uses_anonymous_args = 0
 288:Drivers/STM32WBxx_HAL_Driver/Src/stm32wbxx_hal_crc.c ****   uint32_t index;      /* CRC input data buffer index */
 551              		.loc 1 288 1 is_stmt 0 view .LVU170
 552 0000 38B5     		push	{r3, r4, r5, lr}
 553              	.LCFI7:
 554              		.cfi_def_cfa_offset 16
 555              		.cfi_offset 3, -16
 556              		.cfi_offset 4, -12
 557              		.cfi_offset 5, -8
 558              		.cfi_offset 14, -4
 559 0002 0446     		mov	r4, r0
 289:Drivers/STM32WBxx_HAL_Driver/Src/stm32wbxx_hal_crc.c ****   uint32_t temp = 0U;  /* CRC output (read from hcrc->Instance->DR register) */
 560              		.loc 1 289 3 is_stmt 1 view .LVU171
 290:Drivers/STM32WBxx_HAL_Driver/Src/stm32wbxx_hal_crc.c **** 
 561              		.loc 1 290 3 view .LVU172
 562              	.LVL44:
 293:Drivers/STM32WBxx_HAL_Driver/Src/stm32wbxx_hal_crc.c **** 
 563              		.loc 1 293 3 view .LVU173
 293:Drivers/STM32WBxx_HAL_Driver/Src/stm32wbxx_hal_crc.c **** 
 564              		.loc 1 293 15 is_stmt 0 view .LVU174
 565 0004 0223     		movs	r3, #2
 566 0006 4377     		strb	r3, [r0, #29]
 295:Drivers/STM32WBxx_HAL_Driver/Src/stm32wbxx_hal_crc.c ****   {
 567              		.loc 1 295 3 is_stmt 1 view .LVU175
 295:Drivers/STM32WBxx_HAL_Driver/Src/stm32wbxx_hal_crc.c ****   {
 568              		.loc 1 295 15 is_stmt 0 view .LVU176
 569 0008 036A     		ldr	r3, [r0, #32]
 295:Drivers/STM32WBxx_HAL_Driver/Src/stm32wbxx_hal_crc.c ****   {
 570              		.loc 1 295 3 view .LVU177
 571 000a 022B     		cmp	r3, #2
 572 000c 16D0     		beq	.L47
 573 000e 032B     		cmp	r3, #3
 574 0010 0FD0     		beq	.L52
 575 0012 012B     		cmp	r3, #1
 576 0014 0FD0     		beq	.L49
 577 0016 0020     		movs	r0, #0
 578              	.LVL45:
 579              	.L50:
 318:Drivers/STM32WBxx_HAL_Driver/Src/stm32wbxx_hal_crc.c **** 
 580              		.loc 1 318 3 is_stmt 1 view .LVU178
 318:Drivers/STM32WBxx_HAL_Driver/Src/stm32wbxx_hal_crc.c **** 
 581              		.loc 1 318 15 is_stmt 0 view .LVU179
 582 0018 0123     		movs	r3, #1
 583 001a 6377     		strb	r3, [r4, #29]
 321:Drivers/STM32WBxx_HAL_Driver/Src/stm32wbxx_hal_crc.c **** }
 584              		.loc 1 321 3 is_stmt 1 view .LVU180
 322:Drivers/STM32WBxx_HAL_Driver/Src/stm32wbxx_hal_crc.c **** 
 585              		.loc 1 322 1 is_stmt 0 view .LVU181
 586 001c 38BD     		pop	{r3, r4, r5, pc}
ARM GAS  C:\Users\bku598\AppData\Local\Temp\cclhiXQI.s 			page 22


 587              	.LVL46:
 588              	.L51:
 301:Drivers/STM32WBxx_HAL_Driver/Src/stm32wbxx_hal_crc.c ****       }
 589              		.loc 1 301 9 is_stmt 1 view .LVU182
 301:Drivers/STM32WBxx_HAL_Driver/Src/stm32wbxx_hal_crc.c ****       }
 590              		.loc 1 301 13 is_stmt 0 view .LVU183
 591 001e 2068     		ldr	r0, [r4]
 301:Drivers/STM32WBxx_HAL_Driver/Src/stm32wbxx_hal_crc.c ****       }
 592              		.loc 1 301 28 view .LVU184
 593 0020 51F82350 		ldr	r5, [r1, r3, lsl #2]
 594 0024 0560     		str	r5, [r0]
 299:Drivers/STM32WBxx_HAL_Driver/Src/stm32wbxx_hal_crc.c ****       {
 595              		.loc 1 299 51 is_stmt 1 discriminator 3 view .LVU185
 596 0026 0133     		adds	r3, r3, #1
 597              	.LVL47:
 598              	.L48:
 299:Drivers/STM32WBxx_HAL_Driver/Src/stm32wbxx_hal_crc.c ****       {
 599              		.loc 1 299 30 discriminator 1 view .LVU186
 600 0028 9342     		cmp	r3, r2
 601 002a F8D3     		bcc	.L51
 303:Drivers/STM32WBxx_HAL_Driver/Src/stm32wbxx_hal_crc.c ****       break;
 602              		.loc 1 303 7 view .LVU187
 303:Drivers/STM32WBxx_HAL_Driver/Src/stm32wbxx_hal_crc.c ****       break;
 603              		.loc 1 303 18 is_stmt 0 view .LVU188
 604 002c 2368     		ldr	r3, [r4]
 605              	.LVL48:
 303:Drivers/STM32WBxx_HAL_Driver/Src/stm32wbxx_hal_crc.c ****       break;
 606              		.loc 1 303 12 view .LVU189
 607 002e 1868     		ldr	r0, [r3]
 608              	.LVL49:
 304:Drivers/STM32WBxx_HAL_Driver/Src/stm32wbxx_hal_crc.c **** 
 609              		.loc 1 304 7 is_stmt 1 view .LVU190
 610 0030 F2E7     		b	.L50
 611              	.LVL50:
 612              	.L52:
 295:Drivers/STM32WBxx_HAL_Driver/Src/stm32wbxx_hal_crc.c ****   {
 613              		.loc 1 295 3 is_stmt 0 view .LVU191
 614 0032 0023     		movs	r3, #0
 615 0034 F8E7     		b	.L48
 616              	.L49:
 307:Drivers/STM32WBxx_HAL_Driver/Src/stm32wbxx_hal_crc.c ****       break;
 617              		.loc 1 307 7 is_stmt 1 view .LVU192
 307:Drivers/STM32WBxx_HAL_Driver/Src/stm32wbxx_hal_crc.c ****       break;
 618              		.loc 1 307 14 is_stmt 0 view .LVU193
 619 0036 FFF7FEFF 		bl	CRC_Handle_8
 620              	.LVL51:
 308:Drivers/STM32WBxx_HAL_Driver/Src/stm32wbxx_hal_crc.c **** 
 621              		.loc 1 308 7 is_stmt 1 view .LVU194
 622 003a EDE7     		b	.L50
 623              	.LVL52:
 624              	.L47:
 311:Drivers/STM32WBxx_HAL_Driver/Src/stm32wbxx_hal_crc.c ****       break;
 625              		.loc 1 311 7 view .LVU195
 311:Drivers/STM32WBxx_HAL_Driver/Src/stm32wbxx_hal_crc.c ****       break;
 626              		.loc 1 311 14 is_stmt 0 view .LVU196
 627 003c FFF7FEFF 		bl	CRC_Handle_16
 628              	.LVL53:
ARM GAS  C:\Users\bku598\AppData\Local\Temp\cclhiXQI.s 			page 23


 312:Drivers/STM32WBxx_HAL_Driver/Src/stm32wbxx_hal_crc.c ****     default:
 629              		.loc 1 312 7 is_stmt 1 view .LVU197
 630 0040 EAE7     		b	.L50
 631              		.cfi_endproc
 632              	.LFE1108:
 634              		.section	.text.HAL_CRC_Calculate,"ax",%progbits
 635              		.align	1
 636              		.global	HAL_CRC_Calculate
 637              		.syntax unified
 638              		.thumb
 639              		.thumb_func
 641              	HAL_CRC_Calculate:
 642              	.LVL54:
 643              	.LFB1109:
 340:Drivers/STM32WBxx_HAL_Driver/Src/stm32wbxx_hal_crc.c ****   uint32_t index;      /* CRC input data buffer index */
 644              		.loc 1 340 1 view -0
 645              		.cfi_startproc
 646              		@ args = 0, pretend = 0, frame = 0
 647              		@ frame_needed = 0, uses_anonymous_args = 0
 340:Drivers/STM32WBxx_HAL_Driver/Src/stm32wbxx_hal_crc.c ****   uint32_t index;      /* CRC input data buffer index */
 648              		.loc 1 340 1 is_stmt 0 view .LVU199
 649 0000 38B5     		push	{r3, r4, r5, lr}
 650              	.LCFI8:
 651              		.cfi_def_cfa_offset 16
 652              		.cfi_offset 3, -16
 653              		.cfi_offset 4, -12
 654              		.cfi_offset 5, -8
 655              		.cfi_offset 14, -4
 656 0002 0446     		mov	r4, r0
 341:Drivers/STM32WBxx_HAL_Driver/Src/stm32wbxx_hal_crc.c ****   uint32_t temp = 0U;  /* CRC output (read from hcrc->Instance->DR register) */
 657              		.loc 1 341 3 is_stmt 1 view .LVU200
 342:Drivers/STM32WBxx_HAL_Driver/Src/stm32wbxx_hal_crc.c **** 
 658              		.loc 1 342 3 view .LVU201
 659              	.LVL55:
 345:Drivers/STM32WBxx_HAL_Driver/Src/stm32wbxx_hal_crc.c **** 
 660              		.loc 1 345 3 view .LVU202
 345:Drivers/STM32WBxx_HAL_Driver/Src/stm32wbxx_hal_crc.c **** 
 661              		.loc 1 345 15 is_stmt 0 view .LVU203
 662 0004 0223     		movs	r3, #2
 663 0006 4377     		strb	r3, [r0, #29]
 349:Drivers/STM32WBxx_HAL_Driver/Src/stm32wbxx_hal_crc.c **** 
 664              		.loc 1 349 3 is_stmt 1 view .LVU204
 665 0008 0068     		ldr	r0, [r0]
 666              	.LVL56:
 349:Drivers/STM32WBxx_HAL_Driver/Src/stm32wbxx_hal_crc.c **** 
 667              		.loc 1 349 3 is_stmt 0 view .LVU205
 668 000a 8368     		ldr	r3, [r0, #8]
 669 000c 43F00103 		orr	r3, r3, #1
 670 0010 8360     		str	r3, [r0, #8]
 351:Drivers/STM32WBxx_HAL_Driver/Src/stm32wbxx_hal_crc.c ****   {
 671              		.loc 1 351 3 is_stmt 1 view .LVU206
 351:Drivers/STM32WBxx_HAL_Driver/Src/stm32wbxx_hal_crc.c ****   {
 672              		.loc 1 351 15 is_stmt 0 view .LVU207
 673 0012 236A     		ldr	r3, [r4, #32]
 351:Drivers/STM32WBxx_HAL_Driver/Src/stm32wbxx_hal_crc.c ****   {
 674              		.loc 1 351 3 view .LVU208
 675 0014 022B     		cmp	r3, #2
ARM GAS  C:\Users\bku598\AppData\Local\Temp\cclhiXQI.s 			page 24


 676 0016 17D0     		beq	.L55
 677 0018 032B     		cmp	r3, #3
 678 001a 0FD0     		beq	.L60
 679 001c 012B     		cmp	r3, #1
 680 001e 0FD0     		beq	.L57
 681 0020 0020     		movs	r0, #0
 682              	.LVL57:
 683              	.L58:
 377:Drivers/STM32WBxx_HAL_Driver/Src/stm32wbxx_hal_crc.c **** 
 684              		.loc 1 377 3 is_stmt 1 view .LVU209
 377:Drivers/STM32WBxx_HAL_Driver/Src/stm32wbxx_hal_crc.c **** 
 685              		.loc 1 377 15 is_stmt 0 view .LVU210
 686 0022 0123     		movs	r3, #1
 687 0024 6377     		strb	r3, [r4, #29]
 380:Drivers/STM32WBxx_HAL_Driver/Src/stm32wbxx_hal_crc.c **** }
 688              		.loc 1 380 3 is_stmt 1 view .LVU211
 381:Drivers/STM32WBxx_HAL_Driver/Src/stm32wbxx_hal_crc.c **** 
 689              		.loc 1 381 1 is_stmt 0 view .LVU212
 690 0026 38BD     		pop	{r3, r4, r5, pc}
 691              	.LVL58:
 692              	.L59:
 357:Drivers/STM32WBxx_HAL_Driver/Src/stm32wbxx_hal_crc.c ****       }
 693              		.loc 1 357 9 is_stmt 1 view .LVU213
 357:Drivers/STM32WBxx_HAL_Driver/Src/stm32wbxx_hal_crc.c ****       }
 694              		.loc 1 357 13 is_stmt 0 view .LVU214
 695 0028 2068     		ldr	r0, [r4]
 357:Drivers/STM32WBxx_HAL_Driver/Src/stm32wbxx_hal_crc.c ****       }
 696              		.loc 1 357 28 view .LVU215
 697 002a 51F82350 		ldr	r5, [r1, r3, lsl #2]
 698 002e 0560     		str	r5, [r0]
 355:Drivers/STM32WBxx_HAL_Driver/Src/stm32wbxx_hal_crc.c ****       {
 699              		.loc 1 355 51 is_stmt 1 discriminator 3 view .LVU216
 700 0030 0133     		adds	r3, r3, #1
 701              	.LVL59:
 702              	.L56:
 355:Drivers/STM32WBxx_HAL_Driver/Src/stm32wbxx_hal_crc.c ****       {
 703              		.loc 1 355 30 discriminator 1 view .LVU217
 704 0032 9342     		cmp	r3, r2
 705 0034 F8D3     		bcc	.L59
 359:Drivers/STM32WBxx_HAL_Driver/Src/stm32wbxx_hal_crc.c ****       break;
 706              		.loc 1 359 7 view .LVU218
 359:Drivers/STM32WBxx_HAL_Driver/Src/stm32wbxx_hal_crc.c ****       break;
 707              		.loc 1 359 18 is_stmt 0 view .LVU219
 708 0036 2368     		ldr	r3, [r4]
 709              	.LVL60:
 359:Drivers/STM32WBxx_HAL_Driver/Src/stm32wbxx_hal_crc.c ****       break;
 710              		.loc 1 359 12 view .LVU220
 711 0038 1868     		ldr	r0, [r3]
 712              	.LVL61:
 360:Drivers/STM32WBxx_HAL_Driver/Src/stm32wbxx_hal_crc.c **** 
 713              		.loc 1 360 7 is_stmt 1 view .LVU221
 714 003a F2E7     		b	.L58
 715              	.LVL62:
 716              	.L60:
 351:Drivers/STM32WBxx_HAL_Driver/Src/stm32wbxx_hal_crc.c ****   {
 717              		.loc 1 351 3 is_stmt 0 view .LVU222
 718 003c 0023     		movs	r3, #0
ARM GAS  C:\Users\bku598\AppData\Local\Temp\cclhiXQI.s 			page 25


 719 003e F8E7     		b	.L56
 720              	.L57:
 364:Drivers/STM32WBxx_HAL_Driver/Src/stm32wbxx_hal_crc.c ****       break;
 721              		.loc 1 364 7 is_stmt 1 view .LVU223
 364:Drivers/STM32WBxx_HAL_Driver/Src/stm32wbxx_hal_crc.c ****       break;
 722              		.loc 1 364 14 is_stmt 0 view .LVU224
 723 0040 2046     		mov	r0, r4
 724 0042 FFF7FEFF 		bl	CRC_Handle_8
 725              	.LVL63:
 365:Drivers/STM32WBxx_HAL_Driver/Src/stm32wbxx_hal_crc.c **** 
 726              		.loc 1 365 7 is_stmt 1 view .LVU225
 727 0046 ECE7     		b	.L58
 728              	.LVL64:
 729              	.L55:
 369:Drivers/STM32WBxx_HAL_Driver/Src/stm32wbxx_hal_crc.c ****       break;
 730              		.loc 1 369 7 view .LVU226
 369:Drivers/STM32WBxx_HAL_Driver/Src/stm32wbxx_hal_crc.c ****       break;
 731              		.loc 1 369 14 is_stmt 0 view .LVU227
 732 0048 2046     		mov	r0, r4
 733 004a FFF7FEFF 		bl	CRC_Handle_16
 734              	.LVL65:
 370:Drivers/STM32WBxx_HAL_Driver/Src/stm32wbxx_hal_crc.c **** 
 735              		.loc 1 370 7 is_stmt 1 view .LVU228
 736 004e E8E7     		b	.L58
 737              		.cfi_endproc
 738              	.LFE1109:
 740              		.section	.text.HAL_CRC_GetState,"ax",%progbits
 741              		.align	1
 742              		.global	HAL_CRC_GetState
 743              		.syntax unified
 744              		.thumb
 745              		.thumb_func
 747              	HAL_CRC_GetState:
 748              	.LVL66:
 749              	.LFB1110:
 407:Drivers/STM32WBxx_HAL_Driver/Src/stm32wbxx_hal_crc.c ****   /* Return CRC handle state */
 750              		.loc 1 407 1 view -0
 751              		.cfi_startproc
 752              		@ args = 0, pretend = 0, frame = 0
 753              		@ frame_needed = 0, uses_anonymous_args = 0
 754              		@ link register save eliminated.
 409:Drivers/STM32WBxx_HAL_Driver/Src/stm32wbxx_hal_crc.c **** }
 755              		.loc 1 409 3 view .LVU230
 409:Drivers/STM32WBxx_HAL_Driver/Src/stm32wbxx_hal_crc.c **** }
 756              		.loc 1 409 14 is_stmt 0 view .LVU231
 757 0000 407F     		ldrb	r0, [r0, #29]	@ zero_extendqisi2
 758              	.LVL67:
 410:Drivers/STM32WBxx_HAL_Driver/Src/stm32wbxx_hal_crc.c **** 
 759              		.loc 1 410 1 view .LVU232
 760 0002 7047     		bx	lr
 761              		.cfi_endproc
 762              	.LFE1110:
 764              		.text
 765              	.Letext0:
 766              		.file 2 "C:\\dev\\tools\\gcc-arm-none-eabi-13.3\\bin\\../lib/gcc/arm-none-eabi/13.3.1/../../../../
 767              		.file 3 "C:\\dev\\tools\\gcc-arm-none-eabi-13.3\\bin\\../lib/gcc/arm-none-eabi/13.3.1/../../../../
 768              		.file 4 "Drivers/CMSIS/Device/ST/STM32WBxx/Include/stm32wb55xx.h"
ARM GAS  C:\Users\bku598\AppData\Local\Temp\cclhiXQI.s 			page 26


 769              		.file 5 "Drivers/STM32WBxx_HAL_Driver/Inc/stm32wbxx_hal_def.h"
 770              		.file 6 "Drivers/STM32WBxx_HAL_Driver/Inc/stm32wbxx_hal_crc.h"
 771              		.file 7 "Drivers/STM32WBxx_HAL_Driver/Inc/stm32wbxx_hal_crc_ex.h"
ARM GAS  C:\Users\bku598\AppData\Local\Temp\cclhiXQI.s 			page 27


DEFINED SYMBOLS
                            *ABS*:00000000 stm32wbxx_hal_crc.c
C:\Users\bku598\AppData\Local\Temp\cclhiXQI.s:21     .text.CRC_Handle_8:00000000 $t
C:\Users\bku598\AppData\Local\Temp\cclhiXQI.s:26     .text.CRC_Handle_8:00000000 CRC_Handle_8
C:\Users\bku598\AppData\Local\Temp\cclhiXQI.s:170    .text.CRC_Handle_16:00000000 $t
C:\Users\bku598\AppData\Local\Temp\cclhiXQI.s:175    .text.CRC_Handle_16:00000000 CRC_Handle_16
C:\Users\bku598\AppData\Local\Temp\cclhiXQI.s:275    .text.HAL_CRC_MspInit:00000000 $t
C:\Users\bku598\AppData\Local\Temp\cclhiXQI.s:281    .text.HAL_CRC_MspInit:00000000 HAL_CRC_MspInit
C:\Users\bku598\AppData\Local\Temp\cclhiXQI.s:296    .text.HAL_CRC_Init:00000000 $t
C:\Users\bku598\AppData\Local\Temp\cclhiXQI.s:302    .text.HAL_CRC_Init:00000000 HAL_CRC_Init
C:\Users\bku598\AppData\Local\Temp\cclhiXQI.s:430    .text.HAL_CRC_Init:0000007c $d
C:\Users\bku598\AppData\Local\Temp\cclhiXQI.s:435    .text.HAL_CRC_MspDeInit:00000000 $t
C:\Users\bku598\AppData\Local\Temp\cclhiXQI.s:441    .text.HAL_CRC_MspDeInit:00000000 HAL_CRC_MspDeInit
C:\Users\bku598\AppData\Local\Temp\cclhiXQI.s:456    .text.HAL_CRC_DeInit:00000000 $t
C:\Users\bku598\AppData\Local\Temp\cclhiXQI.s:462    .text.HAL_CRC_DeInit:00000000 HAL_CRC_DeInit
C:\Users\bku598\AppData\Local\Temp\cclhiXQI.s:538    .text.HAL_CRC_Accumulate:00000000 $t
C:\Users\bku598\AppData\Local\Temp\cclhiXQI.s:544    .text.HAL_CRC_Accumulate:00000000 HAL_CRC_Accumulate
C:\Users\bku598\AppData\Local\Temp\cclhiXQI.s:635    .text.HAL_CRC_Calculate:00000000 $t
C:\Users\bku598\AppData\Local\Temp\cclhiXQI.s:641    .text.HAL_CRC_Calculate:00000000 HAL_CRC_Calculate
C:\Users\bku598\AppData\Local\Temp\cclhiXQI.s:741    .text.HAL_CRC_GetState:00000000 $t
C:\Users\bku598\AppData\Local\Temp\cclhiXQI.s:747    .text.HAL_CRC_GetState:00000000 HAL_CRC_GetState

UNDEFINED SYMBOLS
HAL_CRCEx_Polynomial_Set
