ARM GAS  C:\Users\bku598\AppData\Local\Temp\ccdDIvvh.s 			page 1


   1              		.cpu cortex-m4
   2              		.arch armv7e-m
   3              		.fpu fpv4-sp-d16
   4              		.eabi_attribute 27, 1
   5              		.eabi_attribute 28, 1
   6              		.eabi_attribute 20, 1
   7              		.eabi_attribute 21, 1
   8              		.eabi_attribute 23, 3
   9              		.eabi_attribute 24, 1
  10              		.eabi_attribute 25, 1
  11              		.eabi_attribute 26, 1
  12              		.eabi_attribute 30, 1
  13              		.eabi_attribute 34, 1
  14              		.eabi_attribute 18, 4
  15              		.file	"stm_list.c"
  16              		.text
  17              	.Ltext0:
  18              		.cfi_sections	.debug_frame
  19              		.file 1 "Middlewares/ST/STM32_WPAN/utilities/stm_list.c"
  20              		.section	.text.LST_init_head,"ax",%progbits
  21              		.align	1
  22              		.global	LST_init_head
  23              		.syntax unified
  24              		.thumb
  25              		.thumb_func
  27              	LST_init_head:
  28              	.LVL0:
  29              	.LFB1261:
   1:Middlewares/ST/STM32_WPAN/utilities/stm_list.c **** /**
   2:Middlewares/ST/STM32_WPAN/utilities/stm_list.c ****  ******************************************************************************
   3:Middlewares/ST/STM32_WPAN/utilities/stm_list.c ****   * @file    stm_list.c
   4:Middlewares/ST/STM32_WPAN/utilities/stm_list.c ****   * @author  MCD Application Team
   5:Middlewares/ST/STM32_WPAN/utilities/stm_list.c ****   * @brief   TCircular Linked List Implementation.
   6:Middlewares/ST/STM32_WPAN/utilities/stm_list.c ****   ******************************************************************************
   7:Middlewares/ST/STM32_WPAN/utilities/stm_list.c ****   * @attention
   8:Middlewares/ST/STM32_WPAN/utilities/stm_list.c ****   *
   9:Middlewares/ST/STM32_WPAN/utilities/stm_list.c ****   * Copyright (c) 2018-2021 STMicroelectronics.
  10:Middlewares/ST/STM32_WPAN/utilities/stm_list.c ****   * All rights reserved.
  11:Middlewares/ST/STM32_WPAN/utilities/stm_list.c ****   *
  12:Middlewares/ST/STM32_WPAN/utilities/stm_list.c ****   * This software is licensed under terms that can be found in the LICENSE file
  13:Middlewares/ST/STM32_WPAN/utilities/stm_list.c ****   * in the root directory of this software component.
  14:Middlewares/ST/STM32_WPAN/utilities/stm_list.c ****   * If no LICENSE file comes with this software, it is provided AS-IS.
  15:Middlewares/ST/STM32_WPAN/utilities/stm_list.c ****   *
  16:Middlewares/ST/STM32_WPAN/utilities/stm_list.c ****   ******************************************************************************
  17:Middlewares/ST/STM32_WPAN/utilities/stm_list.c ****   */
  18:Middlewares/ST/STM32_WPAN/utilities/stm_list.c **** 
  19:Middlewares/ST/STM32_WPAN/utilities/stm_list.c **** 
  20:Middlewares/ST/STM32_WPAN/utilities/stm_list.c **** /******************************************************************************
  21:Middlewares/ST/STM32_WPAN/utilities/stm_list.c ****  * Include Files
  22:Middlewares/ST/STM32_WPAN/utilities/stm_list.c ****  ******************************************************************************/
  23:Middlewares/ST/STM32_WPAN/utilities/stm_list.c **** #include "utilities_common.h"
  24:Middlewares/ST/STM32_WPAN/utilities/stm_list.c **** 
  25:Middlewares/ST/STM32_WPAN/utilities/stm_list.c **** #include "stm_list.h"
  26:Middlewares/ST/STM32_WPAN/utilities/stm_list.c **** 
  27:Middlewares/ST/STM32_WPAN/utilities/stm_list.c **** /******************************************************************************
  28:Middlewares/ST/STM32_WPAN/utilities/stm_list.c ****  * Function Definitions 
  29:Middlewares/ST/STM32_WPAN/utilities/stm_list.c ****  ******************************************************************************/
ARM GAS  C:\Users\bku598\AppData\Local\Temp\ccdDIvvh.s 			page 2


  30:Middlewares/ST/STM32_WPAN/utilities/stm_list.c **** void LST_init_head (tListNode * listHead)
  31:Middlewares/ST/STM32_WPAN/utilities/stm_list.c **** {
  30              		.loc 1 31 1 view -0
  31              		.cfi_startproc
  32              		@ args = 0, pretend = 0, frame = 0
  33              		@ frame_needed = 0, uses_anonymous_args = 0
  34              		@ link register save eliminated.
  32:Middlewares/ST/STM32_WPAN/utilities/stm_list.c ****   listHead->next = listHead;
  35              		.loc 1 32 3 view .LVU1
  36              		.loc 1 32 18 is_stmt 0 view .LVU2
  37 0000 0060     		str	r0, [r0]	@ unaligned
  33:Middlewares/ST/STM32_WPAN/utilities/stm_list.c ****   listHead->prev = listHead;
  38              		.loc 1 33 3 is_stmt 1 view .LVU3
  39              		.loc 1 33 18 is_stmt 0 view .LVU4
  40 0002 4060     		str	r0, [r0, #4]	@ unaligned
  34:Middlewares/ST/STM32_WPAN/utilities/stm_list.c **** }
  41              		.loc 1 34 1 view .LVU5
  42 0004 7047     		bx	lr
  43              		.cfi_endproc
  44              	.LFE1261:
  46              		.section	.text.LST_is_empty,"ax",%progbits
  47              		.align	1
  48              		.global	LST_is_empty
  49              		.syntax unified
  50              		.thumb
  51              		.thumb_func
  53              	LST_is_empty:
  54              	.LVL1:
  55              	.LFB1262:
  35:Middlewares/ST/STM32_WPAN/utilities/stm_list.c **** 
  36:Middlewares/ST/STM32_WPAN/utilities/stm_list.c **** uint8_t LST_is_empty (tListNode * listHead)
  37:Middlewares/ST/STM32_WPAN/utilities/stm_list.c **** {
  56              		.loc 1 37 1 is_stmt 1 view -0
  57              		.cfi_startproc
  58              		@ args = 0, pretend = 0, frame = 0
  59              		@ frame_needed = 0, uses_anonymous_args = 0
  60              		@ link register save eliminated.
  38:Middlewares/ST/STM32_WPAN/utilities/stm_list.c ****   uint32_t primask_bit;
  61              		.loc 1 38 3 view .LVU7
  39:Middlewares/ST/STM32_WPAN/utilities/stm_list.c ****   uint8_t return_value;
  62              		.loc 1 39 3 view .LVU8
  40:Middlewares/ST/STM32_WPAN/utilities/stm_list.c **** 
  41:Middlewares/ST/STM32_WPAN/utilities/stm_list.c ****   primask_bit = __get_PRIMASK();  /**< backup PRIMASK bit */
  63              		.loc 1 41 3 view .LVU9
  64              	.LBB68:
  65              	.LBI68:
  66              		.file 2 "Drivers/CMSIS/Include/cmsis_gcc.h"
   1:Drivers/CMSIS/Include/cmsis_gcc.h **** /**************************************************************************//**
   2:Drivers/CMSIS/Include/cmsis_gcc.h ****  * @file     cmsis_gcc.h
   3:Drivers/CMSIS/Include/cmsis_gcc.h ****  * @brief    CMSIS compiler GCC header file
   4:Drivers/CMSIS/Include/cmsis_gcc.h ****  * @version  V5.2.0
   5:Drivers/CMSIS/Include/cmsis_gcc.h ****  * @date     08. May 2019
   6:Drivers/CMSIS/Include/cmsis_gcc.h ****  ******************************************************************************/
   7:Drivers/CMSIS/Include/cmsis_gcc.h **** /*
   8:Drivers/CMSIS/Include/cmsis_gcc.h ****  * Copyright (c) 2009-2019 Arm Limited. All rights reserved.
   9:Drivers/CMSIS/Include/cmsis_gcc.h ****  *
  10:Drivers/CMSIS/Include/cmsis_gcc.h ****  * SPDX-License-Identifier: Apache-2.0
ARM GAS  C:\Users\bku598\AppData\Local\Temp\ccdDIvvh.s 			page 3


  11:Drivers/CMSIS/Include/cmsis_gcc.h ****  *
  12:Drivers/CMSIS/Include/cmsis_gcc.h ****  * Licensed under the Apache License, Version 2.0 (the License); you may
  13:Drivers/CMSIS/Include/cmsis_gcc.h ****  * not use this file except in compliance with the License.
  14:Drivers/CMSIS/Include/cmsis_gcc.h ****  * You may obtain a copy of the License at
  15:Drivers/CMSIS/Include/cmsis_gcc.h ****  *
  16:Drivers/CMSIS/Include/cmsis_gcc.h ****  * www.apache.org/licenses/LICENSE-2.0
  17:Drivers/CMSIS/Include/cmsis_gcc.h ****  *
  18:Drivers/CMSIS/Include/cmsis_gcc.h ****  * Unless required by applicable law or agreed to in writing, software
  19:Drivers/CMSIS/Include/cmsis_gcc.h ****  * distributed under the License is distributed on an AS IS BASIS, WITHOUT
  20:Drivers/CMSIS/Include/cmsis_gcc.h ****  * WARRANTIES OR CONDITIONS OF ANY KIND, either express or implied.
  21:Drivers/CMSIS/Include/cmsis_gcc.h ****  * See the License for the specific language governing permissions and
  22:Drivers/CMSIS/Include/cmsis_gcc.h ****  * limitations under the License.
  23:Drivers/CMSIS/Include/cmsis_gcc.h ****  */
  24:Drivers/CMSIS/Include/cmsis_gcc.h **** 
  25:Drivers/CMSIS/Include/cmsis_gcc.h **** #ifndef __CMSIS_GCC_H
  26:Drivers/CMSIS/Include/cmsis_gcc.h **** #define __CMSIS_GCC_H
  27:Drivers/CMSIS/Include/cmsis_gcc.h **** 
  28:Drivers/CMSIS/Include/cmsis_gcc.h **** /* ignore some GCC warnings */
  29:Drivers/CMSIS/Include/cmsis_gcc.h **** #pragma GCC diagnostic push
  30:Drivers/CMSIS/Include/cmsis_gcc.h **** #pragma GCC diagnostic ignored "-Wsign-conversion"
  31:Drivers/CMSIS/Include/cmsis_gcc.h **** #pragma GCC diagnostic ignored "-Wconversion"
  32:Drivers/CMSIS/Include/cmsis_gcc.h **** #pragma GCC diagnostic ignored "-Wunused-parameter"
  33:Drivers/CMSIS/Include/cmsis_gcc.h **** 
  34:Drivers/CMSIS/Include/cmsis_gcc.h **** /* Fallback for __has_builtin */
  35:Drivers/CMSIS/Include/cmsis_gcc.h **** #ifndef __has_builtin
  36:Drivers/CMSIS/Include/cmsis_gcc.h ****   #define __has_builtin(x) (0)
  37:Drivers/CMSIS/Include/cmsis_gcc.h **** #endif
  38:Drivers/CMSIS/Include/cmsis_gcc.h **** 
  39:Drivers/CMSIS/Include/cmsis_gcc.h **** /* CMSIS compiler specific defines */
  40:Drivers/CMSIS/Include/cmsis_gcc.h **** #ifndef   __ASM
  41:Drivers/CMSIS/Include/cmsis_gcc.h ****   #define __ASM                                  __asm
  42:Drivers/CMSIS/Include/cmsis_gcc.h **** #endif
  43:Drivers/CMSIS/Include/cmsis_gcc.h **** #ifndef   __INLINE
  44:Drivers/CMSIS/Include/cmsis_gcc.h ****   #define __INLINE                               inline
  45:Drivers/CMSIS/Include/cmsis_gcc.h **** #endif
  46:Drivers/CMSIS/Include/cmsis_gcc.h **** #ifndef   __STATIC_INLINE
  47:Drivers/CMSIS/Include/cmsis_gcc.h ****   #define __STATIC_INLINE                        static inline
  48:Drivers/CMSIS/Include/cmsis_gcc.h **** #endif
  49:Drivers/CMSIS/Include/cmsis_gcc.h **** #ifndef   __STATIC_FORCEINLINE                 
  50:Drivers/CMSIS/Include/cmsis_gcc.h ****   #define __STATIC_FORCEINLINE                   __attribute__((always_inline)) static inline
  51:Drivers/CMSIS/Include/cmsis_gcc.h **** #endif                                           
  52:Drivers/CMSIS/Include/cmsis_gcc.h **** #ifndef   __NO_RETURN
  53:Drivers/CMSIS/Include/cmsis_gcc.h ****   #define __NO_RETURN                            __attribute__((__noreturn__))
  54:Drivers/CMSIS/Include/cmsis_gcc.h **** #endif
  55:Drivers/CMSIS/Include/cmsis_gcc.h **** #ifndef   __USED
  56:Drivers/CMSIS/Include/cmsis_gcc.h ****   #define __USED                                 __attribute__((used))
  57:Drivers/CMSIS/Include/cmsis_gcc.h **** #endif
  58:Drivers/CMSIS/Include/cmsis_gcc.h **** #ifndef   __WEAK
  59:Drivers/CMSIS/Include/cmsis_gcc.h ****   #define __WEAK                                 __attribute__((weak))
  60:Drivers/CMSIS/Include/cmsis_gcc.h **** #endif
  61:Drivers/CMSIS/Include/cmsis_gcc.h **** #ifndef   __PACKED
  62:Drivers/CMSIS/Include/cmsis_gcc.h ****   #define __PACKED                               __attribute__((packed, aligned(1)))
  63:Drivers/CMSIS/Include/cmsis_gcc.h **** #endif
  64:Drivers/CMSIS/Include/cmsis_gcc.h **** #ifndef   __PACKED_STRUCT
  65:Drivers/CMSIS/Include/cmsis_gcc.h ****   #define __PACKED_STRUCT                        struct __attribute__((packed, aligned(1)))
  66:Drivers/CMSIS/Include/cmsis_gcc.h **** #endif
  67:Drivers/CMSIS/Include/cmsis_gcc.h **** #ifndef   __PACKED_UNION
ARM GAS  C:\Users\bku598\AppData\Local\Temp\ccdDIvvh.s 			page 4


  68:Drivers/CMSIS/Include/cmsis_gcc.h ****   #define __PACKED_UNION                         union __attribute__((packed, aligned(1)))
  69:Drivers/CMSIS/Include/cmsis_gcc.h **** #endif
  70:Drivers/CMSIS/Include/cmsis_gcc.h **** #ifndef   __UNALIGNED_UINT32        /* deprecated */
  71:Drivers/CMSIS/Include/cmsis_gcc.h ****   #pragma GCC diagnostic push
  72:Drivers/CMSIS/Include/cmsis_gcc.h ****   #pragma GCC diagnostic ignored "-Wpacked"
  73:Drivers/CMSIS/Include/cmsis_gcc.h ****   #pragma GCC diagnostic ignored "-Wattributes"
  74:Drivers/CMSIS/Include/cmsis_gcc.h ****   struct __attribute__((packed)) T_UINT32 { uint32_t v; };
  75:Drivers/CMSIS/Include/cmsis_gcc.h ****   #pragma GCC diagnostic pop
  76:Drivers/CMSIS/Include/cmsis_gcc.h ****   #define __UNALIGNED_UINT32(x)                  (((struct T_UINT32 *)(x))->v)
  77:Drivers/CMSIS/Include/cmsis_gcc.h **** #endif
  78:Drivers/CMSIS/Include/cmsis_gcc.h **** #ifndef   __UNALIGNED_UINT16_WRITE
  79:Drivers/CMSIS/Include/cmsis_gcc.h ****   #pragma GCC diagnostic push
  80:Drivers/CMSIS/Include/cmsis_gcc.h ****   #pragma GCC diagnostic ignored "-Wpacked"
  81:Drivers/CMSIS/Include/cmsis_gcc.h ****   #pragma GCC diagnostic ignored "-Wattributes"
  82:Drivers/CMSIS/Include/cmsis_gcc.h ****   __PACKED_STRUCT T_UINT16_WRITE { uint16_t v; };
  83:Drivers/CMSIS/Include/cmsis_gcc.h ****   #pragma GCC diagnostic pop
  84:Drivers/CMSIS/Include/cmsis_gcc.h ****   #define __UNALIGNED_UINT16_WRITE(addr, val)    (void)((((struct T_UINT16_WRITE *)(void *)(addr))-
  85:Drivers/CMSIS/Include/cmsis_gcc.h **** #endif
  86:Drivers/CMSIS/Include/cmsis_gcc.h **** #ifndef   __UNALIGNED_UINT16_READ
  87:Drivers/CMSIS/Include/cmsis_gcc.h ****   #pragma GCC diagnostic push
  88:Drivers/CMSIS/Include/cmsis_gcc.h ****   #pragma GCC diagnostic ignored "-Wpacked"
  89:Drivers/CMSIS/Include/cmsis_gcc.h ****   #pragma GCC diagnostic ignored "-Wattributes"
  90:Drivers/CMSIS/Include/cmsis_gcc.h ****   __PACKED_STRUCT T_UINT16_READ { uint16_t v; };
  91:Drivers/CMSIS/Include/cmsis_gcc.h ****   #pragma GCC diagnostic pop
  92:Drivers/CMSIS/Include/cmsis_gcc.h ****   #define __UNALIGNED_UINT16_READ(addr)          (((const struct T_UINT16_READ *)(const void *)(add
  93:Drivers/CMSIS/Include/cmsis_gcc.h **** #endif
  94:Drivers/CMSIS/Include/cmsis_gcc.h **** #ifndef   __UNALIGNED_UINT32_WRITE
  95:Drivers/CMSIS/Include/cmsis_gcc.h ****   #pragma GCC diagnostic push
  96:Drivers/CMSIS/Include/cmsis_gcc.h ****   #pragma GCC diagnostic ignored "-Wpacked"
  97:Drivers/CMSIS/Include/cmsis_gcc.h ****   #pragma GCC diagnostic ignored "-Wattributes"
  98:Drivers/CMSIS/Include/cmsis_gcc.h ****   __PACKED_STRUCT T_UINT32_WRITE { uint32_t v; };
  99:Drivers/CMSIS/Include/cmsis_gcc.h ****   #pragma GCC diagnostic pop
 100:Drivers/CMSIS/Include/cmsis_gcc.h ****   #define __UNALIGNED_UINT32_WRITE(addr, val)    (void)((((struct T_UINT32_WRITE *)(void *)(addr))-
 101:Drivers/CMSIS/Include/cmsis_gcc.h **** #endif
 102:Drivers/CMSIS/Include/cmsis_gcc.h **** #ifndef   __UNALIGNED_UINT32_READ
 103:Drivers/CMSIS/Include/cmsis_gcc.h ****   #pragma GCC diagnostic push
 104:Drivers/CMSIS/Include/cmsis_gcc.h ****   #pragma GCC diagnostic ignored "-Wpacked"
 105:Drivers/CMSIS/Include/cmsis_gcc.h ****   #pragma GCC diagnostic ignored "-Wattributes"
 106:Drivers/CMSIS/Include/cmsis_gcc.h ****   __PACKED_STRUCT T_UINT32_READ { uint32_t v; };
 107:Drivers/CMSIS/Include/cmsis_gcc.h ****   #pragma GCC diagnostic pop
 108:Drivers/CMSIS/Include/cmsis_gcc.h ****   #define __UNALIGNED_UINT32_READ(addr)          (((const struct T_UINT32_READ *)(const void *)(add
 109:Drivers/CMSIS/Include/cmsis_gcc.h **** #endif
 110:Drivers/CMSIS/Include/cmsis_gcc.h **** #ifndef   __ALIGNED
 111:Drivers/CMSIS/Include/cmsis_gcc.h ****   #define __ALIGNED(x)                           __attribute__((aligned(x)))
 112:Drivers/CMSIS/Include/cmsis_gcc.h **** #endif
 113:Drivers/CMSIS/Include/cmsis_gcc.h **** #ifndef   __RESTRICT
 114:Drivers/CMSIS/Include/cmsis_gcc.h ****   #define __RESTRICT                             __restrict
 115:Drivers/CMSIS/Include/cmsis_gcc.h **** #endif
 116:Drivers/CMSIS/Include/cmsis_gcc.h **** #ifndef   __COMPILER_BARRIER
 117:Drivers/CMSIS/Include/cmsis_gcc.h ****   #define __COMPILER_BARRIER()                   __ASM volatile("":::"memory")
 118:Drivers/CMSIS/Include/cmsis_gcc.h **** #endif
 119:Drivers/CMSIS/Include/cmsis_gcc.h **** 
 120:Drivers/CMSIS/Include/cmsis_gcc.h **** /* #########################  Startup and Lowlevel Init  ######################## */
 121:Drivers/CMSIS/Include/cmsis_gcc.h **** 
 122:Drivers/CMSIS/Include/cmsis_gcc.h **** #ifndef __PROGRAM_START
 123:Drivers/CMSIS/Include/cmsis_gcc.h **** 
 124:Drivers/CMSIS/Include/cmsis_gcc.h **** /**
ARM GAS  C:\Users\bku598\AppData\Local\Temp\ccdDIvvh.s 			page 5


 125:Drivers/CMSIS/Include/cmsis_gcc.h ****   \brief   Initializes data and bss sections
 126:Drivers/CMSIS/Include/cmsis_gcc.h ****   \details This default implementations initialized all data and additional bss
 127:Drivers/CMSIS/Include/cmsis_gcc.h ****            sections relying on .copy.table and .zero.table specified properly
 128:Drivers/CMSIS/Include/cmsis_gcc.h ****            in the used linker script.
 129:Drivers/CMSIS/Include/cmsis_gcc.h ****   
 130:Drivers/CMSIS/Include/cmsis_gcc.h ****  */
 131:Drivers/CMSIS/Include/cmsis_gcc.h **** __STATIC_FORCEINLINE __NO_RETURN void __cmsis_start(void)
 132:Drivers/CMSIS/Include/cmsis_gcc.h **** {
 133:Drivers/CMSIS/Include/cmsis_gcc.h ****   extern void _start(void) __NO_RETURN;
 134:Drivers/CMSIS/Include/cmsis_gcc.h ****   
 135:Drivers/CMSIS/Include/cmsis_gcc.h ****   typedef struct {
 136:Drivers/CMSIS/Include/cmsis_gcc.h ****     uint32_t const* src;
 137:Drivers/CMSIS/Include/cmsis_gcc.h ****     uint32_t* dest;
 138:Drivers/CMSIS/Include/cmsis_gcc.h ****     uint32_t  wlen;
 139:Drivers/CMSIS/Include/cmsis_gcc.h ****   } __copy_table_t;
 140:Drivers/CMSIS/Include/cmsis_gcc.h ****   
 141:Drivers/CMSIS/Include/cmsis_gcc.h ****   typedef struct {
 142:Drivers/CMSIS/Include/cmsis_gcc.h ****     uint32_t* dest;
 143:Drivers/CMSIS/Include/cmsis_gcc.h ****     uint32_t  wlen;
 144:Drivers/CMSIS/Include/cmsis_gcc.h ****   } __zero_table_t;
 145:Drivers/CMSIS/Include/cmsis_gcc.h ****   
 146:Drivers/CMSIS/Include/cmsis_gcc.h ****   extern const __copy_table_t __copy_table_start__;
 147:Drivers/CMSIS/Include/cmsis_gcc.h ****   extern const __copy_table_t __copy_table_end__;
 148:Drivers/CMSIS/Include/cmsis_gcc.h ****   extern const __zero_table_t __zero_table_start__;
 149:Drivers/CMSIS/Include/cmsis_gcc.h ****   extern const __zero_table_t __zero_table_end__;
 150:Drivers/CMSIS/Include/cmsis_gcc.h **** 
 151:Drivers/CMSIS/Include/cmsis_gcc.h ****   for (__copy_table_t const* pTable = &__copy_table_start__; pTable < &__copy_table_end__; ++pTable
 152:Drivers/CMSIS/Include/cmsis_gcc.h ****     for(uint32_t i=0u; i<pTable->wlen; ++i) {
 153:Drivers/CMSIS/Include/cmsis_gcc.h ****       pTable->dest[i] = pTable->src[i];
 154:Drivers/CMSIS/Include/cmsis_gcc.h ****     }
 155:Drivers/CMSIS/Include/cmsis_gcc.h ****   }
 156:Drivers/CMSIS/Include/cmsis_gcc.h ****  
 157:Drivers/CMSIS/Include/cmsis_gcc.h ****   for (__zero_table_t const* pTable = &__zero_table_start__; pTable < &__zero_table_end__; ++pTable
 158:Drivers/CMSIS/Include/cmsis_gcc.h ****     for(uint32_t i=0u; i<pTable->wlen; ++i) {
 159:Drivers/CMSIS/Include/cmsis_gcc.h ****       pTable->dest[i] = 0u;
 160:Drivers/CMSIS/Include/cmsis_gcc.h ****     }
 161:Drivers/CMSIS/Include/cmsis_gcc.h ****   }
 162:Drivers/CMSIS/Include/cmsis_gcc.h ****  
 163:Drivers/CMSIS/Include/cmsis_gcc.h ****   _start();
 164:Drivers/CMSIS/Include/cmsis_gcc.h **** }
 165:Drivers/CMSIS/Include/cmsis_gcc.h ****   
 166:Drivers/CMSIS/Include/cmsis_gcc.h **** #define __PROGRAM_START           __cmsis_start
 167:Drivers/CMSIS/Include/cmsis_gcc.h **** #endif
 168:Drivers/CMSIS/Include/cmsis_gcc.h **** 
 169:Drivers/CMSIS/Include/cmsis_gcc.h **** #ifndef __INITIAL_SP
 170:Drivers/CMSIS/Include/cmsis_gcc.h **** #define __INITIAL_SP              __StackTop
 171:Drivers/CMSIS/Include/cmsis_gcc.h **** #endif
 172:Drivers/CMSIS/Include/cmsis_gcc.h **** 
 173:Drivers/CMSIS/Include/cmsis_gcc.h **** #ifndef __STACK_LIMIT
 174:Drivers/CMSIS/Include/cmsis_gcc.h **** #define __STACK_LIMIT             __StackLimit
 175:Drivers/CMSIS/Include/cmsis_gcc.h **** #endif
 176:Drivers/CMSIS/Include/cmsis_gcc.h **** 
 177:Drivers/CMSIS/Include/cmsis_gcc.h **** #ifndef __VECTOR_TABLE
 178:Drivers/CMSIS/Include/cmsis_gcc.h **** #define __VECTOR_TABLE            __Vectors
 179:Drivers/CMSIS/Include/cmsis_gcc.h **** #endif
 180:Drivers/CMSIS/Include/cmsis_gcc.h **** 
 181:Drivers/CMSIS/Include/cmsis_gcc.h **** #ifndef __VECTOR_TABLE_ATTRIBUTE
ARM GAS  C:\Users\bku598\AppData\Local\Temp\ccdDIvvh.s 			page 6


 182:Drivers/CMSIS/Include/cmsis_gcc.h **** #define __VECTOR_TABLE_ATTRIBUTE  __attribute((used, section(".vectors")))
 183:Drivers/CMSIS/Include/cmsis_gcc.h **** #endif
 184:Drivers/CMSIS/Include/cmsis_gcc.h **** 
 185:Drivers/CMSIS/Include/cmsis_gcc.h **** /* ###########################  Core Function Access  ########################### */
 186:Drivers/CMSIS/Include/cmsis_gcc.h **** /** \ingroup  CMSIS_Core_FunctionInterface
 187:Drivers/CMSIS/Include/cmsis_gcc.h ****     \defgroup CMSIS_Core_RegAccFunctions CMSIS Core Register Access Functions
 188:Drivers/CMSIS/Include/cmsis_gcc.h ****   @{
 189:Drivers/CMSIS/Include/cmsis_gcc.h ****  */
 190:Drivers/CMSIS/Include/cmsis_gcc.h **** 
 191:Drivers/CMSIS/Include/cmsis_gcc.h **** /**
 192:Drivers/CMSIS/Include/cmsis_gcc.h ****   \brief   Enable IRQ Interrupts
 193:Drivers/CMSIS/Include/cmsis_gcc.h ****   \details Enables IRQ interrupts by clearing the I-bit in the CPSR.
 194:Drivers/CMSIS/Include/cmsis_gcc.h ****            Can only be executed in Privileged modes.
 195:Drivers/CMSIS/Include/cmsis_gcc.h ****  */
 196:Drivers/CMSIS/Include/cmsis_gcc.h **** __STATIC_FORCEINLINE void __enable_irq(void)
 197:Drivers/CMSIS/Include/cmsis_gcc.h **** {
 198:Drivers/CMSIS/Include/cmsis_gcc.h ****   __ASM volatile ("cpsie i" : : : "memory");
 199:Drivers/CMSIS/Include/cmsis_gcc.h **** }
 200:Drivers/CMSIS/Include/cmsis_gcc.h **** 
 201:Drivers/CMSIS/Include/cmsis_gcc.h **** 
 202:Drivers/CMSIS/Include/cmsis_gcc.h **** /**
 203:Drivers/CMSIS/Include/cmsis_gcc.h ****   \brief   Disable IRQ Interrupts
 204:Drivers/CMSIS/Include/cmsis_gcc.h ****   \details Disables IRQ interrupts by setting the I-bit in the CPSR.
 205:Drivers/CMSIS/Include/cmsis_gcc.h ****            Can only be executed in Privileged modes.
 206:Drivers/CMSIS/Include/cmsis_gcc.h ****  */
 207:Drivers/CMSIS/Include/cmsis_gcc.h **** __STATIC_FORCEINLINE void __disable_irq(void)
 208:Drivers/CMSIS/Include/cmsis_gcc.h **** {
 209:Drivers/CMSIS/Include/cmsis_gcc.h ****   __ASM volatile ("cpsid i" : : : "memory");
 210:Drivers/CMSIS/Include/cmsis_gcc.h **** }
 211:Drivers/CMSIS/Include/cmsis_gcc.h **** 
 212:Drivers/CMSIS/Include/cmsis_gcc.h **** 
 213:Drivers/CMSIS/Include/cmsis_gcc.h **** /**
 214:Drivers/CMSIS/Include/cmsis_gcc.h ****   \brief   Get Control Register
 215:Drivers/CMSIS/Include/cmsis_gcc.h ****   \details Returns the content of the Control Register.
 216:Drivers/CMSIS/Include/cmsis_gcc.h ****   \return               Control Register value
 217:Drivers/CMSIS/Include/cmsis_gcc.h ****  */
 218:Drivers/CMSIS/Include/cmsis_gcc.h **** __STATIC_FORCEINLINE uint32_t __get_CONTROL(void)
 219:Drivers/CMSIS/Include/cmsis_gcc.h **** {
 220:Drivers/CMSIS/Include/cmsis_gcc.h ****   uint32_t result;
 221:Drivers/CMSIS/Include/cmsis_gcc.h **** 
 222:Drivers/CMSIS/Include/cmsis_gcc.h ****   __ASM volatile ("MRS %0, control" : "=r" (result) );
 223:Drivers/CMSIS/Include/cmsis_gcc.h ****   return(result);
 224:Drivers/CMSIS/Include/cmsis_gcc.h **** }
 225:Drivers/CMSIS/Include/cmsis_gcc.h **** 
 226:Drivers/CMSIS/Include/cmsis_gcc.h **** 
 227:Drivers/CMSIS/Include/cmsis_gcc.h **** #if (defined (__ARM_FEATURE_CMSE ) && (__ARM_FEATURE_CMSE == 3))
 228:Drivers/CMSIS/Include/cmsis_gcc.h **** /**
 229:Drivers/CMSIS/Include/cmsis_gcc.h ****   \brief   Get Control Register (non-secure)
 230:Drivers/CMSIS/Include/cmsis_gcc.h ****   \details Returns the content of the non-secure Control Register when in secure mode.
 231:Drivers/CMSIS/Include/cmsis_gcc.h ****   \return               non-secure Control Register value
 232:Drivers/CMSIS/Include/cmsis_gcc.h ****  */
 233:Drivers/CMSIS/Include/cmsis_gcc.h **** __STATIC_FORCEINLINE uint32_t __TZ_get_CONTROL_NS(void)
 234:Drivers/CMSIS/Include/cmsis_gcc.h **** {
 235:Drivers/CMSIS/Include/cmsis_gcc.h ****   uint32_t result;
 236:Drivers/CMSIS/Include/cmsis_gcc.h **** 
 237:Drivers/CMSIS/Include/cmsis_gcc.h ****   __ASM volatile ("MRS %0, control_ns" : "=r" (result) );
 238:Drivers/CMSIS/Include/cmsis_gcc.h ****   return(result);
ARM GAS  C:\Users\bku598\AppData\Local\Temp\ccdDIvvh.s 			page 7


 239:Drivers/CMSIS/Include/cmsis_gcc.h **** }
 240:Drivers/CMSIS/Include/cmsis_gcc.h **** #endif
 241:Drivers/CMSIS/Include/cmsis_gcc.h **** 
 242:Drivers/CMSIS/Include/cmsis_gcc.h **** 
 243:Drivers/CMSIS/Include/cmsis_gcc.h **** /**
 244:Drivers/CMSIS/Include/cmsis_gcc.h ****   \brief   Set Control Register
 245:Drivers/CMSIS/Include/cmsis_gcc.h ****   \details Writes the given value to the Control Register.
 246:Drivers/CMSIS/Include/cmsis_gcc.h ****   \param [in]    control  Control Register value to set
 247:Drivers/CMSIS/Include/cmsis_gcc.h ****  */
 248:Drivers/CMSIS/Include/cmsis_gcc.h **** __STATIC_FORCEINLINE void __set_CONTROL(uint32_t control)
 249:Drivers/CMSIS/Include/cmsis_gcc.h **** {
 250:Drivers/CMSIS/Include/cmsis_gcc.h ****   __ASM volatile ("MSR control, %0" : : "r" (control) : "memory");
 251:Drivers/CMSIS/Include/cmsis_gcc.h **** }
 252:Drivers/CMSIS/Include/cmsis_gcc.h **** 
 253:Drivers/CMSIS/Include/cmsis_gcc.h **** 
 254:Drivers/CMSIS/Include/cmsis_gcc.h **** #if (defined (__ARM_FEATURE_CMSE ) && (__ARM_FEATURE_CMSE == 3))
 255:Drivers/CMSIS/Include/cmsis_gcc.h **** /**
 256:Drivers/CMSIS/Include/cmsis_gcc.h ****   \brief   Set Control Register (non-secure)
 257:Drivers/CMSIS/Include/cmsis_gcc.h ****   \details Writes the given value to the non-secure Control Register when in secure state.
 258:Drivers/CMSIS/Include/cmsis_gcc.h ****   \param [in]    control  Control Register value to set
 259:Drivers/CMSIS/Include/cmsis_gcc.h ****  */
 260:Drivers/CMSIS/Include/cmsis_gcc.h **** __STATIC_FORCEINLINE void __TZ_set_CONTROL_NS(uint32_t control)
 261:Drivers/CMSIS/Include/cmsis_gcc.h **** {
 262:Drivers/CMSIS/Include/cmsis_gcc.h ****   __ASM volatile ("MSR control_ns, %0" : : "r" (control) : "memory");
 263:Drivers/CMSIS/Include/cmsis_gcc.h **** }
 264:Drivers/CMSIS/Include/cmsis_gcc.h **** #endif
 265:Drivers/CMSIS/Include/cmsis_gcc.h **** 
 266:Drivers/CMSIS/Include/cmsis_gcc.h **** 
 267:Drivers/CMSIS/Include/cmsis_gcc.h **** /**
 268:Drivers/CMSIS/Include/cmsis_gcc.h ****   \brief   Get IPSR Register
 269:Drivers/CMSIS/Include/cmsis_gcc.h ****   \details Returns the content of the IPSR Register.
 270:Drivers/CMSIS/Include/cmsis_gcc.h ****   \return               IPSR Register value
 271:Drivers/CMSIS/Include/cmsis_gcc.h ****  */
 272:Drivers/CMSIS/Include/cmsis_gcc.h **** __STATIC_FORCEINLINE uint32_t __get_IPSR(void)
 273:Drivers/CMSIS/Include/cmsis_gcc.h **** {
 274:Drivers/CMSIS/Include/cmsis_gcc.h ****   uint32_t result;
 275:Drivers/CMSIS/Include/cmsis_gcc.h **** 
 276:Drivers/CMSIS/Include/cmsis_gcc.h ****   __ASM volatile ("MRS %0, ipsr" : "=r" (result) );
 277:Drivers/CMSIS/Include/cmsis_gcc.h ****   return(result);
 278:Drivers/CMSIS/Include/cmsis_gcc.h **** }
 279:Drivers/CMSIS/Include/cmsis_gcc.h **** 
 280:Drivers/CMSIS/Include/cmsis_gcc.h **** 
 281:Drivers/CMSIS/Include/cmsis_gcc.h **** /**
 282:Drivers/CMSIS/Include/cmsis_gcc.h ****   \brief   Get APSR Register
 283:Drivers/CMSIS/Include/cmsis_gcc.h ****   \details Returns the content of the APSR Register.
 284:Drivers/CMSIS/Include/cmsis_gcc.h ****   \return               APSR Register value
 285:Drivers/CMSIS/Include/cmsis_gcc.h ****  */
 286:Drivers/CMSIS/Include/cmsis_gcc.h **** __STATIC_FORCEINLINE uint32_t __get_APSR(void)
 287:Drivers/CMSIS/Include/cmsis_gcc.h **** {
 288:Drivers/CMSIS/Include/cmsis_gcc.h ****   uint32_t result;
 289:Drivers/CMSIS/Include/cmsis_gcc.h **** 
 290:Drivers/CMSIS/Include/cmsis_gcc.h ****   __ASM volatile ("MRS %0, apsr" : "=r" (result) );
 291:Drivers/CMSIS/Include/cmsis_gcc.h ****   return(result);
 292:Drivers/CMSIS/Include/cmsis_gcc.h **** }
 293:Drivers/CMSIS/Include/cmsis_gcc.h **** 
 294:Drivers/CMSIS/Include/cmsis_gcc.h **** 
 295:Drivers/CMSIS/Include/cmsis_gcc.h **** /**
ARM GAS  C:\Users\bku598\AppData\Local\Temp\ccdDIvvh.s 			page 8


 296:Drivers/CMSIS/Include/cmsis_gcc.h ****   \brief   Get xPSR Register
 297:Drivers/CMSIS/Include/cmsis_gcc.h ****   \details Returns the content of the xPSR Register.
 298:Drivers/CMSIS/Include/cmsis_gcc.h ****   \return               xPSR Register value
 299:Drivers/CMSIS/Include/cmsis_gcc.h ****  */
 300:Drivers/CMSIS/Include/cmsis_gcc.h **** __STATIC_FORCEINLINE uint32_t __get_xPSR(void)
 301:Drivers/CMSIS/Include/cmsis_gcc.h **** {
 302:Drivers/CMSIS/Include/cmsis_gcc.h ****   uint32_t result;
 303:Drivers/CMSIS/Include/cmsis_gcc.h **** 
 304:Drivers/CMSIS/Include/cmsis_gcc.h ****   __ASM volatile ("MRS %0, xpsr" : "=r" (result) );
 305:Drivers/CMSIS/Include/cmsis_gcc.h ****   return(result);
 306:Drivers/CMSIS/Include/cmsis_gcc.h **** }
 307:Drivers/CMSIS/Include/cmsis_gcc.h **** 
 308:Drivers/CMSIS/Include/cmsis_gcc.h **** 
 309:Drivers/CMSIS/Include/cmsis_gcc.h **** /**
 310:Drivers/CMSIS/Include/cmsis_gcc.h ****   \brief   Get Process Stack Pointer
 311:Drivers/CMSIS/Include/cmsis_gcc.h ****   \details Returns the current value of the Process Stack Pointer (PSP).
 312:Drivers/CMSIS/Include/cmsis_gcc.h ****   \return               PSP Register value
 313:Drivers/CMSIS/Include/cmsis_gcc.h ****  */
 314:Drivers/CMSIS/Include/cmsis_gcc.h **** __STATIC_FORCEINLINE uint32_t __get_PSP(void)
 315:Drivers/CMSIS/Include/cmsis_gcc.h **** {
 316:Drivers/CMSIS/Include/cmsis_gcc.h ****   uint32_t result;
 317:Drivers/CMSIS/Include/cmsis_gcc.h **** 
 318:Drivers/CMSIS/Include/cmsis_gcc.h ****   __ASM volatile ("MRS %0, psp"  : "=r" (result) );
 319:Drivers/CMSIS/Include/cmsis_gcc.h ****   return(result);
 320:Drivers/CMSIS/Include/cmsis_gcc.h **** }
 321:Drivers/CMSIS/Include/cmsis_gcc.h **** 
 322:Drivers/CMSIS/Include/cmsis_gcc.h **** 
 323:Drivers/CMSIS/Include/cmsis_gcc.h **** #if (defined (__ARM_FEATURE_CMSE ) && (__ARM_FEATURE_CMSE == 3))
 324:Drivers/CMSIS/Include/cmsis_gcc.h **** /**
 325:Drivers/CMSIS/Include/cmsis_gcc.h ****   \brief   Get Process Stack Pointer (non-secure)
 326:Drivers/CMSIS/Include/cmsis_gcc.h ****   \details Returns the current value of the non-secure Process Stack Pointer (PSP) when in secure s
 327:Drivers/CMSIS/Include/cmsis_gcc.h ****   \return               PSP Register value
 328:Drivers/CMSIS/Include/cmsis_gcc.h ****  */
 329:Drivers/CMSIS/Include/cmsis_gcc.h **** __STATIC_FORCEINLINE uint32_t __TZ_get_PSP_NS(void)
 330:Drivers/CMSIS/Include/cmsis_gcc.h **** {
 331:Drivers/CMSIS/Include/cmsis_gcc.h ****   uint32_t result;
 332:Drivers/CMSIS/Include/cmsis_gcc.h **** 
 333:Drivers/CMSIS/Include/cmsis_gcc.h ****   __ASM volatile ("MRS %0, psp_ns"  : "=r" (result) );
 334:Drivers/CMSIS/Include/cmsis_gcc.h ****   return(result);
 335:Drivers/CMSIS/Include/cmsis_gcc.h **** }
 336:Drivers/CMSIS/Include/cmsis_gcc.h **** #endif
 337:Drivers/CMSIS/Include/cmsis_gcc.h **** 
 338:Drivers/CMSIS/Include/cmsis_gcc.h **** 
 339:Drivers/CMSIS/Include/cmsis_gcc.h **** /**
 340:Drivers/CMSIS/Include/cmsis_gcc.h ****   \brief   Set Process Stack Pointer
 341:Drivers/CMSIS/Include/cmsis_gcc.h ****   \details Assigns the given value to the Process Stack Pointer (PSP).
 342:Drivers/CMSIS/Include/cmsis_gcc.h ****   \param [in]    topOfProcStack  Process Stack Pointer value to set
 343:Drivers/CMSIS/Include/cmsis_gcc.h ****  */
 344:Drivers/CMSIS/Include/cmsis_gcc.h **** __STATIC_FORCEINLINE void __set_PSP(uint32_t topOfProcStack)
 345:Drivers/CMSIS/Include/cmsis_gcc.h **** {
 346:Drivers/CMSIS/Include/cmsis_gcc.h ****   __ASM volatile ("MSR psp, %0" : : "r" (topOfProcStack) : );
 347:Drivers/CMSIS/Include/cmsis_gcc.h **** }
 348:Drivers/CMSIS/Include/cmsis_gcc.h **** 
 349:Drivers/CMSIS/Include/cmsis_gcc.h **** 
 350:Drivers/CMSIS/Include/cmsis_gcc.h **** #if (defined (__ARM_FEATURE_CMSE ) && (__ARM_FEATURE_CMSE == 3))
 351:Drivers/CMSIS/Include/cmsis_gcc.h **** /**
 352:Drivers/CMSIS/Include/cmsis_gcc.h ****   \brief   Set Process Stack Pointer (non-secure)
ARM GAS  C:\Users\bku598\AppData\Local\Temp\ccdDIvvh.s 			page 9


 353:Drivers/CMSIS/Include/cmsis_gcc.h ****   \details Assigns the given value to the non-secure Process Stack Pointer (PSP) when in secure sta
 354:Drivers/CMSIS/Include/cmsis_gcc.h ****   \param [in]    topOfProcStack  Process Stack Pointer value to set
 355:Drivers/CMSIS/Include/cmsis_gcc.h ****  */
 356:Drivers/CMSIS/Include/cmsis_gcc.h **** __STATIC_FORCEINLINE void __TZ_set_PSP_NS(uint32_t topOfProcStack)
 357:Drivers/CMSIS/Include/cmsis_gcc.h **** {
 358:Drivers/CMSIS/Include/cmsis_gcc.h ****   __ASM volatile ("MSR psp_ns, %0" : : "r" (topOfProcStack) : );
 359:Drivers/CMSIS/Include/cmsis_gcc.h **** }
 360:Drivers/CMSIS/Include/cmsis_gcc.h **** #endif
 361:Drivers/CMSIS/Include/cmsis_gcc.h **** 
 362:Drivers/CMSIS/Include/cmsis_gcc.h **** 
 363:Drivers/CMSIS/Include/cmsis_gcc.h **** /**
 364:Drivers/CMSIS/Include/cmsis_gcc.h ****   \brief   Get Main Stack Pointer
 365:Drivers/CMSIS/Include/cmsis_gcc.h ****   \details Returns the current value of the Main Stack Pointer (MSP).
 366:Drivers/CMSIS/Include/cmsis_gcc.h ****   \return               MSP Register value
 367:Drivers/CMSIS/Include/cmsis_gcc.h ****  */
 368:Drivers/CMSIS/Include/cmsis_gcc.h **** __STATIC_FORCEINLINE uint32_t __get_MSP(void)
 369:Drivers/CMSIS/Include/cmsis_gcc.h **** {
 370:Drivers/CMSIS/Include/cmsis_gcc.h ****   uint32_t result;
 371:Drivers/CMSIS/Include/cmsis_gcc.h **** 
 372:Drivers/CMSIS/Include/cmsis_gcc.h ****   __ASM volatile ("MRS %0, msp" : "=r" (result) );
 373:Drivers/CMSIS/Include/cmsis_gcc.h ****   return(result);
 374:Drivers/CMSIS/Include/cmsis_gcc.h **** }
 375:Drivers/CMSIS/Include/cmsis_gcc.h **** 
 376:Drivers/CMSIS/Include/cmsis_gcc.h **** 
 377:Drivers/CMSIS/Include/cmsis_gcc.h **** #if (defined (__ARM_FEATURE_CMSE ) && (__ARM_FEATURE_CMSE == 3))
 378:Drivers/CMSIS/Include/cmsis_gcc.h **** /**
 379:Drivers/CMSIS/Include/cmsis_gcc.h ****   \brief   Get Main Stack Pointer (non-secure)
 380:Drivers/CMSIS/Include/cmsis_gcc.h ****   \details Returns the current value of the non-secure Main Stack Pointer (MSP) when in secure stat
 381:Drivers/CMSIS/Include/cmsis_gcc.h ****   \return               MSP Register value
 382:Drivers/CMSIS/Include/cmsis_gcc.h ****  */
 383:Drivers/CMSIS/Include/cmsis_gcc.h **** __STATIC_FORCEINLINE uint32_t __TZ_get_MSP_NS(void)
 384:Drivers/CMSIS/Include/cmsis_gcc.h **** {
 385:Drivers/CMSIS/Include/cmsis_gcc.h ****   uint32_t result;
 386:Drivers/CMSIS/Include/cmsis_gcc.h **** 
 387:Drivers/CMSIS/Include/cmsis_gcc.h ****   __ASM volatile ("MRS %0, msp_ns" : "=r" (result) );
 388:Drivers/CMSIS/Include/cmsis_gcc.h ****   return(result);
 389:Drivers/CMSIS/Include/cmsis_gcc.h **** }
 390:Drivers/CMSIS/Include/cmsis_gcc.h **** #endif
 391:Drivers/CMSIS/Include/cmsis_gcc.h **** 
 392:Drivers/CMSIS/Include/cmsis_gcc.h **** 
 393:Drivers/CMSIS/Include/cmsis_gcc.h **** /**
 394:Drivers/CMSIS/Include/cmsis_gcc.h ****   \brief   Set Main Stack Pointer
 395:Drivers/CMSIS/Include/cmsis_gcc.h ****   \details Assigns the given value to the Main Stack Pointer (MSP).
 396:Drivers/CMSIS/Include/cmsis_gcc.h ****   \param [in]    topOfMainStack  Main Stack Pointer value to set
 397:Drivers/CMSIS/Include/cmsis_gcc.h ****  */
 398:Drivers/CMSIS/Include/cmsis_gcc.h **** __STATIC_FORCEINLINE void __set_MSP(uint32_t topOfMainStack)
 399:Drivers/CMSIS/Include/cmsis_gcc.h **** {
 400:Drivers/CMSIS/Include/cmsis_gcc.h ****   __ASM volatile ("MSR msp, %0" : : "r" (topOfMainStack) : );
 401:Drivers/CMSIS/Include/cmsis_gcc.h **** }
 402:Drivers/CMSIS/Include/cmsis_gcc.h **** 
 403:Drivers/CMSIS/Include/cmsis_gcc.h **** 
 404:Drivers/CMSIS/Include/cmsis_gcc.h **** #if (defined (__ARM_FEATURE_CMSE ) && (__ARM_FEATURE_CMSE == 3))
 405:Drivers/CMSIS/Include/cmsis_gcc.h **** /**
 406:Drivers/CMSIS/Include/cmsis_gcc.h ****   \brief   Set Main Stack Pointer (non-secure)
 407:Drivers/CMSIS/Include/cmsis_gcc.h ****   \details Assigns the given value to the non-secure Main Stack Pointer (MSP) when in secure state.
 408:Drivers/CMSIS/Include/cmsis_gcc.h ****   \param [in]    topOfMainStack  Main Stack Pointer value to set
 409:Drivers/CMSIS/Include/cmsis_gcc.h ****  */
ARM GAS  C:\Users\bku598\AppData\Local\Temp\ccdDIvvh.s 			page 10


 410:Drivers/CMSIS/Include/cmsis_gcc.h **** __STATIC_FORCEINLINE void __TZ_set_MSP_NS(uint32_t topOfMainStack)
 411:Drivers/CMSIS/Include/cmsis_gcc.h **** {
 412:Drivers/CMSIS/Include/cmsis_gcc.h ****   __ASM volatile ("MSR msp_ns, %0" : : "r" (topOfMainStack) : );
 413:Drivers/CMSIS/Include/cmsis_gcc.h **** }
 414:Drivers/CMSIS/Include/cmsis_gcc.h **** #endif
 415:Drivers/CMSIS/Include/cmsis_gcc.h **** 
 416:Drivers/CMSIS/Include/cmsis_gcc.h **** 
 417:Drivers/CMSIS/Include/cmsis_gcc.h **** #if (defined (__ARM_FEATURE_CMSE ) && (__ARM_FEATURE_CMSE == 3))
 418:Drivers/CMSIS/Include/cmsis_gcc.h **** /**
 419:Drivers/CMSIS/Include/cmsis_gcc.h ****   \brief   Get Stack Pointer (non-secure)
 420:Drivers/CMSIS/Include/cmsis_gcc.h ****   \details Returns the current value of the non-secure Stack Pointer (SP) when in secure state.
 421:Drivers/CMSIS/Include/cmsis_gcc.h ****   \return               SP Register value
 422:Drivers/CMSIS/Include/cmsis_gcc.h ****  */
 423:Drivers/CMSIS/Include/cmsis_gcc.h **** __STATIC_FORCEINLINE uint32_t __TZ_get_SP_NS(void)
 424:Drivers/CMSIS/Include/cmsis_gcc.h **** {
 425:Drivers/CMSIS/Include/cmsis_gcc.h ****   uint32_t result;
 426:Drivers/CMSIS/Include/cmsis_gcc.h **** 
 427:Drivers/CMSIS/Include/cmsis_gcc.h ****   __ASM volatile ("MRS %0, sp_ns" : "=r" (result) );
 428:Drivers/CMSIS/Include/cmsis_gcc.h ****   return(result);
 429:Drivers/CMSIS/Include/cmsis_gcc.h **** }
 430:Drivers/CMSIS/Include/cmsis_gcc.h **** 
 431:Drivers/CMSIS/Include/cmsis_gcc.h **** 
 432:Drivers/CMSIS/Include/cmsis_gcc.h **** /**
 433:Drivers/CMSIS/Include/cmsis_gcc.h ****   \brief   Set Stack Pointer (non-secure)
 434:Drivers/CMSIS/Include/cmsis_gcc.h ****   \details Assigns the given value to the non-secure Stack Pointer (SP) when in secure state.
 435:Drivers/CMSIS/Include/cmsis_gcc.h ****   \param [in]    topOfStack  Stack Pointer value to set
 436:Drivers/CMSIS/Include/cmsis_gcc.h ****  */
 437:Drivers/CMSIS/Include/cmsis_gcc.h **** __STATIC_FORCEINLINE void __TZ_set_SP_NS(uint32_t topOfStack)
 438:Drivers/CMSIS/Include/cmsis_gcc.h **** {
 439:Drivers/CMSIS/Include/cmsis_gcc.h ****   __ASM volatile ("MSR sp_ns, %0" : : "r" (topOfStack) : );
 440:Drivers/CMSIS/Include/cmsis_gcc.h **** }
 441:Drivers/CMSIS/Include/cmsis_gcc.h **** #endif
 442:Drivers/CMSIS/Include/cmsis_gcc.h **** 
 443:Drivers/CMSIS/Include/cmsis_gcc.h **** 
 444:Drivers/CMSIS/Include/cmsis_gcc.h **** /**
 445:Drivers/CMSIS/Include/cmsis_gcc.h ****   \brief   Get Priority Mask
 446:Drivers/CMSIS/Include/cmsis_gcc.h ****   \details Returns the current state of the priority mask bit from the Priority Mask Register.
 447:Drivers/CMSIS/Include/cmsis_gcc.h ****   \return               Priority Mask value
 448:Drivers/CMSIS/Include/cmsis_gcc.h ****  */
 449:Drivers/CMSIS/Include/cmsis_gcc.h **** __STATIC_FORCEINLINE uint32_t __get_PRIMASK(void)
  67              		.loc 2 449 31 view .LVU10
  68              	.LBB69:
 450:Drivers/CMSIS/Include/cmsis_gcc.h **** {
 451:Drivers/CMSIS/Include/cmsis_gcc.h ****   uint32_t result;
  69              		.loc 2 451 3 view .LVU11
 452:Drivers/CMSIS/Include/cmsis_gcc.h **** 
 453:Drivers/CMSIS/Include/cmsis_gcc.h ****   __ASM volatile ("MRS %0, primask" : "=r" (result) :: "memory");
  70              		.loc 2 453 3 view .LVU12
  71              		.syntax unified
  72              	@ 453 "Drivers/CMSIS/Include/cmsis_gcc.h" 1
  73 0000 EFF31083 		MRS r3, primask
  74              	@ 0 "" 2
  75              	.LVL2:
 454:Drivers/CMSIS/Include/cmsis_gcc.h ****   return(result);
  76              		.loc 2 454 3 view .LVU13
  77              		.loc 2 454 3 is_stmt 0 view .LVU14
  78              		.thumb
ARM GAS  C:\Users\bku598\AppData\Local\Temp\ccdDIvvh.s 			page 11


  79              		.syntax unified
  80              	.LBE69:
  81              	.LBE68:
  42:Middlewares/ST/STM32_WPAN/utilities/stm_list.c ****   __disable_irq();                  /**< Disable all interrupts by setting PRIMASK bit on Cortex*/
  82              		.loc 1 42 3 is_stmt 1 view .LVU15
  83              	.LBB70:
  84              	.LBI70:
 207:Drivers/CMSIS/Include/cmsis_gcc.h **** {
  85              		.loc 2 207 27 view .LVU16
  86              	.LBB71:
 209:Drivers/CMSIS/Include/cmsis_gcc.h **** }
  87              		.loc 2 209 3 view .LVU17
  88              		.syntax unified
  89              	@ 209 "Drivers/CMSIS/Include/cmsis_gcc.h" 1
  90 0004 72B6     		cpsid i
  91              	@ 0 "" 2
  92              		.thumb
  93              		.syntax unified
  94              	.LBE71:
  95              	.LBE70:
  43:Middlewares/ST/STM32_WPAN/utilities/stm_list.c ****   if(listHead->next == listHead)
  96              		.loc 1 43 3 view .LVU18
  97              		.loc 1 43 14 is_stmt 0 view .LVU19
  98 0006 0268     		ldr	r2, [r0]	@ unaligned
  99              		.loc 1 43 5 view .LVU20
 100 0008 8242     		cmp	r2, r0
 101 000a 03D0     		beq	.L5
  44:Middlewares/ST/STM32_WPAN/utilities/stm_list.c ****   {
  45:Middlewares/ST/STM32_WPAN/utilities/stm_list.c ****     return_value = TRUE;
  46:Middlewares/ST/STM32_WPAN/utilities/stm_list.c ****   }
  47:Middlewares/ST/STM32_WPAN/utilities/stm_list.c ****   else
  48:Middlewares/ST/STM32_WPAN/utilities/stm_list.c ****   {
  49:Middlewares/ST/STM32_WPAN/utilities/stm_list.c ****     return_value = FALSE;
 102              		.loc 1 49 18 view .LVU21
 103 000c 0020     		movs	r0, #0
 104              	.LVL3:
 105              	.L3:
  50:Middlewares/ST/STM32_WPAN/utilities/stm_list.c ****   }
  51:Middlewares/ST/STM32_WPAN/utilities/stm_list.c ****   __set_PRIMASK(primask_bit);     /**< Restore PRIMASK bit*/
 106              		.loc 1 51 3 is_stmt 1 view .LVU22
 107              	.LBB72:
 108              	.LBI72:
 455:Drivers/CMSIS/Include/cmsis_gcc.h **** }
 456:Drivers/CMSIS/Include/cmsis_gcc.h **** 
 457:Drivers/CMSIS/Include/cmsis_gcc.h **** 
 458:Drivers/CMSIS/Include/cmsis_gcc.h **** #if (defined (__ARM_FEATURE_CMSE ) && (__ARM_FEATURE_CMSE == 3))
 459:Drivers/CMSIS/Include/cmsis_gcc.h **** /**
 460:Drivers/CMSIS/Include/cmsis_gcc.h ****   \brief   Get Priority Mask (non-secure)
 461:Drivers/CMSIS/Include/cmsis_gcc.h ****   \details Returns the current state of the non-secure priority mask bit from the Priority Mask Reg
 462:Drivers/CMSIS/Include/cmsis_gcc.h ****   \return               Priority Mask value
 463:Drivers/CMSIS/Include/cmsis_gcc.h ****  */
 464:Drivers/CMSIS/Include/cmsis_gcc.h **** __STATIC_FORCEINLINE uint32_t __TZ_get_PRIMASK_NS(void)
 465:Drivers/CMSIS/Include/cmsis_gcc.h **** {
 466:Drivers/CMSIS/Include/cmsis_gcc.h ****   uint32_t result;
 467:Drivers/CMSIS/Include/cmsis_gcc.h **** 
 468:Drivers/CMSIS/Include/cmsis_gcc.h ****   __ASM volatile ("MRS %0, primask_ns" : "=r" (result) :: "memory");
 469:Drivers/CMSIS/Include/cmsis_gcc.h ****   return(result);
ARM GAS  C:\Users\bku598\AppData\Local\Temp\ccdDIvvh.s 			page 12


 470:Drivers/CMSIS/Include/cmsis_gcc.h **** }
 471:Drivers/CMSIS/Include/cmsis_gcc.h **** #endif
 472:Drivers/CMSIS/Include/cmsis_gcc.h **** 
 473:Drivers/CMSIS/Include/cmsis_gcc.h **** 
 474:Drivers/CMSIS/Include/cmsis_gcc.h **** /**
 475:Drivers/CMSIS/Include/cmsis_gcc.h ****   \brief   Set Priority Mask
 476:Drivers/CMSIS/Include/cmsis_gcc.h ****   \details Assigns the given value to the Priority Mask Register.
 477:Drivers/CMSIS/Include/cmsis_gcc.h ****   \param [in]    priMask  Priority Mask
 478:Drivers/CMSIS/Include/cmsis_gcc.h ****  */
 479:Drivers/CMSIS/Include/cmsis_gcc.h **** __STATIC_FORCEINLINE void __set_PRIMASK(uint32_t priMask)
 109              		.loc 2 479 27 view .LVU23
 110              	.LBB73:
 480:Drivers/CMSIS/Include/cmsis_gcc.h **** {
 481:Drivers/CMSIS/Include/cmsis_gcc.h ****   __ASM volatile ("MSR primask, %0" : : "r" (priMask) : "memory");
 111              		.loc 2 481 3 view .LVU24
 112              		.syntax unified
 113              	@ 481 "Drivers/CMSIS/Include/cmsis_gcc.h" 1
 114 000e 83F31088 		MSR primask, r3
 115              	@ 0 "" 2
 116              		.thumb
 117              		.syntax unified
 118              	.LBE73:
 119              	.LBE72:
  52:Middlewares/ST/STM32_WPAN/utilities/stm_list.c **** 
  53:Middlewares/ST/STM32_WPAN/utilities/stm_list.c ****   return return_value;
 120              		.loc 1 53 3 view .LVU25
  54:Middlewares/ST/STM32_WPAN/utilities/stm_list.c **** }
 121              		.loc 1 54 1 is_stmt 0 view .LVU26
 122 0012 7047     		bx	lr
 123              	.LVL4:
 124              	.L5:
  45:Middlewares/ST/STM32_WPAN/utilities/stm_list.c ****   }
 125              		.loc 1 45 18 view .LVU27
 126 0014 0120     		movs	r0, #1
 127              	.LVL5:
  45:Middlewares/ST/STM32_WPAN/utilities/stm_list.c ****   }
 128              		.loc 1 45 18 view .LVU28
 129 0016 FAE7     		b	.L3
 130              		.cfi_endproc
 131              	.LFE1262:
 133              		.section	.text.LST_insert_head,"ax",%progbits
 134              		.align	1
 135              		.global	LST_insert_head
 136              		.syntax unified
 137              		.thumb
 138              		.thumb_func
 140              	LST_insert_head:
 141              	.LVL6:
 142              	.LFB1263:
  55:Middlewares/ST/STM32_WPAN/utilities/stm_list.c **** 
  56:Middlewares/ST/STM32_WPAN/utilities/stm_list.c **** void LST_insert_head (tListNode * listHead, tListNode * node)
  57:Middlewares/ST/STM32_WPAN/utilities/stm_list.c **** {
 143              		.loc 1 57 1 is_stmt 1 view -0
 144              		.cfi_startproc
 145              		@ args = 0, pretend = 0, frame = 0
 146              		@ frame_needed = 0, uses_anonymous_args = 0
 147              		@ link register save eliminated.
ARM GAS  C:\Users\bku598\AppData\Local\Temp\ccdDIvvh.s 			page 13


  58:Middlewares/ST/STM32_WPAN/utilities/stm_list.c ****   uint32_t primask_bit;
 148              		.loc 1 58 3 view .LVU30
  59:Middlewares/ST/STM32_WPAN/utilities/stm_list.c **** 
  60:Middlewares/ST/STM32_WPAN/utilities/stm_list.c ****   primask_bit = __get_PRIMASK();  /**< backup PRIMASK bit */
 149              		.loc 1 60 3 view .LVU31
 150              	.LBB74:
 151              	.LBI74:
 449:Drivers/CMSIS/Include/cmsis_gcc.h **** {
 152              		.loc 2 449 31 view .LVU32
 153              	.LBB75:
 451:Drivers/CMSIS/Include/cmsis_gcc.h **** 
 154              		.loc 2 451 3 view .LVU33
 453:Drivers/CMSIS/Include/cmsis_gcc.h ****   return(result);
 155              		.loc 2 453 3 view .LVU34
 156              		.syntax unified
 157              	@ 453 "Drivers/CMSIS/Include/cmsis_gcc.h" 1
 158 0000 EFF31083 		MRS r3, primask
 159              	@ 0 "" 2
 160              	.LVL7:
 454:Drivers/CMSIS/Include/cmsis_gcc.h **** }
 161              		.loc 2 454 3 view .LVU35
 454:Drivers/CMSIS/Include/cmsis_gcc.h **** }
 162              		.loc 2 454 3 is_stmt 0 view .LVU36
 163              		.thumb
 164              		.syntax unified
 165              	.LBE75:
 166              	.LBE74:
  61:Middlewares/ST/STM32_WPAN/utilities/stm_list.c ****   __disable_irq();                  /**< Disable all interrupts by setting PRIMASK bit on Cortex*/
 167              		.loc 1 61 3 is_stmt 1 view .LVU37
 168              	.LBB76:
 169              	.LBI76:
 207:Drivers/CMSIS/Include/cmsis_gcc.h **** {
 170              		.loc 2 207 27 view .LVU38
 171              	.LBB77:
 209:Drivers/CMSIS/Include/cmsis_gcc.h **** }
 172              		.loc 2 209 3 view .LVU39
 173              		.syntax unified
 174              	@ 209 "Drivers/CMSIS/Include/cmsis_gcc.h" 1
 175 0004 72B6     		cpsid i
 176              	@ 0 "" 2
 177              		.thumb
 178              		.syntax unified
 179              	.LBE77:
 180              	.LBE76:
  62:Middlewares/ST/STM32_WPAN/utilities/stm_list.c **** 
  63:Middlewares/ST/STM32_WPAN/utilities/stm_list.c ****   node->next = listHead->next;
 181              		.loc 1 63 3 view .LVU40
 182              		.loc 1 63 24 is_stmt 0 view .LVU41
 183 0006 0268     		ldr	r2, [r0]	@ unaligned
 184              		.loc 1 63 14 view .LVU42
 185 0008 0A60     		str	r2, [r1]	@ unaligned
  64:Middlewares/ST/STM32_WPAN/utilities/stm_list.c ****   node->prev = listHead;
 186              		.loc 1 64 3 is_stmt 1 view .LVU43
 187              		.loc 1 64 14 is_stmt 0 view .LVU44
 188 000a 4860     		str	r0, [r1, #4]	@ unaligned
  65:Middlewares/ST/STM32_WPAN/utilities/stm_list.c ****   listHead->next = node;
 189              		.loc 1 65 3 is_stmt 1 view .LVU45
ARM GAS  C:\Users\bku598\AppData\Local\Temp\ccdDIvvh.s 			page 14


 190              		.loc 1 65 18 is_stmt 0 view .LVU46
 191 000c 0160     		str	r1, [r0]	@ unaligned
  66:Middlewares/ST/STM32_WPAN/utilities/stm_list.c ****   (node->next)->prev = node;
 192              		.loc 1 66 3 is_stmt 1 view .LVU47
 193              		.loc 1 66 8 is_stmt 0 view .LVU48
 194 000e 0A68     		ldr	r2, [r1]	@ unaligned
 195              		.loc 1 66 22 view .LVU49
 196 0010 5160     		str	r1, [r2, #4]	@ unaligned
  67:Middlewares/ST/STM32_WPAN/utilities/stm_list.c **** 
  68:Middlewares/ST/STM32_WPAN/utilities/stm_list.c ****   __set_PRIMASK(primask_bit);     /**< Restore PRIMASK bit*/
 197              		.loc 1 68 3 is_stmt 1 view .LVU50
 198              	.LVL8:
 199              	.LBB78:
 200              	.LBI78:
 479:Drivers/CMSIS/Include/cmsis_gcc.h **** {
 201              		.loc 2 479 27 view .LVU51
 202              	.LBB79:
 203              		.loc 2 481 3 view .LVU52
 204              		.syntax unified
 205              	@ 481 "Drivers/CMSIS/Include/cmsis_gcc.h" 1
 206 0012 83F31088 		MSR primask, r3
 207              	@ 0 "" 2
 208              	.LVL9:
 209              		.loc 2 481 3 is_stmt 0 view .LVU53
 210              		.thumb
 211              		.syntax unified
 212              	.LBE79:
 213              	.LBE78:
  69:Middlewares/ST/STM32_WPAN/utilities/stm_list.c **** }
 214              		.loc 1 69 1 view .LVU54
 215 0016 7047     		bx	lr
 216              		.cfi_endproc
 217              	.LFE1263:
 219              		.section	.text.LST_insert_tail,"ax",%progbits
 220              		.align	1
 221              		.global	LST_insert_tail
 222              		.syntax unified
 223              		.thumb
 224              		.thumb_func
 226              	LST_insert_tail:
 227              	.LVL10:
 228              	.LFB1264:
  70:Middlewares/ST/STM32_WPAN/utilities/stm_list.c **** 
  71:Middlewares/ST/STM32_WPAN/utilities/stm_list.c **** 
  72:Middlewares/ST/STM32_WPAN/utilities/stm_list.c **** void LST_insert_tail (tListNode * listHead, tListNode * node)
  73:Middlewares/ST/STM32_WPAN/utilities/stm_list.c **** {
 229              		.loc 1 73 1 is_stmt 1 view -0
 230              		.cfi_startproc
 231              		@ args = 0, pretend = 0, frame = 0
 232              		@ frame_needed = 0, uses_anonymous_args = 0
 233              		@ link register save eliminated.
  74:Middlewares/ST/STM32_WPAN/utilities/stm_list.c ****   uint32_t primask_bit;
 234              		.loc 1 74 3 view .LVU56
  75:Middlewares/ST/STM32_WPAN/utilities/stm_list.c **** 
  76:Middlewares/ST/STM32_WPAN/utilities/stm_list.c ****   primask_bit = __get_PRIMASK();  /**< backup PRIMASK bit */
 235              		.loc 1 76 3 view .LVU57
 236              	.LBB80:
ARM GAS  C:\Users\bku598\AppData\Local\Temp\ccdDIvvh.s 			page 15


 237              	.LBI80:
 449:Drivers/CMSIS/Include/cmsis_gcc.h **** {
 238              		.loc 2 449 31 view .LVU58
 239              	.LBB81:
 451:Drivers/CMSIS/Include/cmsis_gcc.h **** 
 240              		.loc 2 451 3 view .LVU59
 453:Drivers/CMSIS/Include/cmsis_gcc.h ****   return(result);
 241              		.loc 2 453 3 view .LVU60
 242              		.syntax unified
 243              	@ 453 "Drivers/CMSIS/Include/cmsis_gcc.h" 1
 244 0000 EFF31083 		MRS r3, primask
 245              	@ 0 "" 2
 246              	.LVL11:
 454:Drivers/CMSIS/Include/cmsis_gcc.h **** }
 247              		.loc 2 454 3 view .LVU61
 454:Drivers/CMSIS/Include/cmsis_gcc.h **** }
 248              		.loc 2 454 3 is_stmt 0 view .LVU62
 249              		.thumb
 250              		.syntax unified
 251              	.LBE81:
 252              	.LBE80:
  77:Middlewares/ST/STM32_WPAN/utilities/stm_list.c ****   __disable_irq();                  /**< Disable all interrupts by setting PRIMASK bit on Cortex*/
 253              		.loc 1 77 3 is_stmt 1 view .LVU63
 254              	.LBB82:
 255              	.LBI82:
 207:Drivers/CMSIS/Include/cmsis_gcc.h **** {
 256              		.loc 2 207 27 view .LVU64
 257              	.LBB83:
 209:Drivers/CMSIS/Include/cmsis_gcc.h **** }
 258              		.loc 2 209 3 view .LVU65
 259              		.syntax unified
 260              	@ 209 "Drivers/CMSIS/Include/cmsis_gcc.h" 1
 261 0004 72B6     		cpsid i
 262              	@ 0 "" 2
 263              		.thumb
 264              		.syntax unified
 265              	.LBE83:
 266              	.LBE82:
  78:Middlewares/ST/STM32_WPAN/utilities/stm_list.c **** 
  79:Middlewares/ST/STM32_WPAN/utilities/stm_list.c ****   node->next = listHead;
 267              		.loc 1 79 3 view .LVU66
 268              		.loc 1 79 14 is_stmt 0 view .LVU67
 269 0006 0860     		str	r0, [r1]	@ unaligned
  80:Middlewares/ST/STM32_WPAN/utilities/stm_list.c ****   node->prev = listHead->prev;
 270              		.loc 1 80 3 is_stmt 1 view .LVU68
 271              		.loc 1 80 24 is_stmt 0 view .LVU69
 272 0008 4268     		ldr	r2, [r0, #4]	@ unaligned
 273              		.loc 1 80 14 view .LVU70
 274 000a 4A60     		str	r2, [r1, #4]	@ unaligned
  81:Middlewares/ST/STM32_WPAN/utilities/stm_list.c ****   listHead->prev = node;
 275              		.loc 1 81 3 is_stmt 1 view .LVU71
 276              		.loc 1 81 18 is_stmt 0 view .LVU72
 277 000c 4160     		str	r1, [r0, #4]	@ unaligned
  82:Middlewares/ST/STM32_WPAN/utilities/stm_list.c ****   (node->prev)->next = node;
 278              		.loc 1 82 3 is_stmt 1 view .LVU73
 279              		.loc 1 82 8 is_stmt 0 view .LVU74
 280 000e 4A68     		ldr	r2, [r1, #4]	@ unaligned
ARM GAS  C:\Users\bku598\AppData\Local\Temp\ccdDIvvh.s 			page 16


 281              		.loc 1 82 22 view .LVU75
 282 0010 1160     		str	r1, [r2]	@ unaligned
  83:Middlewares/ST/STM32_WPAN/utilities/stm_list.c **** 
  84:Middlewares/ST/STM32_WPAN/utilities/stm_list.c ****   __set_PRIMASK(primask_bit);     /**< Restore PRIMASK bit*/
 283              		.loc 1 84 3 is_stmt 1 view .LVU76
 284              	.LVL12:
 285              	.LBB84:
 286              	.LBI84:
 479:Drivers/CMSIS/Include/cmsis_gcc.h **** {
 287              		.loc 2 479 27 view .LVU77
 288              	.LBB85:
 289              		.loc 2 481 3 view .LVU78
 290              		.syntax unified
 291              	@ 481 "Drivers/CMSIS/Include/cmsis_gcc.h" 1
 292 0012 83F31088 		MSR primask, r3
 293              	@ 0 "" 2
 294              	.LVL13:
 295              		.loc 2 481 3 is_stmt 0 view .LVU79
 296              		.thumb
 297              		.syntax unified
 298              	.LBE85:
 299              	.LBE84:
  85:Middlewares/ST/STM32_WPAN/utilities/stm_list.c **** }
 300              		.loc 1 85 1 view .LVU80
 301 0016 7047     		bx	lr
 302              		.cfi_endproc
 303              	.LFE1264:
 305              		.section	.text.LST_remove_node,"ax",%progbits
 306              		.align	1
 307              		.global	LST_remove_node
 308              		.syntax unified
 309              		.thumb
 310              		.thumb_func
 312              	LST_remove_node:
 313              	.LVL14:
 314              	.LFB1265:
  86:Middlewares/ST/STM32_WPAN/utilities/stm_list.c **** 
  87:Middlewares/ST/STM32_WPAN/utilities/stm_list.c **** 
  88:Middlewares/ST/STM32_WPAN/utilities/stm_list.c **** void LST_remove_node (tListNode * node)
  89:Middlewares/ST/STM32_WPAN/utilities/stm_list.c **** {
 315              		.loc 1 89 1 is_stmt 1 view -0
 316              		.cfi_startproc
 317              		@ args = 0, pretend = 0, frame = 0
 318              		@ frame_needed = 0, uses_anonymous_args = 0
 319              		@ link register save eliminated.
  90:Middlewares/ST/STM32_WPAN/utilities/stm_list.c ****   uint32_t primask_bit;
 320              		.loc 1 90 3 view .LVU82
  91:Middlewares/ST/STM32_WPAN/utilities/stm_list.c **** 
  92:Middlewares/ST/STM32_WPAN/utilities/stm_list.c ****   primask_bit = __get_PRIMASK();  /**< backup PRIMASK bit */
 321              		.loc 1 92 3 view .LVU83
 322              	.LBB86:
 323              	.LBI86:
 449:Drivers/CMSIS/Include/cmsis_gcc.h **** {
 324              		.loc 2 449 31 view .LVU84
 325              	.LBB87:
 451:Drivers/CMSIS/Include/cmsis_gcc.h **** 
 326              		.loc 2 451 3 view .LVU85
ARM GAS  C:\Users\bku598\AppData\Local\Temp\ccdDIvvh.s 			page 17


 453:Drivers/CMSIS/Include/cmsis_gcc.h ****   return(result);
 327              		.loc 2 453 3 view .LVU86
 328              		.syntax unified
 329              	@ 453 "Drivers/CMSIS/Include/cmsis_gcc.h" 1
 330 0000 EFF31083 		MRS r3, primask
 331              	@ 0 "" 2
 332              	.LVL15:
 454:Drivers/CMSIS/Include/cmsis_gcc.h **** }
 333              		.loc 2 454 3 view .LVU87
 454:Drivers/CMSIS/Include/cmsis_gcc.h **** }
 334              		.loc 2 454 3 is_stmt 0 view .LVU88
 335              		.thumb
 336              		.syntax unified
 337              	.LBE87:
 338              	.LBE86:
  93:Middlewares/ST/STM32_WPAN/utilities/stm_list.c ****   __disable_irq();                  /**< Disable all interrupts by setting PRIMASK bit on Cortex*/
 339              		.loc 1 93 3 is_stmt 1 view .LVU89
 340              	.LBB88:
 341              	.LBI88:
 207:Drivers/CMSIS/Include/cmsis_gcc.h **** {
 342              		.loc 2 207 27 view .LVU90
 343              	.LBB89:
 209:Drivers/CMSIS/Include/cmsis_gcc.h **** }
 344              		.loc 2 209 3 view .LVU91
 345              		.syntax unified
 346              	@ 209 "Drivers/CMSIS/Include/cmsis_gcc.h" 1
 347 0004 72B6     		cpsid i
 348              	@ 0 "" 2
 349              		.thumb
 350              		.syntax unified
 351              	.LBE89:
 352              	.LBE88:
  94:Middlewares/ST/STM32_WPAN/utilities/stm_list.c **** 
  95:Middlewares/ST/STM32_WPAN/utilities/stm_list.c ****   (node->prev)->next = node->next;
 353              		.loc 1 95 3 view .LVU92
 354              		.loc 1 95 8 is_stmt 0 view .LVU93
 355 0006 4268     		ldr	r2, [r0, #4]	@ unaligned
 356              		.loc 1 95 28 view .LVU94
 357 0008 0168     		ldr	r1, [r0]	@ unaligned
 358              		.loc 1 95 22 view .LVU95
 359 000a 1160     		str	r1, [r2]	@ unaligned
  96:Middlewares/ST/STM32_WPAN/utilities/stm_list.c ****   (node->next)->prev = node->prev;
 360              		.loc 1 96 3 is_stmt 1 view .LVU96
 361              		.loc 1 96 8 is_stmt 0 view .LVU97
 362 000c 0268     		ldr	r2, [r0]	@ unaligned
 363              		.loc 1 96 28 view .LVU98
 364 000e 4168     		ldr	r1, [r0, #4]	@ unaligned
 365              		.loc 1 96 22 view .LVU99
 366 0010 5160     		str	r1, [r2, #4]	@ unaligned
  97:Middlewares/ST/STM32_WPAN/utilities/stm_list.c **** 
  98:Middlewares/ST/STM32_WPAN/utilities/stm_list.c ****   __set_PRIMASK(primask_bit);     /**< Restore PRIMASK bit*/
 367              		.loc 1 98 3 is_stmt 1 view .LVU100
 368              	.LVL16:
 369              	.LBB90:
 370              	.LBI90:
 479:Drivers/CMSIS/Include/cmsis_gcc.h **** {
 371              		.loc 2 479 27 view .LVU101
ARM GAS  C:\Users\bku598\AppData\Local\Temp\ccdDIvvh.s 			page 18


 372              	.LBB91:
 373              		.loc 2 481 3 view .LVU102
 374              		.syntax unified
 375              	@ 481 "Drivers/CMSIS/Include/cmsis_gcc.h" 1
 376 0012 83F31088 		MSR primask, r3
 377              	@ 0 "" 2
 378              	.LVL17:
 379              		.loc 2 481 3 is_stmt 0 view .LVU103
 380              		.thumb
 381              		.syntax unified
 382              	.LBE91:
 383              	.LBE90:
  99:Middlewares/ST/STM32_WPAN/utilities/stm_list.c **** }
 384              		.loc 1 99 1 view .LVU104
 385 0016 7047     		bx	lr
 386              		.cfi_endproc
 387              	.LFE1265:
 389              		.section	.text.LST_remove_head,"ax",%progbits
 390              		.align	1
 391              		.global	LST_remove_head
 392              		.syntax unified
 393              		.thumb
 394              		.thumb_func
 396              	LST_remove_head:
 397              	.LVL18:
 398              	.LFB1266:
 100:Middlewares/ST/STM32_WPAN/utilities/stm_list.c **** 
 101:Middlewares/ST/STM32_WPAN/utilities/stm_list.c **** 
 102:Middlewares/ST/STM32_WPAN/utilities/stm_list.c **** void LST_remove_head (tListNode * listHead, tListNode ** node )
 103:Middlewares/ST/STM32_WPAN/utilities/stm_list.c **** {
 399              		.loc 1 103 1 is_stmt 1 view -0
 400              		.cfi_startproc
 401              		@ args = 0, pretend = 0, frame = 0
 402              		@ frame_needed = 0, uses_anonymous_args = 0
 403              		.loc 1 103 1 is_stmt 0 view .LVU106
 404 0000 10B5     		push	{r4, lr}
 405              	.LCFI0:
 406              		.cfi_def_cfa_offset 8
 407              		.cfi_offset 4, -8
 408              		.cfi_offset 14, -4
 104:Middlewares/ST/STM32_WPAN/utilities/stm_list.c ****   uint32_t primask_bit;
 409              		.loc 1 104 3 is_stmt 1 view .LVU107
 105:Middlewares/ST/STM32_WPAN/utilities/stm_list.c **** 
 106:Middlewares/ST/STM32_WPAN/utilities/stm_list.c ****   primask_bit = __get_PRIMASK();  /**< backup PRIMASK bit */
 410              		.loc 1 106 3 view .LVU108
 411              	.LBB92:
 412              	.LBI92:
 449:Drivers/CMSIS/Include/cmsis_gcc.h **** {
 413              		.loc 2 449 31 view .LVU109
 414              	.LBB93:
 451:Drivers/CMSIS/Include/cmsis_gcc.h **** 
 415              		.loc 2 451 3 view .LVU110
 453:Drivers/CMSIS/Include/cmsis_gcc.h ****   return(result);
 416              		.loc 2 453 3 view .LVU111
 417              		.syntax unified
 418              	@ 453 "Drivers/CMSIS/Include/cmsis_gcc.h" 1
 419 0002 EFF31084 		MRS r4, primask
ARM GAS  C:\Users\bku598\AppData\Local\Temp\ccdDIvvh.s 			page 19


 420              	@ 0 "" 2
 421              	.LVL19:
 454:Drivers/CMSIS/Include/cmsis_gcc.h **** }
 422              		.loc 2 454 3 view .LVU112
 454:Drivers/CMSIS/Include/cmsis_gcc.h **** }
 423              		.loc 2 454 3 is_stmt 0 view .LVU113
 424              		.thumb
 425              		.syntax unified
 426              	.LBE93:
 427              	.LBE92:
 107:Middlewares/ST/STM32_WPAN/utilities/stm_list.c ****   __disable_irq();                  /**< Disable all interrupts by setting PRIMASK bit on Cortex*/
 428              		.loc 1 107 3 is_stmt 1 view .LVU114
 429              	.LBB94:
 430              	.LBI94:
 207:Drivers/CMSIS/Include/cmsis_gcc.h **** {
 431              		.loc 2 207 27 view .LVU115
 432              	.LBB95:
 209:Drivers/CMSIS/Include/cmsis_gcc.h **** }
 433              		.loc 2 209 3 view .LVU116
 434              		.syntax unified
 435              	@ 209 "Drivers/CMSIS/Include/cmsis_gcc.h" 1
 436 0006 72B6     		cpsid i
 437              	@ 0 "" 2
 438              		.thumb
 439              		.syntax unified
 440              	.LBE95:
 441              	.LBE94:
 108:Middlewares/ST/STM32_WPAN/utilities/stm_list.c **** 
 109:Middlewares/ST/STM32_WPAN/utilities/stm_list.c ****   *node = listHead->next;
 442              		.loc 1 109 3 view .LVU117
 443              		.loc 1 109 19 is_stmt 0 view .LVU118
 444 0008 0368     		ldr	r3, [r0]	@ unaligned
 445              		.loc 1 109 9 view .LVU119
 446 000a 0B60     		str	r3, [r1]
 110:Middlewares/ST/STM32_WPAN/utilities/stm_list.c ****   LST_remove_node (listHead->next);
 447              		.loc 1 110 3 is_stmt 1 view .LVU120
 448 000c 0068     		ldr	r0, [r0]	@ unaligned
 449              	.LVL20:
 450              		.loc 1 110 3 is_stmt 0 view .LVU121
 451 000e FFF7FEFF 		bl	LST_remove_node
 452              	.LVL21:
 111:Middlewares/ST/STM32_WPAN/utilities/stm_list.c **** 
 112:Middlewares/ST/STM32_WPAN/utilities/stm_list.c ****   __set_PRIMASK(primask_bit);     /**< Restore PRIMASK bit*/
 453              		.loc 1 112 3 is_stmt 1 view .LVU122
 454              	.LBB96:
 455              	.LBI96:
 479:Drivers/CMSIS/Include/cmsis_gcc.h **** {
 456              		.loc 2 479 27 view .LVU123
 457              	.LBB97:
 458              		.loc 2 481 3 view .LVU124
 459              		.syntax unified
 460              	@ 481 "Drivers/CMSIS/Include/cmsis_gcc.h" 1
 461 0012 84F31088 		MSR primask, r4
 462              	@ 0 "" 2
 463              	.LVL22:
 464              		.loc 2 481 3 is_stmt 0 view .LVU125
 465              		.thumb
ARM GAS  C:\Users\bku598\AppData\Local\Temp\ccdDIvvh.s 			page 20


 466              		.syntax unified
 467              	.LBE97:
 468              	.LBE96:
 113:Middlewares/ST/STM32_WPAN/utilities/stm_list.c **** }
 469              		.loc 1 113 1 view .LVU126
 470 0016 10BD     		pop	{r4, pc}
 471              		.loc 1 113 1 view .LVU127
 472              		.cfi_endproc
 473              	.LFE1266:
 475              		.section	.text.LST_remove_tail,"ax",%progbits
 476              		.align	1
 477              		.global	LST_remove_tail
 478              		.syntax unified
 479              		.thumb
 480              		.thumb_func
 482              	LST_remove_tail:
 483              	.LVL23:
 484              	.LFB1267:
 114:Middlewares/ST/STM32_WPAN/utilities/stm_list.c **** 
 115:Middlewares/ST/STM32_WPAN/utilities/stm_list.c **** 
 116:Middlewares/ST/STM32_WPAN/utilities/stm_list.c **** void LST_remove_tail (tListNode * listHead, tListNode ** node )
 117:Middlewares/ST/STM32_WPAN/utilities/stm_list.c **** {
 485              		.loc 1 117 1 is_stmt 1 view -0
 486              		.cfi_startproc
 487              		@ args = 0, pretend = 0, frame = 0
 488              		@ frame_needed = 0, uses_anonymous_args = 0
 489              		.loc 1 117 1 is_stmt 0 view .LVU129
 490 0000 10B5     		push	{r4, lr}
 491              	.LCFI1:
 492              		.cfi_def_cfa_offset 8
 493              		.cfi_offset 4, -8
 494              		.cfi_offset 14, -4
 118:Middlewares/ST/STM32_WPAN/utilities/stm_list.c ****   uint32_t primask_bit;
 495              		.loc 1 118 3 is_stmt 1 view .LVU130
 119:Middlewares/ST/STM32_WPAN/utilities/stm_list.c **** 
 120:Middlewares/ST/STM32_WPAN/utilities/stm_list.c ****   primask_bit = __get_PRIMASK();  /**< backup PRIMASK bit */
 496              		.loc 1 120 3 view .LVU131
 497              	.LBB98:
 498              	.LBI98:
 449:Drivers/CMSIS/Include/cmsis_gcc.h **** {
 499              		.loc 2 449 31 view .LVU132
 500              	.LBB99:
 451:Drivers/CMSIS/Include/cmsis_gcc.h **** 
 501              		.loc 2 451 3 view .LVU133
 453:Drivers/CMSIS/Include/cmsis_gcc.h ****   return(result);
 502              		.loc 2 453 3 view .LVU134
 503              		.syntax unified
 504              	@ 453 "Drivers/CMSIS/Include/cmsis_gcc.h" 1
 505 0002 EFF31084 		MRS r4, primask
 506              	@ 0 "" 2
 507              	.LVL24:
 454:Drivers/CMSIS/Include/cmsis_gcc.h **** }
 508              		.loc 2 454 3 view .LVU135
 454:Drivers/CMSIS/Include/cmsis_gcc.h **** }
 509              		.loc 2 454 3 is_stmt 0 view .LVU136
 510              		.thumb
 511              		.syntax unified
ARM GAS  C:\Users\bku598\AppData\Local\Temp\ccdDIvvh.s 			page 21


 512              	.LBE99:
 513              	.LBE98:
 121:Middlewares/ST/STM32_WPAN/utilities/stm_list.c ****   __disable_irq();                  /**< Disable all interrupts by setting PRIMASK bit on Cortex*/
 514              		.loc 1 121 3 is_stmt 1 view .LVU137
 515              	.LBB100:
 516              	.LBI100:
 207:Drivers/CMSIS/Include/cmsis_gcc.h **** {
 517              		.loc 2 207 27 view .LVU138
 518              	.LBB101:
 209:Drivers/CMSIS/Include/cmsis_gcc.h **** }
 519              		.loc 2 209 3 view .LVU139
 520              		.syntax unified
 521              	@ 209 "Drivers/CMSIS/Include/cmsis_gcc.h" 1
 522 0006 72B6     		cpsid i
 523              	@ 0 "" 2
 524              		.thumb
 525              		.syntax unified
 526              	.LBE101:
 527              	.LBE100:
 122:Middlewares/ST/STM32_WPAN/utilities/stm_list.c **** 
 123:Middlewares/ST/STM32_WPAN/utilities/stm_list.c ****   *node = listHead->prev;
 528              		.loc 1 123 3 view .LVU140
 529              		.loc 1 123 19 is_stmt 0 view .LVU141
 530 0008 4368     		ldr	r3, [r0, #4]	@ unaligned
 531              		.loc 1 123 9 view .LVU142
 532 000a 0B60     		str	r3, [r1]
 124:Middlewares/ST/STM32_WPAN/utilities/stm_list.c ****   LST_remove_node (listHead->prev);
 533              		.loc 1 124 3 is_stmt 1 view .LVU143
 534 000c 4068     		ldr	r0, [r0, #4]	@ unaligned
 535              	.LVL25:
 536              		.loc 1 124 3 is_stmt 0 view .LVU144
 537 000e FFF7FEFF 		bl	LST_remove_node
 538              	.LVL26:
 125:Middlewares/ST/STM32_WPAN/utilities/stm_list.c **** 
 126:Middlewares/ST/STM32_WPAN/utilities/stm_list.c ****   __set_PRIMASK(primask_bit);     /**< Restore PRIMASK bit*/
 539              		.loc 1 126 3 is_stmt 1 view .LVU145
 540              	.LBB102:
 541              	.LBI102:
 479:Drivers/CMSIS/Include/cmsis_gcc.h **** {
 542              		.loc 2 479 27 view .LVU146
 543              	.LBB103:
 544              		.loc 2 481 3 view .LVU147
 545              		.syntax unified
 546              	@ 481 "Drivers/CMSIS/Include/cmsis_gcc.h" 1
 547 0012 84F31088 		MSR primask, r4
 548              	@ 0 "" 2
 549              	.LVL27:
 550              		.loc 2 481 3 is_stmt 0 view .LVU148
 551              		.thumb
 552              		.syntax unified
 553              	.LBE103:
 554              	.LBE102:
 127:Middlewares/ST/STM32_WPAN/utilities/stm_list.c **** }
 555              		.loc 1 127 1 view .LVU149
 556 0016 10BD     		pop	{r4, pc}
 557              		.loc 1 127 1 view .LVU150
 558              		.cfi_endproc
ARM GAS  C:\Users\bku598\AppData\Local\Temp\ccdDIvvh.s 			page 22


 559              	.LFE1267:
 561              		.section	.text.LST_insert_node_after,"ax",%progbits
 562              		.align	1
 563              		.global	LST_insert_node_after
 564              		.syntax unified
 565              		.thumb
 566              		.thumb_func
 568              	LST_insert_node_after:
 569              	.LVL28:
 570              	.LFB1268:
 128:Middlewares/ST/STM32_WPAN/utilities/stm_list.c **** 
 129:Middlewares/ST/STM32_WPAN/utilities/stm_list.c **** 
 130:Middlewares/ST/STM32_WPAN/utilities/stm_list.c **** void LST_insert_node_after (tListNode * node, tListNode * ref_node)
 131:Middlewares/ST/STM32_WPAN/utilities/stm_list.c **** {
 571              		.loc 1 131 1 is_stmt 1 view -0
 572              		.cfi_startproc
 573              		@ args = 0, pretend = 0, frame = 0
 574              		@ frame_needed = 0, uses_anonymous_args = 0
 575              		@ link register save eliminated.
 132:Middlewares/ST/STM32_WPAN/utilities/stm_list.c ****   uint32_t primask_bit;
 576              		.loc 1 132 3 view .LVU152
 133:Middlewares/ST/STM32_WPAN/utilities/stm_list.c **** 
 134:Middlewares/ST/STM32_WPAN/utilities/stm_list.c ****   primask_bit = __get_PRIMASK();  /**< backup PRIMASK bit */
 577              		.loc 1 134 3 view .LVU153
 578              	.LBB104:
 579              	.LBI104:
 449:Drivers/CMSIS/Include/cmsis_gcc.h **** {
 580              		.loc 2 449 31 view .LVU154
 581              	.LBB105:
 451:Drivers/CMSIS/Include/cmsis_gcc.h **** 
 582              		.loc 2 451 3 view .LVU155
 453:Drivers/CMSIS/Include/cmsis_gcc.h ****   return(result);
 583              		.loc 2 453 3 view .LVU156
 584              		.syntax unified
 585              	@ 453 "Drivers/CMSIS/Include/cmsis_gcc.h" 1
 586 0000 EFF31083 		MRS r3, primask
 587              	@ 0 "" 2
 588              	.LVL29:
 454:Drivers/CMSIS/Include/cmsis_gcc.h **** }
 589              		.loc 2 454 3 view .LVU157
 454:Drivers/CMSIS/Include/cmsis_gcc.h **** }
 590              		.loc 2 454 3 is_stmt 0 view .LVU158
 591              		.thumb
 592              		.syntax unified
 593              	.LBE105:
 594              	.LBE104:
 135:Middlewares/ST/STM32_WPAN/utilities/stm_list.c ****   __disable_irq();                  /**< Disable all interrupts by setting PRIMASK bit on Cortex*/
 595              		.loc 1 135 3 is_stmt 1 view .LVU159
 596              	.LBB106:
 597              	.LBI106:
 207:Drivers/CMSIS/Include/cmsis_gcc.h **** {
 598              		.loc 2 207 27 view .LVU160
 599              	.LBB107:
 209:Drivers/CMSIS/Include/cmsis_gcc.h **** }
 600              		.loc 2 209 3 view .LVU161
 601              		.syntax unified
 602              	@ 209 "Drivers/CMSIS/Include/cmsis_gcc.h" 1
ARM GAS  C:\Users\bku598\AppData\Local\Temp\ccdDIvvh.s 			page 23


 603 0004 72B6     		cpsid i
 604              	@ 0 "" 2
 605              		.thumb
 606              		.syntax unified
 607              	.LBE107:
 608              	.LBE106:
 136:Middlewares/ST/STM32_WPAN/utilities/stm_list.c **** 
 137:Middlewares/ST/STM32_WPAN/utilities/stm_list.c ****   node->next = ref_node->next;
 609              		.loc 1 137 3 view .LVU162
 610              		.loc 1 137 24 is_stmt 0 view .LVU163
 611 0006 0A68     		ldr	r2, [r1]	@ unaligned
 612              		.loc 1 137 14 view .LVU164
 613 0008 0260     		str	r2, [r0]	@ unaligned
 138:Middlewares/ST/STM32_WPAN/utilities/stm_list.c ****   node->prev = ref_node;
 614              		.loc 1 138 3 is_stmt 1 view .LVU165
 615              		.loc 1 138 14 is_stmt 0 view .LVU166
 616 000a 4160     		str	r1, [r0, #4]	@ unaligned
 139:Middlewares/ST/STM32_WPAN/utilities/stm_list.c ****   ref_node->next = node;
 617              		.loc 1 139 3 is_stmt 1 view .LVU167
 618              		.loc 1 139 18 is_stmt 0 view .LVU168
 619 000c 0860     		str	r0, [r1]	@ unaligned
 140:Middlewares/ST/STM32_WPAN/utilities/stm_list.c ****   (node->next)->prev = node;
 620              		.loc 1 140 3 is_stmt 1 view .LVU169
 621              		.loc 1 140 8 is_stmt 0 view .LVU170
 622 000e 0268     		ldr	r2, [r0]	@ unaligned
 623              		.loc 1 140 22 view .LVU171
 624 0010 5060     		str	r0, [r2, #4]	@ unaligned
 141:Middlewares/ST/STM32_WPAN/utilities/stm_list.c **** 
 142:Middlewares/ST/STM32_WPAN/utilities/stm_list.c ****   __set_PRIMASK(primask_bit);     /**< Restore PRIMASK bit*/
 625              		.loc 1 142 3 is_stmt 1 view .LVU172
 626              	.LVL30:
 627              	.LBB108:
 628              	.LBI108:
 479:Drivers/CMSIS/Include/cmsis_gcc.h **** {
 629              		.loc 2 479 27 view .LVU173
 630              	.LBB109:
 631              		.loc 2 481 3 view .LVU174
 632              		.syntax unified
 633              	@ 481 "Drivers/CMSIS/Include/cmsis_gcc.h" 1
 634 0012 83F31088 		MSR primask, r3
 635              	@ 0 "" 2
 636              	.LVL31:
 637              		.loc 2 481 3 is_stmt 0 view .LVU175
 638              		.thumb
 639              		.syntax unified
 640              	.LBE109:
 641              	.LBE108:
 143:Middlewares/ST/STM32_WPAN/utilities/stm_list.c **** }
 642              		.loc 1 143 1 view .LVU176
 643 0016 7047     		bx	lr
 644              		.cfi_endproc
 645              	.LFE1268:
 647              		.section	.text.LST_insert_node_before,"ax",%progbits
 648              		.align	1
 649              		.global	LST_insert_node_before
 650              		.syntax unified
 651              		.thumb
ARM GAS  C:\Users\bku598\AppData\Local\Temp\ccdDIvvh.s 			page 24


 652              		.thumb_func
 654              	LST_insert_node_before:
 655              	.LVL32:
 656              	.LFB1269:
 144:Middlewares/ST/STM32_WPAN/utilities/stm_list.c **** 
 145:Middlewares/ST/STM32_WPAN/utilities/stm_list.c **** 
 146:Middlewares/ST/STM32_WPAN/utilities/stm_list.c **** void LST_insert_node_before (tListNode * node, tListNode * ref_node)
 147:Middlewares/ST/STM32_WPAN/utilities/stm_list.c **** {
 657              		.loc 1 147 1 is_stmt 1 view -0
 658              		.cfi_startproc
 659              		@ args = 0, pretend = 0, frame = 0
 660              		@ frame_needed = 0, uses_anonymous_args = 0
 661              		@ link register save eliminated.
 148:Middlewares/ST/STM32_WPAN/utilities/stm_list.c ****   uint32_t primask_bit;
 662              		.loc 1 148 3 view .LVU178
 149:Middlewares/ST/STM32_WPAN/utilities/stm_list.c **** 
 150:Middlewares/ST/STM32_WPAN/utilities/stm_list.c ****   primask_bit = __get_PRIMASK();  /**< backup PRIMASK bit */
 663              		.loc 1 150 3 view .LVU179
 664              	.LBB110:
 665              	.LBI110:
 449:Drivers/CMSIS/Include/cmsis_gcc.h **** {
 666              		.loc 2 449 31 view .LVU180
 667              	.LBB111:
 451:Drivers/CMSIS/Include/cmsis_gcc.h **** 
 668              		.loc 2 451 3 view .LVU181
 453:Drivers/CMSIS/Include/cmsis_gcc.h ****   return(result);
 669              		.loc 2 453 3 view .LVU182
 670              		.syntax unified
 671              	@ 453 "Drivers/CMSIS/Include/cmsis_gcc.h" 1
 672 0000 EFF31083 		MRS r3, primask
 673              	@ 0 "" 2
 674              	.LVL33:
 454:Drivers/CMSIS/Include/cmsis_gcc.h **** }
 675              		.loc 2 454 3 view .LVU183
 454:Drivers/CMSIS/Include/cmsis_gcc.h **** }
 676              		.loc 2 454 3 is_stmt 0 view .LVU184
 677              		.thumb
 678              		.syntax unified
 679              	.LBE111:
 680              	.LBE110:
 151:Middlewares/ST/STM32_WPAN/utilities/stm_list.c ****   __disable_irq();                  /**< Disable all interrupts by setting PRIMASK bit on Cortex*/
 681              		.loc 1 151 3 is_stmt 1 view .LVU185
 682              	.LBB112:
 683              	.LBI112:
 207:Drivers/CMSIS/Include/cmsis_gcc.h **** {
 684              		.loc 2 207 27 view .LVU186
 685              	.LBB113:
 209:Drivers/CMSIS/Include/cmsis_gcc.h **** }
 686              		.loc 2 209 3 view .LVU187
 687              		.syntax unified
 688              	@ 209 "Drivers/CMSIS/Include/cmsis_gcc.h" 1
 689 0004 72B6     		cpsid i
 690              	@ 0 "" 2
 691              		.thumb
 692              		.syntax unified
 693              	.LBE113:
 694              	.LBE112:
ARM GAS  C:\Users\bku598\AppData\Local\Temp\ccdDIvvh.s 			page 25


 152:Middlewares/ST/STM32_WPAN/utilities/stm_list.c **** 
 153:Middlewares/ST/STM32_WPAN/utilities/stm_list.c ****   node->next = ref_node;
 695              		.loc 1 153 3 view .LVU188
 696              		.loc 1 153 14 is_stmt 0 view .LVU189
 697 0006 0160     		str	r1, [r0]	@ unaligned
 154:Middlewares/ST/STM32_WPAN/utilities/stm_list.c ****   node->prev = ref_node->prev;
 698              		.loc 1 154 3 is_stmt 1 view .LVU190
 699              		.loc 1 154 24 is_stmt 0 view .LVU191
 700 0008 4A68     		ldr	r2, [r1, #4]	@ unaligned
 701              		.loc 1 154 14 view .LVU192
 702 000a 4260     		str	r2, [r0, #4]	@ unaligned
 155:Middlewares/ST/STM32_WPAN/utilities/stm_list.c ****   ref_node->prev = node;
 703              		.loc 1 155 3 is_stmt 1 view .LVU193
 704              		.loc 1 155 18 is_stmt 0 view .LVU194
 705 000c 4860     		str	r0, [r1, #4]	@ unaligned
 156:Middlewares/ST/STM32_WPAN/utilities/stm_list.c ****   (node->prev)->next = node;
 706              		.loc 1 156 3 is_stmt 1 view .LVU195
 707              		.loc 1 156 8 is_stmt 0 view .LVU196
 708 000e 4268     		ldr	r2, [r0, #4]	@ unaligned
 709              		.loc 1 156 22 view .LVU197
 710 0010 1060     		str	r0, [r2]	@ unaligned
 157:Middlewares/ST/STM32_WPAN/utilities/stm_list.c **** 
 158:Middlewares/ST/STM32_WPAN/utilities/stm_list.c ****   __set_PRIMASK(primask_bit);     /**< Restore PRIMASK bit*/
 711              		.loc 1 158 3 is_stmt 1 view .LVU198
 712              	.LVL34:
 713              	.LBB114:
 714              	.LBI114:
 479:Drivers/CMSIS/Include/cmsis_gcc.h **** {
 715              		.loc 2 479 27 view .LVU199
 716              	.LBB115:
 717              		.loc 2 481 3 view .LVU200
 718              		.syntax unified
 719              	@ 481 "Drivers/CMSIS/Include/cmsis_gcc.h" 1
 720 0012 83F31088 		MSR primask, r3
 721              	@ 0 "" 2
 722              	.LVL35:
 723              		.loc 2 481 3 is_stmt 0 view .LVU201
 724              		.thumb
 725              		.syntax unified
 726              	.LBE115:
 727              	.LBE114:
 159:Middlewares/ST/STM32_WPAN/utilities/stm_list.c **** }
 728              		.loc 1 159 1 view .LVU202
 729 0016 7047     		bx	lr
 730              		.cfi_endproc
 731              	.LFE1269:
 733              		.section	.text.LST_get_size,"ax",%progbits
 734              		.align	1
 735              		.global	LST_get_size
 736              		.syntax unified
 737              		.thumb
 738              		.thumb_func
 740              	LST_get_size:
 741              	.LVL36:
 742              	.LFB1270:
 160:Middlewares/ST/STM32_WPAN/utilities/stm_list.c **** 
 161:Middlewares/ST/STM32_WPAN/utilities/stm_list.c **** 
ARM GAS  C:\Users\bku598\AppData\Local\Temp\ccdDIvvh.s 			page 26


 162:Middlewares/ST/STM32_WPAN/utilities/stm_list.c **** int LST_get_size (tListNode * listHead)
 163:Middlewares/ST/STM32_WPAN/utilities/stm_list.c **** {
 743              		.loc 1 163 1 is_stmt 1 view -0
 744              		.cfi_startproc
 745              		@ args = 0, pretend = 0, frame = 0
 746              		@ frame_needed = 0, uses_anonymous_args = 0
 747              		@ link register save eliminated.
 748              		.loc 1 163 1 is_stmt 0 view .LVU204
 749 0000 0246     		mov	r2, r0
 164:Middlewares/ST/STM32_WPAN/utilities/stm_list.c ****   int size = 0;
 750              		.loc 1 164 3 is_stmt 1 view .LVU205
 751              	.LVL37:
 165:Middlewares/ST/STM32_WPAN/utilities/stm_list.c ****   tListNode * temp;
 752              		.loc 1 165 3 view .LVU206
 166:Middlewares/ST/STM32_WPAN/utilities/stm_list.c ****   uint32_t primask_bit;
 753              		.loc 1 166 3 view .LVU207
 167:Middlewares/ST/STM32_WPAN/utilities/stm_list.c **** 
 168:Middlewares/ST/STM32_WPAN/utilities/stm_list.c ****   primask_bit = __get_PRIMASK();  /**< backup PRIMASK bit */
 754              		.loc 1 168 3 view .LVU208
 755              	.LBB116:
 756              	.LBI116:
 449:Drivers/CMSIS/Include/cmsis_gcc.h **** {
 757              		.loc 2 449 31 view .LVU209
 758              	.LBB117:
 451:Drivers/CMSIS/Include/cmsis_gcc.h **** 
 759              		.loc 2 451 3 view .LVU210
 453:Drivers/CMSIS/Include/cmsis_gcc.h ****   return(result);
 760              		.loc 2 453 3 view .LVU211
 761              		.syntax unified
 762              	@ 453 "Drivers/CMSIS/Include/cmsis_gcc.h" 1
 763 0002 EFF31081 		MRS r1, primask
 764              	@ 0 "" 2
 765              	.LVL38:
 454:Drivers/CMSIS/Include/cmsis_gcc.h **** }
 766              		.loc 2 454 3 view .LVU212
 454:Drivers/CMSIS/Include/cmsis_gcc.h **** }
 767              		.loc 2 454 3 is_stmt 0 view .LVU213
 768              		.thumb
 769              		.syntax unified
 770              	.LBE117:
 771              	.LBE116:
 169:Middlewares/ST/STM32_WPAN/utilities/stm_list.c ****   __disable_irq();                  /**< Disable all interrupts by setting PRIMASK bit on Cortex*/
 772              		.loc 1 169 3 is_stmt 1 view .LVU214
 773              	.LBB118:
 774              	.LBI118:
 207:Drivers/CMSIS/Include/cmsis_gcc.h **** {
 775              		.loc 2 207 27 view .LVU215
 776              	.LBB119:
 209:Drivers/CMSIS/Include/cmsis_gcc.h **** }
 777              		.loc 2 209 3 view .LVU216
 778              		.syntax unified
 779              	@ 209 "Drivers/CMSIS/Include/cmsis_gcc.h" 1
 780 0006 72B6     		cpsid i
 781              	@ 0 "" 2
 782              		.thumb
 783              		.syntax unified
 784              	.LBE119:
ARM GAS  C:\Users\bku598\AppData\Local\Temp\ccdDIvvh.s 			page 27


 785              	.LBE118:
 170:Middlewares/ST/STM32_WPAN/utilities/stm_list.c **** 
 171:Middlewares/ST/STM32_WPAN/utilities/stm_list.c ****   temp = listHead->next;
 786              		.loc 1 171 3 view .LVU217
 787              		.loc 1 171 8 is_stmt 0 view .LVU218
 788 0008 0368     		ldr	r3, [r0]	@ unaligned
 789              	.LVL39:
 172:Middlewares/ST/STM32_WPAN/utilities/stm_list.c ****   while (temp != listHead)
 790              		.loc 1 172 3 is_stmt 1 view .LVU219
 164:Middlewares/ST/STM32_WPAN/utilities/stm_list.c ****   tListNode * temp;
 791              		.loc 1 164 7 is_stmt 0 view .LVU220
 792 000a 0020     		movs	r0, #0
 793              	.LVL40:
 794              		.loc 1 172 9 view .LVU221
 795 000c 01E0     		b	.L16
 796              	.LVL41:
 797              	.L17:
 173:Middlewares/ST/STM32_WPAN/utilities/stm_list.c ****   {
 174:Middlewares/ST/STM32_WPAN/utilities/stm_list.c ****     size++;
 798              		.loc 1 174 5 is_stmt 1 view .LVU222
 799              		.loc 1 174 9 is_stmt 0 view .LVU223
 800 000e 0130     		adds	r0, r0, #1
 801              	.LVL42:
 175:Middlewares/ST/STM32_WPAN/utilities/stm_list.c ****     temp = temp->next;
 802              		.loc 1 175 5 is_stmt 1 view .LVU224
 803              		.loc 1 175 10 is_stmt 0 view .LVU225
 804 0010 1B68     		ldr	r3, [r3]	@ unaligned
 805              	.LVL43:
 806              	.L16:
 172:Middlewares/ST/STM32_WPAN/utilities/stm_list.c ****   {
 807              		.loc 1 172 15 is_stmt 1 view .LVU226
 808 0012 9342     		cmp	r3, r2
 809 0014 FBD1     		bne	.L17
 176:Middlewares/ST/STM32_WPAN/utilities/stm_list.c ****   }
 177:Middlewares/ST/STM32_WPAN/utilities/stm_list.c **** 
 178:Middlewares/ST/STM32_WPAN/utilities/stm_list.c ****   __set_PRIMASK(primask_bit);     /**< Restore PRIMASK bit*/
 810              		.loc 1 178 3 view .LVU227
 811              	.LBB120:
 812              	.LBI120:
 479:Drivers/CMSIS/Include/cmsis_gcc.h **** {
 813              		.loc 2 479 27 view .LVU228
 814              	.LBB121:
 815              		.loc 2 481 3 view .LVU229
 816              		.syntax unified
 817              	@ 481 "Drivers/CMSIS/Include/cmsis_gcc.h" 1
 818 0016 81F31088 		MSR primask, r1
 819              	@ 0 "" 2
 820              		.thumb
 821              		.syntax unified
 822              	.LBE121:
 823              	.LBE120:
 179:Middlewares/ST/STM32_WPAN/utilities/stm_list.c **** 
 180:Middlewares/ST/STM32_WPAN/utilities/stm_list.c ****   return (size);
 824              		.loc 1 180 3 view .LVU230
 181:Middlewares/ST/STM32_WPAN/utilities/stm_list.c **** }
 825              		.loc 1 181 1 is_stmt 0 view .LVU231
 826 001a 7047     		bx	lr
ARM GAS  C:\Users\bku598\AppData\Local\Temp\ccdDIvvh.s 			page 28


 827              		.cfi_endproc
 828              	.LFE1270:
 830              		.section	.text.LST_get_next_node,"ax",%progbits
 831              		.align	1
 832              		.global	LST_get_next_node
 833              		.syntax unified
 834              		.thumb
 835              		.thumb_func
 837              	LST_get_next_node:
 838              	.LVL44:
 839              	.LFB1271:
 182:Middlewares/ST/STM32_WPAN/utilities/stm_list.c **** 
 183:Middlewares/ST/STM32_WPAN/utilities/stm_list.c **** void LST_get_next_node (tListNode * ref_node, tListNode ** node)
 184:Middlewares/ST/STM32_WPAN/utilities/stm_list.c **** {
 840              		.loc 1 184 1 is_stmt 1 view -0
 841              		.cfi_startproc
 842              		@ args = 0, pretend = 0, frame = 0
 843              		@ frame_needed = 0, uses_anonymous_args = 0
 844              		@ link register save eliminated.
 185:Middlewares/ST/STM32_WPAN/utilities/stm_list.c ****   uint32_t primask_bit;
 845              		.loc 1 185 3 view .LVU233
 186:Middlewares/ST/STM32_WPAN/utilities/stm_list.c **** 
 187:Middlewares/ST/STM32_WPAN/utilities/stm_list.c ****   primask_bit = __get_PRIMASK();  /**< backup PRIMASK bit */
 846              		.loc 1 187 3 view .LVU234
 847              	.LBB122:
 848              	.LBI122:
 449:Drivers/CMSIS/Include/cmsis_gcc.h **** {
 849              		.loc 2 449 31 view .LVU235
 850              	.LBB123:
 451:Drivers/CMSIS/Include/cmsis_gcc.h **** 
 851              		.loc 2 451 3 view .LVU236
 453:Drivers/CMSIS/Include/cmsis_gcc.h ****   return(result);
 852              		.loc 2 453 3 view .LVU237
 853              		.syntax unified
 854              	@ 453 "Drivers/CMSIS/Include/cmsis_gcc.h" 1
 855 0000 EFF31083 		MRS r3, primask
 856              	@ 0 "" 2
 857              	.LVL45:
 454:Drivers/CMSIS/Include/cmsis_gcc.h **** }
 858              		.loc 2 454 3 view .LVU238
 454:Drivers/CMSIS/Include/cmsis_gcc.h **** }
 859              		.loc 2 454 3 is_stmt 0 view .LVU239
 860              		.thumb
 861              		.syntax unified
 862              	.LBE123:
 863              	.LBE122:
 188:Middlewares/ST/STM32_WPAN/utilities/stm_list.c ****   __disable_irq();                  /**< Disable all interrupts by setting PRIMASK bit on Cortex*/
 864              		.loc 1 188 3 is_stmt 1 view .LVU240
 865              	.LBB124:
 866              	.LBI124:
 207:Drivers/CMSIS/Include/cmsis_gcc.h **** {
 867              		.loc 2 207 27 view .LVU241
 868              	.LBB125:
 209:Drivers/CMSIS/Include/cmsis_gcc.h **** }
 869              		.loc 2 209 3 view .LVU242
 870              		.syntax unified
 871              	@ 209 "Drivers/CMSIS/Include/cmsis_gcc.h" 1
ARM GAS  C:\Users\bku598\AppData\Local\Temp\ccdDIvvh.s 			page 29


 872 0004 72B6     		cpsid i
 873              	@ 0 "" 2
 874              		.thumb
 875              		.syntax unified
 876              	.LBE125:
 877              	.LBE124:
 189:Middlewares/ST/STM32_WPAN/utilities/stm_list.c **** 
 190:Middlewares/ST/STM32_WPAN/utilities/stm_list.c ****   *node = ref_node->next;
 878              		.loc 1 190 3 view .LVU243
 879              		.loc 1 190 19 is_stmt 0 view .LVU244
 880 0006 0268     		ldr	r2, [r0]	@ unaligned
 881              		.loc 1 190 9 view .LVU245
 882 0008 0A60     		str	r2, [r1]
 191:Middlewares/ST/STM32_WPAN/utilities/stm_list.c **** 
 192:Middlewares/ST/STM32_WPAN/utilities/stm_list.c ****   __set_PRIMASK(primask_bit);     /**< Restore PRIMASK bit*/
 883              		.loc 1 192 3 is_stmt 1 view .LVU246
 884              	.LVL46:
 885              	.LBB126:
 886              	.LBI126:
 479:Drivers/CMSIS/Include/cmsis_gcc.h **** {
 887              		.loc 2 479 27 view .LVU247
 888              	.LBB127:
 889              		.loc 2 481 3 view .LVU248
 890              		.syntax unified
 891              	@ 481 "Drivers/CMSIS/Include/cmsis_gcc.h" 1
 892 000a 83F31088 		MSR primask, r3
 893              	@ 0 "" 2
 894              	.LVL47:
 895              		.loc 2 481 3 is_stmt 0 view .LVU249
 896              		.thumb
 897              		.syntax unified
 898              	.LBE127:
 899              	.LBE126:
 193:Middlewares/ST/STM32_WPAN/utilities/stm_list.c **** }
 900              		.loc 1 193 1 view .LVU250
 901 000e 7047     		bx	lr
 902              		.cfi_endproc
 903              	.LFE1271:
 905              		.section	.text.LST_get_prev_node,"ax",%progbits
 906              		.align	1
 907              		.global	LST_get_prev_node
 908              		.syntax unified
 909              		.thumb
 910              		.thumb_func
 912              	LST_get_prev_node:
 913              	.LVL48:
 914              	.LFB1272:
 194:Middlewares/ST/STM32_WPAN/utilities/stm_list.c **** 
 195:Middlewares/ST/STM32_WPAN/utilities/stm_list.c **** 
 196:Middlewares/ST/STM32_WPAN/utilities/stm_list.c **** void LST_get_prev_node (tListNode * ref_node, tListNode ** node)
 197:Middlewares/ST/STM32_WPAN/utilities/stm_list.c **** {
 915              		.loc 1 197 1 is_stmt 1 view -0
 916              		.cfi_startproc
 917              		@ args = 0, pretend = 0, frame = 0
 918              		@ frame_needed = 0, uses_anonymous_args = 0
 919              		@ link register save eliminated.
 198:Middlewares/ST/STM32_WPAN/utilities/stm_list.c ****   uint32_t primask_bit;
ARM GAS  C:\Users\bku598\AppData\Local\Temp\ccdDIvvh.s 			page 30


 920              		.loc 1 198 3 view .LVU252
 199:Middlewares/ST/STM32_WPAN/utilities/stm_list.c **** 
 200:Middlewares/ST/STM32_WPAN/utilities/stm_list.c ****   primask_bit = __get_PRIMASK();  /**< backup PRIMASK bit */
 921              		.loc 1 200 3 view .LVU253
 922              	.LBB128:
 923              	.LBI128:
 449:Drivers/CMSIS/Include/cmsis_gcc.h **** {
 924              		.loc 2 449 31 view .LVU254
 925              	.LBB129:
 451:Drivers/CMSIS/Include/cmsis_gcc.h **** 
 926              		.loc 2 451 3 view .LVU255
 453:Drivers/CMSIS/Include/cmsis_gcc.h ****   return(result);
 927              		.loc 2 453 3 view .LVU256
 928              		.syntax unified
 929              	@ 453 "Drivers/CMSIS/Include/cmsis_gcc.h" 1
 930 0000 EFF31083 		MRS r3, primask
 931              	@ 0 "" 2
 932              	.LVL49:
 454:Drivers/CMSIS/Include/cmsis_gcc.h **** }
 933              		.loc 2 454 3 view .LVU257
 454:Drivers/CMSIS/Include/cmsis_gcc.h **** }
 934              		.loc 2 454 3 is_stmt 0 view .LVU258
 935              		.thumb
 936              		.syntax unified
 937              	.LBE129:
 938              	.LBE128:
 201:Middlewares/ST/STM32_WPAN/utilities/stm_list.c ****   __disable_irq();                  /**< Disable all interrupts by setting PRIMASK bit on Cortex*/
 939              		.loc 1 201 3 is_stmt 1 view .LVU259
 940              	.LBB130:
 941              	.LBI130:
 207:Drivers/CMSIS/Include/cmsis_gcc.h **** {
 942              		.loc 2 207 27 view .LVU260
 943              	.LBB131:
 209:Drivers/CMSIS/Include/cmsis_gcc.h **** }
 944              		.loc 2 209 3 view .LVU261
 945              		.syntax unified
 946              	@ 209 "Drivers/CMSIS/Include/cmsis_gcc.h" 1
 947 0004 72B6     		cpsid i
 948              	@ 0 "" 2
 949              		.thumb
 950              		.syntax unified
 951              	.LBE131:
 952              	.LBE130:
 202:Middlewares/ST/STM32_WPAN/utilities/stm_list.c **** 
 203:Middlewares/ST/STM32_WPAN/utilities/stm_list.c ****   *node = ref_node->prev;
 953              		.loc 1 203 3 view .LVU262
 954              		.loc 1 203 19 is_stmt 0 view .LVU263
 955 0006 4268     		ldr	r2, [r0, #4]	@ unaligned
 956              		.loc 1 203 9 view .LVU264
 957 0008 0A60     		str	r2, [r1]
 204:Middlewares/ST/STM32_WPAN/utilities/stm_list.c **** 
 205:Middlewares/ST/STM32_WPAN/utilities/stm_list.c ****   __set_PRIMASK(primask_bit);      /**< Restore PRIMASK bit*/
 958              		.loc 1 205 3 is_stmt 1 view .LVU265
 959              	.LVL50:
 960              	.LBB132:
 961              	.LBI132:
 479:Drivers/CMSIS/Include/cmsis_gcc.h **** {
ARM GAS  C:\Users\bku598\AppData\Local\Temp\ccdDIvvh.s 			page 31


 962              		.loc 2 479 27 view .LVU266
 963              	.LBB133:
 964              		.loc 2 481 3 view .LVU267
 965              		.syntax unified
 966              	@ 481 "Drivers/CMSIS/Include/cmsis_gcc.h" 1
 967 000a 83F31088 		MSR primask, r3
 968              	@ 0 "" 2
 969              	.LVL51:
 970              		.loc 2 481 3 is_stmt 0 view .LVU268
 971              		.thumb
 972              		.syntax unified
 973              	.LBE133:
 974              	.LBE132:
 206:Middlewares/ST/STM32_WPAN/utilities/stm_list.c **** }
 975              		.loc 1 206 1 view .LVU269
 976 000e 7047     		bx	lr
 977              		.cfi_endproc
 978              	.LFE1272:
 980              		.text
 981              	.Letext0:
 982              		.file 3 "C:\\dev\\tools\\gcc-arm-none-eabi-13.3\\bin\\../lib/gcc/arm-none-eabi/13.3.1/../../../../
 983              		.file 4 "C:\\dev\\tools\\gcc-arm-none-eabi-13.3\\bin\\../lib/gcc/arm-none-eabi/13.3.1/../../../../
 984              		.file 5 "Middlewares/ST/STM32_WPAN/utilities/stm_list.h"
ARM GAS  C:\Users\bku598\AppData\Local\Temp\ccdDIvvh.s 			page 32


DEFINED SYMBOLS
                            *ABS*:00000000 stm_list.c
C:\Users\bku598\AppData\Local\Temp\ccdDIvvh.s:21     .text.LST_init_head:00000000 $t
C:\Users\bku598\AppData\Local\Temp\ccdDIvvh.s:27     .text.LST_init_head:00000000 LST_init_head
C:\Users\bku598\AppData\Local\Temp\ccdDIvvh.s:47     .text.LST_is_empty:00000000 $t
C:\Users\bku598\AppData\Local\Temp\ccdDIvvh.s:53     .text.LST_is_empty:00000000 LST_is_empty
C:\Users\bku598\AppData\Local\Temp\ccdDIvvh.s:134    .text.LST_insert_head:00000000 $t
C:\Users\bku598\AppData\Local\Temp\ccdDIvvh.s:140    .text.LST_insert_head:00000000 LST_insert_head
C:\Users\bku598\AppData\Local\Temp\ccdDIvvh.s:220    .text.LST_insert_tail:00000000 $t
C:\Users\bku598\AppData\Local\Temp\ccdDIvvh.s:226    .text.LST_insert_tail:00000000 LST_insert_tail
C:\Users\bku598\AppData\Local\Temp\ccdDIvvh.s:306    .text.LST_remove_node:00000000 $t
C:\Users\bku598\AppData\Local\Temp\ccdDIvvh.s:312    .text.LST_remove_node:00000000 LST_remove_node
C:\Users\bku598\AppData\Local\Temp\ccdDIvvh.s:390    .text.LST_remove_head:00000000 $t
C:\Users\bku598\AppData\Local\Temp\ccdDIvvh.s:396    .text.LST_remove_head:00000000 LST_remove_head
C:\Users\bku598\AppData\Local\Temp\ccdDIvvh.s:476    .text.LST_remove_tail:00000000 $t
C:\Users\bku598\AppData\Local\Temp\ccdDIvvh.s:482    .text.LST_remove_tail:00000000 LST_remove_tail
C:\Users\bku598\AppData\Local\Temp\ccdDIvvh.s:562    .text.LST_insert_node_after:00000000 $t
C:\Users\bku598\AppData\Local\Temp\ccdDIvvh.s:568    .text.LST_insert_node_after:00000000 LST_insert_node_after
C:\Users\bku598\AppData\Local\Temp\ccdDIvvh.s:648    .text.LST_insert_node_before:00000000 $t
C:\Users\bku598\AppData\Local\Temp\ccdDIvvh.s:654    .text.LST_insert_node_before:00000000 LST_insert_node_before
C:\Users\bku598\AppData\Local\Temp\ccdDIvvh.s:734    .text.LST_get_size:00000000 $t
C:\Users\bku598\AppData\Local\Temp\ccdDIvvh.s:740    .text.LST_get_size:00000000 LST_get_size
C:\Users\bku598\AppData\Local\Temp\ccdDIvvh.s:831    .text.LST_get_next_node:00000000 $t
C:\Users\bku598\AppData\Local\Temp\ccdDIvvh.s:837    .text.LST_get_next_node:00000000 LST_get_next_node
C:\Users\bku598\AppData\Local\Temp\ccdDIvvh.s:906    .text.LST_get_prev_node:00000000 $t
C:\Users\bku598\AppData\Local\Temp\ccdDIvvh.s:912    .text.LST_get_prev_node:00000000 LST_get_prev_node

NO UNDEFINED SYMBOLS
